 8:03:51 BattlEye Server: Initialized (v1.217)
 8:03:51 SUCCESS: SteamGameServer_Init(0,8766,2402,28016,3,1.07.153006)
 8:03:52 Roles assigned.
 8:03:52 Reading mission ...
 8:04:01 [CE][Hive] :: Initializing OFFLINE
 8:04:01 [CE][Hive] :: Loading core data ... 
 8:04:01 [CE][CoreData] :: 7 root classes, 19 defaults, 0 updaters...
 8:04:07 [CE][RegisterBind] :: 0 classes binded...
 8:04:07 [CE][RegisterConfig] :: 10056 config classes registered, 0 sub-counters...
 8:04:07 [CE][Hive] :: Loading map data ... 
 8:04:07 !!! [CE] :: Unknown category: 'vehicleparts'.
 8:04:07 [CE][LoadPrototype] :: loaded 330 prototypes
 8:04:07   702 containers, 9116 points
 8:04:07   24 dispatches, 90 proxies
 8:04:07 !!! [CE][LoadPrototype] 12 groups have no points...
 8:04:07 !!![CE][LoadPrototype]  3 groups have wrong points...
 8:04:07 [CE][LoadPrototype] :: last group name: Land_Lunapark_Autodrome...
 8:04:07 [CE][LoadPrototype] :: loaded 0 prototypes
 8:04:07   0 containers, 0 points
 8:04:07   0 dispatches, 0 proxies
 8:04:07 [CE][LoadPrototype] :: last group name: PathD_7100...
 8:04:07 [CE][LoadMap] "Group" :: loaded 5086 groups, largest group range: 26.9
 8:04:07 [CE][LoadMap] "Dirt" :: loaded 0 groups, largest group range: 26.9
 8:04:07 [CE][LoadClusters] "Cluster" :: Loading files...
 8:04:08 [CE][LoadClusters] :: file: "mapgroupcluster.xml", 4 types, 50000 instances
 8:04:08 [CE][LoadClusters] :: file: "mapgroupcluster01", 4 types, 50000 instances
 8:04:08 [CE][LoadClusters] :: file: "mapgroupcluster02", 4 types, 50000 instances
 8:04:08 [CE][LoadClusters] :: file: "mapgroupcluster03", 4 types, 50000 instances
 8:04:08 [CE][LoadClusters] :: file: "mapgroupcluster04", 4 types, 21297 instances
 8:04:08 [CE][Storage] ver:21 stamp:67709, valid:yes, name:"mpmissions\TheCommunity.enoch\storage_420\data\types.bin"
 8:04:08 [CE][Storage] ver:21 stamp:67706, valid:yes, name:"mpmissions\TheCommunity.enoch\storage_420\data\types.001"
 8:04:08 [CE][Storage] ver:21 stamp:67707, valid:yes, name:"mpmissions\TheCommunity.enoch\storage_420\data\types.002"
 8:04:08 [CE][Storage] Restoring file "mpmissions\TheCommunity.enoch\storage_420\data\types.bin".
 8:04:09 [CE][offlineDB] :: Loaded 33 dynamic events 215 total types 0 total positions.
 8:04:09 [CE][Storage] ver:21 stamp:67709, valid:yes, name:"mpmissions\TheCommunity.enoch\storage_420\data\events.bin"
 8:04:09 [CE][Storage] ver:21 stamp:67706, valid:yes, name:"mpmissions\TheCommunity.enoch\storage_420\data\events.001"
 8:04:09 [CE][Storage] ver:21 stamp:67707, valid:yes, name:"mpmissions\TheCommunity.enoch\storage_420\data\events.002"
 8:04:09 [CE][Storage] Restoring file "mpmissions\TheCommunity.enoch\storage_420\data\events.bin".
 8:04:09 [CE][DynamicEvent] Load  Events:[33] Primary spawners: 33 Secondary spawners: 1
 8:04:09 [CE][Storage] ver:24 stamp:67709, valid:yes, name:"mpmissions\TheCommunity.enoch\storage_420\data\vehicles.bin"
 8:04:09 [CE][Storage] ver:24 stamp:67706, valid:yes, name:"mpmissions\TheCommunity.enoch\storage_420\data\vehicles.001"
 8:04:09 [CE][Storage] ver:24 stamp:67707, valid:yes, name:"mpmissions\TheCommunity.enoch\storage_420\data\vehicles.002"
 8:04:09 [CE][Storage] Restoring file "mpmissions\TheCommunity.enoch\storage_420\data\vehicles.bin" 140 items.
 8:04:09   140 items loaded.
 8:04:09 [CE][Storage] ver:24 stamp:67709, valid:yes, name:"mpmissions\TheCommunity.enoch\storage_420\data\dynamic_000.bin"
 8:04:09 [CE][Storage] ver:24 stamp:67706, valid:yes, name:"mpmissions\TheCommunity.enoch\storage_420\data\dynamic_000.001"
 8:04:09 [CE][Storage] ver:24 stamp:67707, valid:yes, name:"mpmissions\TheCommunity.enoch\storage_420\data\dynamic_000.002"
 8:04:09 [CE][Storage] Restoring file "mpmissions\TheCommunity.enoch\storage_420\data\dynamic_000.bin" 419 items.
 8:04:09   419 items loaded.
 8:04:09 [CE][Storage] ver:24 stamp:67709, valid:yes, name:"mpmissions\TheCommunity.enoch\storage_420\data\dynamic_001.bin"
 8:04:09 [CE][Storage] ver:24 stamp:67706, valid:yes, name:"mpmissions\TheCommunity.enoch\storage_420\data\dynamic_001.001"
 8:04:09 [CE][Storage] ver:24 stamp:67707, valid:yes, name:"mpmissions\TheCommunity.enoch\storage_420\data\dynamic_001.002"
 8:04:09 [CE][Storage] Restoring file "mpmissions\TheCommunity.enoch\storage_420\data\dynamic_001.bin" 2166 items.
 8:04:10   2166 items loaded.
 8:04:10 [CE][Storage] ver:24 stamp:67709, valid:yes, name:"mpmissions\TheCommunity.enoch\storage_420\data\dynamic_002.bin"
 8:04:10 !!! [CE][Storage] Failed to read [Storage] data file "mpmissions\TheCommunity.enoch\storage_420\data\dynamic_002.001".
 8:04:10   File not closed...
 8:04:10 [CE][Storage] ver:24 stamp:67709, valid:NO, name:"mpmissions\TheCommunity.enoch\storage_420\data\dynamic_002.001"
 8:04:10 [CE][Storage] ver:24 stamp:67707, valid:yes, name:"mpmissions\TheCommunity.enoch\storage_420\data\dynamic_002.002"
 8:04:10 [CE][Storage] Restoring file "mpmissions\TheCommunity.enoch\storage_420\data\dynamic_002.bin" 786 items.
 8:04:11   786 items loaded.
 8:04:11 [CE][Storage] ver:24 stamp:67709, valid:yes, name:"mpmissions\TheCommunity.enoch\storage_420\data\dynamic_003.bin"
 8:04:11 [CE][Storage] ver:24 stamp:67709, valid:yes, name:"mpmissions\TheCommunity.enoch\storage_420\data\dynamic_003.001"
 8:04:11 [CE][Storage] ver:24 stamp:67707, valid:yes, name:"mpmissions\TheCommunity.enoch\storage_420\data\dynamic_003.002"
 8:04:11 [CE][Storage] Restoring file "mpmissions\TheCommunity.enoch\storage_420\data\dynamic_003.bin" 1174 items.
 8:04:11   1174 items loaded.
 8:04:11 [CE][Storage] ver:24 stamp:67709, valid:yes, name:"mpmissions\TheCommunity.enoch\storage_420\data\dynamic_004.bin"
 8:04:11 [CE][Storage] ver:24 stamp:67709, valid:yes, name:"mpmissions\TheCommunity.enoch\storage_420\data\dynamic_004.001"
 8:04:11 [CE][Storage] ver:24 stamp:67707, valid:yes, name:"mpmissions\TheCommunity.enoch\storage_420\data\dynamic_004.002"
 8:04:11 [CE][Storage] Restoring file "mpmissions\TheCommunity.enoch\storage_420\data\dynamic_004.bin" 1481 items.
 8:04:12   1481 items loaded.
 8:04:12 [CE][Storage] ver:24 stamp:67709, valid:yes, name:"mpmissions\TheCommunity.enoch\storage_420\data\dynamic_005.bin"
 8:04:12 [CE][Storage] ver:24 stamp:67709, valid:yes, name:"mpmissions\TheCommunity.enoch\storage_420\data\dynamic_005.001"
 8:04:12 [CE][Storage] ver:24 stamp:67707, valid:yes, name:"mpmissions\TheCommunity.enoch\storage_420\data\dynamic_005.002"
 8:04:12 [CE][Storage] Restoring file "mpmissions\TheCommunity.enoch\storage_420\data\dynamic_005.bin" 1826 items.
 8:04:12   1826 items loaded.
 8:04:12 [CE][Storage] ver:24 stamp:67709, valid:yes, name:"mpmissions\TheCommunity.enoch\storage_420\data\dynamic_006.bin"
 8:04:12 [CE][Storage] ver:24 stamp:67709, valid:yes, name:"mpmissions\TheCommunity.enoch\storage_420\data\dynamic_006.001"
 8:04:12 [CE][Storage] ver:24 stamp:67707, valid:yes, name:"mpmissions\TheCommunity.enoch\storage_420\data\dynamic_006.002"
 8:04:12 [CE][Storage] Restoring file "mpmissions\TheCommunity.enoch\storage_420\data\dynamic_006.bin" 977 items.
 8:04:12   977 items loaded.
 8:04:12 [CE][Storage] ver:24 stamp:67709, valid:yes, name:"mpmissions\TheCommunity.enoch\storage_420\data\dynamic_007.bin"
 8:04:12 [CE][Storage] ver:24 stamp:67709, valid:yes, name:"mpmissions\TheCommunity.enoch\storage_420\data\dynamic_007.001"
 8:04:12 [CE][Storage] ver:24 stamp:67707, valid:yes, name:"mpmissions\TheCommunity.enoch\storage_420\data\dynamic_007.002"
 8:04:12 [CE][Storage] Restoring file "mpmissions\TheCommunity.enoch\storage_420\data\dynamic_007.bin" 1280 items.
 8:04:13   1280 items loaded.
 8:04:13 [CE][Storage] ver:24 stamp:67709, valid:yes, name:"mpmissions\TheCommunity.enoch\storage_420\data\dynamic_008.bin"
 8:04:13 [CE][Storage] ver:24 stamp:67709, valid:yes, name:"mpmissions\TheCommunity.enoch\storage_420\data\dynamic_008.001"
 8:04:13 [CE][Storage] ver:24 stamp:67707, valid:yes, name:"mpmissions\TheCommunity.enoch\storage_420\data\dynamic_008.002"
 8:04:13 [CE][Storage] Restoring file "mpmissions\TheCommunity.enoch\storage_420\data\dynamic_008.bin" 1079 items.
 8:04:13   1079 items loaded.
 8:04:13 [CE][Storage] ver:24 stamp:67709, valid:yes, name:"mpmissions\TheCommunity.enoch\storage_420\data\dynamic_009.bin"
 8:04:13 [CE][Storage] ver:24 stamp:67709, valid:yes, name:"mpmissions\TheCommunity.enoch\storage_420\data\dynamic_009.001"
 8:04:13 [CE][Storage] ver:24 stamp:67707, valid:yes, name:"mpmissions\TheCommunity.enoch\storage_420\data\dynamic_009.002"
 8:04:13 [CE][Storage] Restoring file "mpmissions\TheCommunity.enoch\storage_420\data\dynamic_009.bin" 1009 items.
 8:04:14   1009 items loaded.
 8:04:14 [CE][Storage] ver:24 stamp:67709, valid:yes, name:"mpmissions\TheCommunity.enoch\storage_420\data\dynamic_010.bin"
 8:04:14 [CE][Storage] ver:24 stamp:67709, valid:yes, name:"mpmissions\TheCommunity.enoch\storage_420\data\dynamic_010.001"
 8:04:14 [CE][Storage] ver:24 stamp:67707, valid:yes, name:"mpmissions\TheCommunity.enoch\storage_420\data\dynamic_010.002"
 8:04:14 [CE][Storage] Restoring file "mpmissions\TheCommunity.enoch\storage_420\data\dynamic_010.bin" 2464 items.
 8:04:14   2464 items loaded.
 8:04:14 [CE][Storage] ver:24 stamp:67709, valid:yes, name:"mpmissions\TheCommunity.enoch\storage_420\data\dynamic_011.bin"
 8:04:14 [CE][Storage] ver:24 stamp:67709, valid:yes, name:"mpmissions\TheCommunity.enoch\storage_420\data\dynamic_011.001"
 8:04:14 [CE][Storage] ver:24 stamp:67707, valid:yes, name:"mpmissions\TheCommunity.enoch\storage_420\data\dynamic_011.002"
 8:04:14 [CE][Storage] Restoring file "mpmissions\TheCommunity.enoch\storage_420\data\dynamic_011.bin" 440 items.
 8:04:15   440 items loaded.
 8:04:15 [CE][Hive] :: Storage load took:6.08 seconds, recovery stamp:67709
 8:04:15   entity: 18094, building: 0
 8:04:15   no lifetime: 50
 8:04:15 [CE][Hive] :: Initializing ... 
 8:04:15 [CE][InitializeMap] :: initialized: 0
 8:04:15 [CE][Hive] :: Initializing spawners ... 
 8:04:16 [CE][LootRespawner] (PRIDummy) :: Item [0] causing search overtime: "MSFCGorkaPATACSFG"
 8:04:16 [CE][LootRespawner] (PRIDummy) :: Item [1] causing search overtime: "MSFCGorkaPATACSFG"
 8:04:16 [CE][LootRespawner] (PRIDummy) :: Item [2] causing search overtime: "MSFCGorkaPATACSFG"
 8:04:16 [CE][LootRespawner] (PRIDummy) :: Item [3] causing search overtime: "MSFCGorkaPATACSFG"
 8:04:16 [CE][LootRespawner] (PRIDummy) :: Item [4] causing search overtime: "MSFCGorkaPATACSFG"
 8:04:16 [CE][LootRespawner] (PRIDummy) :: Item [0] is hard to place, performance drops: "MSFCKryptekRaidPlatePouches"
 8:04:16 [CE][LootRespawner] (PRIDummy) :: Item [5] causing search overtime: "MSFCKryptekRaidPlatePouches"
 8:04:16 [CE][LootRespawner] (PRIDummy) :: Item [1] is hard to place, performance drops: "MSFCKryptekRaidPlatePouches"
 8:04:16 [CE][LootRespawner] (PRIDummy) :: Item [6] causing search overtime: "MSFCKryptekRaidPlatePouches"
 8:04:16 [CE][LootRespawner] (PRIDummy) :: Item [2] is hard to place, performance drops: "MSFCKryptekRaidPlatePouches"
 8:04:16 [CE][LootRespawner] (PRIDummy) :: Item [7] causing search overtime: "MSFCKryptekRaidPlatePouches"
 8:04:16 [CE][LootRespawner] (PRIDummy) :: Item [3] is hard to place, performance drops: "MSFCKryptekRaidPlatePouches"
 8:04:16 [CE][LootRespawner] (PRIDummy) :: Item [8] causing search overtime: "MSFCKryptekRaidPlatePouches"
 8:04:16 [CE][LootRespawner] (PRIDummy) :: Item [9] causing search overtime: "PlateCarrierVest"
 8:04:16 [CE][LootRespawner] (PRIDummy) :: Item [10] causing search overtime: "PlateCarrierVest"
 8:04:16 [CE][LootRespawner] (PRIDummy) :: Item [11] causing search overtime: "PlateCarrierVest"
 8:04:16 [CE][LootRespawner] (PRIDummy) :: Item [12] causing search overtime: "PlateCarrierVest"
 8:04:16 [CE][LootRespawner] (PRIDummy) :: Item [13] causing search overtime: "PlateCarrierVest"
 8:04:16 [CE][LootRespawner] (PRIDummy) :: Item [14] causing search overtime: "PlateCarrierVest"
 8:04:16 [CE][LootRespawner] (PRIDummy) :: Item [15] causing search overtime: "PlateCarrierVest"
 8:04:16 [CE][LootRespawner] (PRIDummy) :: Item [16] causing search overtime: "PlateCarrierVest"
 8:04:16 [CE][LootRespawner] (PRIDummy) :: Item [17] causing search overtime: "PlateCarrierVest"
 8:04:16 [CE][LootRespawner] (PRIDummy) :: Item [18] causing search overtime: "PlateCarrierVest"
 8:04:16 [CE][LootRespawner] (PRIDummy) :: Item [19] causing search overtime: "PlateCarrierVest"
 8:04:16 [CE][LootRespawner] (PRIDummy) :: Item [4] is hard to place, performance drops: "Mag_rpk_40RndSpar"
 8:04:16 [CE][LootRespawner] (PRIDummy) :: Item [5] is hard to place, performance drops: "Mag_rpk_40RndSpar"
 8:04:16 [CE][LootRespawner] (PRIDummy) :: Item [6] is hard to place, performance drops: "Mag_rpk_40RndSpar"
 8:04:16 [CE][LootRespawner] (PRIDummy) :: Item [7] is hard to place, performance drops: "Mag_rpk_40RndSpar"
 8:04:16 [CE][LootRespawner] (PRIDummy) :: Item [8] is hard to place, performance drops: "Mag_rpk_40RndSpar"
 8:04:16 [CE][LootRespawner] (PRIDummy) :: Item [9] is hard to place, performance drops: "Mag_rpk_40RndSpar"
 8:04:16 [CE][LootRespawner] (PRIDummy) :: Item [10] is hard to place, performance drops: "Mag_rpk_40RndSpar"
 8:04:16 [CE][LootRespawner] (PRIDummy) :: Item [11] is hard to place, performance drops: "Mag_rpk_40RndSpar"
 8:04:16 [CE][LootRespawner] (PRIDummy) :: Item [12] is hard to place, performance drops: "Mag_rpk_40RndSpar"
 8:04:16 [CE][LootRespawner] (PRIDummy) :: Item [13] is hard to place, performance drops: "Mag_rpk_40RndSpar"
 8:04:16 [CE][LootRespawner] (PRIDummy) :: Item [14] is hard to place, performance drops: "Mag_rpk_40RndSpar"
 8:04:16 [CE][LootRespawner] (PRIDummy) :: Item [15] is hard to place, performance drops: "Mag_rpk_40RndSpar"
 8:04:16 [CE][LootRespawner] (PRIDummy) :: Item [16] is hard to place, performance drops: "Mag_rpk_40RndSpar"
 8:04:16 [CE][LootRespawner] (PRIDummy) :: Item [17] is hard to place, performance drops: "Mag_rpk_40RndSpar"
 8:04:16 [CE][LootRespawner] (PRIDummy) :: Item [18] is hard to place, performance drops: "Mag_rpk_40RndSpar"
 8:04:16 [CE][LootRespawner] (PRIDummy) :: Item [19] is hard to place, performance drops: "Mag_rpk_40RndSpar"
 8:04:16 !!! [CE][Point] Removing 5262.876953, 9646.056641 from Land_Shed_W1
 8:04:17 [CE][LootRespawner] (PRIDummy) :: Initially (re)spawned:2070, Nominal:32677, Total in Map: 17448 at 1 (sec)
 8:04:17   tests:2147, repeats:1 fails:76, overtime:12843
 8:04:17 [CE][DynEvent] :: 33 types
 8:04:17 [00] AmbientHen
 8:04:17   Primary Spawner: "Ambient", active: yes, repeat: 1
 8:04:17 [01] AnimalBear
 8:04:17   Primary Spawner: "Animal", active: yes, repeat: 1
 8:04:17 [02] AnimalCow
 8:04:17   Primary Spawner: "Animal", active: yes, repeat: 1
 8:04:17 [03] AnimalDeer
 8:04:17   Primary Spawner: "Animal", active: yes, repeat: 1
 8:04:17 [04] AnimalGoat
 8:04:17   Primary Spawner: "Animal", active: yes, repeat: 1
 8:04:17 [05] AnimalPig
 8:04:17   Primary Spawner: "Animal", active: yes, repeat: 1
 8:04:17 [06] AnimalRoeDeer
 8:04:17   Primary Spawner: "Animal", active: yes, repeat: 1
 8:04:17 [07] AnimalSheep
 8:04:17   Primary Spawner: "Animal", active: yes, repeat: 1
 8:04:17 [08] AnimalWildBoar
 8:04:17   Primary Spawner: "Animal", active: yes, repeat: 1
 8:04:17 [09] AnimalWolf
 8:04:17   Primary Spawner: "Animal", active: yes, repeat: 1
 8:04:17 [10] InfectedArmy
 8:04:17   Primary Spawner: "Infected", active: yes, repeat: 1
 8:04:17 [11] InfectedCity
 8:04:17   Primary Spawner: "Infected", active: yes, repeat: 1
 8:04:17 [12] InfectedFirefighter
 8:04:17   Primary Spawner: "Infected", active: yes, repeat: 1
 8:04:17 [13] InfectedIndustrial
 8:04:17   Primary Spawner: "Infected", active: yes, repeat: 1
 8:04:17 [14] InfectedMedic
 8:04:17   Primary Spawner: "Infected", active: yes, repeat: 1
 8:04:17 [15] InfectedPolice
 8:04:17   Primary Spawner: "Infected", active: yes, repeat: 1
 8:04:17 [16] InfectedPrisoner
 8:04:17   Primary Spawner: "Infected", active: yes, repeat: 1
 8:04:17 [17] InfectedReligious
 8:04:17   Primary Spawner: "Infected", active: yes, repeat: 1
 8:04:17 [18] InfectedSolitude
 8:04:17   Primary Spawner: "Infected", active: yes, repeat: 1
 8:04:17 [19] InfectedVillage
 8:04:17   Primary Spawner: "Infected", active: yes, repeat: 1
 8:04:17 [20] ItemPlanks
 8:04:17   Primary Spawner: "Item", active: yes, repeat: 1
 8:04:17 [21] Loot
 8:04:17   Primary Spawner: "Loot", active: yes, 