 8:03:51 BattlEye Server: Initialized (v1.217)
 8:03:51 SUCCESS: SteamGameServer_Init(0,8766,2402,28016,3,1.07.153006)
 8:03:52 Roles assigned.
 8:03:52 Reading mission ...
 8:04:01 [CE][Hive] :: Initializing OFFLINE
 8:04:01 [CE][Hive] :: Loading core data ... 
 8:04:01 [CE][CoreData] :: 7 root classes, 19 defaults, 0 updaters...
 8:04:07 [CE][RegisterBind] :: 0 classes binded...
 8:04:07 [CE][RegisterConfig] :: 10056 config classes registered, 0 sub-counters...
 8:04:07 [CE][Hive] :: Loading map data ... 
 8:04:07 !!! [CE] :: Unknown category: 'vehicleparts'.
 8:04:07 [CE][LoadPrototype] :: loaded 330 prototypes
 8:04:07   702 containers, 9116 points
 8:04:07   24 dispatches, 90 proxies
 8:04:07 !!! [CE][LoadPrototype] 12 groups have no points...
 8:04:07 !!![CE][LoadPrototype]  3 groups have wrong points...
 8:04:07 [CE][LoadPrototype] :: last group name: Land_Lunapark_Autodrome...
 8:04:07 [CE][LoadPrototype] :: loaded 0 prototypes
 8:04:07   0 containers, 0 points
 8:04:07   0 dispatches, 0 proxies
 8:04:07 [CE][LoadPrototype] :: last group name: PathD_7100...
 8:04:07 [CE][LoadMap] "Group" :: loaded 5086 groups, largest group range: 26.9
 8:04:07 [CE][LoadMap] "Dirt" :: loaded 0 groups, largest group range: 26.9
 8:04:07 [CE][LoadClusters] "Cluster" :: Loading files...
 8:04:08 [CE][LoadClusters] :: file: "mapgroupcluster.xml", 4 types, 50000 instances
 8:04:08 [CE][LoadClusters] :: file: "mapgroupcluster01", 4 types, 50000 instances
 8:04:08 [CE][LoadClusters] :: file: "mapgroupcluster02", 4 types, 50000 instances
 8:04:08 [CE][LoadClusters] :: file: "mapgroupcluster03", 4 types, 50000 instances
 8:04:08 [CE][LoadClusters] :: file: "mapgroupcluster04", 4 types, 21297 instances
 8:04:08 [CE][Storage] ver:21 stamp:67709, valid:yes, name:"mpmissions\TheCommunity.enoch\storage_420\data\types.bin"
 8:04:08 [CE][Storage] ver:21 stamp:67706, valid:yes, name:"mpmissions\TheCommunity.enoch\storage_420\data\types.001"
 8:04:08 [CE][Storage] ver:21 stamp:67707, valid:yes, name:"mpmissions\TheCommunity.enoch\storage_420\data\types.002"
 8:04:08 [CE][Storage] Restoring file "mpmissions\TheCommunity.enoch\storage_420\data\types.bin".
 8:04:09 [CE][offlineDB] :: Loaded 33 dynamic events 215 total types 0 total positions.
 8:04:09 [CE][Storage] ver:21 stamp:67709, valid:yes, name:"mpmissions\TheCommunity.enoch\storage_420\data\events.bin"
 8:04:09 [CE][Storage] ver:21 stamp:67706, valid:yes, name:"mpmissions\TheCommunity.enoch\storage_420\data\events.001"
 8:04:09 [CE][Storage] ver:21 stamp:67707, valid:yes, name:"mpmissions\TheCommunity.enoch\storage_420\data\events.002"
 8:04:09 [CE][Storage] Restoring file "mpmissions\TheCommunity.enoch\storage_420\data\events.bin".
 8:04:09 [CE][DynamicEvent] Load  Events:[33] Primary spawners: 33 Secondary spawners: 1
 8:04:09 [CE][Storage] ver:24 stamp:67709, valid:yes, name:"mpmissions\TheCommunity.enoch\storage_420\data\vehicles.bin"
 8:04:09 [CE][Storage] ver:24 stamp:67706, valid:yes, name:"mpmissions\TheCommunity.enoch\storage_420\data\vehicles.001"
 8:04:09 [CE][Storage] ver:24 stamp:67707, valid:yes, name:"mpmissions\TheCommunity.enoch\storage_420\data\vehicles.002"
 8:04:09 [CE][Storage] Restoring file "mpmissions\TheCommunity.enoch\storage_420\data\vehicles.bin" 140 items.
 8:04:09   140 items loaded.
 8:04:09 [CE][Storage] ver:24 stamp:67709, valid:yes, name:"mpmissions\TheCommunity.enoch\storage_420\data\dynamic_000.bin"
 8:04:09 [CE][Storage] ver:24 stamp:67706, valid:yes, name:"mpmissions\TheCommunity.enoch\storage_420\data\dynamic_000.001"
 8:04:09 [CE][Storage] ver:24 stamp:67707, valid:yes, name:"mpmissions\TheCommunity.enoch\storage_420\data\dynamic_000.002"
 8:04:09 [CE][Storage] Restoring file "mpmissions\TheCommunity.enoch\storage_420\data\dynamic_000.bin" 419 items.
 8:04:09   419 items loaded.
 8:04:09 [CE][Storage] ver:24 stamp:67709, valid:yes, name:"mpmissions\TheCommunity.enoch\storage_420\data\dynamic_001.bin"
 8:04:09 [CE][Storage] ver:24 stamp:67706, valid:yes, name:"mpmissions\TheCommunity.enoch\storage_420\data\dynamic_001.001"
 8:04:09 [CE][Storage] ver:24 stamp:67707, valid:yes, name:"mpmissions\TheCommunity.enoch\storage_420\data\dynamic_001.002"
 8:04:09 [CE][Storage] Restoring file "mpmissions\TheCommunity.enoch\storage_420\data\dynamic_001.bin" 2166 items.
 8:04:10   2166 items loaded.
 8:04:10 [CE][Storage] ver:24 stamp:67709, valid:yes, name:"mpmissions\TheCommunity.enoch\storage_420\data\dynamic_002.bin"
 8:04:10 !!! [CE][Storage] Failed to read [Storage] data file "mpmissions\TheCommunity.enoch\storage_420\data\dynamic_002.001".
 8:04:10   File not closed...
 8:04:10 [CE][Storage] ver:24 stamp:67709, valid:NO, name:"mpmissions\TheCommunity.enoch\storage_420\data\dynamic_002.001"
 8:04:10 [CE][Storage] ver:24 stamp:67707, valid:yes, name:"mpmissions\TheCommunity.enoch\storage_420\data\dynamic_002.002"
 8:04:10 [CE][Storage] Restoring file "mpmissions\TheCommunity.enoch\storage_420\data\dynamic_002.bin" 786 items.
 8:04:11   786 items loaded.
 8:04:11 [CE][Storage] ver:24 stamp:67709, valid:yes, name:"mpmissions\TheCommunity.enoch\storage_420\data\dynamic_003.bin"
 8:04:11 [CE][Storage] ver:24 stamp:67709, valid:yes, name:"mpmissions\TheCommunity.enoch\storage_420\data\dynamic_003.001"
 8:04:11 [CE][Storage] ver:24 stamp:67707, valid:yes, name:"mpmissions\TheCommunity.enoch\storage_420\data\dynamic_003.002"
 8:04:11 [CE][Storage] Restoring file "mpmissions\TheCommunity.enoch\storage_420\data\dynamic_003.bin" 1174 items.
 8:04:11   1174 items loaded.
 8:04:11 [CE][Storage] ver:24 stamp:67709, valid:yes, name:"mpmissions\TheCommunity.enoch\storage_420\data\dynamic_004.bin"
 8:04:11 [CE][Storage] ver:24 stamp:67709, valid:yes, name:"mpmissions\TheCommunity.enoch\storage_420\data\dynamic_004.001"
 8:04:11 [CE][Storage] ver:24 stamp:67707, valid:yes, name:"mpmissions\TheCommunity.enoch\storage_420\data\dynamic_004.002"
 8:04:11 [CE][Storage] Restoring file "mpmissions\TheCommunity.enoch\storage_420\data\dynamic_004.bin" 1481 items.
 8:04:12   1481 items loaded.
 8:04:12 [CE][Storage] ver:24 stamp:67709, valid:yes, name:"mpmissions\TheCommunity.enoch\storage_420\data\dynamic_005.bin"
 8:04:12 [CE][Storage] ver:24 stamp:67709, valid:yes, name:"mpmissions\TheCommunity.enoch\storage_420\data\dynamic_005.001"
 8:04:12 [CE][Storage] ver:24 stamp:67707, valid:yes, name:"mpmissions\TheCommunity.enoch\storage_420\data\dynamic_005.002"
 8:04:12 [CE][Storage] Restoring file "mpmissions\TheCommunity.enoch\storage_420\data\dynamic_005.bin" 1826 items.
 8:04:12   1826 items loaded.
 8:04:12 [CE][Storage] ver:24 stamp:67709, valid:yes, name:"mpmissions\TheCommunity.enoch\storage_420\data\dynamic_006.bin"
 8:04:12 [CE][Storage] ver:24 stamp:67709, valid:yes, name:"mpmissions\TheCommunity.enoch\storage_420\data\dynamic_006.001"
 8:04:12 [CE][Storage] ver:24 stamp:67707, valid:yes, name:"mpmissions\TheCommunity.enoch\storage_420\data\dynamic_006.002"
 8:04:12 [CE][Storage] Restoring file "mpmissions\TheCommunity.enoch\storage_420\data\dynamic_006.bin" 977 items.
 8:04:12   977 items loaded.
 8:04:12 [CE][Storage] ver:24 stamp:67709, valid:yes, name:"mpmissions\TheCommunity.enoch\storage_420\data\dynamic_007.bin"
 8:04:12 [CE][Storage] ver:24 stamp:67709, valid:yes, name:"mpmissions\TheCommunity.enoch\storage_420\data\dynamic_007.001"
 8:04:12 [CE][Storage] ver:24 stamp:67707, valid:yes, name:"mpmissions\TheCommunity.enoch\storage_420\data\dynamic_007.002"
 8:04:12 [CE][Storage] Restoring file "mpmissions\TheCommunity.enoch\storage_420\data\dynamic_007.bin" 1280 items.
 8:04:13   1280 items loaded.
 8:04:13 [CE][Storage] ver:24 stamp:67709, valid:yes, name:"mpmissions\TheCommunity.enoch\storage_420\data\dynamic_008.bin"
 8:04:13 [CE][Storage] ver:24 stamp:67709, valid:yes, name:"mpmissions\TheCommunity.enoch\storage_420\data\dynamic_008.001"
 8:04:13 [CE][Storage] ver:24 stamp:67707, valid:yes, name:"mpmissions\TheCommunity.enoch\storage_420\data\dynamic_008.002"
 8:04:13 [CE][Storage] Restoring file "mpmissions\TheCommunity.enoch\storage_420\data\dynamic_008.bin" 1079 items.
 8:04:13   1079 items loaded.
 8:04:13 [CE][Storage] ver:24 stamp:67709, valid:yes, name:"mpmissions\TheCommunity.enoch\storage_420\data\dynamic_009.bin"
 8:04:13 [CE][Storage] ver:24 stamp:67709, valid:yes, name:"mpmissions\TheCommunity.enoch\storage_420\data\dynamic_009.001"
 8:04:13 [CE][Storage] ver:24 stamp:67707, valid:yes, name:"mpmissions\TheCommunity.enoch\storage_420\data\dynamic_009.002"
 8:04:13 [CE][Storage] Restoring file "mpmissions\TheCommunity.enoch\storage_420\data\dynamic_009.bin" 1009 items.
 8:04:14   1009 items loaded.
 8:04:14 [CE][Storage] ver:24 stamp:67709, valid:yes, name:"mpmissions\TheCommunity.enoch\storage_420\data\dynamic_010.bin"
 8:04:14 [CE][Storage] ver:24 stamp:67709, valid:yes, name:"mpmissions\TheCommunity.enoch\storage_420\data\dynamic_010.001"
 8:04:14 [CE][Storage] ver:24 stamp:67707, valid:yes, name:"mpmissions\TheCommunity.enoch\storage_420\data\dynamic_010.002"
 8:04:14 [CE][Storage] Restoring file "mpmissions\TheCommunity.enoch\storage_420\data\dynamic_010.bin" 2464 items.
 8:04:14   2464 items loaded.
 8:04:14 [CE][Storage] ver:24 stamp:67709, valid:yes, name:"mpmissions\TheCommunity.enoch\storage_420\data\dynamic_011.bin"
 8:04:14 [CE][Storage] ver:24 stamp:67709, valid:yes, name:"mpmissions\TheCommunity.enoch\storage_420\data\dynamic_011.001"
 8:04:14 [CE][Storage] ver:24 stamp:67707, valid:yes, name:"mpmissions\TheCommunity.enoch\storage_420\data\dynamic_011.002"
 8:04:14 [CE][Storage] Restoring file "mpmissions\TheCommunity.enoch\storage_420\data\dynamic_011.bin" 440 items.
 8:04:15   440 items loaded.
 8:04:15 [CE][Hive] :: Storage load took:6.08 seconds, recovery stamp:67709
 8:04:15   entity: 18094, building: 0
 8:04:15   no lifetime: 50
 8:04:15 [CE][Hive] :: Initializing ... 
 8:04:15 [CE][InitializeMap] :: initialized: 0
 8:04:15 [CE][Hive] :: Initializing spawners ... 
 8:04:16 [CE][LootRespawner] (PRIDummy) :: Item [0] causing search overtime: "MSFCGorkaPATACSFG"
 8:04:16 [CE][LootRespawner] (PRIDummy) :: Item [1] causing search overtime: "MSFCGorkaPATACSFG"
 8:04:16 [CE][LootRespawner] (PRIDummy) :: Item [2] causing search overtime: "MSFCGorkaPATACSFG"
 8:04:16 [CE][LootRespawner] (PRIDummy) :: Item [3] causing search overtime: "MSFCGorkaPATACSFG"
 8:04:16 [CE][LootRespawner] (PRIDummy) :: Item [4] causing search overtime: "MSFCGorkaPATACSFG"
 8:04:16 [CE][LootRespawner] (PRIDummy) :: Item [0] is hard to place, performance drops: "MSFCKryptekRaidPlatePouches"
 8:04:16 [CE][LootRespawner] (PRIDummy) :: Item [5] causing search overtime: "MSFCKryptekRaidPlatePouches"
 8:04:16 [CE][LootRespawner] (PRIDummy) :: Item [1] is hard to place, performance drops: "MSFCKryptekRaidPlatePouches"
 8:04:16 [CE][LootRespawner] (PRIDummy) :: Item [6] causing search overtime: "MSFCKryptekRaidPlatePouches"
 8:04:16 [CE][LootRespawner] (PRIDummy) :: Item [2] is hard to place, performance drops: "MSFCKryptekRaidPlatePouches"
 8:04:16 [CE][LootRespawner] (PRIDummy) :: Item [7] causing search overtime: "MSFCKryptekRaidPlatePouches"
 8:04:16 [CE][LootRespawner] (PRIDummy) :: Item [3] is hard to place, performance drops: "MSFCKryptekRaidPlatePouches"
 8:04:16 [CE][LootRespawner] (PRIDummy) :: Item [8] causing search overtime: "MSFCKryptekRaidPlatePouches"
 8:04:16 [CE][LootRespawner] (PRIDummy) :: Item [9] causing search overtime: "PlateCarrierVest"
 8:04:16 [CE][LootRespawner] (PRIDummy) :: Item [10] causing search overtime: "PlateCarrierVest"
 8:04:16 [CE][LootRespawner] (PRIDummy) :: Item [11] causing search overtime: "PlateCarrierVest"
 8:04:16 [CE][LootRespawner] (PRIDummy) :: Item [12] causing search overtime: "PlateCarrierVest"
 8:04:16 [CE][LootRespawner] (PRIDummy) :: Item [13] causing search overtime: "PlateCarrierVest"
 8:04:16 [CE][LootRespawner] (PRIDummy) :: Item [14] causing search overtime: "PlateCarrierVest"
 8:04:16 [CE][LootRespawner] (PRIDummy) :: Item [15] causing search overtime: "PlateCarrierVest"
 8:04:16 [CE][LootRespawner] (PRIDummy) :: Item [16] causing search overtime: "PlateCarrierVest"
 8:04:16 [CE][LootRespawner] (PRIDummy) :: Item [17] causing search overtime: "PlateCarrierVest"
 8:04:16 [CE][LootRespawner] (PRIDummy) :: Item [18] causing search overtime: "PlateCarrierVest"
 8:04:16 [CE][LootRespawner] (PRIDummy) :: Item [19] causing search overtime: "PlateCarrierVest"
 8:04:16 [CE][LootRespawner] (PRIDummy) :: Item [4] is hard to place, performance drops: "Mag_rpk_40RndSpar"
 8:04:16 [CE][LootRespawner] (PRIDummy) :: Item [5] is hard to place, performance drops: "Mag_rpk_40RndSpar"
 8:04:16 [CE][LootRespawner] (PRIDummy) :: Item [6] is hard to place, performance drops: "Mag_rpk_40RndSpar"
 8:04:16 [CE][LootRespawner] (PRIDummy) :: Item [7] is hard to place, performance drops: "Mag_rpk_40RndSpar"
 8:04:16 [CE][LootRespawner] (PRIDummy) :: Item [8] is hard to place, performance drops: "Mag_rpk_40RndSpar"
 8:04:16 [CE][LootRespawner] (PRIDummy) :: Item [9] is hard to place, performance drops: "Mag_rpk_40RndSpar"
 8:04:16 [CE][LootRespawner] (PRIDummy) :: Item [10] is hard to place, performance drops: "Mag_rpk_40RndSpar"
 8:04:16 [CE][LootRespawner] (PRIDummy) :: Item [11] is hard to place, performance drops: "Mag_rpk_40RndSpar"
 8:04:16 [CE][LootRespawner] (PRIDummy) :: Item [12] is hard to place, performance drops: "Mag_rpk_40RndSpar"
 8:04:16 [CE][LootRespawner] (PRIDummy) :: Item [13] is hard to place, performance drops: "Mag_rpk_40RndSpar"
 8:04:16 [CE][LootRespawner] (PRIDummy) :: Item [14] is hard to place, performance drops: "Mag_rpk_40RndSpar"
 8:04:16 [CE][LootRespawner] (PRIDummy) :: Item [15] is hard to place, performance drops: "Mag_rpk_40RndSpar"
 8:04:16 [CE][LootRespawner] (PRIDummy) :: Item [16] is hard to place, performance drops: "Mag_rpk_40RndSpar"
 8:04:16 [CE][LootRespawner] (PRIDummy) :: Item [17] is hard to place, performance drops: "Mag_rpk_40RndSpar"
 8:04:16 [CE][LootRespawner] (PRIDummy) :: Item [18] is hard to place, performance drops: "Mag_rpk_40RndSpar"
 8:04:16 [CE][LootRespawner] (PRIDummy) :: Item [19] is hard to place, performance drops: "Mag_rpk_40RndSpar"
 8:04:16 !!! [CE][Point] Removing 5262.876953, 9646.056641 from Land_Shed_W1
 8:04:17 [CE][LootRespawner] (PRIDummy) :: Initially (re)spawned:2070, Nominal:32677, Total in Map: 17448 at 1 (sec)
 8:04:17   tests:2147, repeats:1 fails:76, overtime:12843
 8:04:17 [CE][DynEvent] :: 33 types
 8:04:17 [00] AmbientHen
 8:04:17   Primary Spawner: "Ambient", active: yes, repeat: 1
 8:04:17 [01] AnimalBear
 8:04:17   Primary Spawner: "Animal", active: yes, repeat: 1
 8:04:17 [02] AnimalCow
 8:04:17   Primary Spawner: "Animal", active: yes, repeat: 1
 8:04:17 [03] AnimalDeer
 8:04:17   Primary Spawner: "Animal", active: yes, repeat: 1
 8:04:17 [04] AnimalGoat
 8:04:17   Primary Spawner: "Animal", active: yes, repeat: 1
 8:04:17 [05] AnimalPig
 8:04:17   Primary Spawner: "Animal", active: yes, repeat: 1
 8:04:17 [06] AnimalRoeDeer
 8:04:17   Primary Spawner: "Animal", active: yes, repeat: 1
 8:04:17 [07] AnimalSheep
 8:04:17   Primary Spawner: "Animal", active: yes, repeat: 1
 8:04:17 [08] AnimalWildBoar
 8:04:17   Primary Spawner: "Animal", active: yes, repeat: 1
 8:04:17 [09] AnimalWolf
 8:04:17   Primary Spawner: "Animal", active: yes, repeat: 1
 8:04:17 [10] InfectedArmy
 8:04:17   Primary Spawner: "Infected", active: yes, repeat: 1
 8:04:17 [11] InfectedCity
 8:04:17   Primary Spawner: "Infected", active: yes, repeat: 1
 8:04:17 [12] InfectedFirefighter
 8:04:17   Primary Spawner: "Infected", active: yes, repeat: 1
 8:04:17 [13] InfectedIndustrial
 8:04:17   Primary Spawner: "Infected", active: yes, repeat: 1
 8:04:17 [14] InfectedMedic
 8:04:17   Primary Spawner: "Infected", active: yes, repeat: 1
 8:04:17 [15] InfectedPolice
 8:04:17   Primary Spawner: "Infected", active: yes, repeat: 1
 8:04:17 [16] InfectedPrisoner
 8:04:17   Primary Spawner: "Infected", active: yes, repeat: 1
 8:04:17 [17] InfectedReligious
 8:04:17   Primary Spawner: "Infected", active: yes, repeat: 1
 8:04:17 [18] InfectedSolitude
 8:04:17   Primary Spawner: "Infected", active: yes, repeat: 1
 8:04:17 [19] InfectedVillage
 8:04:17   Primary Spawner: "Infected", active: yes, repeat: 1
 8:04:17 [20] ItemPlanks
 8:04:17   Primary Spawner: "Item", active: yes, repeat: 1
 8:04:17 [21] Loot
 8:04:17   Primary Spawner: "Loot", active: yes, repeat: 2
 8:04:17 [22] StaticHeliCrash
 8:04:17   Primary Spawner: "Vehicle", active: yes, repeat: 1
 8:04:17   Secondary Spawner: "Infected", active: yes, repeat: 1
 8:04:17 [23] StaticPoliceCar
 8:04:17   Primary Spawner: "Vehicle", active: yes, repeat: 1
 8:04:17 [24] TrajectoryConiferous
 8:04:17   Primary Spawner: "Trajectory", active: yes, repeat: 1
 8:04:17 [25] TrajectoryDeciduous
 8:04:17   Primary Spawner: "Trajectory", active: yes, repeat: 1
 8:04:17 [26] TrajectoryHumus
 8:04:17   Primary Spawner: "Trajectory", active: yes, repeat: 1
 8:04:17 [27] TrajectoryStones
 8:04:17   Primary Spawner: "Trajectory", active: yes, repeat: 1
 8:04:17 [28] VehicleCivilianSedan
 8:04:17   Primary Spawner: "Vehicle", active: yes, repeat: 1
 8:04:17 [29] VehicleHatchback02
 8:04:17   Primary Spawner: "Vehicle", active: yes, repeat: 1
 8:04:17 [30] VehicleOffroadHatchback
 8:04:17   Primary Spawner: "Vehicle", active: yes, repeat: 1
 8:04:17 [31] VehicleSedan02
 8:04:17   Primary Spawner: "Vehicle", active: yes, repeat: 1
 8:04:17 [32] VehicleCrSk_Land_Rover_Defender_110
 8:04:17   Primary Spawner: "Vehicle", active: yes, repeat: 1
 8:04:17 [CE][Hive] :: Initializing of spawners done.
 8:04:17 [CE][Hive] :: Init sequence finished.
 8:04:21 Average server FPS: 187.40 (measured interval: 30 s)
 8:04:21 Used memory: 1616674 KB
 8:04:21 Players: 0 in total
 8:04:51 Average server FPS: 5150.57 (measured interval: 30 s)
 8:04:51 Used memory: 1640278 KB
 8:04:51 Players: 0 in total
 8:04:59 BattlEye Server: RCon admin #0 (127.0.0.1:58619) logged in
 8:05:21 Average server FPS: 6167.63 (measured interval: 30 s)
 8:05:21 Used memory: 1658917 KB
 8:05:21 Players: 0 in total
 8:05:51 Average server FPS: 6125.73 (measured interval: 30 s)
 8:05:51 Used memory: 1663751 KB
 8:05:51 Players: 0 in total
 8:06:21 Average server FPS: 6250.40 (measured interval: 30 s)
 8:06:21 Used memory: 1672687 KB
 8:06:21 Players: 0 in total
 8:06:51 Average server FPS: 6224.00 (measured interval: 30 s)
 8:06:51 Used memory: 1688593 KB
 8:06:51 Players: 0 in total
 8:07:21 Average server FPS: 6273.13 (measured interval: 30 s)
 8:07:21 Used memory: 1698470 KB
 8:07:21 Players: 0 in total
 8:07:51 Average server FPS: 6195.30 (measured interval: 30 s)
 8:07:51 Used memory: 1706690 KB
 8:07:51 Players: 0 in total
 8:08:21 Average server FPS: 6195.63 (measured interval: 30 s)
 8:08:21 Used memory: 1731065 KB
 8:08:21 Players: 0 in total
 8:08:51 Average server FPS: 6282.27 (measured interval: 30 s)
 8:08:51 Used memory: 1742703 KB
 8:08:51 Players: 0 in total
 8:09:21 Average server FPS: 6267.27 (measured interval: 30 s)
 8:09:21 Used memory: 1749888 KB
 8:09:21 Players: 0 in total
 8:09:51 Average server FPS: 6278.23 (measured interval: 30 s)
 8:09:51 Used memory: 1757598 KB
 8:09:51 Players: 0 in total
 8:09:59 BattlEye Server: RCon admin #0: (Global) Welcome to TheCommunity Server! This server restarts every 4 hours (4/8/12)
 8:10:01 BattlEye Server: RCon admin #0: (Global) https://discord.gg/2W6YhGt -- If you need help join the discord and chime an admin
 8:10:03 BattlEye Server: RCon admin #0: (Global) Glitching/Cheating/Hacking/Abusing/Exploiting are all BANNABLE offenses
 8:10:21 Average server FPS: 6221.70 (measured interval: 30 s)
 8:10:21 Used memory: 1766210 KB
 8:10:21 Players: 0 in total
 8:10:51 Average server FPS: 6815.27 (measured interval: 30 s)
 8:10:51 Used memory: 1766465 KB
 8:10:51 Players: 0 in total
 8:11:21 Average server FPS: 6916.30 (measured interval: 30 s)
 8:11:21 Used memory: 1767104 KB
 8:11:21 Players: 0 in total
 8:11:51 Average server FPS: 6920.03 (measured interval: 30 s)
 8:11:51 Used memory: 1767497 KB
 8:11:51 Players: 0 in total
 8:12:21 Average server FPS: 6932.83 (measured interval: 30 s)
 8:12:21 Used memory: 1767409 KB
 8:12:21 Players: 0 in total
 8:12:51 Average server FPS: 6920.03 (measured interval: 30 s)
 8:12:51 Used memory: 1767266 KB
 8:12:51 Players: 0 in total
 8:13:21 Average server FPS: 6924.73 (measured interval: 30 s)
 8:13:21 Used memory: 1767612 KB
 8:13:21 Players: 0 in total
 8:13:51 Average server FPS: 6675.83 (measured interval: 30 s)
 8:13:51 Used memory: 1767348 KB
 8:13:51 Players: 0 in total
 8:14:21 Average server FPS: 6913.27 (measured interval: 30 s)
 8:14:21 Used memory: 1767231 KB
 8:14:21 Players: 0 in total
 8:14:51 Average server FPS: 6909.50 (measured interval: 30 s)
 8:14:51 Used memory: 1767181 KB
 8:14:51 Players: 0 in total
 8:14:58 [CE][SpawnRandomLoot] (StaticHeliCrash) :: ChildType: Wreck_Mi8, lootmin: 10, lootmax: 20, wanted: 17
 8:15:21 Average server FPS: 6706.30 (measured interval: 30 s)
 8:15:21 Used memory: 1767428 KB
 8:15:21 Players: 0 in total
 8:15:51 Average server FPS: 6691.07 (measured interval: 30 s)
 8:15:51 Used memory: 1767465 KB
 8:15:51 Players: 0 in total
 8:16:21 Average server FPS: 6793.60 (measured interval: 30 s)
 8:16:21 Used memory: 1768424 KB
 8:16:21 Players: 0 in total
 8:16:51 Average server FPS: 6726.33 (measured interval: 30 s)
 8:16:51 Used memory: 1768364 KB
 8:16:51 Players: 0 in total
 8:17:21 Average server FPS: 6743.37 (measured interval: 30 s)
 8:17:21 Used memory: 1768234 KB
 8:17:21 Players: 0 in total
 8:17:51 Average server FPS: 6597.83 (measured interval: 30 s)
 8:17:51 Used memory: 1768627 KB
 8:17:51 Players: 0 in total
 8:18:21 Average server FPS: 6586.53 (measured interval: 30 s)
 8:18:21 Used memory: 1768605 KB
 8:18:21 Players: 0 in total
 8:18:51 Average server FPS: 6832.70 (measured interval: 30 s)
 8:18:51 Used memory: 1768579 KB
 8:18:51 Players: 0 in total
 8:19:21 Average server FPS: 6896.43 (measured interval: 30 s)
 8:19:21 Used memory: 1768496 KB
 8:19:21 Players: 0 in total
 8:19:51 Average server FPS: 6880.47 (measured interval: 30 s)
 8:19:51 Used memory: 1768322 KB
 8:19:51 Players: 0 in total
 8:20:21 Average server FPS: 6882.40 (measured interval: 30 s)
 8:20:21 Used memory: 1769351 KB
 8:20:21 Players: 0 in total
 8:20:51 Average server FPS: 6907.47 (measured interval: 30 s)
 8:20:51 Used memory: 1769704 KB
 8:20:51 Players: 0 in total
 8:21:21 Average server FPS: 6902.63 (measured interval: 30 s)
 8:21:21 Used memory: 1769635 KB
 8:21:21 Players: 0 in total
 8:21:51 Average server FPS: 6917.70 (measured interval: 30 s)
 8:21:51 Used memory: 1769337 KB
 8:21:51 Players: 0 in total
 8:22:21 Average server FPS: 6892.33 (measured interval: 30 s)
 8:22:21 Used memory: 1769351 KB
 8:22:21 Players: 0 in total
 8:22:51 Average server FPS: 6865.83 (measured interval: 30 s)
 8:22:51 Used memory: 1769330 KB
 8:22:51 Players: 0 in total
 8:23:21 Average server FPS: 6905.73 (measured interval: 30 s)
 8:23:21 Used memory: 1769234 KB
 8:23:21 Players: 0 in total
 8:23:51 Average server FPS: 6910.63 (measured interval: 30 s)
 8:23:51 Used memory: 1769158 KB
 8:23:51 Players: 0 in total
 8:24:21 Average server FPS: 6907.03 (measured interval: 30 s)
 8:24:21 Used memory: 1769253 KB
 8:24:21 Players: 0 in total
 8:24:51 Average server FPS: 6941.07 (measured interval: 30 s)
 8:24:51 Used memory: 1769126 KB
 8:24:51 Players: 0 in total
 8:25:21 Average server FPS: 6918.00 (measured interval: 30 s)
 8:25:21 Used memory: 1769116 KB
 8:25:21 Players: 0 in total
 8:25:51 Average server FPS: 6928.50 (measured interval: 30 s)
 8:25:51 Used memory: 1768646 KB
 8:25:51 Players: 0 in total
 8:26:21 Average server FPS: 6924.13 (measured interval: 30 s)
 8:26:21 Used memory: 1768468 KB
 8:26:21 Players: 0 in total
 8:26:51 Average server FPS: 6912.37 (measured interval: 30 s)
 8:26:51 Used memory: 1768600 KB
 8:26:51 Players: 0 in total
 8:27:21 Average server FPS: 6900.83 (measured interval: 30 s)
 8:27:21 Used memory: 1768502 KB
 8:27:21 Players: 0 in total
 8:27:51 Average server FPS: 6864.47 (measured interval: 30 s)
 8:27:51 Used memory: 1768272 KB
 8:27:51 Players: 0 in total
 8:28:21 Average server FPS: 6907.40 (measured interval: 30 s)
 8:28:21 Used memory: 1768242 KB
 8:28:21 Players: 0 in total
 8:28:51 Average server FPS: 6894.13 (measured interval: 30 s)
 8:28:51 Used memory: 1768295 KB
 8:28:51 Players: 0 in total
 8:29:21 Average server FPS: 6881.90 (measured interval: 30 s)
 8:29:21 Used memory: 1768213 KB
 8:29:21 Players: 0 in total
 8:29:51 Average server FPS: 6897.73 (measured interval: 30 s)
 8:29:51 Used memory: 1768138 KB
 8:29:51 Players: 0 in total
 8:30:21 Average server FPS: 6903.07 (measured interval: 30 s)
 8:30:21 Used memory: 1767971 KB
 8:30:21 Players: 0 in total
 8:30:51 Average server FPS: 6901.37 (measured interval: 30 s)
 8:30:51 Used memory: 1767804 KB
 8:30:51 Players: 0 in total
 8:31:21 Average server FPS: 6904.17 (measured interval: 30 s)
 8:31:21 Used memory: 1767707 KB
 8:31:21 Players: 0 in total
 8:31:51 Average server FPS: 6903.40 (measured interval: 30 s)
 8:31:51 Used memory: 1767345 KB
 8:31:51 Players: 0 in total
 8:32:21 Average server FPS: 6899.34 (measured interval: 30 s)
 8:32:21 Used memory: 1767211 KB
 8:32:21 Players: 0 in total
 8:32:29 [CE][SpawnRandomLoot] (StaticHeliCrash) :: ChildType: Wreck_UH1Y, lootmin: 10, lootmax: 20, wanted: 13
 8:32:51 Average server FPS: 6855.00 (measured interval: 30 s)
 8:32:51 Used memory: 1767347 KB
 8:32:51 Players: 0 in total
 8:33:21 Average server FPS: 6901.30 (measured interval: 30 s)
 8:33:21 Used memory: 1767358 KB
 8:33:21 Players: 0 in total
 8:33:51 Average server FPS: 6911.57 (measured interval: 30 s)
 8:33:51 Used memory: 1767207 KB
 8:33:51 Players: 0 in total
 8:34:21 Average server FPS: 6910.87 (measured interval: 30 s)
 8:34:21 Used memory: 1767112 KB
 8:34:21 Players: 0 in total
 8:34:51 Average server FPS: 6899.93 (measured interval: 30 s)
 8:34:51 Used memory: 1767194 KB
 8:34:51 Players: 0 in total
 8:35:21 Average server FPS: 6901.40 (measured interval: 30 s)
 8:35:21 Used memory: 1766990 KB
 8:35:21 Players: 0 in total
 8:35:51 Average server FPS: 6916.20 (measured interval: 30 s)
 8:35:51 Used memory: 1766838 KB
 8:35:51 Players: 0 in total
 8:36:21 Average server FPS: 6914.27 (measured interval: 30 s)
 8:36:21 Used memory: 1766594 KB
 8:36:21 Players: 0 in total
 8:36:51 Average server FPS: 6908.40 (measured interval: 30 s)
 8:36:51 Used memory: 1766653 KB
 8:36:51 Players: 0 in total
 8:36:54 !!! [CE][Point] Removing 4135.616699, 7931.635254 from Land_Shed_W3
 8:37:21 Average server FPS: 6879.57 (measured interval: 30 s)
 8:37:21 Used memory: 1766616 KB
 8:37:21 Players: 0 in total
 8:37:51 Average server FPS: 6851.87 (measured interval: 30 s)
 8:37:51 Used memory: 1766617 KB
 8:37:51 Players: 0 in total
 8:38:21 Average server FPS: 6898.40 (measured interval: 30 s)
 8:38:21 Used memory: 1766563 KB
 8:38:21 Players: 0 in total
 8:38:51 Average server FPS: 6898.77 (measured interval: 30 s)
 8:38:51 Used memory: 1766236 KB
 8:38:51 Players: 0 in total
 8:39:21 Average server FPS: 6891.47 (measured interval: 30 s)
 8:39:21 Used memory: 1766000 KB
 8:39:21 Players: 0 in total
 8:39:51 Average server FPS: 6898.23 (measured interval: 30 s)
 8:39:51 Used memory: 1765898 KB
 8:39:51 Players: 0 in total
 8:39:59 BattlEye Server: RCon admin #0: (Global) Welcome to TheCommunity Server! This server restarts every 4 hours (4/8/12)
 8:40:01 BattlEye Server: RCon admin #0: (Global) https://discord.gg/2W6YhGt -- If you need help join the discord and chime an admin
 8:40:03 BattlEye Server: RCon admin #0: (Global) Glitching/Cheating/Hacking/Abusing/Exploiting are all BANNABLE offenses
 8:40:21 Average server FPS: 6929.57 (measured interval: 30 s)
 8:40:21 Used memory: 1765811 KB
 8:40:21 Players: 0 in total
 8:40:51 Average server FPS: 6946.73 (measured interval: 30 s)
 8:40:51 Used memory: 1765758 KB
 8:40:51 Players: 0 in total
 8:41:21 Average server FPS: 6748.23 (measured interval: 30 s)
 8:41:21 Used memory: 1765771 KB
 8:41:21 Players: 0 in total
 8:41:51 Average server FPS: 6601.37 (measured interval: 30 s)
 8:41:51 Used memory: 1765355 KB
 8:41:51 Players: 0 in total
 8:42:21 [CE][SpawnRandomLoot] (StaticHeliCrash) :: ChildType: Wreck_UH1Y, lootmin: 10, lootmax: 20, wanted: 14
 8:42:21 Average server FPS: 6596.47 (measured interval: 30 s)
 8:42:21 Used memory: 1765605 KB
 8:42:21 Players: 0 in total
 8:42:51 Average server FPS: 6619.93 (measured interval: 30 s)
 8:42:51 Used memory: 1765527 KB
 8:42:51 Players: 0 in total
 8:43:21 Average server FPS: 6622.20 (measured interval: 30 s)
 8:43:21 Used memory: 1765368 KB
 8:43:21 Players: 0 in total
 8:43:51 Average server FPS: 6622.47 (measured interval: 30 s)
 8:43:51 Used memory: 1765459 KB
 8:43:51 Players: 0 in total
 8:44:21 Average server FPS: 6615.23 (measured interval: 30 s)
 8:44:21 Used memory: 1765726 KB
 8:44:21 Players: 0 in total
 8:44:51 Average server FPS: 6614.97 (measured interval: 30 s)
 8:44:51 Used memory: 1765626 KB
 8:44:51 Players: 0 in total
 8:45:21 Average server FPS: 5353.93 (measured interval: 30 s)
 8:45:21 Used memory: 1765386 KB
 8:45:21 Players: 0 in total
 8:45:51 Average server FPS: 4258.13 (measured interval: 30 s)
 8:45:51 Used memory: 1765162 KB
 8:45:51 Players: 0 in total
 8:46:19 !!! [CE][Point] Removing 11692.889648, 9677.417969 from Land_Shed_W1
 8:46:21 Average server FPS: 4579.83 (measured interval: 30 s)
 8:46:21 Used memory: 1765745 KB
 8:46:21 Players: 0 in total
 8:46:23 [CE][SpawnRandomLoot] (StaticPoliceCar) :: ChildType: Land_Wreck_Volha_Police, lootmin: 3, lootmax: 5, wanted: 4
 8:46:23 [CE][SpawnRandomLoot] (StaticPoliceCar) :: ChildType: Land_Wreck_Volha_Police, lootmin: 3, lootmax: 5, wanted: 3
 8:46:23 [CE][SpawnRandomLoot] (StaticPoliceCar) :: ChildType: Land_Wreck_Volha_Police, lootmin: 3, lootmax: 5, wanted: 4
 8:46:23 [CE][SpawnRandomLoot] (StaticPoliceCar) :: ChildType: Land_Wreck_Volha_Police, lootmin: 3, lootmax: 5, wanted: 4
 8:46:23 [CE][SpawnRandomLoot] (StaticPoliceCar) :: ChildType: Land_Wreck_Volha_Police, lootmin: 3, lootmax: 5, wanted: 4
 8:46:23 [CE][SpawnRandomLoot] (StaticPoliceCar) :: ChildType: Land_Wreck_Volha_Police, lootmin: 3, lootmax: 5, wanted: 4
 8:46:23 [CE][SpawnRandomLoot] (StaticPoliceCar) :: ChildType: Land_Wreck_Volha_Police, lootmin: 3, lootmax: 5, wanted: 4
 8:46:23 [CE][SpawnRandomLoot] (StaticPoliceCar) :: ChildType: Land_Wreck_Volha_Police, lootmin: 3, lootmax: 5, wanted: 3
 8:46:23 [CE][SpawnRandomLoot] (StaticPoliceCar) :: ChildType: Land_Wreck_Volha_Police, lootmin: 3, lootmax: 5, wanted: 4
 8:46:23 [CE][SpawnRandomLoot] (StaticPoliceCar) :: ChildType: Land_Wreck_Volha_Police, lootmin: 3, lootmax: 5, wanted: 3
 8:46:51 Average server FPS: 4673.87 (measured interval: 30 s)
 8:46:51 Used memory: 1767245 KB
 8:46:51 Players: 0 in total
 8:47:21 Average server FPS: 4799.00 (measured interval: 30 s)
 8:47:21 Used memory: 1767168 KB
 8:47:21 Players: 0 in total
 8:47:51 Average server FPS: 4029.53 (measured interval: 30 s)
 8:47:51 Used memory: 1767462 KB
 8:47:51 Players: 0 in total
 8:48:21 Average server FPS: 5298.00 (measured interval: 30 s)
 8:48:21 Used memory: 1768022 KB
 8:48:21 Players: 0 in total
 8:48:51 Average server FPS: 6425.13 (measured interval: 30 s)
 8:48:51 Used memory: 1768065 KB
 8:48:51 Players: 0 in total
 8:49:21 Average server FPS: 6482.70 (measured interval: 30 s)
 8:49:21 Used memory: 1767358 KB
 8:49:21 Players: 0 in total
 8:49:51 Average server FPS: 6501.53 (measured interval: 30 s)
 8:49:51 Used memory: 1767186 KB
 8:49:51 Players: 0 in total
 8:50:21 Average server FPS: 6473.80 (measured interval: 30 s)
 8:50:21 Used memory: 1767542 KB
 8:50:21 Players: 0 in total
 8:50:51 Average server FPS: 6465.37 (measured interval: 30 s)
 8:50:51 Used memory: 1767763 KB
 8:50:51 Players: 0 in total
 8:51:21 Average server FPS: 6526.57 (measured interval: 30 s)
 8:51:21 Used memory: 1768006 KB
 8:51:21 Players: 0 in total
 8:51:51 Average server FPS: 6499.80 (measured interval: 30 s)
 8:51:51 Used memory: 1767535 KB
 8:51:51 Players: 0 in total
 8:52:21 Average server FPS: 6518.20 (measured interval: 30 s)
 8:52:21 Used memory: 1767375 KB
 8:52:21 Players: 0 in total
 8:52:51 Average server FPS: 6465.13 (measured interval: 30 s)
 8:52:51 Used memory: 1767179 KB
 8:52:51 Players: 0 in total
 8:53:21 Average server FPS: 6462.90 (measured interval: 30 s)
 8:53:21 Used memory: 1766940 KB
 8:53:21 Players: 0 in total
 8:53:51 Average server FPS: 6453.47 (measured interval: 30 s)
 8:53:51 Used memory: 1766561 KB
 8:53:51 Players: 0 in total
 8:54:21 Average server FPS: 6457.87 (measured interval: 30 s)
 8:54:21 Used memory: 1766337 KB
 8:54:21 Players: 0 in total
 8:54:51 Average server FPS: 6461.30 (measured interval: 30 s)
 8:54:51 Used memory: 1766081 KB
 8:54:51 Players: 0 in total
 8:55:21 Average server FPS: 6438.50 (measured interval: 30 s)
 8:55:21 Used memory: 1767289 KB
 8:55:21 Players: 0 in total
 8:55:51 Average server FPS: 6422.03 (measured interval: 30 s)
 8:55:51 Used memory: 1767967 KB
 8:55:51 Players: 0 in total
 8:56:21 Average server FPS: 6407.67 (measured interval: 30 s)
 8:56:21 Used memory: 1768340 KB
 8:56:21 Players: 0 in total
 8:56:51 Average server FPS: 6388.70 (measured interval: 30 s)
 8:56:51 Used memory: 1768278 KB
 8:56:51 Players: 0 in total
 8:57:09 [CE][SpawnRandomLoot] (StaticHeliCrash) :: ChildType: Wreck_Mi8, lootmin: 10, lootmax: 20, wanted: 18
 8:57:21 Average server FPS: 6422.27 (measured interval: 30 s)
 8:57:21 Used memory: 1768682 KB
 8:57:21 Players: 0 in total
 8:57:51 Average server FPS: 6447.47 (measured interval: 30 s)
 8:57:51 Used memory: 1768501 KB
 8:57:51 Players: 0 in total
 8:58:21 Average server FPS: 6442.53 (measured interval: 30 s)
 8:58:21 Used memory: 1768406 KB
 8:58:21 Players: 0 in total
 8:58:51 Average server FPS: 6445.53 (measured interval: 30 s)
 8:58:51 Used memory: 1768478 KB
 8:58:51 Players: 0 in total
 8:59:21 Average server FPS: 6446.73 (measured interval: 30 s)
 8:59:21 Used memory: 1768474 KB
 8:59:21 Players: 0 in total
 8:59:51 Average server FPS: 6459.97 (measured interval: 30 s)
 8:59:51 Used memory: 1768422 KB
 8:59:51 Players: 0 in total
 9:00:21 Average server FPS: 6450.63 (measured interval: 30 s)
 9:00:21 Used memory: 1768231 KB
 9:00:21 Players: 0 in total
 9:00:51 Average server FPS: 6457.67 (measured interval: 30 s)
 9:00:51 Used memory: 1767797 KB
 9:00:51 Players: 0 in total
 9:01:21 Average server FPS: 6440.13 (measured interval: 30 s)
 9:01:21 Used memory: 1767956 KB
 9:01:21 Players: 0 in total
 9:01:51 Average server FPS: 6429.57 (measured interval: 30 s)
 9:01:51 Used memory: 1768002 KB
 9:01:51 Players: 0 in total
 9:02:21 Average server FPS: 6423.57 (measured interval: 30 s)
 9:02:21 Used memory: 1768026 KB
 9:02:21 Players: 0 in total
 9:02:51 Average server FPS: 6433.57 (measured interval: 30 s)
 9:02:51 Used memory: 1767975 KB
 9:02:51 Players: 0 in total
 9:03:21 Average server FPS: 6435.27 (measured interval: 30 s)
 9:03:21 Used memory: 1768346 KB
 9:03:21 Players: 0 in total
 9:03:51 Average server FPS: 6464.27 (measured interval: 30 s)
 9:03:51 Used memory: 1768870 KB
 9:03:51 Players: 0 in total
 9:04:21 Average server FPS: 6500.23 (measured interval: 30 s)
 9:04:21 Used memory: 1767190 KB
 9:04:21 Players: 0 in total
 9:04:51 Average server FPS: 6578.67 (measured interval: 30 s)
 9:04:51 Used memory: 1766980 KB
 9:04:51 Players: 0 in total
 9:05:21 Average server FPS: 6311.23 (measured interval: 30 s)
 9:05:21 Used memory: 1767846 KB
 9:05:21 Players: 0 in total
 9:05:51 Average server FPS: 6523.20 (measured interval: 30 s)
 9:05:51 Used memory: 1768003 KB
 9:05:51 Players: 0 in total
 9:06:21 Average server FPS: 6518.43 (measured interval: 30 s)
 9:06:21 Used memory: 1767860 KB
 9:06:21 Players: 0 in total
 9:06:51 Average server FPS: 6486.47 (measured interval: 30 s)
 9:06:51 Used memory: 1767494 KB
 9:06:51 Players: 0 in total
 9:07:21 Average server FPS: 6642.63 (measured interval: 30 s)
 9:07:21 Used memory: 1767661 KB
 9:07:21 Players: 0 in total
 9:07:51 Average server FPS: 6633.83 (measured interval: 30 s)
 9:07:51 Used memory: 1767636 KB
 9:07:51 Players: 0 in total
 9:08:21 Average server FPS: 6667.07 (measured interval: 30 s)
 9:08:21 Used memory: 1767566 KB
 9:08:21 Players: 0 in total
 9:08:51 Average server FPS: 6667.77 (measured interval: 30 s)
 9:08:51 Used memory: 1767326 KB
 9:08:51 Players: 0 in total
 9:09:21 Average server FPS: 6665.57 (measured interval: 30 s)
 9:09:21 Used memory: 1766944 KB
 9:09:21 Players: 0 in total
 9:09:51 Average server FPS: 6655.57 (measured interval: 30 s)
 9:09:51 Used memory: 1766547 KB
 9:09:51 Players: 0 in total
 9:09:59 BattlEye Server: RCon admin #0: (Global) Welcome to TheCommunity Server! This server restarts every 4 hours (4/8/12)
 9:10:01 BattlEye Server: RCon admin #0: (Global) https://discord.gg/2W6YhGt -- If you need help join the discord and chime an admin
 9:10:03 BattlEye Server: RCon admin #0: (Global) Glitching/Cheating/Hacking/Abusing/Exploiting are all BANNABLE offenses
 9:10:21 Average server FPS: 6670.70 (measured interval: 30 s)
 9:10:21 Used memory: 1766297 KB
 9:10:21 Players: 0 in total
 9:10:51 Average server FPS: 6672.73 (measured interval: 30 s)
 9:10:51 Used memory: 1766200 KB
 9:10:51 Players: 0 in total
 9:11:21 Average server FPS: 6675.47 (measured interval: 30 s)
 9:11:21 Used memory: 1766546 KB
 9:11:21 Players: 0 in total
 9:11:51 Average server FPS: 6669.80 (measured interval: 30 s)
 9:11:51 Used memory: 1766562 KB
 9:11:51 Players: 0 in total
 9:11:52 !!! [CE][Point] Removing 4162.038574, 9023.292969 from Land_Boat_Small3
 9:12:21 Average server FPS: 6647.77 (measured interval: 30 s)
 9:12:21 Used memory: 1767051 KB
 9:12:21 Players: 0 in total
 9:12:51 Average server FPS: 6674.10 (measured interval: 30 s)
 9:12:51 Used memory: 1767048 KB
 9:12:51 Players: 0 in total
 9:13:21 Average server FPS: 6682.73 (measured interval: 30 s)
 9:13:21 Used memory: 1766751 KB
 9:13:21 Players: 0 in total
 9:13:51 Average server FPS: 6672.37 (measured interval: 30 s)
 9:13:51 Used memory: 1766673 KB
 9:13:51 Players: 0 in total
 9:14:21 Average server FPS: 6623.00 (measured interval: 30 s)
 9:14:21 Used memory: 1767561 KB
 9:14:21 Players: 0 in total
 9:14:51 Average server FPS: 6654.53 (measured interval: 30 s)
 9:14:51 Used memory: 1768186 KB
 9:14:51 Players: 0 in total
 9:15:03 [CE][SpawnRandomLoot] (StaticHeliCrash) :: ChildType: Wreck_Mi8, lootmin: 10, lootmax: 20, wanted: 14
 9:15:21 Average server FPS: 3844.97 (measured interval: 30 s)
 9:15:21 Used memory: 1768693 KB
 9:15:21 Players: 0 in total
 9:15:51 Average server FPS: 582.93 (measured interval: 30 s)
 9:15:51 Used memory: 1768760 KB
 9:15:51 Players: 0 in total
 9:16:21 Average server FPS: 580.37 (measured interval: 30 s)
 9:16:21 Used memory: 1768159 KB
 9:16:21 Players: 0 in total
 9:16:51 Average server FPS: 570.47 (measured interval: 30 s)
 9:16:51 Used memory: 1768474 KB
 9:16:51 Players: 0 in total
 9:17:21 Average server FPS: 578.71 (measured interval: 30 s)
 9:17:21 Used memory: 1768661 KB
 9:17:21 Players: 0 in total
 9:17:51 Average server FPS: 580.83 (measured interval: 30 s)
 9:17:51 Used memory: 1769098 KB
 9:17:51 Players: 0 in total
 9:18:21 Average server FPS: 564.81 (measured interval: 30 s)
 9:18:21 Used memory: 1769011 KB
 9:18:21 Players: 0 in total
 9:18:51 Average server FPS: 591.71 (measured interval: 30 s)
 9:18:51 Used memory: 1769172 KB
 9:18:51 Players: 0 in total
 9:19:21 Average server FPS: 595.11 (measured interval: 30 s)
 9:19:21 Used memory: 1768622 KB
 9:19:21 Players: 0 in total
 9:19:51 Average server FPS: 593.00 (measured interval: 30 s)
 9:19:51 Used memory: 1768508 KB
 9:19:51 Players: 0 in total
 9:20:21 Average server FPS: 591.30 (measured interval: 30 s)
 9:20:21 Used memory: 1769196 KB
 9:20:21 Players: 0 in total
 9:20:51 Average server FPS: 586.43 (measured interval: 30 s)
 9:20:51 Used memory: 1769745 KB
 9:20:51 Players: 0 in total
 9:21:21 Average server FPS: 592.83 (measured interval: 30 s)
 9:21:21 Used memory: 1769723 KB
 9:21:21 Players: 0 in total
 9:21:51 Average server FPS: 590.97 (measured interval: 30 s)
 9:21:51 Used memory: 1769475 KB
 9:21:51 Players: 0 in total
 9:22:21 Average server FPS: 594.15 (measured interval: 30 s)
 9:22:21 Used memory: 1769192 KB
 9:22:21 Players: 0 in total
 9:22:51 Average server FPS: 590.98 (measured interval: 30 s)
 9:22:51 Used memory: 1768954 KB
 9:22:51 Players: 0 in total
 9:23:21 Average server FPS: 594.80 (measured interval: 30 s)
 9:23:21 Used memory: 1768416 KB
 9:23:21 Players: 0 in total
 9:23:51 Average server FPS: 594.27 (measured interval: 30 s)
 9:23:51 Used memory: 1768586 KB
 9:23:51 Players: 0 in total
 9:24:21 Average server FPS: 589.73 (measured interval: 30 s)
 9:24:21 Used memory: 1768813 KB
 9:24:21 Players: 0 in total
 9:24:51 Average server FPS: 594.50 (measured interval: 30 s)
 9:24:51 Used memory: 1769314 KB
 9:24:51 Players: 0 in total
 9:24:58 [CE][SpawnRandomLoot] (StaticHeliCrash) :: ChildType: Wreck_Mi8, lootmin: 10, lootmax: 20, wanted: 16
 9:25:21 Average server FPS: 592.73 (measured interval: 30 s)
 9:25:21 Used memory: 1768926 KB
 9:25:21 Players: 0 in total
 9:25:51 Average server FPS: 589.08 (measured interval: 30 s)
 9:25:51 Used memory: 1769242 KB
 9:25:51 Players: 0 in total
 9:26:21 Average server FPS: 593.61 (measured interval: 30 s)
 9:26:21 Used memory: 1769086 KB
 9:26:21 Players: 0 in total
 9:26:51 Average server FPS: 596.10 (measured interval: 30 s)
 9:26:51 Used memory: 1768944 KB
 9:26:51 Players: 0 in total
 9:27:21 Average server FPS: 596.61 (measured interval: 30 s)
 9:27:21 Used memory: 1768738 KB
 9:27:21 Players: 0 in total
 9:27:51 Average server FPS: 595.21 (measured interval: 30 s)
 9:27:51 Used memory: 1768457 KB
 9:27:51 Players: 0 in total
 9:28:21 Average server FPS: 594.51 (measured interval: 30 s)
 9:28:21 Used memory: 1767421 KB
 9:28:21 Players: 0 in total
 9:28:51 Average server FPS: 595.80 (measured interval: 30 s)
 9:28:51 Used memory: 1768254 KB
 9:28:51 Players: 0 in total
 9:29:00 [CE][SpawnRandomLoot] (StaticPoliceCar) :: ChildType: Land_Wreck_Volha_Police, lootmin: 3, lootmax: 5, wanted: 4
 9:29:00 [CE][SpawnRandomLoot] (StaticPoliceCar) :: ChildType: Land_Wreck_Volha_Police, lootmin: 3, lootmax: 5, wanted: 3
 9:29:00 [CE][SpawnRandomLoot] (StaticPoliceCar) :: ChildType: Land_Wreck_Volha_Police, lootmin: 3, lootmax: 5, wanted: 4
 9:29:00 [CE][SpawnRandomLoot] (StaticPoliceCar) :: ChildType: Land_Wreck_Volha_Police, lootmin: 3, lootmax: 5, wanted: 3
 9:29:00 [CE][SpawnRandomLoot] (StaticPoliceCar) :: ChildType: Land_Wreck_Volha_Police, lootmin: 3, lootmax: 5, wanted: 4
 9:29:00 [CE][SpawnRandomLoot] (StaticPoliceCar) :: ChildType: Land_Wreck_Volha_Police, lootmin: 3, lootmax: 5, wanted: 3
 9:29:00 [CE][SpawnRandomLoot] (StaticPoliceCar) :: ChildType: Land_Wreck_Volha_Police, lootmin: 3, lootmax: 5, wanted: 3
 9:29:00 [CE][SpawnRandomLoot] (StaticPoliceCar) :: ChildType: Land_Wreck_Volha_Police, lootmin: 3, lootmax: 5, wanted: 3
 9:29:00 [CE][SpawnRandomLoot] (StaticPoliceCar) :: ChildType: Land_Wreck_Volha_Police, lootmin: 3, lootmax: 5, wanted: 3
 9:29:00 [CE][SpawnRandomLoot] (StaticPoliceCar) :: ChildType: Land_Wreck_Volha_Police, lootmin: 3, lootmax: 5, wanted: 3
 9:29:21 Average server FPS: 586.70 (measured interval: 30 s)
 9:29:21 Used memory: 1768643 KB
 9:29:21 Players: 0 in total
 9:29:51 Average server FPS: 596.21 (measured interval: 30 s)
 9:29:51 Used memory: 1768636 KB
 9:29:51 Players: 0 in total
 9:30:21 Average server FPS: 595.27 (measured interval: 30 s)
 9:30:21 Used memory: 1769057 KB
 9:30:21 Players: 0 in total
 9:30:51 Average server FPS: 596.81 (measured interval: 30 s)
 9:30:51 Used memory: 1768817 KB
 9:30:51 Players: 0 in total
 9:31:21 Average server FPS: 596.23 (measured interval: 30 s)
 9:31:21 Used memory: 1769042 KB
 9:31:21 Players: 0 in total
 9:31:51 Average server FPS: 596.33 (measured interval: 30 s)
 9:31:51 Used memory: 1768656 KB
 9:31:51 Players: 0 in total
 9:32:21 Average server FPS: 595.53 (measured interval: 30 s)
 9:32:21 Used memory: 1768309 KB
 9:32:21 Players: 0 in total
 9:32:51 Average server FPS: 594.27 (measured interval: 30 s)
 9:32:51 Used memory: 1768011 KB
 9:32:51 Players: 0 in total
 9:33:21 Average server FPS: 594.81 (measured interval: 30 s)
 9:33:21 Used memory: 1767985 KB
 9:33:21 Players: 0 in total
 9:33:51 Average server FPS: 595.20 (measured interval: 30 s)
 9:33:51 Used memory: 1768196 KB
 9:33:51 Players: 0 in total
 9:34:21 Average server FPS: 589.78 (measured interval: 30 s)
 9:34:21 Used memory: 1768676 KB
 9:34:21 Players: 0 in total
 9:34:51 Average server FPS: 592.73 (measured interval: 30 s)
 9:34:51 Used memory: 1768516 KB
 9:34:51 Players: 0 in total
 9:35:21 Average server FPS: 594.50 (measured interval: 30 s)
 9:35:21 Used memory: 1768744 KB
 9:35:21 Players: 0 in total
 9:35:51 Average server FPS: 596.37 (measured interval: 30 s)
 9:35:51 Used memory: 1769031 KB
 9:35:51 Players: 0 in total
 9:36:21 Average server FPS: 595.31 (measured interval: 30 s)
 9:36:21 Used memory: 1767940 KB
 9:36:21 Players: 0 in total
 9:36:51 Average server FPS: 590.20 (measured interval: 30 s)
 9:36:51 Used memory: 1769111 KB
 9:36:51 Players: 0 in total
 9:37:21 Average server FPS: 594.65 (measured interval: 30 s)
 9:37:21 Used memory: 1769242 KB
 9:37:21 Players: 0 in total
 9:37:51 Average server FPS: 590.95 (measured interval: 30 s)
 9:37:51 Used memory: 1769484 KB
 9:37:51 Players: 0 in total
 9:38:21 Average server FPS: 596.41 (measured interval: 30 s)
 9:38:21 Used memory: 1769683 KB
 9:38:21 Players: 0 in total
 9:38:51 Average server FPS: 594.40 (measured interval: 30 s)
 9:38:51 Used memory: 1769313 KB
 9:38:51 Players: 0 in total
 9:39:21 Average server FPS: 591.85 (measured interval: 30 s)
 9:39:21 Used memory: 1769451 KB
 9:39:21 Players: 0 in total
 9:39:49 [CE][SpawnRandomLoot] (StaticHeliCrash) :: ChildType: Wreck_Mi8, lootmin: 10, lootmax: 20, wanted: 18
 9:39:51 Average server FPS: 590.37 (measured interval: 30 s)
 9:39:51 Used memory: 1770026 KB
 9:39:51 Players: 0 in total
 9:39:59 BattlEye Server: RCon admin #0: (Global) Welcome to TheCommunity Server! This server restarts every 4 hours (4/8/12)
 9:40:01 BattlEye Server: RCon admin #0: (Global) https://discord.gg/2W6YhGt -- If you need help join the discord and chime an admin
 9:40:03 BattlEye Server: RCon admin #0: (Global) Glitching/Cheating/Hacking/Abusing/Exploiting are all BANNABLE offenses
 9:40:21 Average server FPS: 591.70 (measured interval: 30 s)
 9:40:21 Used memory: 1770720 KB
 9:40:21 Players: 0 in total
 9:40:51 Average server FPS: 592.61 (measured interval: 30 s)
 9:40:51 Used memory: 1770574 KB
 9:40:51 Players: 0 in total
 9:41:21 Average server FPS: 593.91 (measured interval: 30 s)
 9:41:21 Used memory: 1770187 KB
 9:41:21 Players: 0 in total
 9:41:51 Average server FPS: 594.93 (measured interval: 30 s)
 9:41:51 Used memory: 1769971 KB
 9:41:51 Players: 0 in total
 9:42:21 Average server FPS: 1609.03 (measured interval: 30 s)
 9:42:21 Used memory: 1769968 KB
 9:42:21 Players: 0 in total
 9:42:51 Average server FPS: 720.17 (measured interval: 30 s)
 9:42:51 Used memory: 1769813 KB
 9:42:51 Players: 0 in total
 9:43:21 Average server FPS: 717.87 (measured interval: 30 s)
 9:43:21 Used memory: 1769262 KB
 9:43:21 Players: 0 in total
 9:43:51 Average server FPS: 719.08 (measured interval: 30 s)
 9:43:51 Used memory: 1769465 KB
 9:43:51 Players: 0 in total
 9:44:21 Average server FPS: 717.83 (measured interval: 30 s)
 9:44:21 Used memory: 1770472 KB
 9:44:21 Players: 0 in total
 9:44:51 Average server FPS: 718.87 (measured interval: 30 s)
 9:44:51 Used memory: 1770932 KB
 9:44:51 Players: 0 in total
 9:45:21 Average server FPS: 3210.13 (measured interval: 30 s)
 9:45:21 Used memory: 1772102 KB
 9:45:21 Players: 0 in total
 9:45:51 Average server FPS: 6484.90 (measured interval: 30 s)
 9:45:51 Used memory: 1772449 KB
 9:45:51 Players: 0 in total
 9:46:21 Average server FPS: 6476.03 (measured interval: 30 s)
 9:46:21 Used memory: 1773496 KB
 9:46:21 Players: 0 in total
 9:46:51 Average server FPS: 6374.67 (measured interval: 30 s)
 9:46:51 Used memory: 1773084 KB
 9:46:51 Players: 0 in total
 9:47:21 Average server FPS: 6409.63 (measured interval: 30 s)
 9:47:21 Used memory: 1773347 KB
 9:47:21 Players: 0 in total
 9:47:51 Average server FPS: 6412.83 (measured interval: 30 s)
 9:47:51 Used memory: 1773428 KB
 9:47:51 Players: 0 in total
 9:48:21 Average server FPS: 6348.73 (measured interval: 30 s)
 9:48:21 Used memory: 1772823 KB
 9:48:21 Players: 0 in total
 9:48:51 Average server FPS: 6580.97 (measured interval: 30 s)
 9:48:51 Used memory: 1772962 KB
 9:48:51 Players: 0 in total
 9:49:21 Average server FPS: 6411.90 (measured interval: 30 s)
 9:49:21 Used memory: 1772600 KB
 9:49:21 Players: 0 in total
 9:49:51 Average server FPS: 6761.17 (measured interval: 30 s)
 9:49:51 Used memory: 1772109 KB
 9:49:51 Players: 0 in total
 9:50:21 Average server FPS: 6777.4