

=====================================================================
== D:\DayZServers\TheCommunity_enoch\DayZServer_x64.exe
== "D:\DayZServers\TheCommunity_enoch\DayZServer_x64.exe"  -port=2402 "-mod=@CF;@Community-Online-Tools;@BuildAnywhere;@BaseBuildingLogs;@Trader;@BaseBuildingPlus;@Durable_Suppressors;@VPPMap;@Ear-Plugs;@Catch_Rain;@DayZ-Expansion-Notifications;@DayZ-Expansion-Chat;@No_Shoe_Damage;@Airdrop-Upgraded;@Ammo_Making;@Banking;@BuilderItems;@Camosplus;@CannabisPlus;@CheckIdentity;@Code_Lock;@Dayz_Navigation;@FIDOv4;@FlipTransport;@GoreZ;@IRP;@KillFeed;@NoVehicleDamage;@PartyMe;@Modular_Vest_System;@MuchStuffPack;@SWP;@BreachingCharge;@BBPBreachCharge;@MunghardsItempack;@NDVPPM;@Next_Days;@Notes;@SQUAD_MSF-C;@Zeroy-FishingZ;@OP_BaseItems;@Base_Storage;@SIX-DayZ-Auto-Run;" -config=D:\DayZServers\TheCommunity_enoch\TheCommunityDZ.cfg -profiles=TheCommunityServer -BEPath=D:\DayZServers\TheCommunity_enoch\battleye -filePatching -adminlog -netlog -freezecheck -scrAllowFileWrite
=====================================================================
Exe timestamp: 2020/04/26 15:56:05
Current time:  2020/04/30 12:02:46

Version 1.07.153006
12:02:46.389 [Inputs] Loading inputs default "bin/constants.xml"
12:02:46.404 [Inputs] Loading inputs default "bin/specific.xml"
12:02:46.404 !!! [Inputs] Invalid input name used "UAUIInspectItem" for context "ui" in "bin/specific.xml"
12:02:46.404 !!! [Inputs] Attempt to register duplicate Modded-Inputs file "VanillaPPMap/data/modded_Inputs.xml"
12:02:46.404 [Inputs] Loading inputs default "EarPlugs\data\inputs.xml"
12:02:46.404 [Inputs] Loading inputs default "JM/COT/scripts/Data/Inputs.xml"
12:02:46.404 [Inputs] Loading inputs default "KillFeed/inputs/Inputs.xml"
12:02:46.404 [Inputs] Loading inputs default "partyme/scripts/partyme_inputs.xml"
12:02:46.404 [Inputs] Loading inputs default "VanillaPPMap/data/modded_Inputs.xml"
12:02:46.404 [Inputs] Loading inputs default "NextDays/data/NextDays_Inputs.xml"
12:02:46.404 [Inputs] Loading inputs default "A3_UI_F/Scripts/Inputs.xml"
12:02:46.404 [Inputs] Loading inputs default "BaseBuildingPlus/Scripts/Data/Inputs.xml"
12:02:46.404 [Inputs] Loading inputs default "VanillaPPMap/data/modded_Inputs.xml"
12:02:46.404 !!! [Inputs] Attempt to register duplicate input "UAOpenVPPMap"
12:02:46.404 !!! [Inputs] Attempt to register duplicate input "UAToggleVPPMap3DMarkers"
12:02:46.404 [Inputs] Loading inputs cfg "TheCommunityServer\Users\Survivor\Server.core.xml"
12:02:46.404 [Inputs] Exporting inputs cfg "TheCommunityServer\Users\Survivor\Server.core.xml"
12:02:46.701 !!! [Inputs] Attempt to register "PMHideShowTrackers" input twice
12:02:59.546 [CE][Hive] :: Initializing OFFLINE
12:02:59.546 [CE][Hive] :: Loading core data ... 
12:02:59.546 [CE][CoreData] :: 7 root classes, 19 defaults, 0 updaters...
12:03:05.327 [CE][RegisterBind] :: 0 classes binded...
12:03:05.327 [CE][RegisterConfig] :: 10055 config classes registered, 0 sub-counters...
12:03:05.327 [CE][Hive] :: Loading map data ... 
12:03:05.374 !!! [CE] :: Unknown category: 'vehicleparts'.
12:03:05.374 [CE][LoadPrototype] :: loaded 330 prototypes
12:03:05.374   702 containers, 9116 points
12:03:05.374   24 dispatches, 90 proxies
12:03:05.374 !!! [CE][LoadPrototype] 12 groups have no points...
12:03:05.374 !!![CE][LoadPrototype]  3 groups have wrong points...
12:03:05.374 [CE][LoadPrototype] :: last group name: Land_Lunapark_Autodrome...
12:03:05.374 [CE][LoadPrototype] :: loaded 0 prototypes
12:03:05.374   0 containers, 0 points
12:03:05.374   0 dispatches, 0 proxies
12:03:05.374 [CE][LoadPrototype] :: last group name: PathD_7100...
12:03:05.671 [CE][LoadMap] "Group" :: loaded 5086 groups, largest group range: 26.9
12:03:05.671 [CE][LoadMap] "Dirt" :: loaded 0 groups, largest group range: 26.9
12:03:05.780 [CE][Links] found 354 total links between groups, of 5086
12:03:05.780 [CE][LoadClusters] "Cluster" :: Loading files...
12:03:05.968 [CE][LoadClusters] :: file: "mapgroupcluster.xml", 4 types, 50000 instances
12:03:06.171 [CE][LoadClusters] :: file: "mapgroupcluster01", 4 types, 50000 instances
12:03:06.374 [CE][LoadClusters] :: file: "mapgroupcluster02", 4 types, 50000 instances
12:03:06.593 [CE][LoadClusters] :: file: "mapgroupcluster03", 4 types, 50000 instances
12:03:06.687 [CE][LoadClusters] :: file: "mapgroupcluster04", 4 types, 21297 instances
12:03:06.687 [CE][Storage] ver:21 stamp:65096, valid:yes, name:"mpmissions\TheCommunity.enoch\storage_420\data\types.bin"
12:03:06.687 [CE][Storage] ver:21 stamp:65094, valid:yes, name:"mpmissions\TheCommunity.enoch\storage_420\data\types.001"
12:03:06.687 [CE][Storage] ver:21 stamp:65095, valid:yes, name:"mpmissions\TheCommunity.enoch\storage_420\data\types.002"
12:03:06.687 [CE][Storage] Restoring file "mpmissions\TheCommunity.enoch\storage_420\data\types.bin".
12:03:06.890 [CE][offlineDB] :: Loaded 33 dynamic events 215 total types 0 total positions.
12:03:06.937 [CE][Storage] ver:21 stamp:65096, valid:yes, name:"mpmissions\TheCommunity.enoch\storage_420\data\events.bin"
12:03:06.937 [CE][Storage] ver:21 stamp:65094, valid:yes, name:"mpmissions\TheCommunity.enoch\storage_420\data\events.001"
12:03:06.937 [CE][Storage] ver:21 stamp:65095, valid:yes, name:"mpmissions\TheCommunity.enoch\storage_420\data\events.002"
12:03:06.937 [CE][Storage] Restoring file "mpmissions\TheCommunity.enoch\storage_420\data\events.bin".
12:03:06.937 [CE][DynamicEvent] Load  Events:[33] Primary spawners: 33 Secondary spawners: 1
12:03:06.937 [CE][Storage] ver:24 stamp:65096, valid:yes, name:"mpmissions\TheCommunity.enoch\storage_420\data\vehicles.bin"
12:03:06.937 [CE][Storage] ver:24 stamp:65094, valid:yes, name:"mpmissions\TheCommunity.enoch\storage_420\data\vehicles.001"
12:03:06.937 [CE][Storage] ver:24 stamp:65095, valid:yes, name:"mpmissions\TheCommunity.enoch\storage_420\data\vehicles.002"
12:03:06.937 [CE][Storage] Restoring file "mpmissions\TheCommunity.enoch\storage_420\data\vehicles.bin" 134 items.
12:03:07.171   134 items loaded.
12:03:07.171 [CE][Storage] ver:24 stamp:65096, valid:yes, name:"mpmissions\TheCommunity.enoch\storage_420\data\dynamic_000.bin"
12:03:07.171 [CE][Storage] ver:24 stamp:65094, valid:yes, name:"mpmissions\TheCommunity.enoch\storage_420\data\dynamic_000.001"
12:03:07.171 [CE][Storage] ver:24 stamp:65095, valid:yes, name:"mpmissions\TheCommunity.enoch\storage_420\data\dynamic_000.002"
12:03:07.171 [CE][Storage] Restoring file "mpmissions\TheCommunity.enoch\storage_420\data\dynamic_000.bin" 428 items.
12:03:07.765   428 items loaded.
12:03:07.765 [CE][Storage] ver:24 stamp:65096, valid:yes, name:"mpmissions\TheCommunity.enoch\storage_420\data\dynamic_001.bin"
12:03:07.765 [CE][Storage] ver:24 stamp:65094, valid:yes, name:"mpmissions\TheCommunity.enoch\storage_420\data\dynamic_001.001"
12:03:07.765 [CE][Storage] ver:24 stamp:65095, valid:yes, name:"mpmissions\TheCommunity.enoch\storage_420\data\dynamic_001.002"
12:03:07.765 [CE][Storage] Restoring file "mpmissions\TheCommunity.enoch\storage_420\data\dynamic_001.bin" 2313 items.
12:03:08.484   2313 items loaded.
12:03:08.484 [CE][Storage] ver:24 stamp:65096, valid:yes, name:"mpmissions\TheCommunity.enoch\storage_420\data\dynamic_002.bin"
12:03:08.484 [CE][Storage] ver:24 stamp:65094, valid:yes, name:"mpmissions\TheCommunity.enoch\storage_420\data\dynamic_002.001"
12:03:08.484 [CE][Storage] ver:24 stamp:65095, valid:yes, name:"mpmissions\TheCommunity.enoch\storage_420\data\dynamic_002.002"
12:03:08.484 [CE][Storage] Restoring file "mpmissions\TheCommunity.enoch\storage_420\data\dynamic_002.bin" 800 items.
12:03:09.46   800 items loaded.
12:03:09.46 [CE][Storage] ver:24 stamp:65096, valid:yes, name:"mpmissions\TheCommunity.enoch\storage_420\data\dynamic_003.bin"
12:03:09.46 [CE][Storage] ver:24 stamp:65094, valid:yes, name:"mpmissions\TheCommunity.enoch\storage_420\data\dynamic_003.001"
12:03:09.46 [CE][Storage] ver:24 stamp:65095, valid:yes, name:"mpmissions\TheCommunity.enoch\storage_420\data\dynamic_003.002"
12:03:09.46 [CE][Storage] Restoring file "mpmissions\TheCommunity.enoch\storage_420\data\dynamic_003.bin" 1217 items.
12:03:09.406   1217 items loaded.
12:03:09.406 [CE][Storage] ver:24 stamp:65096, valid:yes, name:"mpmissions\TheCommunity.enoch\storage_420\data\dynamic_004.bin"
12:03:09.406 [CE][Storage] ver:24 stamp:65094, valid:yes, name:"mpmissions\TheCommunity.enoch\storage_420\data\dynamic_004.001"
12:03:09.406 [CE][Storage] ver:24 stamp:65095, valid:yes, name:"mpmissions\TheCommunity.enoch\storage_420\data\dynamic_004.002"
12:03:09.406 [CE][Storage] Restoring file "mpmissions\TheCommunity.enoch\storage_420\data\dynamic_004.bin" 1579 items.
12:03:09.968   1579 items loaded.
12:03:09.968 [CE][Storage] ver:24 stamp:65096, valid:yes, name:"mpmissions\TheCommunity.enoch\storage_420\data\dynamic_005.bin"
12:03:09.968 [CE][Storage] ver:24 stamp:65094, valid:yes, name:"mpmissions\TheCommunity.enoch\storage_420\data\dynamic_005.001"
12:03:09.968 [CE][Storage] ver:24 stamp:65095, valid:yes, name:"mpmissions\TheCommunity.enoch\storage_420\data\dynamic_005.002"
12:03:09.968 [CE][Storage] Restoring file "mpmissions\TheCommunity.enoch\storage_420\data\dynamic_005.bin" 1929 items.
12:03:10.546   1929 items loaded.
12:03:10.546 [CE][Storage] ver:24 stamp:65096, valid:yes, name:"mpmissions\TheCommunity.enoch\storage_420\data\dynamic_006.bin"
12:03:10.546 [CE][Storage] ver:24 stamp:65094, valid:yes, name:"mpmissions\TheCommunity.enoch\storage_420\data\dynamic_006.001"
12:03:10.546 [CE][Storage] ver:24 stamp:65095, valid:yes, name:"mpmissions\TheCommunity.enoch\storage_420\data\dynamic_006.002"
12:03:10.546 [CE][Storage] Restoring file "mpmissions\TheCommunity.enoch\storage_420\data\dynamic_006.bin" 1035 items.
12:03:10.906   1035 items loaded.
12:03:10.906 [CE][Storage] ver:24 stamp:65096, valid:yes, name:"mpmissions\TheCommunity.enoch\storage_420\data\dynamic_007.bin"
12:03:10.906 [CE][Storage] ver:24 stamp:65094, valid:yes, name:"mpmissions\TheCommunity.enoch\storage_420\data\dynamic_007.001"
12:03:10.906 [CE][Storage] ver:24 stamp:65095, valid:yes, name:"mpmissions\TheCommunity.enoch\storage_420\data\dynamic_007.002"
12:03:10.906 [CE][Storage] Restoring file "mpmissions\TheCommunity.enoch\storage_420\data\dynamic_007.bin" 1306 items.
12:03:11.359   1306 items loaded.
12:03:11.359 [CE][Storage] ver:24 stamp:65096, valid:yes, name:"mpmissions\TheCommunity.enoch\storage_420\data\dynamic_008.bin"
12:03:11.359 [CE][Storage] ver:24 stamp:65094, valid:yes, name:"mpmissions\TheCommunity.enoch\storage_420\data\dynamic_008.001"
12:03:11.359 [CE][Storage] ver:24 stamp:65095, valid:yes, name:"mpmissions\TheCommunity.enoch\storage_420\data\dynamic_008.002"
12:03:11.359 [CE][Storage] Restoring file "mpmissions\TheCommunity.enoch\storage_420\data\dynamic_008.bin" 1115 items.
12:03:11.703   1115 items loaded.
12:03:11.703 [CE][Storage] ver:24 stamp:65096, valid:yes, name:"mpmissions\TheCommunity.enoch\storage_420\data\dynamic_009.bin"
12:03:11.703 [CE][Storage] ver:24 stamp:65094, valid:yes, name:"mpmissions\TheCommunity.enoch\storage_420\data\dynamic_009.001"
12:03:11.703 [CE][Storage] ver:24 stamp:65095, valid:yes, name:"mpmissions\TheCommunity.enoch\storage_420\data\dynamic_009.002"
12:03:11.703 [CE][Storage] Restoring file "mpmissions\TheCommunity.enoch\storage_420\data\dynamic_009.bin" 1068 items.
12:03:12.62   1068 items loaded.
12:03:12.62 [CE][Storage] ver:24 stamp:65096, valid:yes, name:"mpmissions\TheCommunity.enoch\storage_420\data\dynamic_010.bin"
12:03:12.62 [CE][Storage] ver:24 stamp:65094, valid:yes, name:"mpmissions\TheCommunity.enoch\storage_420\data\dynamic_010.001"
12:03:12.62 [CE][Storage] ver:24 stamp:65095, valid:yes, name:"mpmissions\TheCommunity.enoch\storage_420\data\dynamic_010.002"
12:03:12.62 [CE][Storage] Restoring file "mpmissions\TheCommunity.enoch\storage_420\data\dynamic_010.bin" 2574 items.
12:03:12.734   2574 items loaded.
12:03:12.734 [CE][Storage] ver:24 stamp:65096, valid:yes, name:"mpmissions\TheCommunity.enoch\storage_420\data\dynamic_011.bin"
12:03:12.734 [CE][Storage] ver:24 stamp:65094, valid:yes, name:"mpmissions\TheCommunity.enoch\storage_420\data\dynamic_011.001"
12:03:12.734 [CE][Storage] ver:24 stamp:65095, valid:yes, name:"mpmissions\TheCommunity.enoch\storage_420\data\dynamic_011.002"
12:03:12.734 [CE][Storage] Restoring file "mpmissions\TheCommunity.enoch\storage_420\data\dynamic_011.bin" 463 items.
12:03:13.124   463 items loaded.
12:03:13.140 [CE][Hive] :: Storage load took:6.20 seconds, recovery stamp:65096
12:03:13.140   entity: 18801, building: 0
12:03:13.140   no lifetime: 48
12:03:13.140 [CE][Hive] :: Initializing ... 
12:03:13.140 [CE][InitializeMap] :: initialized: 0
12:03:13.140 [CE][Hive] :: Initializing spawners ... 
12:03:13.999 [CE][LootRespawner] (PRIDummy) :: Item [0] causing search overtime: "MSFCKryptekRaidPlatePouches"
12:03:13.999 [CE][LootRespawner] (PRIDummy) :: Item [1] causing search overtime: "MSFCKryptekRaidPlatePouches"
12:03:13.999 [CE][LootRespawner] (PRIDummy) :: Item [2] causing search overtime: "MSFCKryptekRaidPlatePouches"
12:03:13.999 [CE][LootRespawner] (PRIDummy) :: Item [3] causing search overtime: "MSFCKryptekRaidPlatePouches"
12:03:13.999 [CE][LootRespawner] (PRIDummy) :: Item [4] causing search overtime: "MSFCKryptekRaidPlatePouches"
12:03:13.999 [CE][LootRespawner] (PRIDummy) :: Item [5] causing search overtime: "PlateCarrierVest"
12:03:13.999 [CE][LootRespawner] (PRIDummy) :: Item [6] causing search overtime: "PlateCarrierVest"
12:03:13.999 [CE][LootRespawner] (PRIDummy) :: Item [7] causing search overtime: "PlateCarrierVest"
12:03:13.999 [CE][LootRespawner] (PRIDummy) :: Item [8] causing search overtime: "PlateCarrierVest"
12:03:13.999 [CE][LootRespawner] (PRIDummy) :: Item [9] causing search overtime: "PlateCarrierVest"
12:03:13.999 [CE][LootRespawner] (PRIDummy) :: Item [10] causing search overtime: "PlateCarrierVest"
12:03:13.999 [CE][LootRespawner] (PRIDummy) :: Item [11] causing search overtime: "PlateCarrierVest"
12:03:13.999 [CE][LootRespawner] (PRIDummy) :: Item [12] causing search overtime: "PlateCarrierVest"
12:03:13.999 [CE][LootRespawner] (PRIDummy) :: Item [13] causing search overtime: "PlateCarrierVest"
12:03:13.999 [CE][LootRespawner] (PRIDummy) :: Item [14] causing search overtime: "PlateCarrierVest"
12:03:13.999 [CE][LootRespawner] (PRIDummy) :: Item [15] causing search overtime: "PlateCarrierVest"
12:03:13.999 [CE][LootRespawner] (PRIDummy) :: Item [16] causing search overtime: "PlateCarrierVest"
12:03:13.999 [CE][LootRespawner] (PRIDummy) :: Item [17] causing search overtime: "PlateCarrierVest"
12:03:13.999 [CE][LootRespawner] (PRIDummy) :: Item [18] causing search overtime: "PlateCarrierVest"
12:03:13.999 [CE][LootRespawner] (PRIDummy) :: Item [19] causing search overtime: "PlateCarrierVest"
12:03:14.234 [CE][LootRespawner] (PRIDummy) :: Item [0] is hard to place, performance drops: "Msp_PlainBat"
12:03:14.250 [CE][LootRespawner] (PRIDummy) :: Item [1] is hard to place, performance drops: "Msp_PlainBat_Black"
12:03:14.296 [CE][LootRespawner] (PRIDummy) :: Item [2] is hard to place, performance drops: "TTSKOBoots"
12:03:14.296 [CE][LootRespawner] (PRIDummy) :: Item [3] is hard to place, performance drops: "MSFCBeerZhigulevskoeBarnoe"
12:03:14.296 [CE][LootRespawner] (PRIDummy) :: Item [4] is hard to place, performance drops: "MSFCBeerZhigulevskoeBarnoe"
12:03:14.343 [CE][LootRespawner] (PRIDummy) :: Item [5] is hard to place, performance drops: "NailBox"
12:03:14.421 [CE][LootRespawner] (PRIDummy) :: Item [6] is hard to place, performance drops: "WomanSuit_Blue"
12:03:14.515 [CE][LootRespawner] (PRIDummy) :: Item [7] is hard to place, performance drops: "MSFCBeerZhigulevskoe"
12:03:14.531 [CE][LootRespawner] (PRIDummy) :: Item [8] is hard to place, performance drops: "ManSuit_Beige"
12:03:14.531 [CE][LootRespawner] (PRIDummy) :: Item [9] is hard to place, performance drops: "BaseballCap_Blue"
12:03:14.656 [CE][LootRespawner] (PRIDummy) :: Item [10] is hard to place, performance drops: "Shirt_PlaneBlack"
12:03:14.656 [CE][LootRespawner] (PRIDummy) :: Item [11] is hard to place, performance drops: "CanvasPants_Violet"
12:03:14.734 [CE][LootRespawner] (PRIDummy) :: Item [12] is hard to place, performance drops: "Defender110_dver_2_2_UN"
12:03:14.781 [CE][LootRespawner] (PRIDummy) :: Item [13] is hard to place, performance drops: "BomberJacket_Grey"
12:03:14.890 [CE][LootRespawner] (PRIDummy) :: Item [14] is hard to place, performance drops: "Flashlight"
12:03:14.890 [CE][LootRespawner] (PRIDummy) :: Item [15] is hard to place, performance drops: "Flashlight"
12:03:14.906 [CE][LootRespawner] (PRIDummy) :: Item [16] is hard to place, performance drops: "MSFCBeerBaltika9"
12:03:14.906 [CE][LootRespawner] (PRIDummy) :: Item [17] is hard to place, performance drops: "MSFCBeerBaltika9"
12:03:14.937 [CE][LootRespawner] (PRIDummy) :: Item [18] is hard to place, performance drops: "MSFCBeerZhigulevskoeSoviet"
12:03:15.31 [CE][LootRespawner] (PRIDummy) :: Item [19] is hard to place, performance drops: "BeanieHat_Black"
12:03:15.265 [CE][LootRespawner] (PRIDummy) :: Initially (re)spawned:1605, Nominal:32677, Total in Map: 17699 at 1 (sec)
12:03:15.265   tests:1629, repeats:0 fails:24, overtime:12694
12:03:15.265 [CE][DynEvent] :: 33 types
12:03:15.265 [00] AmbientHen
12:03:15.265   Primary Spawner: "Ambient", active: yes, repeat: 1
12:03:15.265 [01] AnimalBear
12:03:15.265   Primary Spawner: "Animal", active: yes, repeat: 1
12:03:15.265 [02] AnimalCow
12:03:15.265   Primary Spawner: "Animal", active: yes, repeat: 1
12:03:15.265 [03] AnimalDeer
12:03:15.265   Primary Spawner: "Animal", active: yes, repeat: 1
12:03:15.265 [04] AnimalGoat
12:03:15.265   Primary Spawner: "Animal", active: yes, repeat: 1
12:03:15.265 [05] AnimalPig
12:03:15.265   Primary Spawner: "Animal", active: yes, repeat: 1
12:03:15.265 [06] AnimalRoeDeer
12:03:15.265   Primary Spawner: "Animal", active: yes, repeat: 1
12:03:15.265 [07] AnimalSheep
12:03:15.265   Primary Spawner: "Animal", active: yes, repeat: 1
12:03:15.265 [08] AnimalWildBoar
12:03:15.265   Primary Spawner: "Animal", active: yes, repeat: 1
12:03:15.265 [09] AnimalWolf
12:03:15.265   Primary Spawner: "Animal", active: yes, repeat: 1
12:03:15.265 [10] InfectedArmy
12:03:15.265   Primary Spawner: "Infected", active: yes, repeat: 1
12:03:15.265 [11] InfectedCity
12:03:15.265   Primary Spawner: "Infected", active: yes, repeat: 1
12:03:15.265 [12] InfectedFirefighter
12:03:15.265   Primary Spawner: "Infected", active: yes, repeat: 1
12:03:15.265 [13] InfectedIndustrial
12:03:15.265   Primary Spawner: "Infected", active: yes, repeat: 1
12:03:15.265 [14] InfectedMedic
12:03:15.265   Primary Spawner: "Infected", active: yes, repeat: 1
12:03:15.265 [15] InfectedPolice
12:03:15.265   Primary Spawner: "Infected", active: yes, repeat: 1
12:03:15.265 [16] InfectedPrisoner
12:03:15.265   Primary Spawner: "Infected", active: yes, repeat: 1
12:03:15.265 [17] InfectedReligious
12:03:15.265   Primary Spawner: "Infected", active: yes, repeat: 1
12:03:15.265 [18] InfectedSolitude
12:03:15.265   Primary Spawner: "Infected", active: yes, repeat: 1
12:03:15.265 [19] InfectedVillage
12:03:15.265   Primary Spawner: "Infected", active: yes, repeat: 1
12:03:15.265 [20] ItemPlanks
12:03:15.265   Primary Spawner: "Item", active: yes, repeat: 1
12:03:15.265 [21] Loot
12:03:15.265   Primary Spawner: "Loot", active: yes, repeat: 2
12:03:15.265 [22] StaticHeliCrash
12:03:15.265   Primary Spawner: "Vehicle", active: yes, repeat: 1
12:03:15.265   Secondary Spawner: "Infected", active: yes, repeat: 1
12:03:15.265 [23] StaticPoliceCar
12:03:15.265   Primary Spawner: "Vehicle", active: yes, repeat: 1
12:03:15.265 [24] TrajectoryConiferous
12:03:15.265   Primary Spawner: "Trajectory", active: yes, repeat: 1
12:03:15.265 [25] TrajectoryDeciduous
12:03:15.265   Primary Spawner: "Trajectory", active: yes, repeat: 1
12:03:15.265 [26] TrajectoryHumus
12:03:15.265   Primary Spawner: "Trajectory", active: yes, repeat: 1
12:03:15.265 [27] TrajectoryStones
12:03:15.265   Primary Spawner: "Trajectory", active: yes, repeat: 1
12:03:15.265 [28] VehicleCivilianSedan
12:03:15.265   Primary Spawner: "Vehicle", active: yes, repeat: 1
12:03:15.265 [29] VehicleHatchback02
12:03:15.265   Primary Spawner: "Vehicle", active: yes, repeat: 1
12:03:15.265 [30] VehicleOffroadHatchback
12:03:15.265   Primary Spawner: "Vehicle", active: yes, repeat: 1
12:03:15.265 [31] VehicleSedan02
12:03:15.265   Primary Spawner: "Vehicle", active: yes, repeat: 1
12:03:15.265 [32] VehicleCrSk_Land_Rover_Defender_110
12:03:15.265   Primary Spawner: "Vehicle", active: yes, repeat: 1
12:03:15.265 [CE][Hive] :: Initializing of spawners done.
12:03:15.265 [CE][Hive] :: Init sequence finished.
12:03:15.265 Player connect enabled
12:03:19.750 Average server FPS: 10.87 (measured interval: 30 s)
12:03:19.750 Used memory: 1628093 KB
12:03:19.750 Players: 0 in total
12:03:49.751 Average server FPS: 5206.07 (measured interval: 30 s)
12:03:49.751 Used memory: 1660250 KB
12:03:49.751 Players: 0 in total
12:04:19.753 Average server FPS: 6357.13 (measured interval: 30 s)
12:04:19.753 Used memory: 1676744 KB
12:04:19.753 Players: 0 in total
12:04:49.739 Average server FPS: 6338.70 (measured interval: 30 s)
12:04:49.739 Used memory: 1682698 KB
12:04:49.739 Players: 0 in total
12:05:19.740 Average server FPS: 6492.10 (measured interval: 30 s)
12:05:19.740 Used memory: 1687147 KB
12:05:19.740 Players: 0 in total