 4:03:22 BattlEye Server: Initialized (v1.217)
 4:03:22 SUCCESS: SteamGameServer_Init(0,8766,2402,28016,3,1.07.153006)
 4:03:22 Roles assigned.
 4:03:22 Reading mission ...
 4:04:02 [CE][Hive] :: Initializing OFFLINE
 4:04:02 [CE][Hive] :: Loading core data ... 
 4:04:02 [CE][CoreData] :: 7 root classes, 19 defaults, 0 updaters...
 4:04:11 [CE][RegisterBind] :: 0 classes binded...
 4:04:11 [CE][RegisterConfig] :: 10056 config classes registered, 0 sub-counters...
 4:04:11 [CE][Hive] :: Loading map data ... 
 4:04:11 !!! [CE] :: Unknown category: 'vehicleparts'.
 4:04:11 [CE][LoadPrototype] :: loaded 330 prototypes
 4:04:11   702 containers, 9116 points
 4:04:11   24 dispatches, 90 proxies
 4:04:11 !!! [CE][LoadPrototype] 12 groups have no points...
 4:04:11 !!![CE][LoadPrototype]  3 groups have wrong points...
 4:04:11 [CE][LoadPrototype] :: last group name: Land_Lunapark_Autodrome...
 4:04:11 [CE][LoadPrototype] :: loaded 0 prototypes
 4:04:11   0 containers, 0 points
 4:04:11   0 dispatches, 0 proxies
 4:04:11 [CE][LoadPrototype] :: last group name: PathD_7100...
 4:04:11 [CE][LoadMap] "Group" :: loaded 5086 groups, largest group range: 26.9
 4:04:11 [CE][LoadMap] "Dirt" :: loaded 0 groups, largest group range: 26.9
 4:04:12 [CE][LoadClusters] "Cluster" :: Loading files...
 4:04:12 [CE][LoadClusters] :: file: "mapgroupcluster.xml", 4 types, 50000 instances
 4:04:12 [CE][LoadClusters] :: file: "mapgroupcluster01", 4 types, 50000 instances
 4:04:12 [CE][LoadClusters] :: file: "mapgroupcluster02", 4 types, 50000 instances
 4:04:12 [CE][LoadClusters] :: file: "mapgroupcluster03", 4 types, 50000 instances
 4:04:13 [CE][LoadClusters] :: file: "mapgroupcluster04", 4 types, 21297 instances
 4:04:13 [CE][Storage] ver:21 stamp:70318, valid:yes, name:"mpmissions\TheCommunity.enoch\storage_420\data\types.bin"
 4:04:13 [CE][Storage] ver:21 stamp:70317, valid:yes, name:"mpmissions\TheCommunity.enoch\storage_420\data\types.001"
 4:04:13 [CE][Storage] ver:21 stamp:70315, valid:yes, name:"mpmissions\TheCommunity.enoch\storage_420\data\types.002"
 4:04:13 [CE][Storage] Restoring file "mpmissions\TheCommunity.enoch\storage_420\data\types.bin".
 4:04:13 [CE][offlineDB] :: Loaded 33 dynamic events 215 total types 0 total positions.
 4:04:13 [CE][Storage] ver:21 stamp:70318, valid:yes, name:"mpmissions\TheCommunity.enoch\storage_420\data\events.bin"
 4:04:13 [CE][Storage] ver:21 stamp:70317, valid:yes, name:"mpmissions\TheCommunity.enoch\storage_420\data\events.001"
 4:04:13 [CE][Storage] ver:21 stamp:70315, valid:yes, name:"mpmissions\TheCommunity.enoch\storage_420\data\events.002"
 4:04:13 [CE][Storage] Restoring file "mpmissions\TheCommunity.enoch\storage_420\data\events.bin".
 4:04:13 [CE][DynamicEvent] Load  Events:[33] Primary spawners: 33 Secondary spawners: 1
 4:04:13 [CE][Storage] ver:24 stamp:70318, valid:yes, name:"mpmissions\TheCommunity.enoch\storage_420\data\vehicles.bin"
 4:04:13 [CE][Storage] ver:24 stamp:70317, valid:yes, name:"mpmissions\TheCommunity.enoch\storage_420\data\vehicles.001"
 4:04:13 [CE][Storage] ver:24 stamp:70315, valid:yes, name:"mpmissions\TheCommunity.enoch\storage_420\data\vehicles.002"
 4:04:13 [CE][Storage] Restoring file "mpmissions\TheCommunity.enoch\storage_420\data\vehicles.bin" 127 items.
 4:04:13   127 items loaded.
 4:04:13 [CE][Storage] ver:24 stamp:70318, valid:yes, name:"mpmissions\TheCommunity.enoch\storage_420\data\dynamic_000.bin"
 4:04:13 [CE][Storage] ver:24 stamp:70317, valid:yes, name:"mpmissions\TheCommunity.enoch\storage_420\data\dynamic_000.001"
 4:04:13 [CE][Storage] ver:24 stamp:70315, valid:yes, name:"mpmissions\TheCommunity.enoch\storage_420\data\dynamic_000.002"
 4:04:13 [CE][Storage] Restoring file "mpmissions\TheCommunity.enoch\storage_420\data\dynamic_000.bin" 407 items.
 4:04:14   407 items loaded.
 4:04:14 [CE][Storage] ver:24 stamp:70318, valid:yes, name:"mpmissions\TheCommunity.enoch\storage_420\data\dynamic_001.bin"
 4:04:14 [CE][Storage] ver:24 stamp:70317, valid:yes, name:"mpmissions\TheCommunity.enoch\storage_420\data\dynamic_001.001"
 4:04:14 [CE][Storage] ver:24 stamp:70315, valid:yes, name:"mpmissions\TheCommunity.enoch\storage_420\data\dynamic_001.002"
 4:04:14 [CE][Storage] Restoring file "mpmissions\TheCommunity.enoch\storage_420\data\dynamic_001.bin" 2138 items.
 4:04:15   2138 items loaded.
 4:04:15 [CE][Storage] ver:24 stamp:70318, valid:yes, name:"mpmissions\TheCommunity.enoch\storage_420\data\dynamic_002.bin"
 4:04:15 [CE][Storage] ver:24 stamp:70317, valid:yes, name:"mpmissions\TheCommunity.enoch\storage_420\data\dynamic_002.001"
 4:04:15 [CE][Storage] ver:24 stamp:70315, valid:yes, name:"mpmissions\TheCommunity.enoch\storage_420\data\dynamic_002.002"
 4:04:15 [CE][Storage] Restoring file "mpmissions\TheCommunity.enoch\storage_420\data\dynamic_002.bin" 766 items.
 4:04:16   766 items loaded.
 4:04:16 [CE][Storage] ver:24 stamp:70318, valid:yes, name:"mpmissions\TheCommunity.enoch\storage_420\data\dynamic_003.bin"
 4:04:16 [CE][Storage] ver:24 stamp:70317, valid:yes, name:"mpmissions\TheCommunity.enoch\storage_420\data\dynamic_003.001"
 4:04:16 [CE][Storage] ver:24 stamp:70315, valid:yes, name:"mpmissions\TheCommunity.enoch\storage_420\data\dynamic_003.002"
 4:04:16 [CE][Storage] Restoring file "mpmissions\TheCommunity.enoch\storage_420\data\dynamic_003.bin" 1144 items.
 4:04:17   1144 items loaded.
 4:04:17 [CE][Storage] ver:24 stamp:70318, valid:yes, name:"mpmissions\TheCommunity.enoch\storage_420\data\dynamic_004.bin"
 4:04:17 [CE][Storage] ver:24 stamp:70317, valid:yes, name:"mpmissions\TheCommunity.enoch\storage_420\data\dynamic_004.001"
 4:04:17 [CE][Storage] ver:24 stamp:70315, valid:yes, name:"mpmissions\TheCommunity.enoch\storage_420\data\dynamic_004.002"
 4:04:17 [CE][Storage] Restoring file "mpmissions\TheCommunity.enoch\storage_420\data\dynamic_004.bin" 1520 items.
 4:04:18   1520 items loaded.
 4:04:18 [CE][Storage] ver:24 stamp:70318, valid:yes, name:"mpmissions\TheCommunity.enoch\storage_420\data\dynamic_005.bin"
 4:04:18 [CE][Storage] ver:24 stamp:70317, valid:yes, name:"mpmissions\TheCommunity.enoch\storage_420\data\dynamic_005.001"
 4:04:18 [CE][Storage] ver:24 stamp:70315, valid:yes, name:"mpmissions\TheCommunity.enoch\storage_420\data\dynamic_005.002"
 4:04:18 [CE][Storage] Restoring file "mpmissions\TheCommunity.enoch\storage_420\data\dynamic_005.bin" 1895 items.
 4:04:19   1895 items loaded.
 4:04:19 [CE][Storage] ver:24 stamp:70318, valid:yes, name:"mpmissions\TheCommunity.enoch\storage_420\data\dynamic_006.bin"
 4:04:19 [CE][Storage] ver:24 stamp:70317, valid:yes, name:"mpmissions\TheCommunity.enoch\storage_420\data\dynamic_006.001"
 4:04:19 [CE][Storage] ver:24 stamp:70315, valid:yes, name:"mpmissions\TheCommunity.enoch\storage_420\data\dynamic_006.002"
 4:04:19 [CE][Storage] Restoring file "mpmissions\TheCommunity.enoch\storage_420\data\dynamic_006.bin" 996 items.
 4:04:19   996 items loaded.
 4:04:19 [CE][Storage] ver:24 stamp:70318, valid:yes, name:"mpmissions\TheCommunity.enoch\storage_420\data\dynamic_007.bin"
 4:04:19 [CE][Storage] ver:24 stamp:70317, valid:yes, name:"mpmissions\TheCommunity.enoch\storage_420\data\dynamic_007.001"
 4:04:19 !!! [CE][Storage] Failed to read [Storage] data file "mpmissions\TheCommunity.enoch\storage_420\data\dynamic_007.002".
 4:04:19   File not closed...
 4:04:19 [CE][Storage] ver:24 stamp:70318, valid:NO, name:"mpmissions\TheCommunity.enoch\storage_420\data\dynamic_007.002"
 4:04:19 [CE][Storage] Restoring file "mpmissions\TheCommunity.enoch\storage_420\data\dynamic_007.bin" 1286 items.
 4:04:20   1286 items loaded.
 4:04:20 [CE][Storage] ver:24 stamp:70318, valid:yes, name:"mpmissions\TheCommunity.enoch\storage_420\data\dynamic_008.bin"
 4:04:20 [CE][Storage] ver:24 stamp:70317, valid:yes, name:"mpmissions\TheCommunity.enoch\storage_420\data\dynamic_008.001"
 4:04:20 [CE][Storage] ver:24 stamp:70318, valid:yes, name:"mpmissions\TheCommunity.enoch\storage_420\data\dynamic_008.002"
 4:04:20 [CE][Storage] Restoring file "mpmissions\TheCommunity.enoch\storage_420\data\dynamic_008.bin" 1082 items.
 4:04:20   1082 items loaded.
 4:04:20 [CE][Storage] ver:24 stamp:70318, valid:yes, name:"mpmissions\TheCommunity.enoch\storage_420\data\dynamic_009.bin"
 4:04:20 [CE][Storage] ver:24 stamp:70317, valid:yes, name:"mpmissions\TheCommunity.enoch\storage_420\data\dynamic_009.001"
 4:04:20 [CE][Storage] ver:24 stamp:70318, valid:yes, name:"mpmissions\TheCommunity.enoch\storage_420\data\dynamic_009.002"
 4:04:20 [CE][Storage] Restoring file "mpmissions\TheCommunity.enoch\storage_420\data\dynamic_009.bin" 1061 items.
 4:04:21   1061 items loaded.
 4:04:21 [CE][Storage] ver:24 stamp:70318, valid:yes, name:"mpmissions\TheCommunity.enoch\storage_420\data\dynamic_010.bin"
 4:04:21 [CE][Storage] ver:24 stamp:70317, valid:yes, name:"mpmissions\TheCommunity.enoch\storage_420\data\dynamic_010.001"
 4:04:21 [CE][Storage] ver:24 stamp:70318, valid:yes, name:"mpmissions\TheCommunity.enoch\storage_420\data\dynamic_010.002"
 4:04:21 [CE][Storage] Restoring file "mpmissions\TheCommunity.enoch\storage_420\data\dynamic_010.bin" 2550 items.
 4:04:22   2550 items loaded.
 4:04:22 [CE][Storage] ver:24 stamp:70318, valid:yes, name:"mpmissions\TheCommunity.enoch\storage_420\data\dynamic_011.bin"
 4:04:22 [CE][Storage] ver:24 stamp:70317, valid:yes, name:"mpmissions\TheCommunity.enoch\storage_420\data\dynamic_011.001"
 4:04:22 [CE][Storage] ver:24 stamp:70318, valid:yes, name:"mpmissions\TheCommunity.enoch\storage_420\data\dynamic_011.002"
 4:04:22 [CE][Storage] Restoring file "mpmissions\TheCommunity.enoch\storage_420\data\dynamic_011.bin" 453 items.
 4:04:22   453 items loaded.
 4:04:22 [CE][Hive] :: Storage load took:9.16 seconds, recovery stamp:70318
 4:04:22   entity: 18311, building: 0
 4:04:22   no lifetime: 50
 4:04:22 [CE][Hive] :: Initializing ... 
 4:04:22 [CE][InitializeMap] :: initialized: 0
 4:04:22 [CE][Hive] :: Initializing spawners ... 
 4:04:23 [CE][LootRespawner] (PRIDummy) :: Item [0] causing search overtime: "MSFCGorkaPATACSFG"
 4:04:23 [CE][LootRespawner] (PRIDummy) :: Item [1] causing search overtime: "MSFCGorkaPATACSFG"
 4:04:23 [CE][LootRespawner] (PRIDummy) :: Item [2] causing search overtime: "MSFCGorkaPATACSFG"
 4:04:23 [CE][LootRespawner] (PRIDummy) :: Item [3] causing search overtime: "MSFCGorkaPATACSFG"
 4:04:23 [CE][LootRespawner] (PRIDummy) :: Item [4] causing search overtime: "MSFCKryptekRaidPlatePouches"
 4:04:23 [CE][LootRespawner] (PRIDummy) :: Item [5] causing search overtime: "MSFCKryptekRaidPlatePouches"
 4:04:23 [CE][LootRespawner] (PRIDummy) :: Item [6] causing search overtime: "MSFCKryptekRaidPlatePouches"
 4:04:23 [CE][LootRespawner] (PRIDummy) :: Item [7] causing search overtime: "MSFCKryptekRaidPlatePouches"
 4:04:23 [CE][LootRespawner] (PRIDummy) :: Item [8] causing search overtime: "MSFCKryptekRaidPlatePouches"
 4:04:23 [CE][LootRespawner] (PRIDummy) :: Item [9] causing search overtime: "PlateCarrierVest"
 4:04:23 [CE][LootRespawner] (PRIDummy) :: Item [10] causing search overtime: "PlateCarrierVest"
 4:04:23 [CE][LootRespawner] (PRIDummy) :: Item [11] causing search overtime: "PlateCarrierVest"
 4:04:23 [CE][LootRespawner] (PRIDummy) :: Item [12] causing search overtime: "PlateCarrierVest"
 4:04:23 [CE][LootRespawner] (PRIDummy) :: Item [13] causing search overtime: "PlateCarrierVest"
 4:04:23 [CE][LootRespawner] (PRIDummy) :: Item [14] causing search overtime: "PlateCarrierVest"
 4:04:23 [CE][LootRespawner] (PRIDummy) :: Item [15] causing search overtime: "PlateCarrierVest"
 4:04:23 [CE][LootRespawner] (PRIDummy) :: Item [16] causing search overtime: "PlateCarrierVest"
 4:04:23 [CE][LootRespawner] (PRIDummy) :: Item [17] causing search overtime: "PlateCarrierVest"
 4:04:23 [CE][LootRespawner] (PRIDummy) :: Item [18] causing search overtime: "PlateCarrierVest"
 4:04:23 [CE][LootRespawner] (PRIDummy) :: Item [19] causing search overtime: "PlateCarrierVest"
 4:04:23 [CE][LootRespawner] (PRIDummy) :: Item [0] is hard to place, performance drops: "Bear_Pink"
 4:04:23 [CE][LootRespawner] (PRIDummy) :: Item [1] is hard to place, performance drops: "Bear_Pink"
 4:04:24 [CE][LootRespawner] (PRIDummy) :: Item [2] is hard to place, performance drops: "LeatherSewingKit"
 4:04:24 [CE][LootRespawner] (PRIDummy) :: Item [3] is hard to place, performance drops: "MSFC_FirstAidKit"
 4:04:24 [CE][LootRespawner] (PRIDummy) :: Item [4] is hard to place, performance drops: "MSFC_FirstAidKit"
 4:04:24 [CE][LootRespawner] (PRIDummy) :: Item [5] is hard to place, performance drops: "MSFC_FirstAidKit"
 4:04:24 [CE][LootRespawner] (PRIDummy) :: Item [6] is hard to place, performance drops: "MSFC_FirstAidKit"
 4:04:24 [CE][LootRespawner] (PRIDummy) :: Item [7] is hard to place, performance drops: "MSFC_FirstAidKit"
 4:04:24 [CE][LootRespawner] (PRIDummy) :: Item [8] is hard to place, performance drops: "MSFC_FirstAidKit"
 4:04:24 [CE][LootRespawner] (PRIDummy) :: Item [9] is hard to place, performance drops: "MSFC_FirstAidKit"
 4:04:24 [CE][LootRespawner] (PRIDummy) :: Item [10] is hard to place, performance drops: "MSFC_FirstAidKit"
 4:04:24 [CE][LootRespawner] (PRIDummy) :: Item [11] is hard to place, performance drops: "MSFC_FirstAidKit"
 4:04:24 [CE][LootRespawner] (PRIDummy) :: Item [12] is hard to place, performance drops: "MSFC_FirstAidKit"
 4:04:24 [CE][LootRespawner] (PRIDummy) :: Item [13] is hard to place, performance drops: "MSFC_FirstAidKit"
 4:04:24 [CE][LootRespawner] (PRIDummy) :: Item [14] is hard to place, performance drops: "MSFC_FirstAidKit"
 4:04:24 [CE][LootRespawner] (PRIDummy) :: Item [15] is hard to place, performance drops: "MSFC_FirstAidKit"
 4:04:24 [CE][LootRespawner] (PRIDummy) :: Item [16] is hard to place, performance drops: "MSFC_FirstAidKit"
 4:04:24 [CE][LootRespawner] (PRIDummy) :: Item [17] is hard to place, performance drops: "MSFC_FirstAidKit"
 4:04:24 [CE][LootRespawner] (PRIDummy) :: Item [18] is hard to place, performance drops: "MSFC_FirstAidKit"
 4:04:24 [CE][LootRespawner] (PRIDummy) :: Item [19] is hard to place, performance drops: "MSFC_FirstAidKit"
 4:04:25 [CE][LootRespawner] (PRIDummy) :: Initially (re)spawned:2047, Nominal:32677, Total in Map: 17618 at 1 (sec)
 4:04:25   tests:2106, repeats:0 fails:59, overtime:12745
 4:04:25 [CE][DynEvent] :: 33 types
 4:04:25 [00] AmbientHen
 4:04:25   Primary Spawner: "Ambient", active: yes, repeat: 1
 4:04:25 [01] AnimalBear
 4:04:25   Primary Spawner: "Animal", active: yes, repeat: 1
 4:04:25 [02] AnimalCow
 4:04:25   Primary Spawner: "Animal", active: yes, repeat: 1
 4:04:25 [03] AnimalDeer
 4:04:25   Primary Spawner: "Animal", active: yes, repeat: 1
 4:04:25 [04] AnimalGoat
 4:04:25   Primary Spawner: "Animal", active: yes, repeat: 1
 4:04:25 [05] AnimalPig
 4:04:25   Primary Spawner: "Animal", active: yes, repeat: 1
 4:04:25 [06] AnimalRoeDeer
 4:04:25   Primary Spawner: "Animal", active: yes, repeat: 1
 4:04:25 [07] AnimalSheep
 4:04:25   Primary Spawner: "Animal", active: yes, repeat: 1
 4:04:25 [08] AnimalWildBoar
 4:04:25   Primary Spawner: "Animal", active: yes, repeat: 1
 4:04:25 [09] AnimalWolf
 4:04:25   Primary Spawner: "Animal", active: yes, repeat: 1
 4:04:25 [10] InfectedArmy
 4:04:25   Primary Spawner: "Infected", active: yes, repeat: 1
 4:04:25 [11] InfectedCity
 4:04:25   Primary Spawner: "Infected", active: yes, repeat: 1
 4:04:25 [12] InfectedFirefighter
 4:04:25   Primary Spawner: "Infected", active: yes, repeat: 1
 4:04:25 [13] InfectedIndustrial
 4:04:25   Primary Spawner: "Infected", active: yes, repeat: 1
 4:04:25 [14] InfectedMedic
 4:04:25   Primary Spawner: "Infected", active: yes, repeat: 1
 4:04:25 [15] InfectedPolice
 4:04:25   Primary Spawner: "Infected", active: yes, repeat: 1
 4:04:25 [16] InfectedPrisoner
 4:04:25   Primary Spawner: "Infected", active: yes, repeat: 1
 4:04:25 [17] InfectedReligious
 4:04:25   Primary Spawner: "Infected", active: yes, repeat: 1
 4:04:25 [18] InfectedSolitude
 4:04:25   Primary Spawner: "Infected", active: yes, repeat: 1
 4:04:25 [19] InfectedVillage
 4:04:25   Primary Spawner: "Infected", active: yes, repeat: 1
 4:04:25 [20] ItemPlanks
 4:04:25   Primary Spawner: "Item", active: yes, repeat: 1
 4:04:25 [21] Loot
 4:04:25   Primary Spawner: "Loot", active: yes, repeat: 2
 4:04:25 [22] StaticHeliCrash
 4:04:25   Primary Spawner: "Vehicle", active: yes, repeat: 1
 4:04:25   Secondary Spawner: "Infected