

=====================================================================
== D:\DayZServers\TheCommunity_enoch\DayZServer_x64.exe
== "D:\DayZServers\TheCommunity_enoch\DayZServer_x64.exe"  -port=2402 "-mod=@CF;@Community-Online-Tools;@BuildAnywhere;@BaseBuildingLogs;@Trader;@BaseBuildingPlus;@Durable_Suppressors;@VPPMap;@Ear-Plugs;@Catch_Rain;@DayZ-Expansion-Notifications;@DayZ-Expansion-Chat;@No_Shoe_Damage;@Airdrop-Upgraded;@Ammo_Making;@Banking;@BuilderItems;@Camosplus;@CannabisPlus;@CheckIdentity;@Code_Lock;@Dayz_Navigation;@FIDOv4;@FlipTransport;@GoreZ;@IRP;@KillFeed;@NoVehicleDamage;@PartyMe;@Modular_Vest_System;@MuchStuffPack;@SWP;@BreachingCharge;@BBPBreachCharge;@MunghardsItempack;@NDVPPM;@Next_Days;@Notes;@SQUAD_MSF-C;@Zeroy-FishingZ;@OP_BaseItems;@Base_Storage;@SIX-DayZ-Auto-Run;" -config=D:\DayZServers\TheCommunity_enoch\TheCommunityDZ.cfg -profiles=TheCommunityServer -BEPath=D:\DayZServers\TheCommunity_enoch\battleye -filePatching -adminlog -netlog -freezecheck -scrAllowFileWrite
=====================================================================
Exe timestamp: 2020/04/26 15:56:05
Current time:  2020/05/02 04:03:18

Version 1.07.153006
 4:03:18.552 [Inputs] Loading inputs default "bin/constants.xml"
 4:03:18.552 [Inputs] Loading inputs default "bin/specific.xml"
 4:03:18.552 !!! [Inputs] Invalid input name used "UAUIInspectItem" for context "ui" in "bin/specific.xml"
 4:03:18.552 !!! [Inputs] Attempt to register duplicate Modded-Inputs file "VanillaPPMap/data/modded_Inputs.xml"
 4:03:18.552 [Inputs] Loading inputs default "EarPlugs\data\inputs.xml"
 4:03:18.552 [Inputs] Loading inputs default "JM/COT/scripts/Data/Inputs.xml"
 4:03:18.552 [Inputs] Loading inputs default "KillFeed/inputs/Inputs.xml"
 4:03:18.552 [Inputs] Loading inputs default "partyme/scripts/partyme_inputs.xml"
 4:03:18.552 [Inputs] Loading inputs default "VanillaPPMap/data/modded_Inputs.xml"
 4:03:18.552 [Inputs] Loading inputs default "NextDays/data/NextDays_Inputs.xml"
 4:03:18.552 [Inputs] Loading inputs default "A3_UI_F/Scripts/Inputs.xml"
 4:03:18.552 [Inputs] Loading inputs default "BaseBuildingPlus/Scripts/Data/Inputs.xml"
 4:03:18.552 [Inputs] Loading inputs default "VanillaPPMap/data/modded_Inputs.xml"
 4:03:18.552 !!! [Inputs] Attempt to register duplicate input "UAOpenVPPMap"
 4:03:18.552 !!! [Inputs] Attempt to register duplicate input "UAToggleVPPMap3DMarkers"
 4:03:18.552 [Inputs] Loading inputs cfg "TheCommunityServer\Users\Survivor\Server.core.xml"
 4:03:18.568 [Inputs] Exporting inputs cfg "TheCommunityServer\Users\Survivor\Server.core.xml"
 4:03:19.115 !!! [Inputs] Attempt to register "PMHideShowTrackers" input twice
 4:04:02.588 [CE][Hive] :: Initializing OFFLINE
 4:04:02.588 [CE][Hive] :: Loading core data ... 
 4:04:02.588 [CE][CoreData] :: 7 root classes, 19 defaults, 0 updaters...
 4:04:11.338 [CE][RegisterBind] :: 0 classes binded...
 4:04:11.338 [CE][RegisterConfig] :: 10056 config classes registered, 0 sub-counters...
 4:04:11.338 [CE][Hive] :: Loading map data ... 
 4:04:11.432 !!! [CE] :: Unknown category: 'vehicleparts'.
 4:04:11.432 [CE][LoadPrototype] :: loaded 330 prototypes
 4:04:11.432   702 containers, 9116 points
 4:04:11.432   24 dispatches, 90 proxies
 4:04:11.432 !!! [CE][LoadPrototype] 12 groups have no points...
 4:04:11.432 !!![CE][LoadPrototype]  3 groups have wrong points...
 4:04:11.432 [CE][LoadPrototype] :: last group name: Land_Lunapark_Autodrome...
 4:04:11.447 [CE][LoadPrototype] :: loaded 0 prototypes
 4:04:11.447   0 containers, 0 points
 4:04:11.447   0 dispatches, 0 proxies
 4:04:11.447 [CE][LoadPrototype] :: last group name: PathD_7100...
 4:04:11.951 [CE][LoadMap] "Group" :: loaded 5086 groups, largest group range: 26.9
 4:04:11.951 [CE][LoadMap] "Dirt" :: loaded 0 groups, largest group range: 26.9
 4:04:12.107 [CE][Links] found 354 total links between groups, of 5086
 4:04:12.107 [CE][LoadClusters] "Cluster" :: Loading files...
 4:04:12.357 [CE][LoadClusters] :: file: "mapgroupcluster.xml", 4 types, 50000 instances
 4:04:12.576 [CE][LoadClusters] :: file: "mapgroupcluster01", 4 types, 50000 instances
 4:04:12.779 [CE][LoadClusters] :: file: "mapgroupcluster02", 4 types, 50000 instances
 4:04:12.982 [CE][LoadClusters] :: file: "mapgroupcluster03", 4 types, 50000 instances
 4:04:13.76 [CE][LoadClusters] :: file: "mapgroupcluster04", 4 types, 21297 instances
 4:04:13.92 [CE][Storage] ver:21 stamp:70318, valid:yes, name:"mpmissions\TheCommunity.enoch\storage_420\data\types.bin"
 4:04:13.92 [CE][Storage] ver:21 stamp:70317, valid:yes, name:"mpmissions\TheCommunity.enoch\storage_420\data\types.001"
 4:04:13.92 [CE][Storage] ver:21 stamp:70315, valid:yes, name:"mpmissions\TheCommunity.enoch\storage_420\data\types.002"
 4:04:13.92 [CE][Storage] Restoring file "mpmissions\TheCommunity.enoch\storage_420\data\types.bin".
 4:04:13.373 [CE][offlineDB] :: Loaded 33 dynamic events 215 total types 0 total positions.
 4:04:13.483 [CE][Storage] ver:21 stamp:70318, valid:yes, name:"mpmissions\TheCommunity.enoch\storage_420\data\events.bin"
 4:04:13.483 [CE][Storage] ver:21 stamp:70317, valid:yes, name:"mpmissions\TheCommunity.enoch\storage_420\data\events.001"
 4:04:13.483 [CE][Storage] ver:21 stamp:70315, valid:yes, name:"mpmissions\TheCommunity.enoch\storage_420\data\events.002"
 4:04:13.483 [CE][Storage] Restoring file "mpmissions\TheCommunity.enoch\storage_420\data\events.bin".
 4:04:13.483 [CE][DynamicEvent] Load  Events:[33] Primary spawners: 33 Secondary spawners: 1
 4:04:13.483 [CE][Storage] ver:24 stamp:70318, valid:yes, name:"mpmissions\TheCommunity.enoch\storage_420\data\vehicles.bin"
 4:04:13.483 [CE][Storage] ver:24 stamp:70317, valid:yes, name:"mpmissions\TheCommunity.enoch\storage_420\data\vehicles.001"
 4:04:13.483 [CE][Storage] ver:24 stamp:70315, valid:yes, name:"mpmissions\TheCommunity.enoch\storage_420\data\vehicles.002"
 4:04:13.483 [CE][Storage] Restoring file "mpmissions\TheCommunity.enoch\storage_420\data\vehicles.bin" 127 items.
 4:04:13.952   127 items loaded.
 4:04:13.952 [CE][Storage] ver:24 stamp:70318, valid:yes, name:"mpmissions\TheCommunity.enoch\storage_420\data\dynamic_000.bin"
 4:04:13.952 [CE][Storage] ver:24 stamp:70317, valid:yes, name:"mpmissions\TheCommunity.enoch\storage_420\data\dynamic_000.001"
 4:04:13.952 [CE][Storage] ver:24 stamp:70315, valid:yes, name:"mpmissions\TheCommunity.enoch\storage_420\data\dynamic_000.002"
 4:04:13.952 [CE][Storage] Restoring file "mpmissions\TheCommunity.enoch\storage_420\data\dynamic_000.bin" 407 items.
 4:04:14.936   407 items loaded.
 4:04:14.936 [CE][Storage] ver:24 stamp:70318, valid:yes, name:"mpmissions\TheCommunity.enoch\storage_420\data\dynamic_001.bin"
 4:04:14.936 [CE][Storage] ver:24 stamp:70317, valid:yes, name:"mpmissions\TheCommunity.enoch\storage_420\data\dynamic_001.001"
 4:04:14.936 [CE][Storage] ver:24 stamp:70315, valid:yes, name:"mpmissions\TheCommunity.enoch\storage_420\data\dynamic_001.002"
 4:04:14.936 [CE][Storage] Restoring file "mpmissions\TheCommunity.enoch\storage_420\data\dynamic_001.bin" 2138 items.
 4:04:15.936   2138 items loaded.
 4:04:15.936 [CE][Storage] ver:24 stamp:70318, valid:yes, name:"mpmissions\TheCommunity.enoch\storage_420\data\dynamic_002.bin"
 4:04:15.936 [CE][Storage] ver:24 stamp:70317, valid:yes, name:"mpmissions\TheCommunity.enoch\storage_420\data\dynamic_002.001"
 4:04:15.936 [CE][Storage] ver:24 stamp:70315, valid:yes, name:"mpmissions\TheCommunity.enoch\storage_420\data\dynamic_002.002"
 4:04:15.936 [CE][Storage] Restoring file "mpmissions\TheCommunity.enoch\storage_420\data\dynamic_002.bin" 766 items.
 4:04:16.952   766 items loaded.
 4:04:16.952 [CE][Storage] ver:24 stamp:70318, valid:yes, name:"mpmissions\TheCommunity.enoch\storage_420\data\dynamic_003.bin"
 4:04:16.952 [CE][Storage] ver:24 stamp:70317, valid:yes, name:"mpmissions\TheCommunity.enoch\storage_420\data\dynamic_003.001"
 4:04:16.952 [CE][Storage] ver:24 stamp:70315, valid:yes, name:"mpmissions\TheCommunity.enoch\storage_420\data\dynamic_003.002"
 4:04:16.952 [CE][Storage] Restoring file "mpmissions\TheCommunity.enoch\storage_420\data\dynamic_003.bin" 1144 items.
 4:04:17.546   1144 items loaded.
 4:04:17.561 [CE][Storage] ver:24 stamp:70318, valid:yes, name:"mpmissions\TheCommunity.enoch\storage_420\data\dynamic_004.bin"
 4:04:17.561 [CE][Storage] ver:24 stamp:70317, valid:yes, name:"mpmissions\TheCommunity.enoch\storage_420\data\dynamic_004.001"
 4:04:17.561 [CE][Storage] ver:24 stamp:70315, valid:yes, name:"mpmissions\TheCommunity.enoch\storage_420\data\dynamic_004.002"
 4:04:17.561 [CE][Storage] Restoring file "mpmissions\TheCommunity.enoch\storage_420\data\dynamic_004.bin" 1520 items.
 4:04:18.499   1520 items loaded.
 4:04:18.499 [CE][Storage] ver:24 stamp:70318, valid:yes, name:"mpmissions\TheCommunity.enoch\storage_420\data\dynamic_005.bin"
 4:04:18.499 [CE][Storage] ver:24 stamp:70317, valid:yes, name:"mpmissions\TheCommunity.enoch\storage_420\data\dynamic_005.001"
 4:04:18.499 [CE][Storage] ver:24 stamp:70315, valid:yes, name:"mpmissions\TheCommunity.enoch\storage_420\data\dynamic_005.002"
 4:04:18.499 [CE][Storage] Restoring file "mpmissions\TheCommunity.enoch\storage_420\data\dynamic_005.bin" 1895 items.
 4:04:19.515   1895 items loaded.
 4:04:19.515 [CE][Storage] ver:24 stamp:70318, valid:yes, name:"mpmissions\TheCommunity.enoch\storage_420\data\dynamic_006.bin"
 4:04:19.515 [CE][Storage] ver:24 stamp:70317, valid:yes, name:"mpmissions\TheCommunity.enoch\storage_420\data\dynamic_006.001"
 4:04:19.515 [CE][Storage] ver:24 stamp:70315, valid:yes, name:"mpmissions\TheCommunity.enoch\storage_420\data\dynamic_006.002"
 4:04:19.515 [CE][Storage] Restoring file "mpmissions\TheCommunity.enoch\storage_420\data\dynamic_006.bin" 996 items.
 4:04:19.905   996 items loaded.
 4:04:19.905 [CE][Storage] ver:24 stamp:70318, valid:yes, name:"mpmissions\TheCommunity.enoch\storage_420\data\dynamic_007.bin"
 4:04:19.905 [CE][Storage] ver:24 stamp:70317, valid:yes, name:"mpmissions\TheCommunity.enoch\storage_420\data\dynamic_007.001"
 4:04:19.905 !!! [CE][Storage] Failed to read [Storage] data file "mpmissions\TheCommunity.enoch\storage_420\data\dynamic_007.002".
 4:04:19.905   File not closed...
 4:04:19.905 [CE][Storage] ver:24 stamp:70318, valid:NO, name:"mpmissions\TheCommunity.enoch\storage_420\data\dynamic_007.002"
 4:04:19.905 [CE][Storage] Restoring file "mpmissions\TheCommunity.enoch\storage_420\data\dynamic_007.bin" 1286 items.
 4:04:20.312   1286 items loaded.
 4:04:20.312 [CE][Storage] ver:24 stamp:70318, valid:yes, name:"mpmissions\TheCommunity.enoch\storage_420\data\dynamic_008.bin"
 4:04:20.312 [CE][Storage] ver:24 stamp:70317, valid:yes, name:"mpmissions\TheCommunity.enoch\storage_420\data\dynamic_008.001"
 4:04:20.312 [CE][Storage] ver:24 stamp:70318, valid:yes, name:"mpmissions\TheCommunity.enoch\storage_420\data\dynamic_008.002"
 4:04:20.312 [CE][Storage] Restoring file "mpmissions\TheCommunity.enoch\storage_420\data\dynamic_008.bin" 1082 items.
 4:04:20.858   1082 items loaded.
 4:04:20.858 [CE][Storage] ver:24 stamp:70318, valid:yes, name:"mpmissions\TheCommunity.enoch\storage_420\data\dynamic_009.bin"
 4:04:20.858 [CE][Storage] ver:24 stamp:70317, valid:yes, name:"mpmissions\TheCommunity.enoch\storage_420\data\dynamic_009.001"
 4:04:20.858 [CE][Storage] ver:24 stamp:70318, valid:yes, name:"mpmissions\TheCommunity.enoch\storage_420\data\dynamic_009.002"
 4:04:20.858 [CE][Storage] Restoring file "mpmissions\TheCommunity.enoch\storage_420\data\dynamic_009.bin" 1061 items.
 4:04:21.343   1061 items loaded.
 4:04:21.343 [CE][Storage] ver:24 stamp:70318, valid:yes, name:"mpmissions\TheCommunity.enoch\storage_420\data\dynamic_010.bin"
 4:04:21.343 [CE][Storage] ver:24 stamp:70317, valid:yes, name:"mpmissions\TheCommunity.enoch\storage_420\data\dynamic_010.001"
 4:04:21.343 [CE][Storage] ver:24 stamp:70318, valid:yes, name:"mpmissions\TheCommunity.enoch\storage_420\data\dynamic_010.002"
 4:04:21.343 [CE][Storage] Restoring file "mpmissions\TheCommunity.enoch\storage_420\data\dynamic_010.bin" 2550 items.
 4:04:22.249   2550 items loaded.
 4:04:22.249 [CE][Storage] ver:24 stamp:70318, valid:yes, name:"mpmissions\TheCommunity.enoch\storage_420\data\dynamic_011.bin"
 4:04:22.249 [CE][Storage] ver:24 stamp:70317, valid:yes, name:"mpmissions\TheCommunity.enoch\storage_420\data\dynamic_011.001"
 4:04:22.249 [CE][Storage] ver:24 stamp:70318, valid:yes, name:"mpmissions\TheCommunity.enoch\storage_420\data\dynamic_011.002"
 4:04:22.249 [CE][Storage] Restoring file "mpmissions\TheCommunity.enoch\storage_420\data\dynamic_011.bin" 453 items.
 4:04:22.624   453 items loaded.
 4:04:22.640 [CE][Hive] :: Storage load took:9.16 seconds, recovery stamp:70318
 4:04:22.640   entity: 18311, building: 0
 4:04:22.640   no lifetime: 50
 4:04:22.640 [CE][Hive] :: Initializing ... 
 4:04:22.640 [CE][InitializeMap] :: initialized: 0
 4:04:22.640 [CE][Hive] :: Initializing spawners ... 
 4:04:23.890 [CE][LootRespawner] (PRIDummy) :: Item [0] causing search overtime: "MSFCGorkaPATACSFG"
 4:04:23.890 [CE][LootRespawner] (PRIDummy) :: Item [1] causing search overtime: "MSFCGorkaPATACSFG"
 4:04:23.890 [CE][LootRespawner] (PRIDummy) :: Item [2] causing search overtime: "MSFCGorkaPATACSFG"
 4:04:23.890 [CE][LootRespawner] (PRIDummy) :: Item [3] causing search overtime: "MSFCGorkaPATACSFG"
 4:04:23.890 [CE][LootRespawner] (PRIDummy) :: Item [4] causing search overtime: "MSFCKryptekRaidPlatePouches"
 4:04:23.890 [CE][LootRespawner] (PRIDummy) :: Item [5] causing search overtime: "MSFCKryptekRaidPlatePouches"
 4:04:23.890 [CE][LootRespawner] (PRIDummy) :: Item [6] causing search overtime: "MSFCKryptekRaidPlatePouches"
 4:04:23.890 [CE][LootRespawner] (PRIDummy) :: Item [7] causing search overtime: "MSFCKryptekRaidPlatePouches"
 4:04:23.890 [CE][LootRespawner] (PRIDummy) :: Item [8] causing search overtime: "MSFCKryptekRaidPlatePouches"
 4:04:23.890 [CE][LootRespawner] (PRIDummy) :: Item [9] causing search overtime: "PlateCarrierVest"
 4:04:23.890 [CE][LootRespawner] (PRIDummy) :: Item [10] causing search overtime: "PlateCarrierVest"
 4:04:23.890 [CE][LootRespawner] (PRIDummy) :: Item [11] causing search overtime: "PlateCarrierVest"
 4:04:23.890 [CE][LootRespawner] (PRIDummy) :: Item [12] causing search overtime: "PlateCarrierVest"
 4:04:23.890 [CE][LootRespawner] (PRIDummy) :: Item [13] causing search overtime: "PlateCarrierVest"
 4:04:23.890 [CE][LootRespawner] (PRIDummy) :: Item [14] causing search overtime: "PlateCarrierVest"
 4:04:23.890 [CE][LootRespawner] (PRIDummy) :: Item [15] causing search overtime: "PlateCarrierVest"
 4:04:23.890 [CE][LootRespawner] (PRIDummy) :: Item [16] causing search overtime: "PlateCarrierVest"
 4:04:23.890 [CE][LootRespawner] (PRIDummy) :: Item [17] causing search overtime: "PlateCarrierVest"
 4:04:23.890 [CE][LootRespawner] (PRIDummy) :: Item [18] causing search overtime: "PlateCarrierVest"
 4:04:23.890 [CE][LootRespawner] (PRIDummy) :: Item [19] causing search overtime: "PlateCarrierVest"
 4:04:23.968 [CE][LootRespawner] (PRIDummy) :: Item [0] is hard to place, performance drops: "Bear_Pink"
 4:04:23.968 [CE][LootRespawner] (PRIDummy) :: Item [1] is hard to place, performance drops: "Bear_Pink"
 4:04:24.77 [CE][LootRespawner] (PRIDummy) :: Item [2] is hard to place, performance drops: "LeatherSewingKit"
 4:04:24.93 [CE][LootRespawner] (PRIDummy) :: Item [3] is hard to place, performance drops: "MSFC_FirstAidKit"
 4:04:24.93 [CE][LootRespawner] (PRIDummy) :: Item [4] is hard to place, performance drops: "MSFC_FirstAidKit"
 4:04:24.93 [CE][LootRespawner] (PRIDummy) :: Item [5] is hard to place, performance drops: "MSFC_FirstAidKit"
 4:04:24.93 [CE][LootRespawner] (PRIDummy) :: Item [6] is hard to place, performance drops: "MSFC_FirstAidKit"
 4:04:24.93 [CE][LootRespawner] (PRIDummy) :: Item [7] is hard to place, performance drops: "MSFC_FirstAidKit"
 4:04:24.93 [CE][LootRespawner] (PRIDummy) :: Item [8] is hard to place, performance drops: "MSFC_FirstAidKit"
 4:04:24.93 [CE][LootRespawner] (PRIDummy) :: Item [9] is hard to place, performance drops: "MSFC_FirstAidKit"
 4:04:24.93 [CE][LootRespawner] (PRIDummy) :: Item [10] is hard to place, performance drops: "MSFC_FirstAidKit"
 4:04:24.93 [CE][LootRespawner] (PRIDummy) :: Item [11] is hard to place, performance drops: "MSFC_FirstAidKit"
 4:04:24.93 [CE][LootRespawner] (PRIDummy) :: Item [12] is hard to place, performance drops: "MSFC_FirstAidKit"
 4:04:24.93 [CE][LootRespawner] (PRIDummy) :: Item [13] is hard to place, performance drops: "MSFC_FirstAidKit"
 4:04:24.93 [CE][LootRespawner] (PRIDummy) :: Item [14] is hard to place, performance drops: "MSFC_FirstAidKit"
 4:04:24.93 [CE][LootRespawner] (PRIDummy) :: Item [15] is hard to place, performance drops: "MSFC_FirstAidKit"
 4:04:24.93 [CE][LootRespawner] (PRIDummy) :: Item [16] is hard to place, performance drops: "MSFC_FirstAidKit"
 4:04:24.93 [CE][LootRespawner] (PRIDummy) :: Item [17] is hard to place, performance drops: "MSFC_FirstAidKit"
 4:04:24.93 [CE][LootRespawner] (PRIDummy) :: Item [18] is hard to place, performance drops: "MSFC_FirstAidKit"
 4:04:24.93 [CE][LootRespawner] (PRIDummy) :: Item [19] is hard to place, performance drops: "MSFC_FirstAidKit"
 4:04:25.237 [CE][LootRespawner] (PRIDummy) :: Initially (re)spawned:2047, Nominal:32677, Total in Map: 17618 at 1 (sec)
 4:04:25.237   tests:2106, repeats:0 fails:59, overtime:12745
 4:04:25.237 [CE][DynEvent] :: 33 types
 4:04:25.237 [00] AmbientHen
 4:04:25.237   Primary Spawner: "Ambient", active: yes, repeat: 1
 4:04:25.237 [01] AnimalBear
 4:04:25.237   Primary Spawner: "Animal", active: yes, repeat: 1
 4:04:25.237 [02] AnimalCow
 4:04:25.237   Primary Spawner: "Animal", active: yes, repeat: 1
 4:04:25.237 [03] AnimalDeer
 4:04:25.237   Primary Spawner: "Animal", active: yes, repeat: 1
 4:04:25.237 [04] AnimalGoat
 4:04:25.237   Primary Spawner: "Animal", active: yes, repeat: 1
 4:04:25.237 [05] AnimalPig
 4:04:25.237   Primary Spawner: "Animal", active: yes, repeat: 1
 4:04:25.237 [06] AnimalRoeDeer
 4:04:25.237   Primary Spawner: "Animal", active: yes, repeat: 1
 4:04:25.237 [07] AnimalSheep
 4:04:25.237   Primary Spawner: "Animal", active: yes, repeat: 1
 4:04:25.237 [08] AnimalWildBoar
 4:04:25.237   Primary Spawner: "Animal", active: yes, repeat: 1
 4:04:25.237 [09] AnimalWolf
 4:04:25.237   Primary Spawner: "Animal", active: yes, repeat: 1
 4:04:25.237 [10] InfectedArmy
 4:04:25.237   Primary Spawner: "Infected", active: yes, repeat: 1
 4:04:25.237 [11] InfectedCity
 4:04:25.237   Primary Spawner: "Infected", active: yes, repeat: 1
 4:04:25.237 [12] InfectedFirefighter
 4:04:25.237   Primary Spawner: "Infected", active: yes, repeat: 1
 4:04:25.237 [13] InfectedIndustrial
 4:04:25.237   Primary Spawner: "Infected", active: yes, repeat: 1
 4:04:25.237 [14] InfectedMedic
 4:04:25.237   Primary Spawner: "Infected", active: yes, repeat: 1
 4:04:25.237 [15] InfectedPolice
 4:04:25.237   Primary Spawner: "Infected", active: yes, repeat: 1
 4:04:25.237 [16] InfectedPrisoner
 4:04:25.237   Primary Spawner: "Infected", active: yes, repeat: 1
 4:04:25.237 [17] InfectedReligious
 4:04:25.237   Primary Spawner: "Infected", active: yes, repeat: 1
 4:04:25.237 [18] InfectedSolitude
 4:04:25.237   Primary Spawner: "Infected", active: yes, repeat: 1
 4:04:25.237 [19] InfectedVillage
 4:04:25.237   Primary Spawner: "Infected", active: yes, repeat: 1
 4:04:25.237 [20] ItemPlanks
 4:04:25.237   Primary Spawner: "Item", active: yes, repeat: 1
 4:04:25.237 [21] Loot
 4:04:25.237   Primary Spawner: "Loot", active: yes, repeat: 2
 4:04:25.237 [22] StaticHeliCrash
 4:04:25.237   Primary Spawner: "Vehicle", active: yes, repeat: 1
 4:04:25.237   Secondary Spawner: "Infected", active: yes, repeat: 1
 4:04:25.237 [23] StaticPoliceCar
 4:04:25.237   Primary Spawner: "Vehicle", active: yes, repeat: 1
 4:04:25.237 [24] TrajectoryConiferous
 4:04:25.237   Primary Spawner: "Trajectory", active: yes, repeat: 1
 4:04:25.237 [25] TrajectoryDeciduous
 4:04:25.237   Primary Spawner: "Trajectory", active: yes, repeat: 1
 4:04:25.237 [26] TrajectoryHumus
 4:04:25.237   Primary Spawner: "Trajectory", active: yes, repeat: 1
 4:04:25.237 [27] TrajectoryStones
 4:04:25.237   Primary Spawner: "Trajectory", active: yes, repeat: 1
 4:04:25.237 [28] VehicleCivilianSedan
 4:04:25.237   Primary Spawner: "Vehicle", active: yes, repeat: 1
 4:04:25.237 [29] VehicleHatchback02
 4:04:25.237   Primary Spawner: "Vehicle", active: yes, repeat: 1
 4:04:25.237 [30] VehicleOffroadHatchback
 4:04:25.237   Primary Spawner: "Vehicle", active: yes, repeat: 1
 4:04:25.237 [31] VehicleSedan02
 4:04:25.237   Primary Spawner: "Vehicle", active: yes, repeat: 1
 4:04:25.237 [32] VehicleCrSk_Land_Rover_Defender_110
 4:04:25.237   Primary Spawner: "Vehicle", active: yes, repeat: 1
 4:04:25.237 [CE][Hive] :: Initializing of spawners done.
 4:04:25.253 [CE][Hive] :: Init sequence finished.
 4:04:25.253 Player connect enabled
 4:04:25.565 Average server FPS: 0.06 (measured interval: 30 s)
 4:04:25.565 Used memory: 1514034 KB
 4:04:25.565 Players: 0 in total
 4:04:55.567 Average server FPS: 4557.67 (measured interval: 30 s)
 4:04:55.567 Used memory: 1646364 KB
 4:04:55.567 Players: 0 in total
 4:05:25.568 Average server FPS: 6061.31 (measured interval: 30 s)
 4:05:25.568 Used memory: 1663453 KB
 4:05:25.568 Players: 0 in total
 4:05:55.570 Average server FPS: 6197.77 (measured interval: 30 s)
 4:05:55.570 Used memory: 1670840 KB
 4:05:55.570 Players: 0 in total
 4:06:08.868 [CE][Links] found 0 total links between groups, of 1
 4:06:08.868 [CE][SpawnRandomLoot] (StaticHeliCrash) :: ChildType: Wreck_UH1Y, lootmin: 10, lootmax: 20, wanted: 15
 4:06:25.571 Average server FPS: 6560.43 (measured interval: 30 s)
 4:06:25.571 Used memory: 1675327 KB
 4:06:25.571 Players: 0 in total
 4:06:55.573 Average server FPS: 6476.83 (measured interval: 30 s)
 4:06:55.573 Used memory: 1690635 KB
 4:06:55.573 Players: 0 in total
 4:07:25.574 Average server FPS: 6510.27 (measured interval: 30 s)
 4:07:25.574 Used memory: 1697194 KB
 4:07:25.574 Players: 0 in total
 4:07:55.576 Average server FPS: 6483.53 (measured interval: 30 s)
 4:07:55.576 Used memory: 1706622 KB
 4:07:55.576 Players: 0 in total
 4:08:25.578 Average server FPS: 6150.83 (measured interval: 30 s)
 4:08:25.578 Used memory: 1732153 KB
 4:08:25.578 Players: 0 in total
 4:08:55.579 Average server FPS: 6471.13 (measured interval: 30 s)
 4:08:55.579 Used memory: 1743250 KB
 4:08:55.579 Players: 0 in total
 4:09:25.581 Average server FPS: 6504.33 (measured interval: 30 s)
 4:09:25.581 Used memory: 1753366 KB
 4:09:25.581 Players: 0 in total
 4:09:55.566 Average server FPS: 6467.30 (measured interval: 30 s)
 4:09:55.566 Used memory: 1761336 KB
 4:09:55.566 Players: 0 in total
 4:10:10.989 [CE][Links] found 0 total links between groups, of 2
 4:10:10.989 [CE][SpawnRandomLoot] (StaticPoliceCar) :: ChildType: Land_Wreck_Volha_Police, lootmin: 3, lootmax: 5, wanted: 4
 4:10:11.05 [CE][Links] found 0 total links between groups, of 3
 4:10:11.05 [CE][SpawnRandomLoot] (StaticPoliceCar) :: ChildType: Land_Wreck_Volha_Police, lootmin: 3, lootmax: 5, wanted: 4
 4:10:11.05 [CE][Links] found 0 total links between groups, of 4
 4:10:11.05 [CE][SpawnRandomLoot] (StaticPoliceCar) :: ChildType: Land_Wreck_Volha_Police, lootmin: 3, lootmax: 5, wanted: 4
 4:10:11.05 [CE][Links] found 0 total links between groups, of 5
 4:10:11.05 [CE][SpawnRandomLoot] (StaticPoliceCar) :: ChildType: Land_Wreck_Volha_Police, lootmin: 3, lootmax: 5, wanted: 3
 4:10:11.05 [CE][Links] found 0 total links between groups, of 6
 4:10:11.05 [CE][SpawnRandomLoot] (StaticPoliceCar) :: ChildType: Land_Wreck_Volha_Police, lootmin: 3, lootmax: 5, wanted: 3
 4:10:11.20 [CE][Links] found 0 total links between groups, of 7
 4:10:11.20 [CE][SpawnRandomLoot] (StaticPoliceCar) :: ChildType: Land_Wreck_Volha_Police, lootmin: 3, lootmax: 5, wanted: 3
 4:10:11.20 [CE][Links] found 0 total links between groups, of 8
 4:10:11.20 [CE][SpawnRandomLoot] (StaticPoliceCar) :: ChildType: Land_Wreck_Volha_Police, lootmin: 3, lootmax: 5, wanted: 4
 4:10:11.20 [CE][Links] found 0 total links between groups, of 9
 4:10:11.20 [CE][SpawnRandomLoot] (StaticPoliceCar) :: ChildType: Land_Wreck_Volha_Police, lootmin: 3, lootmax: 5, wanted: 3
 4:10:11.20 [CE][Links] found 0 total links between groups, of 10
 4:10:11.20 [CE][SpawnRandomLoot] (StaticPoliceCar) :: ChildType: Land_Wreck_Volha_Police, lootmin: 3, lootmax: 5, wanted: 4
 4:10:11.20 [CE][Links] found 0 total links between groups, of 11
 4:10:11.20 [CE][SpawnRandomLoot] (StaticPoliceCar) :: ChildType: Land_Wreck_Volha_Police, lootmin: 3, lootmax: 5, wanted: 4
 4:10:25.568 Average server FPS: 6459.97 (measured interval: 30 s)
 4:10:25.568 Used memory: 1768768 KB
 4:10:25.568 Players: 0 in total
 4:10:55.569 Average server FPS: 6866.50 (measured interval: 30 s)
 4:10:55.569 Used memory: 1770510 KB
 4:10:55.569 Players: 0 in total
 4:11:25.571 Average server FPS: 7070.47 (measured interval: 30 s)
 4:11:25.571 Used memory: 1770352 KB
 4:11:25.571 Players: 0 in total
 4:11:55.572 Average server FPS: 7073.97 (measured interval: 30 s)
 4:11:55.572 Used memory: 1770154 KB
 4:11:55.572 Players: 0 in total
 4:12:25.574 Average server FPS: 7064.73 (measured interval: 30 s)
 4:12:25.574 Used memory: 1770128 KB
 4:12:25.574 Players: 0 in total
 4:12:55.575 Average server FPS: 7084.67 (measured interval: 30 s)
 4:12:55.575 Used memory: 1770025 KB
 4:12:55.575 Players: 0 in total
 4:13:25.577 Average server FPS: 7079.37 (measured interval: 30 s)
 4:13:25.577 Used memory: 1770045 KB
 4:13:25.577 Players: 0 in total
 4:13:55.578 Average server FPS: 6952.57 (measured interval: 30 s)
 4:13:55.578 Used memory: 1769715 KB
 4:13:55.578 Players: 0 in total
 4:14:25.580 Average server FPS: 7069.00 (measured interval: 30 s)
 4:14:25.580 Used memory: 1769372 KB
 4:14:25.580 Players: 0 in total
 4:14:55.566 Average server FPS: 6968.67 (measured interval: 30 s)
 4:14:55.566 Used memory: 1769422 KB
 4:14:55.566 Players: 0 in total
 4:15:25.567 Average server FPS: 6960.77 (measured interval: 30 s)
 4:15:25.567 Used memory: 1769610 KB
 4:15:25.567 Players: 0 in total
 4:15:55.569 Average server FPS: 6948.47 (measured interval: 30 s)
 4:15:55.569 Used memory: 1769640 KB
 4:15:55.569 Players: 0 in total
 4:16:25.570 Average server FPS: 6872.03 (measured interval: 30 s)
 4:16:25.570 Used memory: 1769550 KB
 4:16:25.570 Players: 0 in total
 4:16:55.572 Average server FPS: 6934.00 (measured interval: 30 s)
 4:16:55.572 Used memory: 1769379 KB
 4:16:55.572 Players: 0 in total
 4:17:25.573 Average server FPS: 6875.17 (measured interval: 30 s)
 4:17:25.573 Used memory: 1769243 KB
 4:17:25.573 Players: 0 in total
 4:17:55.575 Average server FPS: 6865.73 (measured interval: 30 s)
 4:17:55.575 Used memory: 1768930 KB
 4:17:55.575 Players: 0 in total
 4:18:25.576 Average server FPS: 7040.43 (measured interval: 30 s)
 4:18:25.576 Used memory: 1768693 KB
 4:18:25.576 Players: 0 in total
 4:18:55.578 Average server FPS: 7029.13 (measured interval: 30 s)
 4:18:55.578 Used memory: 1768600 KB
 4:18:55.578 Players: 0 in total
 4:19:25.579 Average server FPS: 7031.37 (measured interval: 30 s)
 4:19:25.579 Used memory: 1768483 KB
 4:19:25.579 Players: 0 in total
 4:19:55.581 Average server FPS: 7033.60 (measured interval: 30 s)
 4:19:55.581 Used memory: 1768505 KB
 4:19:55.581 Players: 0 in total
 4:20:25.567 Average server FPS: 7034.47 (measured interval: 30 s)
 4:20:25.567 Used memory: 1768496 KB
 4:20:25.567 Players: 0 in total
 4:20:55.568 Average server FPS: 7021.13 (measured interval: 30 s)
 4:20:55.568 Used memory: 1768541 KB
 4:20:55.568 Players: 0 in total
 4:20:56.928 [CE][Links] found 0 total links between groups, of 12
 4:20:56.928 [CE][SpawnRandomLoot] (StaticHeliCrash) :: ChildType: Wreck_Mi8, lootmin: 10, lootmax: 20, wanted: 11
 4:21:25.570 Average server FPS: 7093.40 (measured interval: 30 s)
 4:21:25.570 Used memory: 1768528 KB
 4:21:25.570 Players: 0 in total
 4:21:55.571 Average server FPS: 7101.87 (measured interval: 30 s)
 4:21:55.571 Used memory: 1768465 KB
 4:21:55.571 Players: 0 in total
 4:22:25.573 Average server FPS: 7013.03 (measured interval: 30 s)
 4:22:25.573 Used memory: 1768361 KB
 4:22:25.573 Players: 0 in total
 4:22:55.574 Average server FPS: 7108.23 (measured interval: 30 s)
 4:22:55.574 Used memory: 1768182 KB
 4:22:55.574 Players: 0 in total
 4:23:25.576 Average server FPS: 7063.70 (measured interval: 30 s)
 4:23:25.576 Used memory: 1768005 KB
 4:23:25.576 Players: 0 in total
 4:23:55.577 Average server FPS: 7106.73 (measured interval: 30 s)
 4:23:55.577 Used memory: 1767877 KB
 4:23:55.577 Players: 0 in total
 4:24:25.579 Average server FPS: 7147.47 (measured interval: 30 s)
 4:24:25.579 Used memory: 1767862 KB
 4:24:25.579 Players: 0 in total
 4:24:55.580 Average server FPS: 6954.63 (measured interval: 30 s)
 4:24:55.580 Used memory: 1768345 KB
 4:24:55.580 Players: 0 in total
 4:25:25.566 Average server FPS: 7138.30 (measured interval: 30 s)
 4:25:25.566 Used memory: 1768338 KB
 4:25:25.566 Players: 0 in total
 4:25:55.568 Average server FPS: 7127.17 (measured interval: 30 s)
 4:25:55.568 Used memory: 1768245 KB
 4:25:55.568 Players: 0 in total
 4:26:25.569 Average server FPS: 7135.77 (measured interval: 30 s)
 4:26:25.569 Used memory: 1768085 KB
 4:26:25.569 Players: 0 in total
 4:26:55.571 Average server FPS: 7135.87 (measured interval: 30 s)
 4:26:55.571 Used memory: 1768432 KB
 4:26:55.571 Players: 0 in total
 4:27:25.572 Average server FPS: 7125.60 (measured interval: 30 s)
 4:27:25.572 Used memory: 1768765 KB
 4:27:25.572 Players: 0 in total
 4:27:55.574 Average server FPS: 4320.87 (measured interval: 30 s)
 4:27:55.574 Used memory: 1768349 KB
 4:27:55.574 Players: 0 in total
 4:28:25.575 Average server FPS: 6173.93 (measured interval: 30 s)
 4:28:25.575 Used memory: 1768067 KB
 4:28:25.575 Players: 0 in total
 4:28:55.577 Average server FPS: 7115.50 (measured interval: 30 s)
 4:28:55.577 Used memory: 1767946 KB
 4:28:55.577 Players: 0 in total
 4:29:25.578 Average server FPS: 7106.63 (measured interval: 30 s)
 4:29:25.578 Used memory: 1767892 KB
 4:29:25.578 Players: 0 in total
 4:29:55.580 Average server FPS: 7108.87 (measured interval: 30 s)
 4:29:55.580 Used memory: 1767976 KB
 4:29:55.580 Players: 0 in total
 4:30:25.581 Average server FPS: 6753.87 (measured interval: 30 s)
 4:30:25.581 Used memory: 1768235 KB
 4:30:25.581 Players: 0 in total
 4:30:55.567 Average server FPS: 6679.33 (measured interval: 30 s)
 4:30:55.567 Used memory: 1767621 KB
 4:30:55.567 Players: 0 in total
 4:31:25.568 Average server FPS: 6680.70 (measured interval: 30 s)
 4:31:25.568 Used memory: 1767313 KB
 4:31:25.568 Players: 0 in total
 4:31:55.570 Average server FPS: 6683.50 (measured interval: 30 s)
 4:31:55.570 Used memory: 1767519 KB
 4:31:55.570 Players: 0 in total
 4:32:25.571 Average server FPS: 6696.97 (measured interval: 30 s)
 4:32:25.571 Used memory: 1767219 KB
 4:32:25.571 Players: 0 in total
 4:32:55.573 Average server FPS: 6687.10 (measured interval: 30 s)
 4:32:55.573 Used memory: 1767600 KB
 4:32:55.573 Players: 0 in total
 4:33:25.574 Average server FPS: 6599.53 (measured interval: 30 s)
 4:33:25.574 Used memory: 1767466 KB
 4:33:25.574 Players: 0 in total
 4:33:55.576 Average server FPS: 6514.87 (measured interval: 30 s)
 4:33:55.576 Used memory: 1767444 KB
 4:33:55.576 Players: 0 in total
 4:34:25.577 Average server FPS: 6521.50 (measured interval: 30 s)
 4:34:25.577 Used memory: 1767330 KB
 4:34:25.577 Players: 0 in total
 4:34:55.579 Average server FPS: 6505.57 (measured interval: 30 s)
 4:34:55.579 Used memory: 1766916 KB
 4:34:55.579 Players: 0 in total
 4:35:25.580 Average server FPS: 6492.57 (measured interval: 30 s)
 4:35:25.580 Used memory: 1767205 KB
 4:35:25.580 Players: 0 in total
 4:35:55.566 Average server FPS: 6193.60 (measured interval: 30 s)
 4:35:55.566 Used memory: 1768316 KB
 4:35:55.566 Players: 0 in total
 4:36:25.568 Average server FPS: 6302.30 (measured interval: 30 s)
 4:36:25.568 Used memory: 1768678 KB
 4:36:25.568 Players: 0 in total
 4:36:55.569 Average server FPS: 6303.83 (measured interval: 30 s)
 4:36:55.569 Used memory: 1768604 KB
 4:36:55.569 Players: 0 in total
 4:37:25.571 Average server FPS: 6279.53 (measured interval: 30 s)
 4:37:25.571 Used memory: 1768415 KB
 4:37:25.571 Players: 0 in total
 4:37:55.572 Average server FPS: 6295.57 (measured interval: 30 s)
 4:37:55.572 Used memory: 1768199 KB
 4:37:55.572 Players: 0 in total
 4:38:25.574 Average server FPS: 6253.67 (measured interval: 30 s)
 4:38:25.574 Used memory: 1768110 KB
 4:38:25.574 Players: 0 in total
 4:38:27.824 [CE][Links] found 0 total links between groups, of 13
 4:38:27.824 [CE][SpawnRandomLoot] (StaticHeliCrash) :: ChildType: Wreck_UH1Y, lootmin: 10, lootmax: 20, wanted: 11
 4:38:55.575 Average server FPS: 6294.13 (measured interval: 30 s)
 4:38:55.575 Used memory: 1768135 KB
 4:38:55.575 Players: 0 in total
 4:39:25.577 Average server FPS: 6316.70 (measured interval: 30 s)
 4:39:25.577 Used memory: 1767911 KB
 4:39:25.577 Players: 0 in total
 4:39:55.578 Average server FPS: 6301.33 (measured interval: 30 s)
 4:39:55.578 Used memory: 1767567 KB
 4:39:55.578 Players: 0 in total
 4:40:25.580 Average server FPS: 6302.23 (measured interval: 30 s)
 4:40:25.580 Used memory: 1767352 KB
 4:40:25.580 Players: 0 in total
 4:40:55.566 Average server FPS: 3871.30 (measured interval: 30 s)
 4:40:55.566 Used memory: 1767336 KB
 4:40:55.566 Players: 0 in total
 4:41:25.567 Average server FPS: 6306.63 (measured interval: 30 s)
 4:41:25.567 Used memory: 1767007 KB
 4:41:25.567 Players: 0 in total
 4:41:55.569 Average server FPS: 6310.93 (measured interval: 30 s)
 4:41:55.569 Used memory: 1766758 KB
 4:41:55.569 Players: 0 in total
 4:42:25.570 Average server FPS: 6293.90 (measured interval: 30 s)
 4:42:25.570 Used memory: 1767912 KB
 4:42:25.570 Players: 0 in total
 4:42:55.572 Average server FPS: 6316.97 (measured interval: 30 s)
 4:42:55.572 Used memory: 1768089 KB
 4:42:55.572 Players: 0 in total
 4:43:25.573 Average server FPS: 6301.67 (measured interval: 30 s)
 4:43:25.573 Used memory: 1768405 KB
 4:43:25.573 Players: 0 in total
 4:43:55.575 Average server FPS: 6292.50 (measured interval: 30 s)
 4:43:55.575 Used memory: 1768703 KB
