 8:02:26 BattlEye Server: Initialized (v1.217)
 8:02:26 SUCCESS: SteamGameServer_Init(0,8766,2402,28016,3,1.07.153006)
 8:02:26 Roles assigned.
 8:02:26 Reading mission ...
 8:02:35 [CE][Hive] :: Initializing OFFLINE
 8:02:35 [CE][Hive] :: Loading core data ... 
 8:02:35 [CE][CoreData] :: 7 root classes, 19 defaults, 0 updaters...
 8:02:41 [CE][RegisterBind] :: 0 classes binded...
 8:02:41 [CE][RegisterConfig] :: 10055 config classes registered, 0 sub-counters...
 8:02:41 [CE][Hive] :: Loading map data ... 
 8:02:41 !!! [CE] :: Unknown category: 'vehicleparts'.
 8:02:41 [CE][LoadPrototype] :: loaded 330 prototypes
 8:02:41   702 containers, 9116 points
 8:02:41   24 dispatches, 90 proxies
 8:02:41 !!! [CE][LoadPrototype] 12 groups have no points...
 8:02:41 !!![CE][LoadPrototype]  3 groups have wrong points...
 8:02:41 [CE][LoadPrototype] :: last group name: Land_Lunapark_Autodrome...
 8:02:41 [CE][LoadPrototype] :: loaded 0 prototypes
 8:02:41   0 containers, 0 points
 8:02:41   0 dispatches, 0 proxies
 8:02:41 [CE][LoadPrototype] :: last group name: PathD_7100...
 8:02:41 [CE][LoadMap] "Group" :: loaded 5086 groups, largest group range: 26.9
 8:02:41 [CE][LoadMap] "Dirt" :: loaded 0 groups, largest group range: 26.9
 8:02:42 [CE][LoadClusters] "Cluster" :: Loading files...
 8:02:42 [CE][LoadClusters] :: file: "mapgroupcluster.xml", 4 types, 50000 instances
 8:02:42 [CE][LoadClusters] :: file: "mapgroupcluster01", 4 types, 50000 instances
 8:02:42 [CE][LoadClusters] :: file: "mapgroupcluster02", 4 types, 50000 instances
 8:02:42 [CE][LoadClusters] :: file: "mapgroupcluster03", 4 types, 50000 instances
 8:02:42 [CE][LoadClusters] :: file: "mapgroupcluster04", 4 types, 21297 instances
 8:02:42 [CE][Storage] ver:21 stamp:64602, valid:yes, name:"mpmissions\TheCommunity.enoch\storage_420\data\types.bin"
 8:02:42 [CE][Storage] ver:21 stamp:64601, valid:yes, name:"mpmissions\TheCommunity.enoch\storage_420\data\types.001"
 8:02:42 [CE][Storage] ver:21 stamp:64599, valid:yes, name:"mpmissions\TheCommunity.enoch\storage_420\data\types.002"
 8:02:42 [CE][Storage] Restoring file "mpmissions\TheCommunity.enoch\storage_420\data\types.bin".
 8:02:43 [CE][offlineDB] :: Loaded 33 dynamic events 215 total types 0 total positions.
 8:02:43 [CE][Storage] ver:21 stamp:64602, valid:yes, name:"mpmissions\TheCommunity.enoch\storage_420\data\events.bin"
 8:02:43 [CE][Storage] ver:21 stamp:64601, valid:yes, name:"mpmissions\TheCommunity.enoch\storage_420\data\events.001"
 8:02:43 [CE][Storage] ver:21 stamp:64599, valid:yes, name:"mpmissions\TheCommunity.enoch\storage_420\data\events.002"
 8:02:43 [CE][Storage] Restoring file "mpmissions\TheCommunity.enoch\storage_420\data\events.bin".
 8:02:43 [CE][DynamicEvent] Load  Events:[33] Primary spawners: 33 Secondary spawners: 1
 8:02:43 [CE][Storage] ver:24 stamp:64602, valid:yes, name:"mpmissions\TheCommunity.enoch\storage_420\data\vehicles.bin"
 8:02:43 [CE][Storage] ver:24 stamp:64601, valid:yes, name:"mpmissions\TheCommunity.enoch\storage_420\data\vehicles.001"
 8:02:43 [CE][Storage] ver:24 stamp:64599, valid:yes, name:"mpmissions\TheCommunity.enoch\storage_420\data\vehicles.002"
 8:02:43 [CE][Storage] Restoring file "mpmissions\TheCommunity.enoch\storage_420\data\vehicles.bin" 125 items.
 8:02:43   125 items loaded.
 8:02:43 [CE][Storage] ver:24 stamp:64602, valid:yes, name:"mpmissions\TheCommunity.enoch\storage_420\data\dynamic_000.bin"
 8:02:43 [CE][Storage] ver:24 stamp:64601, valid:yes, name:"mpmissions\TheCommunity.enoch\storage_420\data\dynamic_000.001"
 8:02:43 [CE][Storage] ver:24 stamp:64599, valid:yes, name:"mpmissions\TheCommunity.enoch\storage_420\data\dynamic_000.002"
 8:02:43 [CE][Storage] Restoring file "mpmissions\TheCommunity.enoch\storage_420\data\dynamic_000.bin" 419 items.
 8:02:44   419 items loaded.
 8:02:44 [CE][Storage] ver:24 stamp:64602, valid:yes, name:"mpmissions\TheCommunity.enoch\storage_420\data\dynamic_001.bin"
 8:02:44 [CE][Storage] ver:24 stamp:64601, valid:yes, name:"mpmissions\TheCommunity.enoch\storage_420\data\dynamic_001.001"
 8:02:44 [CE][Storage] ver:24 stamp:64599, valid:yes, name:"mpmissions\TheCommunity.enoch\storage_420\data\dynamic_001.002"
 8:02:44 [CE][Storage] Restoring file "mpmissions\TheCommunity.enoch\storage_420\data\dynamic_001.bin" 2180 items.
 8:02:44   2180 items loaded.
 8:02:44 [CE][Storage] ver:24 stamp:64602, valid:yes, name:"mpmissions\TheCommunity.enoch\storage_420\data\dynamic_002.bin"
 8:02:44 [CE][Storage] ver:24 stamp:64601, valid:yes, name:"mpmissions\TheCommunity.enoch\storage_420\data\dynamic_002.001"
 8:02:44 [CE][Storage] ver:24 stamp:64599, valid:yes, name:"mpmissions\TheCommunity.enoch\storage_420\data\dynamic_002.002"
 8:02:44 [CE][Storage] Restoring file "mpmissions\TheCommunity.enoch\storage_420\data\dynamic_002.bin" 833 items.
 8:02:45   833 items loaded.
 8:02:45 [CE][Storage] ver:24 stamp:64602, valid:yes, name:"mpmissions\TheCommunity.enoch\storage_420\data\dynamic_003.bin"
 8:02:45 [CE][Storage] ver:24 stamp:64601, valid:yes, name:"mpmissions\TheCommunity.enoch\storage_420\data\dynamic_003.001"
 8:02:45 [CE][Storage] ver:24 stamp:64599, valid:yes, name:"mpmissions\TheCommunity.enoch\storage_420\data\dynamic_003.002"
 8:02:45 [CE][Storage] Restoring file "mpmissions\TheCommunity.enoch\storage_420\data\dynamic_003.bin" 1187 items.
 8:02:45   1187 items loaded.
 8:02:45 [CE][Storage] ver:24 stamp:64602, valid:yes, name:"mpmissions\TheCommunity.enoch\storage_420\data\dynamic_004.bin"
 8:02:45 [CE][Storage] ver:24 stamp:64601, valid:yes, name:"mpmissions\TheCommunity.enoch\storage_420\data\dynamic_004.001"
 8:02:45 [CE][Storage] ver:24 stamp:64599, valid:yes, name:"mpmissions\TheCommunity.enoch\storage_420\data\dynamic_004.002"
 8:02:45 [CE][Storage] Restoring file "mpmissions\TheCommunity.enoch\storage_420\data\dynamic_004.bin" 1553 items.
 8:02:46   1553 items loaded.
 8:02:46 [CE][Storage] ver:24 stamp:64602, valid:yes, name:"mpmissions\TheCommunity.enoch\storage_420\data\dynamic_005.bin"
 8:02:46 [CE][Storage] ver:24 stamp:64601, valid:yes, name:"mpmissions\TheCommunity.enoch\storage_420\data\dynamic_005.001"
 8:02:46 [CE][Storage] ver:24 stamp:64599, valid:yes, name:"mpmissions\TheCommunity.enoch\storage_420\data\dynamic_005.002"
 8:02:46 [CE][Storage] Restoring file "mpmissions\TheCommunity.enoch\storage_420\data\dynamic_005.bin" 1941 items.
 8:02:46   1941 items loaded.
 8:02:46 [CE][Storage] ver:24 stamp:64602, valid:yes, name:"mpmissions\TheCommunity.enoch\storage_420\data\dynamic_006.bin"
 8:02:46 [CE][Storage] ver:24 stamp:64601, valid:yes, name:"mpmissions\TheCommunity.enoch\storage_420\data\dynamic_006.001"
 8:02:46 [CE][Storage] ver:24 stamp:64599, valid:yes, name:"mpmissions\TheCommunity.enoch\storage_420\data\dynamic_006.002"
 8:02:46 [CE][Storage] Restoring file "mpmissions\TheCommunity.enoch\storage_420\data\dynamic_006.bin" 1022 items.
 8:02:47   1022 items loaded.
 8:02:47 [CE][Storage] ver:24 stamp:64602, valid:yes, name:"mpmissions\TheCommunity.enoch\storage_420\data\dynamic_007.bin"
 8:02:47 [CE][Storage] ver:24 stamp:64601, valid:yes, name:"mpmissions\TheCommunity.enoch\storage_420\data\dynamic_007.001"
 8:02:47 [CE][Storage] ver:24 stamp:64599, valid:yes, name:"mpmissions\TheCommunity.enoch\storage_420\data\dynamic_007.002"
 8:02:47 [CE][Storage] Restoring file "mpmissions\TheCommunity.enoch\storage_420\data\dynamic_007.bin" 1333 items.
 8:02:47   1333 items loaded.
 8:02:47 [CE][Storage] ver:24 stamp:64602, valid:yes, name:"mpmissions\TheCommunity.enoch\storage_420\data\dynamic_008.bin"
 8:02:47 [CE][Storage] ver:24 stamp:64601, valid:yes, name:"mpmissions\TheCommunity.enoch\storage_420\data\dynamic_008.001"
 8:02:47 [CE][Storage] ver:24 stamp:64599, valid:yes, name:"mpmissions\TheCommunity.enoch\storage_420\data\dynamic_008.002"
 8:02:47 [CE][Storage] Restoring file "mpmissions\TheCommunity.enoch\storage_420\data\dynamic_008.bin" 1109 items.
 8:02:47   1109 items loaded.
 8:02:47 [CE][Storage] ver:24 stamp:64602, valid:yes, name:"mpmissions\TheCommunity.enoch\storage_420\data\dynamic_009.bin"
 8:02:47 [CE][Storage] ver:24 stamp:64601, valid:yes, name:"mpmissions\TheCommunity.enoch\storage_420\data\dynamic_009.001"
 8:02:47 [CE][Storage] ver:24 stamp:64599, valid:yes, name:"mpmissions\TheCommunity.enoch\storage_420\data\dynamic_009.002"
 8:02:47 [CE][Storage] Restoring file "mpmissions\TheCommunity.enoch\storage_420\data\dynamic_009.bin" 1038 items.
 8:02:48   1038 items loaded.
 8:02:48 [CE][Storage] ver:24 stamp:64602, valid:yes, name:"mpmissions\TheCommunity.enoch\storage_420\data\dynamic_010.bin"
 8:02:48 [CE][Storage] ver:24 stamp:64601, valid:yes, name:"mpmissions\TheCommunity.enoch\storage_420\data\dynamic_010.001"
 8:02:48 [CE][Storage] ver:24 stamp:64599, valid:yes, name:"mpmissions\TheCommunity.enoch\storage_420\data\dynamic_010.002"
 8:02:48 [CE][Storage] Restoring file "mpmissions\TheCommunity.enoch\storage_420\data\dynamic_010.bin" 2610 items.
 8:02:48   2610 items loaded.
 8:02:48 [CE][Storage] ver:24 stamp:64602, valid:yes, name:"mpmissions\TheCommunity.enoch\storage_420\data\dynamic_011.bin"
 8:02:48 [CE][Storage] ver:24 stamp:64601, valid:yes, name:"mpmissions\TheCommunity.enoch\storage_420\data\dynamic_011.001"
 8:02:48 [CE][Storage] ver:24 stamp:64599, valid:yes, name:"mpmissions\TheCommunity.enoch\storage_420\data\dynamic_011.002"
 8:02:48 [CE][Storage] Restoring file "mpmissions\TheCommunity.enoch\storage_420\data\dynamic_011.bin" 451 items.
 8:02:49   451 items loaded.
 8:02:49 [CE][Hive] :: Storage load took:6.11 seconds, recovery stamp:64602
 8:02:49   entity: 18640, building: 0
 8:02:49   no lifetime: 46
 8:02:49 [CE][Hive] :: Initializing ... 
 8:02:49 [CE][InitializeMap] :: initialized: 0
 8:02:49 [CE][Hive] :: Initializing spawners ... 
 8:02:50 [CE][LootRespawner] (PRIDummy) :: Item [0] causing search overtime: "MSFCGorkaPATACSFG"
 8:02:50 [CE][LootRespawner] (PRIDummy) :: Item [1] causing search overtime: "MSFCGorkaPATACSFG"
 8:02:50 [CE][LootRespawner] (PRIDummy) :: Item [2] causing search overtime: "MSFCGorkaPATACSFG"
 8:02:50 [CE][LootRespawner] (PRIDummy) :: Item [3] causing search overtime: "MSFCKryptekRaidPlatePouches"
 8:02:50 [CE][LootRespawner] (PRIDummy) :: Item [4] causing search overtime: "MSFCKryptekRaidPlatePouches"
 8:02:50 [CE][LootRespawner] (PRIDummy) :: Item [5] causing search overtime: "MSFCKryptekRaidPlatePouches"
 8:02:50 [CE][LootRespawner] (PRIDummy) :: Item [6] causing search overtime: "MSFCKryptekRaidPlatePouches"
 8:02:50 [CE][LootRespawner] (PRIDummy) :: Item [7] causing search overtime: "PlateCarrierVest"
 8:02:50 [CE][LootRespawner] (PRIDummy) :: Item [8] causing search overtime: "PlateCarrierVest"
 8:02:50 [CE][LootRespawner] (PRIDummy) :: Item [9] causing search overtime: "PlateCarrierVest"
 8:02:50 [CE][LootRespawner] (PRIDummy) :: Item [10] causing search overtime: "PlateCarrierVest"
 8:02:50 [CE][LootRespawner] (PRIDummy) :: Item [11] causing search overtime: "PlateCarrierVest"
 8:02:50 [CE][LootRespawner] (PRIDummy) :: Item [12] causing search overtime: "PlateCarrierVest"
 8:02:50 [CE][LootRespawner] (PRIDummy) :: Item [13] causing search overtime: "PlateCarrierVest"
 8:02:50 [CE][LootRespawner] (PRIDummy) :: Item [14] causing search overtime: "PlateCarrierVest"
 8:02:50 [CE][LootRespawner] (PRIDummy) :: Item [15] causing search overtime: "PlateCarrierVest"
 8:02:50 [CE][LootRespawner] (PRIDummy) :: Item [16] causing search overtime: "PlateCarrierVest"
 8:02:50 [CE][LootRespawner] (PRIDummy) :: Item [17] causing search overtime: "PlateCarrierVest"
 8:02:50 [CE][LootRespawner] (PRIDummy) :: Item [18] causing search overtime: "PlateCarrierVest"
 8:02:50 [CE][LootRespawner] (PRIDummy) :: Item [19] causing search overtime: "PlateCarrierVest"
 8:02:50 [CE][LootRespawner] (PRIDummy) :: Item [0] is hard to place, performance drops: "Shovel"
 8:02:50 [CE][LootRespawner] (PRIDummy) :: Item [1] is hard to place, performance drops: "Shovel"
 8:02:50 [CE][LootRespawner] (PRIDummy) :: Item [2] is hard to place, performance drops: "Defender110_dver_2_1_Green"
 8:02:50 [CE][LootRespawner] (PRIDummy) :: Item [3] is hard to place, performance drops: "PressVest_Blue"
 8:02:50 [CE][LootRespawner] (PRIDummy) :: Item [4] is hard to place, performance drops: "PressVest_Blue"
 8:02:50 [CE][LootRespawner] (PRIDummy) :: Item [5] is hard to place, performance drops: "baseballbatsaw_mung"
 8:02:50 [CE][LootRespawner] (PRIDummy) :: Item [6] is hard to place, performance drops: "NailBox"
 8:02:50 [CE][LootRespawner] (PRIDummy) :: Item [7] is hard to place, performance drops: "Defender110_kapot"
 8:02:50 [CE][LootRespawner] (PRIDummy) :: Item [8] is hard to place, performance drops: "Msp_GoodNightBat"
 8:02:50 [CE][LootRespawner] (PRIDummy) :: Item [9] is hard to place, performance drops: "Msp_GoodNightBat"
 8:02:50 [CE][LootRespawner] (PRIDummy) :: Item [10] is hard to place, performance drops: "Breeches_Blue"
 8:02:50 [CE][LootRespawner] (PRIDummy) :: Item [11] is hard to place, performance drops: "Balaclava3Holes_Green"
 8:02:50 [CE][LootRespawner] (PRIDummy) :: Item [12] is hard to place, performance drops: "Defender110_dver_2_2"
 8:02:50 [CE][LootRespawner] (PRIDummy) :: Item [13] is hard to place, performance drops: "Defender110_dver_2_2"
 8:02:50 [CE][LootRespawner] (PRIDummy) :: Item [14] is hard to place, performance drops: "Sedan_02_Door_2_2_Grey"
 8:02:50 [CE][LootRespawner] (PRIDummy) :: Item [15] is hard to place, performance drops: "Sedan_02_Door_2_2"
 8:02:51 [CE][LootRespawner] (PRIDummy) :: Item [16] is hard to place, performance drops: "QuiltedJacket_Violet"
 8:02:51 [CE][LootRespawner] (PRIDummy) :: Item [17] is hard to place, performance drops: "Flashlight"
 8:02:51 [CE][LootRespawner] (PRIDummy) :: Item [18] is hard to place, performance drops: "MSFCBeerBaltika9"
 8:02:51 [CE][LootRespawner] (PRIDummy) :: Item [19] is hard to place, performance drops: "MSFCBeerBaltika9"
 8:02:51 [CE][LootRespawner] (PRIDummy) :: Initially (re)spawned:1322, Nominal:32677, Total in Map: 17238 at 1 (sec)
 8:02:51   tests:1350, repeats:0 fails:28, overtime:12798
 8:02:51 [CE][DynEvent] :: 33 types
 8:02:51 [00] AmbientHen
 8:02:51   Primary Spawner: "Ambient", active: yes, repeat: 1
 8:02:51 [01] AnimalBear
 8:02:51   Primary Spawner: "Animal", active: yes, repeat: 1
 8:02:51 [02] AnimalCow
 8:02:51   Primary Spawner: "Animal", active: yes, repeat: 1
 8:02:51 [03] AnimalDeer
 8:02:51   Primary Spawner: "Animal", active: yes, repeat: 1
 8:02:51 [04] AnimalGoat
 8:02:51   Primary Spawner: "Animal", active: yes, repeat: 1
 8:02:51 [05] AnimalPig
 8:02:51   Primary Spawner: "Animal", active: yes, repeat: 1
 8:02:51 [06] AnimalRoeDeer
 8:02:51   Primary Spawner: "Animal", active: yes, repeat: 1
 8:02:51 [07] AnimalSheep
 8:02:51   Primary Spawner: "Animal", active: yes, repeat: 1
 8:02:51 [08] AnimalWildBoar
 8:02:51   Primary Spawner: "Animal", active: yes, repeat: 1
 8:02:51 [09] AnimalWolf
 8:02:51   Primary Spawner: "Animal", active: yes, repeat: 1
 8:02:51 [10] InfectedArmy
 8:02:51   Primary Spawner: "Infected", active: yes, repeat: 1
 8:02:51 [11] InfectedCity
 8:02:51   Primary Spawner: "Infected", active: yes, repeat: 1
 8:02:51 [12] InfectedFirefighter
 8:02:51   Primary Spawner: "Infected", active: yes, repeat: 1
 8:02:51 [13] InfectedIndustrial
 8:02:51   Primary Spawner: "Infected", active: yes, repeat: 1
 8:02:51 [14] InfectedMedic
 8:02:51   Primary Spawner: "Infected", active: yes, repeat: 1
 8:02:51 [15] InfectedPolice
 8:02:51   Primary Spawner: "Infected", active: yes, repeat: 1
 8:02:51 [16] InfectedPrisoner
 8:02:51   Primary Spawner: "Infected", active: yes, repeat: 1
 8:02:51 [17] InfectedReligious
 8:02:51   Primary Spawner: "Infected", active: yes, repeat: 1
 8:02:51 [18] InfectedSolitude
 8:02:51   Primary Spawner: "Infected", active: yes, repeat: 1
 8:02:51 [19] InfectedVillage
 8:02:51   Primary Spawner: "Infected", active: yes, repeat: 1
 8:02:51 [20] ItemPlanks
 8:02:51   Primary Spawner: "Item", active: yes, repeat: 1
 8:02:51 [21] Loot
 8:02:51   Primary Spawner: "Loot", active: yes, repeat: 2
 8:02:51 [22] StaticHeliCrash
 8:02:51   Primary Spawner: "Vehicle", active: yes, repeat: 1
 8:02:51   Secondary Spawner: "Infected", active: yes, repeat: 1
 8:02:51 [23] StaticPoliceCar
 8:02:51   Primary Spawner: "Vehicle", active: yes, repeat: 1
 8:02:51 [24] TrajectoryConiferous
 8:0