

=====================================================================
== D:\DayZServers\TheCommunity_enoch\DayZServer_x64.exe
== "D:\DayZServers\TheCommunity_enoch\DayZServer_x64.exe"  -port=2402 "-mod=@CF;@Community-Online-Tools;@BuildAnywhere;@BaseBuildingLogs;@Trader;@BaseBuildingPlus;@Durable_Suppressors;@VPPMap;@Ear-Plugs;@Catch_Rain;@DayZ-Expansion-Notifications;@DayZ-Expansion-Chat;@No_Shoe_Damage;@Airdrop-Upgraded;@Ammo_Making;@Banking;@BuilderItems;@Camosplus;@CannabisPlus;@CheckIdentity;@Code_Lock;@Dayz_Navigation;@FIDOv4;@FlipTransport;@GoreZ;@IRP;@KillFeed;@NoVehicleDamage;@PartyMe;@Modular_Vest_System;@MuchStuffPack;@SWP;@BreachingCharge;@BBPBreachCharge;@MunghardsItempack;@NDVPPM;@Next_Days;@Notes;@SQUAD_MSF-C;@Zeroy-FishingZ;@OP_BaseItems;@Base_Storage;@SIX-DayZ-Auto-Run;" -config=D:\DayZServers\TheCommunity_enoch\TheCommunityDZ.cfg -profiles=TheCommunityServer -BEPath=D:\DayZServers\TheCommunity_enoch\battleye -filePatching -adminlog -netlog -freezecheck -scrAllowFileWrite
=====================================================================
Exe timestamp: 2020/04/26 15:56:05
Current time:  2020/05/02 08:02:31

Version 1.07.153006
 8:02:31.437 [Inputs] Loading inputs default "bin/constants.xml"
 8:02:31.437 [Inputs] Loading inputs default "bin/specific.xml"
 8:02:31.437 !!! [Inputs] Invalid input name used "UAUIInspectItem" for context "ui" in "bin/specific.xml"
 8:02:31.437 !!! [Inputs] Attempt to register duplicate Modded-Inputs file "VanillaPPMap/data/modded_Inputs.xml"
 8:02:31.437 [Inputs] Loading inputs default "EarPlugs\data\inputs.xml"
 8:02:31.437 [Inputs] Loading inputs default "JM/COT/scripts/Data/Inputs.xml"
 8:02:31.437 [Inputs] Loading inputs default "KillFeed/inputs/Inputs.xml"
 8:02:31.437 [Inputs] Loading inputs default "partyme/scripts/partyme_inputs.xml"
 8:02:31.437 [Inputs] Loading inputs default "VanillaPPMap/data/modded_Inputs.xml"
 8:02:31.437 [Inputs] Loading inputs default "NextDays/data/NextDays_Inputs.xml"
 8:02:31.437 [Inputs] Loading inputs default "A3_UI_F/Scripts/Inputs.xml"
 8:02:31.437 [Inputs] Loading inputs default "BaseBuildingPlus/Scripts/Data/Inputs.xml"
 8:02:31.437 [Inputs] Loading inputs default "VanillaPPMap/data/modded_Inputs.xml"
 8:02:31.437 !!! [Inputs] Attempt to register duplicate input "UAOpenVPPMap"
 8:02:31.437 !!! [Inputs] Attempt to register duplicate input "UAToggleVPPMap3DMarkers"
 8:02:31.437 [Inputs] Loading inputs cfg "TheCommunityServer\Users\Survivor\Server.core.xml"
 8:02:31.437 [Inputs] Exporting inputs cfg "TheCommunityServer\Users\Survivor\Server.core.xml"
 8:02:31.750 !!! [Inputs] Attempt to register "PMHideShowTrackers" input twice
 8:02:44.610 [CE][Hive] :: Initializing OFFLINE
 8:02:44.610 [CE][Hive] :: Loading core data ... 
 8:02:44.610 [CE][CoreData] :: 7 root classes, 19 defaults, 0 updaters...
 8:02:50.391 [CE][RegisterBind] :: 0 classes binded...
 8:02:50.391 [CE][RegisterConfig] :: 10056 config classes registered, 0 sub-counters...
 8:02:50.391 [CE][Hive] :: Loading map data ... 
 8:02:50.438 !!! [CE] :: Unknown category: 'vehicleparts'.
 8:02:50.438 [CE][LoadPrototype] :: loaded 330 prototypes
 8:02:50.438   702 containers, 9116 points
 8:02:50.438   24 dispatches, 90 proxies
 8:02:50.438 !!! [CE][LoadPrototype] 12 groups have no points...
 8:02:50.438 !!![CE][LoadPrototype]  3 groups have wrong points...
 8:02:50.438 [CE][LoadPrototype] :: last group name: Land_Lunapark_Autodrome...
 8:02:50.438 [CE][LoadPrototype] :: loaded 0 prototypes
 8:02:50.438   0 containers, 0 points
 8:02:50.438   0 dispatches, 0 proxies
 8:02:50.438 [CE][LoadPrototype] :: last group name: PathD_7100...
 8:02:50.750 [CE][LoadMap] "Group" :: loaded 5086 groups, largest group range: 26.9
 8:02:50.750 [CE][LoadMap] "Dirt" :: loaded 0 groups, largest group range: 26.9
 8:02:50.844 [CE][Links] found 354 total links between groups, of 5086
 8:02:50.844 [CE][LoadClusters] "Cluster" :: Loading files...
 8:02:51.47 [CE][LoadClusters] :: file: "mapgroupcluster.xml", 4 types, 50000 instances
 8:02:51.251 [CE][LoadClusters] :: file: "mapgroupcluster01", 4 types, 50000 instances
 8:02:51.454 [CE][LoadClusters] :: file: "mapgroupcluster02", 4 types, 50000 instances
 8:02:51.672 [CE][LoadClusters] :: file: "mapgroupcluster03", 4 types, 50000 instances
 8:02:51.766 [CE][LoadClusters] :: file: "mapgroupcluster04", 4 types, 21297 instances
 8:02:51.782 [CE][Storage] ver:21 stamp:70837, valid:yes, name:"mpmissions\TheCommunity.enoch\storage_420\data\types.bin"
 8:02:51.782 [CE][Storage] ver:21 stamp:70835, valid:yes, name:"mpmissions\TheCommunity.enoch\storage_420\data\types.001"
 8:02:51.782 [CE][Storage] ver:21 stamp:70836, valid:yes, name:"mpmissions\TheCommunity.enoch\storage_420\data\types.002"
 8:02:51.782 [CE][Storage] Restoring file "mpmissions\TheCommunity.enoch\storage_420\data\types.bin".
 8:02:51.985 [CE][offlineDB] :: Loaded 33 dynamic events 215 total types 0 total positions.
 8:02:52.32 [CE][Storage] ver:21 stamp:70837, valid:yes, name:"mpmissions\TheCommunity.enoch\storage_420\data\events.bin"
 8:02:52.32 [CE][Storage] ver:21 stamp:70835, valid:yes, name:"mpmissions\TheCommunity.enoch\storage_420\data\events.001"
 8:02:52.32 [CE][Storage] ver:21 stamp:70836, valid:yes, name:"mpmissions\TheCommunity.enoch\storage_420\data\events.002"
 8:02:52.32 [CE][Storage] Restoring file "mpmissions\TheCommunity.enoch\storage_420\data\events.bin".
 8:02:52.32 [CE][DynamicEvent] Load  Events:[33] Primary spawners: 33 Secondary spawners: 1
 8:02:52.32 [CE][Storage] ver:24 stamp:70837, valid:yes, name:"mpmissions\TheCommunity.enoch\storage_420\data\vehicles.bin"
 8:02:52.32 [CE][Storage] ver:24 stamp:70835, valid:yes, name:"mpmissions\TheCommunity.enoch\storage_420\data\vehicles.001"
 8:02:52.32 [CE][Storage] ver:24 stamp:70836, valid:yes, name:"mpmissions\TheCommunity.enoch\storage_420\data\vehicles.002"
 8:02:52.32 [CE][Storage] Restoring file "mpmissions\TheCommunity.enoch\storage_420\data\vehicles.bin" 124 items.
 8:02:52.266   124 items loaded.
 8:02:52.266 [CE][Storage] ver:24 stamp:70837, valid:yes, name:"mpmissions\TheCommunity.enoch\storage_420\data\dynamic_000.bin"
 8:02:52.266 [CE][Storage] ver:24 stamp:70835, valid:yes, name:"mpmissions\TheCommunity.enoch\storage_420\data\dynamic_000.001"
 8:02:52.266 [CE][Storage] ver:24 stamp:70836, valid:yes, name:"mpmissions\TheCommunity.enoch\storage_420\data\dynamic_000.002"
 8:02:52.266 [CE][Storage] Restoring file "mpmissions\TheCommunity.enoch\storage_420\data\dynamic_000.bin" 396 items.
 8:02:52.876   396 items loaded.
 8:02:52.876 [CE][Storage] ver:24 stamp:70837, valid:yes, name:"mpmissions\TheCommunity.enoch\storage_420\data\dynamic_001.bin"
 8:02:52.876 [CE][Storage] ver:24 stamp:70835, valid:yes, name:"mpmissions\TheCommunity.enoch\storage_420\data\dynamic_001.001"
 8:02:52.891 [CE][Storage] ver:24 stamp:70836, valid:yes, name:"mpmissions\TheCommunity.enoch\storage_420\data\dynamic_001.002"
 8:02:52.891 [CE][Storage] Restoring file "mpmissions\TheCommunity.enoch\storage_420\data\dynamic_001.bin" 2080 items.
 8:02:53.579   2080 items loaded.
 8:02:53.579 [CE][Storage] ver:24 stamp:70837, valid:yes, name:"mpmissions\TheCommunity.enoch\storage_420\data\dynamic_002.bin"
 8:02:53.579 [CE][Storage] ver:24 stamp:70835, valid:yes, name:"mpmissions\TheCommunity.enoch\storage_420\data\dynamic_002.001"
 8:02:53.579 [CE][Storage] ver:24 stamp:70836, valid:yes, name:"mpmissions\TheCommunity.enoch\storage_420\data\dynamic_002.002"
 8:02:53.579 [CE][Storage] Restoring file "mpmissions\TheCommunity.enoch\storage_420\data\dynamic_002.bin" 775 items.
 8:02:54.141   775 items loaded.
 8:02:54.141 [CE][Storage] ver:24 stamp:70837, valid:yes, name:"mpmissions\TheCommunity.enoch\storage_420\data\dynamic_003.bin"
 8:02:54.141 [CE][Storage] ver:24 stamp:70835, valid:yes, name:"mpmissions\TheCommunity.enoch\storage_420\data\dynamic_003.001"
 8:02:54.141 [CE][Storage] ver:24 stamp:70836, valid:yes, name:"mpmissions\TheCommunity.enoch\storage_420\data\dynamic_003.002"
 8:02:54.141 [CE][Storage] Restoring file "mpmissions\TheCommunity.enoch\storage_420\data\dynamic_003.bin" 1166 items.
 8:02:54.516   1166 items loaded.
 8:02:54.516 [CE][Storage] ver:24 stamp:70837, valid:yes, name:"mpmissions\TheCommunity.enoch\storage_420\data\dynamic_004.bin"
 8:02:54.516 [CE][Storage] ver:24 stamp:70835, valid:yes, name:"mpmissions\TheCommunity.enoch\storage_420\data\dynamic_004.001"
 8:02:54.516 [CE][Storage] ver:24 stamp:70836, valid:yes, name:"mpmissions\TheCommunity.enoch\storage_420\data\dynamic_004.002"
 8:02:54.516 [CE][Storage] Restoring file "mpmissions\TheCommunity.enoch\storage_420\data\dynamic_004.bin" 1497 items.
 8:02:55.48   1497 items loaded.
 8:02:55.48 [CE][Storage] ver:24 stamp:70837, valid:yes, name:"mpmissions\TheCommunity.enoch\storage_420\data\dynamic_005.bin"
 8:02:55.48 [CE][Storage] ver:24 stamp:70835, valid:yes, name:"mpmissions\TheCommunity.enoch\storage_420\data\dynamic_005.001"
 8:02:55.48 [CE][Storage] ver:24 stamp:70836, valid:yes, name:"mpmissions\TheCommunity.enoch\storage_420\data\dynamic_005.002"
 8:02:55.48 [CE][Storage] Restoring file "mpmissions\TheCommunity.enoch\storage_420\data\dynamic_005.bin" 1861 items.
 8:02:55.657   1861 items loaded.
 8:02:55.657 [CE][Storage] ver:24 stamp:70837, valid:yes, name:"mpmissions\TheCommunity.enoch\storage_420\data\dynamic_006.bin"
 8:02:55.657 [CE][Storage] ver:24 stamp:70835, valid:yes, name:"mpmissions\TheCommunity.enoch\storage_420\data\dynamic_006.001"
 8:02:55.657 [CE][Storage] ver:24 stamp:70836, valid:yes, name:"mpmissions\TheCommunity.enoch\storage_420\data\dynamic_006.002"
 8:02:55.657 [CE][Storage] Restoring file "mpmissions\TheCommunity.enoch\storage_420\data\dynamic_006.bin" 982 items.
 8:02:55.985   982 items loaded.
 8:02:55.985 [CE][Storage] ver:24 stamp:70837, valid:yes, name:"mpmissions\TheCommunity.enoch\storage_420\data\dynamic_007.bin"
 8:02:55.985 [CE][Storage] ver:24 stamp:70835, valid:yes, name:"mpmissions\TheCommunity.enoch\storage_420\data\dynamic_007.001"
 8:02:55.985 [CE][Storage] ver:24 stamp:70836, valid:yes, name:"mpmissions\TheCommunity.enoch\storage_420\data\dynamic_007.002"
 8:02:55.985 [CE][Storage] Restoring file "mpmissions\TheCommunity.enoch\storage_420\data\dynamic_007.bin" 1289 items.
 8:02:56.391   1289 items loaded.
 8:02:56.391 [CE][Storage] ver:24 stamp:70837, valid:yes, name:"mpmissions\TheCommunity.enoch\storage_420\data\dynamic_008.bin"
 8:02:56.391 [CE][Storage] ver:24 stamp:70835, valid:yes, name:"mpmissions\TheCommunity.enoch\storage_420\data\dynamic_008.001"
 8:02:56.391 [CE][Storage] ver:24 stamp:70836, valid:yes, name:"mpmissions\TheCommunity.enoch\storage_420\data\dynamic_008.002"
 8:02:56.391 [CE][Storage] Restoring file "mpmissions\TheCommunity.enoch\storage_420\data\dynamic_008.bin" 1062 items.
 8:02:56.688   1062 items loaded.
 8:02:56.688 [CE][Storage] ver:24 stamp:70837, valid:yes, name:"mpmissions\TheCommunity.enoch\storage_420\data\dynamic_009.bin"
 8:02:56.688 [CE][Storage] ver:24 stamp:70835, valid:yes, name:"mpmissions\TheCommunity.enoch\storage_420\data\dynamic_009.001"
 8:02:56.688 [CE][Storage] ver:24 stamp:70836, valid:yes, name:"mpmissions\TheCommunity.enoch\storage_420\data\dynamic_009.002"
 8:02:56.688 [CE][Storage] Restoring file "mpmissions\TheCommunity.enoch\storage_420\data\dynamic_009.bin" 1023 items.
 8:02:57.01   1023 items loaded.
 8:02:57.01 [CE][Storage] ver:24 stamp:70837, valid:yes, name:"mpmissions\TheCommunity.enoch\storage_420\data\dynamic_010.bin"
 8:02:57.01 [CE][Storage] ver:24 stamp:70835, valid:yes, name:"mpmissions\TheCommunity.enoch\storage_420\data\dynamic_010.001"
 8:02:57.01 [CE][Storage] ver:24 stamp:70836, valid:yes, name:"mpmissions\TheCommunity.enoch\storage_420\data\dynamic_010.002"
 8:02:57.01 [CE][Storage] Restoring file "mpmissions\TheCommunity.enoch\storage_420\data\dynamic_010.bin" 2506 items.
 8:02:57.641   2506 items loaded.
 8:02:57.657 [CE][Storage] ver:24 stamp:70837, valid:yes, name:"mpmissions\TheCommunity.enoch\storage_420\data\dynamic_011.bin"
 8:02:57.657 [CE][Storage] ver:24 stamp:70835, valid:yes, name:"mpmissions\TheCommunity.enoch\storage_420\data\dynamic_011.001"
 8:02:57.657 [CE][Storage] ver:24 stamp:70836, valid:yes, name:"mpmissions\TheCommunity.enoch\storage_420\data\dynamic_011.002"
 8:02:57.657 [CE][Storage] Restoring file "mpmissions\TheCommunity.enoch\storage_420\data\dynamic_011.bin" 445 items.
 8:02:58.32   445 items loaded.
 8:02:58.48 [CE][Hive] :: Storage load took:6.02 seconds, recovery stamp:70837
 8:02:58.48   entity: 18102, building: 0
 8:02:58.48   no lifetime: 52
 8:02:58.48 [CE][Hive] :: Initializing ... 
 8:02:58.63 [CE][InitializeMap] :: initialized: 0
 8:02:58.63 [CE][Hive] :: Initializing spawners ... 
 8:02:58.923 [CE][LootRespawner] (PRIDummy) :: Item [0] causing search overtime: "MSFCGorkaPATACSFG"
 8:02:58.923 [CE][LootRespawner] (PRIDummy) :: Item [1] causing search overtime: "MSFCGorkaPATACSFG"
 8:02:58.923 [CE][LootRespawner] (PRIDummy) :: Item [2] causing search overtime: "MSFCGorkaPATACSFG"
 8:02:58.923 [CE][LootRespawner] (PRIDummy) :: Item [3] causing search overtime: "MSFCGorkaPATACSFG"
 8:02:58.923 [CE][LootRespawner] (PRIDummy) :: Item [4] causing search overtime: "MSFCGorkaPATACSFG"
 8:02:58.923 [CE][LootRespawner] (PRIDummy) :: Item [5] causing search overtime: "MSFCKryptekRaidPlatePouches"
 8:02:58.923 [CE][LootRespawner] (PRIDummy) :: Item [6] causing search overtime: "MSFCKryptekRaidPlatePouches"
 8:02:58.923 [CE][LootRespawner] (PRIDummy) :: Item [7] causing search overtime: "MSFCKryptekRaidPlatePouches"
 8:02:58.923 [CE][LootRespawner] (PRIDummy) :: Item [8] causing search overtime: "PlateCarrierVest"
 8:02:58.923 [CE][LootRespawner] (PRIDummy) :: Item [9] causing search overtime: "PlateCarrierVest"
 8:02:58.923 [CE][LootRespawner] (PRIDummy) :: Item [10] causing search overtime: "PlateCarrierVest"
 8:02:58.923 [CE][LootRespawner] (PRIDummy) :: Item [11] causing search overtime: "PlateCarrierVest"
 8:02:58.923 [CE][LootRespawner] (PRIDummy) :: Item [12] causing search overtime: "PlateCarrierVest"
 8:02:58.923 [CE][LootRespawner] (PRIDummy) :: Item [13] causing search overtime: "PlateCarrierVest"
 8:02:58.923 [CE][LootRespawner] (PRIDummy) :: Item [14] causing search overtime: "PlateCarrierVest"
 8:02:58.923 [CE][LootRespawner] (PRIDummy) :: Item [15] causing search overtime: "PlateCarrierVest"
 8:02:58.923 [CE][LootRespawner] (PRIDummy) :: Item [16] causing search overtime: "PlateCarrierVest"
 8:02:58.923 [CE][LootRespawner] (PRIDummy) :: Item [17] causing search overtime: "PlateCarrierVest"
 8:02:58.923 [CE][LootRespawner] (PRIDummy) :: Item [18] causing search overtime: "PlateCarrierVest"
 8:02:58.923 [CE][LootRespawner] (PRIDummy) :: Item [19] causing search overtime: "PlateCarrierVest"
 8:02:59.01 [CE][LootRespawner] (PRIDummy) :: Item [0] is hard to place, performance drops: "Snipe_Mask_black"
 8:02:59.110 [CE][LootRespawner] (PRIDummy) :: Item [1] is hard to place, performance drops: "LeatherSewingKit"
 8:02:59.110 [CE][LootRespawner] (PRIDummy) :: Item [2] is hard to place, performance drops: "LeatherSewingKit"
 8:02:59.110 [CE][LootRespawner] (PRIDummy) :: Item [3] is hard to place, performance drops: "LeatherSewingKit"
 8:02:59.110 [CE][LootRespawner] (PRIDummy) :: Item [4] is hard to place, performance drops: "LeatherSewingKit"
 8:02:59.110 [CE][LootRespawner] (PRIDummy) :: Item [5] is hard to place, performance drops: "LeatherSewingKit"
 8:02:59.157 [CE][LootRespawner] (PRIDummy) :: Item [6] is hard to place, performance drops: "SteakKnife"
 8:02:59.157 [CE][LootRespawner] (PRIDummy) :: Item [7] is hard to place, performance drops: "SteakKnife"
 8:02:59.173 [CE][LootRespawner] (PRIDummy) :: Item [8] is hard to place, performance drops: "Msp_PlainBat"
 8:02:59.173 [CE][LootRespawner] (PRIDummy) :: Item [9] is hard to place, performance drops: "Msp_PlainBat"
 8:02:59.188 [CE][LootRespawner] (PRIDummy) :: Item [10] is hard to place, performance drops: "HatchbackHood"
 8:02:59.204 [CE][LootRespawner] (PRIDummy) :: Item [11] is hard to place, performance drops: "Skirt_Blue"
 8:02:59.204 [CE][LootRespawner] (PRIDummy) :: Item [12] is hard to place, performance drops: "ShortJeans_Green"
 8:02:59.220 [CE][LootRespawner] (PRIDummy) :: Item [13] is hard to place, performance drops: "PressVest_Blue"
 8:02:59.220 [CE][LootRespawner] (PRIDummy) :: Item [14] is hard to place, performance drops: "PressVest_Blue"
 8:02:59.298 [CE][LootRespawner] (PRIDummy) :: Item [15] is hard to place, performance drops: "NailBox"
 8:02:59.298 [CE][LootRespawner] (PRIDummy) :: Item [16] is hard to place, performance drops: "NailBox"
 8:02:59.298 [CE][LootRespawner] (PRIDummy) :: Item [17] is hard to place, performance drops: "NailBox"
 8:02:59.298 [CE][LootRespawner] (PRIDummy) :: Item [18] is hard to place, performance drops: "NailBox"
 8:02:59.298 [CE][LootRespawner] (PRIDummy) :: Item [19] is hard to place, performance drops: "NailBox"
 8:03:00.01 !!! [CE][Point] Removing 6021.780762, 3976.353027 from Land_Boat_Small2
 8:03:00.298 [CE][LootRespawner] (PRIDummy) :: Initially (re)spawned:2072, Nominal:32677, Total in Map: 17426 at 1 (sec)
 8:03:00.298   tests:2126, repeats:0 fails:54, overtime:12767
 8:03:00.298 [CE][DynEvent] :: 33 types
 8:03:00.298 [00] AmbientHen
 8:03:00.298   Primary Spawner: "Ambient", active: yes, repeat: 1
 8:03:00.298 [01] AnimalBear
 8:03:00.298   Primary Spawner: "Animal", active: yes, repeat: 1
 8:03:00.298 [02] AnimalCow
 8:03:00.298   Primary Spawner: "Animal", active: yes, repeat: 1
 8:03:00.298 [03] AnimalDeer
 8:03:00.298   Primary Spawner: "Animal", active: yes, repeat: 1
 8:03:00.298 [04] AnimalGoat
 8:03:00.298   Primary Spawner: "Animal", active: yes, repeat: 1
 8:03:00.298 [05] AnimalPig
 8:03:00.298   Primary Spawner: "Animal", active: yes, repeat: 1
 8:03:00.298 [06] AnimalRoeDeer
 8:03:00.298   Primary Spawner: "Animal", active: yes, repeat: 1
 8:03:00.298 [07] AnimalSheep
 8:03:00.298   Primary Spawner: "Animal", active: yes, repeat: 1
 8:03:00.298 [08] AnimalWildBoar
 8:03:00.298   Primary Spawner: "Animal", active: yes, repeat: 1
 8:03:00.298 [09] AnimalWolf
 8:03:00.298   Primary Spawner: "Animal", active: yes, repeat: 1
 8:03:00.298 [10] InfectedArmy
 8:03:00.298   Primary Spawner: "Infected", active: yes, repeat: 1
 8:03:00.298 [11] InfectedCity
 8:03:00.298   Primary Spawner: "Infected", active: yes, repeat: 1
 8:03:00.298 [12] InfectedFirefighter
 8:03:00.298   Primary Spawner: "Infected", active: yes, repeat: 1
 8:03:00.298 [13] InfectedIndustrial
 8:03:00.298   Primary Spawner: "Infected", active: yes, repeat: 1
 8:03:00.298 [14] InfectedMedic
 8:03:00.298   Primary Spawner: "Infected", active: yes, repeat: 1
 8:03:00.298 [15] InfectedPolice
 8:03:00.298   Primary Spawner: "Infected", active: yes, repeat: 1
 8:03:00.298 [16] InfectedPrisoner
 8:03:00.298   Primary Spawner: "Infected", active: yes, repeat: 1
 8:03:00.298 [17] InfectedReligious
 8:03:00.298   Primary Spawner: "Infected", active: yes, repeat: 1
 8:03:00.298 [18] InfectedSolitude
 8:03:00.298   Primary Spawner: "Infected", active: yes, repeat: 1
 8:03:00.298 [19] InfectedVillage
 8:03:00.298   Primary Spawner: "Infected", active: yes, repeat: 1
 8:03:00.298 [20] ItemPlanks
 8:03:00.298   Primary Spawner: "Item", active: yes, repeat: 1
 8:03:00.298 [21] Loot
 8:03:00.298   Primary Spawner: "Loot", active: yes, repeat: 2
 8:03:00.298 [22] StaticHeliCrash
 8:03:00.298   Primary Spawner: "Vehicle", active: yes, repeat: 1
 8:03:00.298   Secondary Spawner: "Infected", active: yes, repeat: 1
 8:03:00.298 [23] StaticPoliceCar
 8:03:00.298   Primary Spawner: "Vehicle", active: yes, repeat: 1
 8:03:00.298 [24] TrajectoryConiferous
 8:03:00.298   Primary Spawner: "Trajectory", active: yes, repeat: 1
 8:03:00.298 [25] TrajectoryDeciduous
 8:03:00.298   Primary Spawner: "Trajectory", active: yes, repeat: 1
 8:03:00.298 [26] TrajectoryHumus
 8:03:00.298   Primary Spawner: "Trajectory", active: yes, repeat: 1
 8:03:00.298 [27] TrajectoryStones
 8:03:00.298   Primary Spawner: "Trajectory", active: yes, repeat: 1
 8:03:00.298 [28] VehicleCivilianSedan
 8:03:00.298   Primary Spawner: "Vehicle", active: yes, repeat: 1
 8:03:00.298 [29] VehicleHatchback02
 8:03:00.298   Primary Spawner: "Vehicle", active: yes, repeat: 1
 8:03:00.298 [30] VehicleOffroadHatchback
 8:03:00.298   Primary Spawner: "Vehicle", active: yes, repeat: 1
 8:03:00.298 [31] VehicleSedan02
 8:03:00.298   Primary Spawner: "Vehicle", active: yes, repeat: 1
 8:03:00.298 [32] VehicleCrSk_Land_Rover_Defender_110
 8:03:00.298   Primary Spawner: "Vehicle", active: yes, repeat: 1
 8:03:00.298 [CE][Hive] :: Initializing of spawners done.
 8:03:00.298 [CE][Hive] :: Init sequence finished.
 8:03:00.298 Player connect enabled
 8:03:04.876 Average server FPS: 17.48 (measured interval: 30 s)
 8:03:04.876 Used memory: 1622394 KB
 8:03:04.876 Players: 0 in total
 8:03:34.862 Average server FPS: 4140.80 (measured interval: 30 s)
 8:03:34.862 Used memory: 1638346 KB
 8:03:34.862 Players: 0 in total
 8:03:39.487 [Login]: Adding player Survivor (1343418566) to login queue at position 0
 8:03:39.487 [LoginMachine]: Add player Survivor (1343418566)
 8:03:39.487 [StateMachine]: Player Survivor (dpnid 1343418566 uid ) Entering AuthPlayerLoginState
 8:03:40.34 [StateMachine]: Player Survivor (dpnid 1343418566 uid ) Entering WaitAuthPlayerLoginState
 8:03:46.535 [StateMachine]: Player Survivor (dpnid 1343418566 uid IOMuJAAK4yhu6hvx9yUvLaoMCQBU0x3dyBsWmV1Dj40=) Entering DBGetLoginTimeLoginState
 8:03:46.581 [StateMachine]: Player Survivor (dpnid 1343418566 uid IOMuJAAK4yhu6hvx9yUvLaoMCQBU0x3dyBsWmV1Dj40=) Entering DBWaitLoginTimeLoginState
 8:04:01.582 [StateMachine]: Player Survivor (dpnid 1343418566 uid IOMuJAAK4yhu6hvx9yUvLaoMCQBU0x3dyBsWmV1Dj40=) Entering DBGetCharacterLoginState
 8:04:01.629 [StateMachine]: Player Survivor (dpnid 1343418566 uid IOMuJAAK4yhu6hvx9yUvLaoMCQBU0x3dyBsWmV1Dj40=) Entering CreateNetObjectsLoginState