 8:02:34 BattlEye Server: Initialized (v1.217)
 8:02:34 SUCCESS: SteamGameServer_Init(0,8766,2402,28016,3,1.07.153006)
 8:02:34 Roles assigned.
 8:02:34 Reading mission ...
 8:02:44 [CE][Hive] :: Initializing OFFLINE
 8:02:44 [CE][Hive] :: Loading core data ... 
 8:02:44 [CE][CoreData] :: 7 root classes, 19 defaults, 0 updaters...
 8:02:50 [CE][RegisterBind] :: 0 classes binded...
 8:02:50 [CE][RegisterConfig] :: 10056 config classes registered, 0 sub-counters...
 8:02:50 [CE][Hive] :: Loading map data ... 
 8:02:50 !!! [CE] :: Unknown category: 'vehicleparts'.
 8:02:50 [CE][LoadPrototype] :: loaded 330 prototypes
 8:02:50   702 containers, 9116 points
 8:02:50   24 dispatches, 90 proxies
 8:02:50 !!! [CE][LoadPrototype] 12 groups have no points...
 8:02:50 !!![CE][LoadPrototype]  3 groups have wrong points...
 8:02:50 [CE][LoadPrototype] :: last group name: Land_Lunapark_Autodrome...
 8:02:50 [CE][LoadPrototype] :: loaded 0 prototypes
 8:02:50   0 containers, 0 points
 8:02:50   0 dispatches, 0 proxies
 8:02:50 [CE][LoadPrototype] :: last group name: PathD_7100...
 8:02:50 [CE][LoadMap] "Group" :: loaded 5086 groups, largest group range: 26.9
 8:02:50 [CE][LoadMap] "Dirt" :: loaded 0 groups, largest group range: 26.9
 8:02:50 [CE][LoadClusters] "Cluster" :: Loading files...
 8:02:51 [CE][LoadClusters] :: file: "mapgroupcluster.xml", 4 types, 50000 instances
 8:02:51 [CE][LoadClusters] :: file: "mapgroupcluster01", 4 types, 50000 instances
 8:02:51 [CE][LoadClusters] :: file: "mapgroupcluster02", 4 types, 50000 instances
 8:02:51 [CE][LoadClusters] :: file: "mapgroupcluster03", 4 types, 50000 instances
 8:02:51 [CE][LoadClusters] :: file: "mapgroupcluster04", 4 types, 21297 instances
 8:02:51 [CE][Storage] ver:21 stamp:70837, valid:yes, name:"mpmissions\TheCommunity.enoch\storage_420\data\types.bin"
 8:02:51 [CE][Storage] ver:21 stamp:70835, valid:yes, name:"mpmissions\TheCommunity.enoch\storage_420\data\types.001"
 8:02:51 [CE][Storage] ver:21 stamp:70836, valid:yes, name:"mpmissions\TheCommunity.enoch\storage_420\data\types.002"
 8:02:51 [CE][Storage] Restoring file "mpmissions\TheCommunity.enoch\storage_420\data\types.bin".
 8:02:51 [CE][offlineDB] :: Loaded 33 dynamic events 215 total types 0 total positions.
 8:02:52 [CE][Storage] ver:21 stamp:70837, valid:yes, name:"mpmissions\TheCommunity.enoch\storage_420\data\events.bin"
 8:02:52 [CE][Storage] ver:21 stamp:70835, valid:yes, name:"mpmissions\TheCommunity.enoch\storage_420\data\events.001"
 8:02:52 [CE][Storage] ver:21 stamp:70836, valid:yes, name:"mpmissions\TheCommunity.enoch\storage_420\data\events.002"
 8:02:52 [CE][Storage] Restoring file "mpmissions\TheCommunity.enoch\storage_420\data\events.bin".
 8:02:52 [CE][DynamicEvent] Load  Events:[33] Primary spawners: 33 Secondary spawners: 1
 8:02:52 [CE][Storage] ver:24 stamp:70837, valid:yes, name:"mpmissions\TheCommunity.enoch\storage_420\data\vehicles.bin"
 8:02:52 [CE][Storage] ver:24 stamp:70835, valid:yes, name:"mpmissions\TheCommunity.enoch\storage_420\data\vehicles.001"
 8:02:52 [CE][Storage] ver:24 stamp:70836, valid:yes, name:"mpmissions\TheCommunity.enoch\storage_420\data\vehicles.002"
 8:02:52 [CE][Storage] Restoring file "mpmissions\TheCommunity.enoch\storage_420\data\vehicles.bin" 124 items.
 8:02:52   124 items loaded.
 8:02:52 [CE][Storage] ver:24 stamp:70837, valid:yes, name:"mpmissions\TheCommunity.enoch\storage_420\data\dynamic_000.bin"
 8:02:52 [CE][Storage] ver:24 stamp:70835, valid:yes, name:"mpmissions\TheCommunity.enoch\storage_420\data\dynamic_000.001"
 8:02:52 [CE][Storage] ver:24 stamp:70836, valid:yes, name:"mpmissions\TheCommunity.enoch\storage_420\data\dynamic_000.002"
 8:02:52 [CE][Storage] Restoring file "mpmissions\TheCommunity.enoch\storage_420\data\dynamic_000.bin" 396 items.
 8:02:52   396 items loaded.
 8:02:52 [CE][Storage] ver:24 stamp:70837, valid:yes, name:"mpmissions\TheCommunity.enoch\storage_420\data\dynamic_001.bin"
 8:02:52 [CE][Storage] ver:24 stamp:70835, valid:yes, name:"mpmissions\TheCommunity.enoch\storage_420\data\dynamic_001.001"
 8:02:52 [CE][Storage] ver:24 stamp:70836, valid:yes, name:"mpmissions\TheCommunity.enoch\storage_420\data\dynamic_001.002"
 8:02:52 [CE][Storage] Restoring file "mpmissions\TheCommunity.enoch\storage_420\data\dynamic_001.bin" 2080 items.
 8:02:53   2080 items loaded.
 8:02:53 [CE][Storage] ver:24 stamp:70837, valid:yes, name:"mpmissions\TheCommunity.enoch\storage_420\data\dynamic_002.bin"
 8:02:53 [CE][Storage] ver:24 stamp:70835, valid:yes, name:"mpmissions\TheCommunity.enoch\storage_420\data\dynamic_002.001"
 8:02:53 [CE][Storage] ver:24 stamp:70836, valid:yes, name:"mpmissions\TheCommunity.enoch\storage_420\data\dynamic_002.002"
 8:02:53 [CE][Storage] Restoring file "mpmissions\TheCommunity.enoch\storage_420\data\dynamic_002.bin" 775 items.
 8:02:54   775 items loaded.
 8:02:54 [CE][Storage] ver:24 stamp:70837, valid:yes, name:"mpmissions\TheCommunity.enoch\storage_420\data\dynamic_003.bin"
 8:02:54 [CE][Storage] ver:24 stamp:70835, valid:yes, name:"mpmissions\TheCommunity.enoch\storage_420\data\dynamic_003.001"
 8:02:54 [CE][Storage] ver:24 stamp:70836, valid:yes, name:"mpmissions\TheCommunity.enoch\storage_420\data\dynamic_003.002"
 8:02:54 [CE][Storage] Restoring file "mpmissions\TheCommunity.enoch\storage_420\data\dynamic_003.bin" 1166 items.
 8:02:54   1166 items loaded.
 8:02:54 [CE][Storage] ver:24 stamp:70837, valid:yes, name:"mpmissions\TheCommunity.enoch\storage_420\data\dynamic_004.bin"
 8:02:54 [CE][Storage] ver:24 stamp:70835, valid:yes, name:"mpmissions\TheCommunity.enoch\storage_420\data\dynamic_004.001"
 8:02:54 [CE][Storage] ver:24 stamp:70836, valid:yes, name:"mpmissions\TheCommunity.enoch\storage_420\data\dynamic_004.002"
 8:02:54 [CE][Storage] Restoring file "mpmissions\TheCommunity.enoch\storage_420\data\dynamic_004.bin" 1497 items.
 8:02:55   1497 items loaded.
 8:02:55 [CE][Storage] ver:24 stamp:70837, valid:yes, name:"mpmissions\TheCommunity.enoch\storage_420\data\dynamic_005.bin"
 8:02:55 [CE][Storage] ver:24 stamp:70835, valid:yes, name:"mpmissions\TheCommunity.enoch\storage_420\data\dynamic_005.001"
 8:02:55 [CE][Storage] ver:24 stamp:70836, valid:yes, name:"mpmissions\TheCommunity.enoch\storage_420\data\dynamic_005.002"
 8:02:55 [CE][Storage] Restoring file "mpmissions\TheCommunity.enoch\storage_420\data\dynamic_005.bin" 1861 items.
 8:02:55   1861 items loaded.
 8:02:55 [CE][Storage] ver:24 stamp:70837, valid:yes, name:"mpmissions\TheCommunity.enoch\storage_420\data\dynamic_006.bin"
 8:02:55 [CE][Storage] ver:24 stamp:70835, valid:yes, name:"mpmissions\TheCommunity.enoch\storage_420\data\dynamic_006.001"
 8:02:55 [CE][Storage] ver:24 stamp:70836, valid:yes, name:"mpmissions\TheCommunity.enoch\storage_420\data\dynamic_006.002"
 8:02:55 [CE][Storage] Restoring file "mpmissions\TheCommunity.enoch\storage_420\data\dynamic_006.bin" 982 items.
 8:02:55   982 items loaded.
 8:02:55 [CE][Storage] ver:24 stamp:70837, valid:yes, name:"mpmissions\TheCommunity.enoch\storage_420\data\dynamic_007.bin"
 8:02:55 [CE][Storage] ver:24 stamp:70835, valid:yes, name:"mpmissions\TheCommunity.enoch\storage_420\data\dynamic_007.001"
 8:02:55 [CE][Storage] ver:24 stamp:70836, valid:yes, name:"mpmissions\TheCommunity.enoch\storage_420\data\dynamic_007.002"
 8:02:55 [CE][Storage] Restoring file "mpmissions\TheCommunity.enoch\storage_420\data\dynamic_007.bin" 1289 items.
 8:02:56   1289 items loaded.
 8:02:56 [CE][Storage] ver:24 stamp:70837, valid:yes, name:"mpmissions\TheCommunity.enoch\storage_420\data\dynamic_008.bin"
 8:02:56 [CE][Storage] ver:24 stamp:70835, valid:yes, name:"mpmissions\TheCommunity.enoch\storage_420\data\dynamic_008.001"
 8:02:56 [CE][Storage] ver:24 stamp:70836, valid:yes, name:"mpmissions\TheCommunity.enoch\storage_420\data\dynamic_008.002"
 8:02:56 [CE][Storage] Restoring file "mpmissions\TheCommunity.enoch\storage_420\data\dynamic_008.bin" 1062 items.
 8:02:56   1062 items loaded.
 8:02:56 [CE][Storage] ver:24 stamp:70837, valid:yes, name:"mpmissions\TheCommunity.enoch\storage_420\data\dynamic_009.bin"
 8:02:56 [CE][Storage] ver:24 stamp:70835, valid:yes, name:"mpmissions\TheCommunity.enoch\storage_420\data\dynamic_009.001"
 8:02:56 [CE][Storage] ver:24 stamp:70836, valid:yes, name:"mpmissions\TheCommunity.enoch\storage_420\data\dynamic_009.002"
 8:02:56 [CE][Storage] Restoring file "mpmissions\TheCommunity.enoch\storage_420\data\dynamic_009.bin" 1023 items.
 8:02:57   1023 items loaded.
 8:02:57 [CE][Storage] ver:24 stamp:70837, valid:yes, name:"mpmissions\TheCommunity.enoch\storage_420\data\dynamic_010.bin"
 8:02:57 [CE][Storage] ver:24 stamp:70835, valid:yes, name:"mpmissions\TheCommunity.enoch\storage_420\data\dynamic_010.001"
 8:02:57 [CE][Storage] ver:24 stamp:70836, valid:yes, name:"mpmissions\TheCommunity.enoch\storage_420\data\dynamic_010.002"
 8:02:57 [CE][Storage] Restoring file "mpmissions\TheCommunity.enoch\storage_420\data\dynamic_010.bin" 2506 items.
 8:02:57   2506 items loaded.
 8:02:57 [CE][Storage] ver:24 stamp:70837, valid:yes, name:"mpmissions\TheCommunity.enoch\storage_420\data\dynamic_011.bin"
 8:02:57 [CE][Storage] ver:24 stamp:70835, valid:yes, name:"mpmissions\TheCommunity.enoch\storage_420\data\dynamic_011.001"
 8:02:57 [CE][Storage] ver:24 stamp:70836, valid:yes, name:"mpmissions\TheCommunity.enoch\storage_420\data\dynamic_011.002"
 8:02:57 [CE][Storage] Restoring file "mpmissions\TheCommunity.enoch\storage_420\data\dynamic_011.bin" 445 items.
 8:02:58   445 items loaded.
 8:02:58 [CE][Hive] :: Storage load took:6.02 seconds, recovery stamp:70837
 8:02:58   entity: 18102, building: 0
 8:02:58   no lifetime: 52
 8:02:58 [CE][Hive] :: Initializing ... 
 8:02:58 [CE][InitializeMap] :: initialized: 0
 8:02:58 [CE][Hive] :: Initializing spawners ... 
 8:02:58 [CE][LootRespawner] (PRIDummy) :: Item [0] causing search overtime: "MSFCGorkaPATACSFG"
 8:02:58 [CE][LootRespawner] (PRIDummy) :: Item [1] causing search overtime: "MSFCGorkaPATACSFG"
 8:02:58 [CE][LootRespawner] (PRIDummy) :: Item [2] causing search overtime: "MSFCGorkaPATACSFG"
 8:02:58 [CE][LootRespawner] (PRIDummy) :: Item [3] causing search overtime: "MSFCGorkaPATACSFG"
 8:02:58 [CE][LootRespawner] (PRIDummy) :: Item [4] causing search overtime: "MSFCGorkaPATACSFG"
 8:02:58 [CE][LootRespawner] (PRIDummy) :: Item [5] causing search overtime: "MSFCKryptekRaidPlatePouches"
 8:02:58 [CE][LootRespawner] (PRIDummy) :: Item [6] causing search overtime: "MSFCKryptekRaidPlatePouches"
 8:02:58 [CE][LootRespawner] (PRIDummy) :: Item [7] causing search overtime: "MSFCKryptekRaidPlatePouches"
 8:02:58 [CE][LootRespawner] (PRIDummy) :: Item [8] causing search overtime: "PlateCarrierVest"
 8:02:58 [CE][LootRespawner] (PRIDummy) :: Item [9] causing search overtime: "PlateCarrierVest"
 8:02:58 [CE][LootRespawner] (PRIDummy) :: Item [10] causing search overtime: "PlateCarrierVest"
 8:02:58 [CE][LootRespawner] (PRIDummy) :: Item [11] causing search overtime: "PlateCarrierVest"
 8:02:58 [CE][LootRespawner] (PRIDummy) :: Item [12] causing search overtime: "PlateCarrierVest"
 8:02:58 [CE][LootRespawner] (PRIDummy) :: Item [13] causing search overtime: "PlateCarrierVest"
 8:02:58 [CE][LootRespawner] (PRIDummy) :: Item [14] causing search overtime: "PlateCarrierVest"
 8:02:58 [CE][LootRespawner] (PRIDummy) :: Item [15] causing search overtime: "PlateCarrierVest"
 8:02:58 [CE][LootRespawner] (PRIDummy) :: Item [16] causing search overtime: "PlateCarrierVest"
 8:02:58 [CE][LootRespawner] (PRIDummy) :: Item [17] causing search overtime: "PlateCarrierVest"
 8:02:58 [CE][LootRespawner] (PRIDummy) :: Item [18] causing search overtime: "PlateCarrierVest"
 8:02:58 [CE][LootRespawner] (PRIDummy) :: Item [19] causing search overtime: "PlateCarrierVest"
 8:02:59 [CE][LootRespawner] (PRIDummy) :: Item [0] is hard to place, performance drops: "Snipe_Mask_black"
 8:02:59 [CE][LootRespawner] (PRIDummy) :: Item [1] is hard to place, performance drops: "LeatherSewingKit"
 8:02:59 [CE][LootRespawner] (PRIDummy) :: Item [2] is hard to place, performance drops: "LeatherSewingKit"
 8:02:59 [CE][LootRespawner] (PRIDummy) :: Item [3] is hard to place, performance drops: "LeatherSewingKit"
 8:02:59 [CE][LootRespawner] (PRIDummy) :: Item [4] is hard to place, performance drops: "LeatherSewingKit"
 8:02:59 [CE][LootRespawner] (PRIDummy) :: Item [5] is hard to place, performance drops: "LeatherSewingKit"
 8:02:59 [CE][LootRespawner] (PRIDummy) :: Item [6] is hard to place, performance drops: "SteakKnife"
 8:02:59 [CE][LootRespawner] (PRIDummy) :: Item [7] is hard to place, performance drops: "SteakKnife"
 8:02:59 [CE][LootRespawner] (PRIDummy) :: Item [8] is hard to place, performance drops: "Msp_PlainBat"
 8:02:59 [CE][LootRespawner] (PRIDummy) :: Item [9] is hard to place, performance drops: "Msp_PlainBat"
 8:02:59 [CE][LootRespawner] (PRIDummy) :: Item [10] is hard to place, performance drops: "HatchbackHood"
 8:02:59 [CE][LootRespawner] (PRIDummy) :: Item [11] is hard to place, performance drops: "Skirt_Blue"
 8:02:59 [CE][LootRespawner] (PRIDummy) :: Item [12] is hard to place, performance drops: "ShortJeans_Green"
 8:02:59 [CE][LootRespawner] (PRIDummy) :: Item [13] is hard to place, performance drops: "PressVest_Blue"
 8:02:59 [CE][LootRespawner] (PRIDummy) :: Item [14] is hard to place, performance drops: "PressVest_Blue"
 8:02:59 [CE][LootRespawner] (PRIDummy) :: Item [15] is hard to place, performance drops: "NailBox"
 8:02:59 [CE][LootRespawner] (PRIDummy) :: Item [16] is hard to place, performance drops: "NailBox"
 8:02:59 [CE][LootRespawner] (PRIDummy) :: Item [17] is hard to place, performance drops: "NailBox"
 8:02:59 [CE][LootRespawner] (PRIDummy) :: Item [18] is hard to place, performance drops: "NailBox"
 8:02:59 [CE][LootRespawner] (PRIDummy) :: Item [19] is hard to place, performance drops: "NailBox"
 8:03:00 !!! [CE][Point] Removing 6021.780762, 3976.353027 from Land_Boat_Small2
 8:03:00 [CE][LootRespawner] (PRIDummy) :: Initially (re)spawned:2072, Nominal:32677, Total in Map: 17426 at 1 (sec)
 8:03:00   tests:2126, repeats:0 fails:54, overtime:12767
 8:03:00 [CE][DynEvent] :: 33 types
 8:03:00 [00] AmbientHen
 8:03:00   Primary Spawner: "Ambient", active: yes, repeat: 1
 8:03:00 [01] AnimalBear
 8:03:00   Primary Spawner: "Animal", active: yes, repeat: 1
 8:03:00 [02] AnimalCow
 8:03:00   Primary Spawner: "Animal", active: yes, repeat: 1
 8:03:00 [03] AnimalDeer
 8:03:00   Primary Spawner: "Animal", active: yes, repeat: 1
 8:03:00 [04] AnimalGoat
 8:03:00   Primary Spawner: "Animal", active: yes, repeat: 1
 8:03:00 [05] AnimalPig
 8:03:00   Primary Spawner: "Animal", active: yes, repeat: 1
 8:03:00 [06] AnimalRoeDeer
 8:03:00   Primary Spawner: "Animal", active: yes, repeat: 1
 8:03:00 [07] AnimalSheep
 8:03:00   Primary Spawner: "Animal", active: yes, repeat: 1
 8:03:00 [08] AnimalWildBoar
 8:03:00   Primary Spawner: "Animal", active: yes, repeat: 1
 8:03:00 [09] AnimalWolf
 8:03:00   Primary Spawner: "Animal", active: yes, repeat: 1
 8:03:00 [10] InfectedArmy
 8:03:00   Primary Spawner: "Infected", active: yes, repeat: 1
 8:03:00 [11] InfectedCity
 8:03:00   Primary Spawner: "Infected", active: yes, repeat: 1
 8:03:00 [12] InfectedFirefighter
 8:03:00   Primary Spawner: "Infected", active: yes, repeat: 1
 8:03:00 [13] InfectedIndustrial
 8:03:00   Primary Spawner: "Infected", active: yes, repeat: 1
 8:03:00 [14] InfectedMedic
 8:03:00   Primary Spawner: "Infected", active: yes, repeat: 1
 8:03:00 [15] InfectedPolice
 8:03:00   Primary Spawner: "Infected", active: yes, repeat: 1
 8:03:00 [16] InfectedPrisoner
 8:03:00   Primary Spawner: "Infected", active: yes, repeat: 1
 8:03:00 [17] InfectedReligious
 8:03:00   Primary Spawner: "Infected", active: yes, repeat: 1
 8:03:00 [18] InfectedSolitude
 8:03:00   Primary Spawner: "Infected", active: yes, repeat: 1
 8:03:00 [19] InfectedVillage
 8:03:00   Primary Spawner: "Infected", active: yes, repeat: 1
 8:03:00 [20] ItemPlanks
 8:03:00   Primary Spawner: "Item", active: yes, repeat: 1
 8:03:00 [21] Loot
 8:03:00   Primary Spawner: "Loot", active: yes, repeat: 2
 8:03:00 [22] StaticHeliCrash
 8:03:00   Primary Spawner: "Vehicle", active: yes, repeat: 1
 8:03:00   Secondary Spawner: "Infected", active: yes, repeat: 1
 8:03:00 [23] StaticPoliceCar
 8:03:00   Primary Spawner: "Vehicle", active: yes, repeat: 1
 8:03:00 [24] TrajectoryConiferous
 8:03:00