

=====================================================================
== D:\DayZServers\TheCommunity_enoch\DayZServer_x64.exe
== "D:\DayZServers\TheCommunity_enoch\DayZServer_x64.exe"  -port=2402 "-mod=@CF;@Community-Online-Tools;@BuildAnywhere;@BaseBuildingLogs;@Trader;@BaseBuildingPlus;@Durable_Suppressors;@VPPMap;@Ear-Plugs;@Catch_Rain;@DayZ-Expansion-Notifications;@DayZ-Expansion-Chat;@No_Shoe_Damage;@Airdrop-Upgraded;@Ammo_Making;@Banking;@BuilderItems;@Camosplus;@CannabisPlus;@CheckIdentity;@Code_Lock;@Dayz_Navigation;@FIDOv4;@FlipTransport;@GoreZ;@IRP;@KillFeed;@NoVehicleDamage;@PartyMe;@Modular_Vest_System;@MuchStuffPack;@SWP;@BreachingCharge;@BBPBreachCharge;@MunghardsItempack;@NDVPPM;@Next_Days;@Notes;@SQUAD_MSF-C;@Zeroy-FishingZ;@OP_BaseItems;@Base_Storage;@SIX-DayZ-Auto-Run;" -config=D:\DayZServers\TheCommunity_enoch\TheCommunityDZ.cfg -profiles=TheCommunityServer -BEPath=D:\DayZServers\TheCommunity_enoch\battleye -filePatching -adminlog -netlog -freezecheck -scrAllowFileWrite
=====================================================================
Exe timestamp: 2020/04/26 15:56:05
Current time:  2020/05/02 12:01:42

Version 1.07.153006
12:01:42.437 [Inputs] Loading inputs default "bin/constants.xml"
12:01:42.437 [Inputs] Loading inputs default "bin/specific.xml"
12:01:42.437 !!! [Inputs] Invalid input name used "UAUIInspectItem" for context "ui" in "bin/specific.xml"
12:01:42.437 !!! [Inputs] Attempt to register duplicate Modded-Inputs file "VanillaPPMap/data/modded_Inputs.xml"
12:01:42.437 [Inputs] Loading inputs default "EarPlugs\data\inputs.xml"
12:01:42.437 [Inputs] Loading inputs default "JM/COT/scripts/Data/Inputs.xml"
12:01:42.437 [Inputs] Loading inputs default "KillFeed/inputs/Inputs.xml"
12:01:42.437 [Inputs] Loading inputs default "partyme/scripts/partyme_inputs.xml"
12:01:42.437 [Inputs] Loading inputs default "VanillaPPMap/data/modded_Inputs.xml"
12:01:42.437 [Inputs] Loading inputs default "NextDays/data/NextDays_Inputs.xml"
12:01:42.437 [Inputs] Loading inputs default "A3_UI_F/Scripts/Inputs.xml"
12:01:42.437 [Inputs] Loading inputs default "BaseBuildingPlus/Scripts/Data/Inputs.xml"
12:01:42.437 [Inputs] Loading inputs default "VanillaPPMap/data/modded_Inputs.xml"
12:01:42.437 !!! [Inputs] Attempt to register duplicate input "UAOpenVPPMap"
12:01:42.437 !!! [Inputs] Attempt to register duplicate input "UAToggleVPPMap3DMarkers"
12:01:42.437 [Inputs] Loading inputs cfg "TheCommunityServer\Users\Survivor\Server.core.xml"
12:01:42.437 [Inputs] Exporting inputs cfg "TheCommunityServer\Users\Survivor\Server.core.xml"
12:01:42.749 !!! [Inputs] Attempt to register "PMHideShowTrackers" input twice
12:01:55.859 [CE][Hive] :: Initializing OFFLINE
12:01:55.859 [CE][Hive] :: Loading core data ... 
12:01:55.859 [CE][CoreData] :: 7 root classes, 19 defaults, 0 updaters...
12:02:01.657 [CE][RegisterBind] :: 0 classes binded...
12:02:01.657 [CE][RegisterConfig] :: 10056 config classes registered, 0 sub-counters...
12:02:01.657 [CE][Hive] :: Loading map data ... 
12:02:01.703 !!! [CE] :: Unknown category: 'vehicleparts'.
12:02:01.703 [CE][LoadPrototype] :: loaded 330 prototypes
12:02:01.703   702 containers, 9116 points
12:02:01.703   24 dispatches, 90 proxies
12:02:01.703 !!! [CE][LoadPrototype] 12 groups have no points...
12:02:01.703 !!![CE][LoadPrototype]  3 groups have wrong points...
12:02:01.703 [CE][LoadPrototype] :: last group name: Land_Lunapark_Autodrome...
12:02:01.703 [CE][LoadPrototype] :: loaded 0 prototypes
12:02:01.703   0 containers, 0 points
12:02:01.703   0 dispatches, 0 proxies
12:02:01.703 [CE][LoadPrototype] :: last group name: PathD_7100...
12:02:02.16 [CE][LoadMap] "Group" :: loaded 5086 groups, largest group range: 26.9
12:02:02.16 [CE][LoadMap] "Dirt" :: loaded 0 groups, largest group range: 26.9
12:02:02.110 [CE][Links] found 354 total links between groups, of 5086
12:02:02.110 [CE][LoadClusters] "Cluster" :: Loading files...
12:02:02.313 [CE][LoadClusters] :: file: "mapgroupcluster.xml", 4 types, 50000 instances
12:02:02.516 [CE][LoadClusters] :: file: "mapgroupcluster01", 4 types, 50000 instances
12:02:02.735 [CE][LoadClusters] :: file: "mapgroupcluster02", 4 types, 50000 instances
12:02:02.938 [CE][LoadClusters] :: file: "mapgroupcluster03", 4 types, 50000 instances
12:02:03.47 [CE][LoadClusters] :: file: "mapgroupcluster04", 4 types, 21297 instances
12:02:03.47 [CE][Storage] ver:21 stamp:71359, valid:yes, name:"mpmissions\TheCommunity.enoch\storage_420\data\types.bin"
12:02:03.47 [CE][Storage] ver:21 stamp:71357, valid:yes, name:"mpmissions\TheCommunity.enoch\storage_420\data\types.001"
12:02:03.47 [CE][Storage] ver:21 stamp:71358, valid:yes, name:"mpmissions\TheCommunity.enoch\storage_420\data\types.002"
12:02:03.47 [CE][Storage] Restoring file "mpmissions\TheCommunity.enoch\storage_420\data\types.bin".
12:02:03.250 [CE][offlineDB] :: Loaded 33 dynamic events 215 total types 0 total positions.
12:02:03.313 [CE][Storage] ver:21 stamp:71359, valid:yes, name:"mpmissions\TheCommunity.enoch\storage_420\data\events.bin"
12:02:03.313 [CE][Storage] ver:21 stamp:71357, valid:yes, name:"mpmissions\TheCommunity.enoch\storage_420\data\events.001"
12:02:03.313 [CE][Storage] ver:21 stamp:71358, valid:yes, name:"mpmissions\TheCommunity.enoch\storage_420\data\events.002"
12:02:03.313 [CE][Storage] Restoring file "mpmissions\TheCommunity.enoch\storage_420\data\events.bin".
12:02:03.313 [CE][DynamicEvent] Load  Events:[33] Primary spawners: 33 Secondary spawners: 1
12:02:03.313 [CE][Storage] ver:24 stamp:71359, valid:yes, name:"mpmissions\TheCommunity.enoch\storage_420\data\vehicles.bin"
12:02:03.313 [CE][Storage] ver:24 stamp:71357, valid:yes, name:"mpmissions\TheCommunity.enoch\storage_420\data\vehicles.001"
12:02:03.313 [CE][Storage] ver:24 stamp:71358, valid:yes, name:"mpmissions\TheCommunity.enoch\storage_420\data\vehicles.002"
12:02:03.313 [CE][Storage] Restoring file "mpmissions\TheCommunity.enoch\storage_420\data\vehicles.bin" 120 items.
12:02:03.532   120 items loaded.
12:02:03.532 [CE][Storage] ver:24 stamp:71359, valid:yes, name:"mpmissions\TheCommunity.enoch\storage_420\data\dynamic_000.bin"
12:02:03.532 [CE][Storage] ver:24 stamp:71357, valid:yes, name:"mpmissions\TheCommunity.enoch\storage_420\data\dynamic_000.001"
12:02:03.532 [CE][Storage] ver:24 stamp:71358, valid:yes, name:"mpmissions\TheCommunity.enoch\storage_420\data\dynamic_000.002"
12:02:03.532 [CE][Storage] Restoring file "mpmissions\TheCommunity.enoch\storage_420\data\dynamic_000.bin" 398 items.
12:02:04.141   398 items loaded.
12:02:04.157 [CE][Storage] ver:24 stamp:71359, valid:yes, name:"mpmissions\TheCommunity.enoch\storage_420\data\dynamic_001.bin"
12:02:04.157 [CE][Storage] ver:24 stamp:71357, valid:yes, name:"mpmissions\TheCommunity.enoch\storage_420\data\dynamic_001.001"
12:02:04.157 [CE][Storage] ver:24 stamp:71358, valid:yes, name:"mpmissions\TheCommunity.enoch\storage_420\data\dynamic_001.002"
12:02:04.157 [CE][Storage] Restoring file "mpmissions\TheCommunity.enoch\storage_420\data\dynamic_001.bin" 2214 items.
12:02:04.875   2214 items loaded.
12:02:04.891 [CE][Storage] ver:24 stamp:71359, valid:yes, name:"mpmissions\TheCommunity.enoch\storage_420\data\dynamic_002.bin"
12:02:04.891 [CE][Storage] ver:24 stamp:71357, valid:yes, name:"mpmissions\TheCommunity.enoch\storage_420\data\dynamic_002.001"
12:02:04.891 [CE][Storage] ver:24 stamp:71358, valid:yes, name:"mpmissions\TheCommunity.enoch\storage_420\data\dynamic_002.002"
12:02:04.891 [CE][Storage] Restoring file "mpmissions\TheCommunity.enoch\storage_420\data\dynamic_002.bin" 801 items.
12:02:05.469   801 items loaded.
12:02:05.485 [CE][Storage] ver:24 stamp:71359, valid:yes, name:"mpmissions\TheCommunity.enoch\storage_420\data\dynamic_003.bin"
12:02:05.485 [CE][Storage] ver:24 stamp:71357, valid:yes, name:"mpmissions\TheCommunity.enoch\storage_420\data\dynamic_003.001"
12:02:05.485 [CE][Storage] ver:24 stamp:71358, valid:yes, name:"mpmissions\TheCommunity.enoch\storage_420\data\dynamic_003.002"
12:02:05.485 [CE][Storage] Restoring file "mpmissions\TheCommunity.enoch\storage_420\data\dynamic_003.bin" 1168 items.
12:02:05.813   1168 items loaded.
12:02:05.813 [CE][Storage] ver:24 stamp:71359, valid:yes, name:"mpmissions\TheCommunity.enoch\storage_420\data\dynamic_004.bin"
12:02:05.813 [CE][Storage] ver:24 stamp:71357, valid:yes, name:"mpmissions\TheCommunity.enoch\storage_420\data\dynamic_004.001"
12:02:05.813 [CE][Storage] ver:24 stamp:71358, valid:yes, name:"mpmissions\TheCommunity.enoch\storage_420\data\dynamic_004.002"
12:02:05.813 [CE][Storage] Restoring file "mpmissions\TheCommunity.enoch\storage_420\data\dynamic_004.bin" 1513 items.
12:02:06.344   1513 items loaded.
12:02:06.344 [CE][Storage] ver:24 stamp:71359, valid:yes, name:"mpmissions\TheCommunity.enoch\storage_420\data\dynamic_005.bin"
12:02:06.344 [CE][Storage] ver:24 stamp:71357, valid:yes, name:"mpmissions\TheCommunity.enoch\storage_420\data\dynamic_005.001"
12:02:06.344 [CE][Storage] ver:24 stamp:71358, valid:yes, name:"mpmissions\TheCommunity.enoch\storage_420\data\dynamic_005.002"
12:02:06.344 [CE][Storage] Restoring file "mpmissions\TheCommunity.enoch\storage_420\data\dynamic_005.bin" 1867 items.
12:02:06.954   1867 items loaded.
12:02:06.954 [CE][Storage] ver:24 stamp:71359, valid:yes, name:"mpmissions\TheCommunity.enoch\storage_420\data\dynamic_006.bin"
12:02:06.954 [CE][Storage] ver:24 stamp:71357, valid:yes, name:"mpmissions\TheCommunity.enoch\storage_420\data\dynamic_006.001"
12:02:06.954 [CE][Storage] ver:24 stamp:71358, valid:yes, name:"mpmissions\TheCommunity.enoch\storage_420\data\dynamic_006.002"
12:02:06.954 [CE][Storage] Restoring file "mpmissions\TheCommunity.enoch\storage_420\data\dynamic_006.bin" 1024 items.
12:02:07.329   1024 items loaded.
12:02:07.329 [CE][Storage] ver:24 stamp:71359, valid:yes, name:"mpmissions\TheCommunity.enoch\storage_420\data\dynamic_007.bin"
12:02:07.329 [CE][Storage] ver:24 stamp:71357, valid:yes, name:"mpmissions\TheCommunity.enoch\storage_420\data\dynamic_007.001"
12:02:07.344 [CE][Storage] ver:24 stamp:71358, valid:yes, name:"mpmissions\TheCommunity.enoch\storage_420\data\dynamic_007.002"
12:02:07.344 [CE][Storage] Restoring file "mpmissions\TheCommunity.enoch\storage_420\data\dynamic_007.bin" 1273 items.
12:02:07.782   1273 items loaded.
12:02:07.782 [CE][Storage] ver:24 stamp:71359, valid:yes, name:"mpmissions\TheCommunity.enoch\storage_420\data\dynamic_008.bin"
12:02:07.782 [CE][Storage] ver:24 stamp:71357, valid:yes, name:"mpmissions\TheCommunity.enoch\storage_420\data\dynamic_008.001"
12:02:07.782 [CE][Storage] ver:24 stamp:71358, valid:yes, name:"mpmissions\TheCommunity.enoch\storage_420\data\dynamic_008.002"
12:02:07.782 [CE][Storage] Restoring file "mpmissions\TheCommunity.enoch\storage_420\data\dynamic_008.bin" 1059 items.
12:02:08.79   1059 items loaded.
12:02:08.79 [CE][Storage] ver:24 stamp:71359, valid:yes, name:"mpmissions\TheCommunity.enoch\storage_420\data\dynamic_009.bin"
12:02:08.79 [CE][Storage] ver:24 stamp:71357, valid:yes, name:"mpmissions\TheCommunity.enoch\storage_420\data\dynamic_009.001"
12:02:08.79 [CE][Storage] ver:24 stamp:71358, valid:yes, name:"mpmissions\TheCommunity.enoch\storage_420\data\dynamic_009.002"
12:02:08.79 [CE][Storage] Restoring file "mpmissions\TheCommunity.enoch\storage_420\data\dynamic_009.bin" 1014 items.
12:02:08.391   1014 items loaded.
12:02:08.391 [CE][Storage] ver:24 stamp:71359, valid:yes, name:"mpmissions\TheCommunity.enoch\storage_420\data\dynamic_010.bin"
12:02:08.391 [CE][Storage] ver:24 stamp:71357, valid:yes, name:"mpmissions\TheCommunity.enoch\storage_420\data\dynamic_010.001"
12:02:08.391 [CE][Storage] ver:24 stamp:71358, valid:yes, name:"mpmissions\TheCommunity.enoch\storage_420\data\dynamic_010.002"
12:02:08.391 [CE][Storage] Restoring file "mpmissions\TheCommunity.enoch\storage_420\data\dynamic_010.bin" 2494 items.
12:02:09.48   2494 items loaded.
12:02:09.48 [CE][Storage] ver:24 stamp:71359, valid:yes, name:"mpmissions\TheCommunity.enoch\storage_420\data\dynamic_011.bin"
12:02:09.48 [CE][Storage] ver:24 stamp:71357, valid:yes, name:"mpmissions\TheCommunity.enoch\storage_420\data\dynamic_011.001"
12:02:09.48 [CE][Storage] ver:24 stamp:71358, valid:yes, name:"mpmissions\TheCommunity.enoch\storage_420\data\dynamic_011.002"
12:02:09.48 [CE][Storage] Restoring file "mpmissions\TheCommunity.enoch\storage_420\data\dynamic_011.bin" 458 items.
12:02:09.454   458 items loaded.
12:02:09.469 [CE][Hive] :: Storage load took:6.16 seconds, recovery stamp:71359
12:02:09.469   entity: 18347, building: 0
12:02:09.469   no lifetime: 60
12:02:09.469 [CE][Hive] :: Initializing ... 
12:02:09.485 [CE][InitializeMap] :: initialized: 0
12:02:09.485 [CE][Hive] :: Initializing spawners ... 
12:02:10.344 [CE][LootRespawner] (PRIDummy) :: Item [0] causing search overtime: "MSFCGorkaPATACSFG"
12:02:10.344 [CE][LootRespawner] (PRIDummy) :: Item [1] causing search overtime: "MSFCGorkaPATACSFG"
12:02:10.344 [CE][LootRespawner] (PRIDummy) :: Item [2] causing search overtime: "MSFCGorkaPATACSFG"
12:02:10.344 [CE][LootRespawner] (PRIDummy) :: Item [3] causing search overtime: "MSFCGorkaPATACSFG"
12:02:10.344 [CE][LootRespawner] (PRIDummy) :: Item [4] causing search overtime: "MSFCKryptekRaidPlatePouches"
12:02:10.344 [CE][LootRespawner] (PRIDummy) :: Item [5] causing search overtime: "MSFCKryptekRaidPlatePouches"
12:02:10.344 [CE][LootRespawner] (PRIDummy) :: Item [6] causing search overtime: "MSFCKryptekRaidPlatePouches"
12:02:10.344 [CE][LootRespawner] (PRIDummy) :: Item [7] causing search overtime: "MSFCKryptekRaidPlatePouches"
12:02:10.344 [CE][LootRespawner] (PRIDummy) :: Item [8] causing search overtime: "MSFCKryptekRaidPlatePouches"
12:02:10.344 [CE][LootRespawner] (PRIDummy) :: Item [9] causing search overtime: "PlateCarrierVest"
12:02:10.344 [CE][LootRespawner] (PRIDummy) :: Item [10] causing search overtime: "PlateCarrierVest"
12:02:10.344 [CE][LootRespawner] (PRIDummy) :: Item [11] causing search overtime: "PlateCarrierVest"
12:02:10.344 [CE][LootRespawner] (PRIDummy) :: Item [12] causing search overtime: "PlateCarrierVest"
12:02:10.344 [CE][LootRespawner] (PRIDummy) :: Item [13] causing search overtime: "PlateCarrierVest"
12:02:10.344 [CE][LootRespawner] (PRIDummy) :: Item [14] causing search overtime: "PlateCarrierVest"
12:02:10.344 [CE][LootRespawner] (PRIDummy) :: Item [15] causing search overtime: "PlateCarrierVest"
12:02:10.344 [CE][LootRespawner] (PRIDummy) :: Item [16] causing search overtime: "PlateCarrierVest"
12:02:10.344 [CE][LootRespawner] (PRIDummy) :: Item [17] causing search overtime: "PlateCarrierVest"
12:02:10.344 [CE][LootRespawner] (PRIDummy) :: Item [18] causing search overtime: "PlateCarrierVest"
12:02:10.344 [CE][LootRespawner] (PRIDummy) :: Item [19] causing search overtime: "PlateCarrierVest"
12:02:10.532 [CE][LootRespawner] (PRIDummy) :: Item [0] is hard to place, performance drops: "LeatherSewingKit"
12:02:10.532 [CE][LootRespawner] (PRIDummy) :: Item [1] is hard to place, performance drops: "LeatherSewingKit"
12:02:10.532 [CE][LootRespawner] (PRIDummy) :: Item [2] is hard to place, performance drops: "LeatherSewingKit"
12:02:10.532 [CE][LootRespawner] (PRIDummy) :: Item [3] is hard to place, performance drops: "LeatherSewingKit"
12:02:10.548 !!! [CE][Point] Removing 11084.522461, 11208.671875 from Land_Shed_W1
12:02:10.688 [CE][LootRespawner] (PRIDummy) :: Item [4] is hard to place, performance drops: "MSFCBeerZhigulevskoeBarnoe"
12:02:10.735 [CE][LootRespawner] (PRIDummy) :: Item [5] is hard to place, performance drops: "NailBox"
12:02:10.766 [CE][LootRespawner] (PRIDummy) :: Item [6] is hard to place, performance drops: "HatchbackHood_Blue"
12:02:10.782 [CE][LootRespawner] (PRIDummy) :: Item [7] is hard to place, performance drops: "FishingRod"
12:02:10.813 [CE][LootRespawner] (PRIDummy) :: Item [8] is hard to place, performance drops: "WomanSuit_Blue"
12:02:10.813 [CE][LootRespawner] (PRIDummy) :: Item [9] is hard to place, performance drops: "Sedan_02_Hood_Red"
12:02:10.829 [CE][LootRespawner] (PRIDummy) :: Item [10] is hard to place, performance drops: "Lockpick"
12:02:10.876 [CE][LootRespawner] (PRIDummy) :: Item [11] is hard to place, performance drops: "Balaclava3Holes_Green"
12:02:10.891 [CE][LootRespawner] (PRIDummy) :: Item [12] is hard to place, performance drops: "Defender110_dver_2_2"
12:02:10.907 [CE][LootRespawner] (PRIDummy) :: Item [13] is hard to place, performance drops: "MSFCBeerZhigulevskoe"
12:02:10.907 [CE][LootRespawner] (PRIDummy) :: Item [14] is hard to place, performance drops: "MSFCBeerZhigulevskoe"
12:02:10.907 [CE][LootRespawner] (PRIDummy) :: Item [15] is hard to place, performance drops: "MSFCBeerZhigulevskoe"
12:02:10.938 [CE][LootRespawner] (PRIDummy) :: Item [16] is hard to place, performance drops: "Sedan_02_Door_2_2_RedRust"
12:02:11.204 [CE][LootRespawner] (PRIDummy) :: Item [17] is hard to place, performance drops: "BalaclavaMask_Beige"
12:02:11.251 [CE][LootRespawner] (PRIDummy) :: Item [18] is hard to place, performance drops: "Defender110_kapot_Green"
12:02:11.313 [CE][LootRespawner] (PRIDummy) :: Item [19] is hard to place, performance drops: "Flashlight"
12:02:11.704 [CE][LootRespawner] (PRIDummy) :: Initially (re)spawned:2073, Nominal:32677, Total in Map: 17621 at 1 (sec)
12:02:11.704   tests:2108, repeats:1 fails:34, overtime:12773
12:02:11.704 [CE][DynEvent] :: 33 types
12:02:11.704 [00] AmbientHen
12:02:11.704   Primary Spawner: "Ambient", active: yes, repeat: 1
12:02:11.704 [01] AnimalBear
12:02:11.704   Primary Spawner: "Animal", active: yes, repeat: 1
12:02:11.704 [02] AnimalCow
12:02:11.704   Primary Spawner: "Animal", active: yes, repeat: 1
12:02:11.704 [03] AnimalDeer
12:02:11.704   Primary Spawner: "Animal", active: yes, repeat: 1
12:02:11.704 [04] AnimalGoat
12:02:11.704   Primary Spawner: "Animal", active: yes, repeat: 1
12:02:11.704 [05] AnimalPig
12:02:11.704   Primary Spawner: "Animal", active: yes, repeat: 1
12:02:11.704 [06] AnimalRoeDeer
12:02:11.704   Primary Spawner: "Animal", active: yes, repeat: 1
12:02:11.704 [07] AnimalSheep
12:02:11.704   Primary Spawner: "Animal", active: yes, repeat: 1
12:02:11.704 [08] AnimalWildBoar
12:02:11.704   Primary Spawner: "Animal", active: yes, repeat: 1
12:02:11.704 [09] AnimalWolf
12:02:11.704   Primary Spawner: "Animal", active: yes, repeat: 1
12:02:11.704 [10] InfectedArmy
12:02:11.704   Primary Spawner: "Infected", active: yes, repeat: 1
12:02:11.704 [11] InfectedCity
12:02:11.704   Primary Spawner: "Infected", active: yes, repeat: 1
12:02:11.704 [12] InfectedFirefighter
12:02:11.704   Primary Spawner: "Infected", active: yes, repeat: 1
12:02:11.704 [13] InfectedIndustrial
12:02:11.704   Primary Spawner: "Infected", active: yes, repeat: 1
12:02:11.704 [14] InfectedMedic
12:02:11.704   Primary Spawner: "Infected", active: yes, repeat: 1
12:02:11.704 [15] InfectedPolice
12:02:11.704   Primary Spawner: "Infected", active: yes, repeat: 1
12:02:11.704 [16] InfectedPrisoner
12:02:11.704   Primary Spawner: "Infected", active: yes, repeat: 1
12:02:11.704 [17] InfectedReligious
12:02:11.704   Primary Spawner: "Infected", active: yes, repeat: 1
12:02:11.704 [18] InfectedSolitude
12:02:11.704   Primary Spawner: "Infected", active: yes, repeat: 1
12:02:11.704 [19] InfectedVillage
12:02:11.704   Primary Spawner: "Infected", active: yes, repeat: 1
12:02:11.704 [20] ItemPlanks
12:02:11.704   Primary Spawner: "Item", active: yes, repeat: 1
12:02:11.704 [21] Loot
12:02:11.704   Primary Spawner: "Loot", active: yes, repeat: 2
12:02:11.704 [22] StaticHeliCrash
12:02:11.704   Primary Spawner: "Vehicle", active: yes, repeat: 1
12:02:11.704   Secondary Spawner: "Infected", active: yes, repeat: 1
12:02:11.704 [23] StaticPoliceCar
12:02:11.704   Primary Spawner: "Vehicle", active: yes, repeat: 1
12:02:11.704 [24] TrajectoryConiferous
12:02:11.704   Primary Spawner: "Trajectory", active: yes, repeat: 1
12:02:11.704 [25] TrajectoryDeciduous
12:02:11.704   Primary Spawner: "Trajectory", active: yes, repeat: 1
12:02:11.704 [26] TrajectoryHumus
12:02:11.704   Primary Spawner: "Trajectory", active: yes, repeat: 1
12:02:11.704 [27] TrajectoryStones
12:02:11.704   Primary Spawner: "Trajectory", active: yes, repeat: 1
12:02:11.704 [28] VehicleCivilianSedan
12:02:11.704   Primary Spawner: "Vehicle", active: yes, repeat: 1
12:02:11.704 [29] VehicleHatchback02
12:02:11.704   Primary Spawner: "Vehicle", active: yes, repeat: 1
12:02:11.704 [30] VehicleOffroadHatchback
12:02:11.704   Primary Spawner: "Vehicle", active: yes, repeat: 1
12:02:11.704 [31] VehicleSedan02
12:02:11.704   Primary Spawner: "Vehicle", active: yes, repeat: 1
12:02:11.704 [32] VehicleCrSk_Land_Rover_Defender_110
12:02:11.704   Primary Spawner: "Vehicle", active: yes, repeat: 1
12:02:11.704 [CE][Hive] :: Initializing of spawners done.
12:02:11.704 [CE][Hive] :: Init sequence finished.
12:02:11.704 Player connect enabled
12:02:15.876 Average server FPS: 157.85 (measured interval: 30 s)
12:02:15.876 Used memory: 1616728 KB
12:02:15.876 Players: 0 in total
12:02:45.877 Average server FPS: 5049.07 (measured interval: 30 s)
12:02:45.877 Used memory: 1645965 KB
12:02:45.877 Players: 0 in total
12:03:15.879 Average server FPS: 5972.20 (measured interval: 30 s)
12:03:15.879 Used memory: 1662190 KB
12:03:15.879 Players: 0 in total
12:03:25.98 [Login]: Adding player Survivor (11681690) to login queue at position 0
12:03:25.98 [LoginMachine]: Add player Survivor (11681690)
12:03:25.98 [StateMachine]: Player Survivor (dpnid 11681690 uid ) Entering AuthPlayerLoginState
12:03:25.629 [StateMachine]: Player Survivor (dpnid 11681690 uid ) Entering WaitAuthPlayerLoginState
12:03:27.911 [StateMachine]: Player Survivor (dpnid 11681690 uid IOMuJAAK4yhu6hvx9yUvLaoMCQBU0x3dyBsWmV1Dj40=) Entering DBGetLoginTimeLoginState