 0:03:06 BattlEye Server: Initialized (v1.217)
 0:03:06 SUCCESS: SteamGameServer_Init(0,8766,2402,28016,3,1.07.153006)
 0:03:06 Roles assigned.
 0:03:06 Reading mission ...
 0:03:16 [CE][Hive] :: Initializing OFFLINE
 0:03:16 [CE][Hive] :: Loading core data ... 
 0:03:16 [CE][CoreData] :: 7 root classes, 19 defaults, 0 updaters...
 0:03:22 [CE][RegisterBind] :: 0 classes binded...
 0:03:22 [CE][RegisterConfig] :: 10056 config classes registered, 0 sub-counters...
 0:03:22 [CE][Hive] :: Loading map data ... 
 0:03:22 !!! [CE] :: Unknown category: 'vehicleparts'.
 0:03:22 [CE][LoadPrototype] :: loaded 330 prototypes
 0:03:22   702 containers, 9116 points
 0:03:22   24 dispatches, 90 proxies
 0:03:22 !!! [CE][LoadPrototype] 12 groups have no points...
 0:03:22 !!![CE][LoadPrototype]  3 groups have wrong points...
 0:03:22 [CE][LoadPrototype] :: last group name: Land_Lunapark_Autodrome...
 0:03:22 [CE][LoadPrototype] :: loaded 0 prototypes
 0:03:22   0 containers, 0 points
 0:03:22   0 dispatches, 0 proxies
 0:03:22 [CE][LoadPrototype] :: last group name: PathD_7100...
 0:03:22 [CE][LoadMap] "Group" :: loaded 5086 groups, largest group range: 26.9
 0:03:22 [CE][LoadMap] "Dirt" :: loaded 0 groups, largest group range: 26.9
 0:03:22 [CE][LoadClusters] "Cluster" :: Loading files...
 0:03:23 [CE][LoadClusters] :: file: "mapgroupcluster.xml", 4 types, 50000 instances
 0:03:23 [CE][LoadClusters] :: file: "mapgroupcluster01", 4 types, 50000 instances
 0:03:23 [CE][LoadClusters] :: file: "mapgroupcluster02", 4 types, 50000 instances
 0:03:23 [CE][LoadClusters] :: file: "mapgroupcluster03", 4 types, 50000 instances
 0:03:23 [CE][LoadClusters] :: file: "mapgroupcluster04", 4 types, 21297 instances
 0:03:23 [CE][Storage] ver:21 stamp:69797, valid:yes, name:"mpmissions\TheCommunity.enoch\storage_420\data\types.bin"
 0:03:23 [CE][Storage] ver:21 stamp:69795, valid:yes, name:"mpmissions\TheCommunity.enoch\storage_420\data\types.001"
 0:03:23 [CE][Storage] ver:21 stamp:69796, valid:yes, name:"mpmissions\TheCommunity.enoch\storage_420\data\types.002"
 0:03:23 [CE][Storage] Restoring file "mpmissions\TheCommunity.enoch\storage_420\data\types.bin".
 0:03:23 [CE][offlineDB] :: Loaded 33 dynamic events 215 total types 0 total positions.
 0:03:24 [CE][Storage] ver:21 stamp:69797, valid:yes, name:"mpmissions\TheCommunity.enoch\storage_420\data\events.bin"
 0:03:24 [CE][Storage] ver:21 stamp:69795, valid:yes, name:"mpmissions\TheCommunity.enoch\storage_420\data\events.001"
 0:03:24 [CE][Storage] ver:21 stamp:69796, valid:yes, name:"mpmissions\TheCommunity.enoch\storage_420\data\events.002"
 0:03:24 [CE][Storage] Restoring file "mpmissions\TheCommunity.enoch\storage_420\data\events.bin".
 0:03:24 [CE][DynamicEvent] Load  Events:[33] Primary spawners: 33 Secondary spawners: 1
 0:03:24 [CE][Storage] ver:24 stamp:69797, valid:yes, name:"mpmissions\TheCommunity.enoch\storage_420\data\vehicles.bin"
 0:03:24 [CE][Storage] ver:24 stamp:69795, valid:yes, name:"mpmissions\TheCommunity.enoch\storage_420\data\vehicles.001"
 0:03:24 [CE][Storage] ver:24 stamp:69796, valid:yes, name:"mpmissions\TheCommunity.enoch\storage_420\data\vehicles.002"
 0:03:24 [CE][Storage] Restoring file "mpmissions\TheCommunity.enoch\storage_420\data\vehicles.bin" 127 items.
 0:03:24   127 items loaded.
 0:03:24 [CE][Storage] ver:24 stamp:69797, valid:yes, name:"mpmissions\TheCommunity.enoch\storage_420\data\dynamic_000.bin"
 0:03:24 [CE][Storage] ver:24 stamp:69795, valid:yes, name:"mpmissions\TheCommunity.enoch\storage_420\data\dynamic_000.001"
 0:03:24 [CE][Storage] ver:24 stamp:69796, valid:yes, name:"mpmissions\TheCommunity.enoch\storage_420\data\dynamic_000.002"
 0:03:24 [CE][Storage] Restoring file "mpmissions\TheCommunity.enoch\storage_420\data\dynamic_000.bin" 435 items.
 0:03:24   435 items loaded.
 0:03:24 [CE][Storage] ver:24 stamp:69797, valid:yes, name:"mpmissions\TheCommunity.enoch\storage_420\data\dynamic_001.bin"
 0:03:24 [CE][Storage] ver:24 stamp:69795, valid:yes, name:"mpmissions\TheCommunity.enoch\storage_420\data\dynamic_001.001"
 0:03:24 [CE][Storage] ver:24 stamp:69796, valid:yes, name:"mpmissions\TheCommunity.enoch\storage_420\data\dynamic_001.002"
 0:03:24 [CE][Storage] Restoring file "mpmissions\TheCommunity.enoch\storage_420\data\dynamic_001.bin" 2189 items.
 0:03:25   2189 items loaded.
 0:03:25 [CE][Storage] ver:24 stamp:69797, valid:yes, name:"mpmissions\TheCommunity.enoch\storage_420\data\dynamic_002.bin"
 0:03:25 [CE][Storage] ver:24 stamp:69795, valid:yes, name:"mpmissions\TheCommunity.enoch\storage_420\data\dynamic_002.001"
 0:03:25 [CE][Storage] ver:24 stamp:69796, valid:yes, name:"mpmissions\TheCommunity.enoch\storage_420\data\dynamic_002.002"
 0:03:25 [CE][Storage] Restoring file "mpmissions\TheCommunity.enoch\storage_420\data\dynamic_002.bin" 787 items.
 0:03:26   787 items loaded.
 0:03:26 [CE][Storage] ver:24 stamp:69797, valid:yes, name:"mpmissions\TheCommunity.enoch\storage_420\data\dynamic_003.bin"
 0:03:26 [CE][Storage] ver:24 stamp:69795, valid:yes, name:"mpmissions\TheCommunity.enoch\storage_420\data\dynamic_003.001"
 0:03:26 [CE][Storage] ver:24 stamp:69796, valid:yes, name:"mpmissions\TheCommunity.enoch\storage_420\data\dynamic_003.002"
 0:03:26 [CE][Storage] Restoring file "mpmissions\TheCommunity.enoch\storage_420\data\dynamic_003.bin" 1156 items.
 0:03:26   1156 items loaded.
 0:03:26 [CE][Storage] ver:24 stamp:69797, valid:yes, name:"mpmissions\TheCommunity.enoch\storage_420\data\dynamic_004.bin"
 0:03:26 [CE][Storage] ver:24 stamp:69795, valid:yes, name:"mpmissions\TheCommunity.enoch\storage_420\data\dynamic_004.001"
 0:03:26 [CE][Storage] ver:24 stamp:69796, valid:yes, name:"mpmissions\TheCommunity.enoch\storage_420\data\dynamic_004.002"
 0:03:26 [CE][Storage] Restoring file "mpmissions\TheCommunity.enoch\storage_420\data\dynamic_004.bin" 1538 items.
 0:03:27   1538 items loaded.
 0:03:27 [CE][Storage] ver:24 stamp:69797, valid:yes, name:"mpmissions\TheCommunity.enoch\storage_420\data\dynamic_005.bin"
 0:03:27 [CE][Storage] ver:24 stamp:69795, valid:yes, name:"mpmissions\TheCommunity.enoch\storage_420\data\dynamic_005.001"
 0:03:27 [CE][Storage] ver:24 stamp:69796, valid:yes, name:"mpmissions\TheCommunity.enoch\storage_420\data\dynamic_005.002"
 0:03:27 [CE][Storage] Restoring file "mpmissions\TheCommunity.enoch\storage_420\data\dynamic_005.bin" 1851 items.
 0:03:27   1851 items loaded.
 0:03:27 [CE][Storage] ver:24 stamp:69797, valid:yes, name:"mpmissions\TheCommunity.enoch\storage_420\data\dynamic_006.bin"
 0:03:27 [CE][Storage] ver:24 stamp:69795, valid:yes, name:"mpmissions\TheCommunity.enoch\storage_420\data\dynamic_006.001"
 0:03:27 [CE][Storage] ver:24 stamp:69796, valid:yes, name:"mpmissions\TheCommunity.enoch\storage_420\data\dynamic_006.002"
 0:03:27 [CE][Storage] Restoring file "mpmissions\TheCommunity.enoch\storage_420\data\dynamic_006.bin" 967 items.
 0:03:27   967 items loaded.
 0:03:27 [CE][Storage] ver:24 stamp:69797, valid:yes, name:"mpmissions\TheCommunity.enoch\storage_420\data\dynamic_007.bin"
 0:03:27 [CE][Storage] ver:24 stamp:69795, valid:yes, name:"mpmissions\TheCommunity.enoch\storage_420\data\dynamic_007.001"
 0:03:27 [CE][Storage] ver:24 stamp:69796, valid:yes, name:"mpmissions\TheCommunity.enoch\storage_420\data\dynamic_007.002"
 0:03:27 [CE][Storage] Restoring file "mpmissions\TheCommunity.enoch\storage_420\data\dynamic_007.bin" 1260 items.
 0:03:28   1260 items loaded.
 0:03:28 [CE][Storage] ver:24 stamp:69797, valid:yes, name:"mpmissions\TheCommunity.enoch\storage_420\data\dynamic_008.bin"
 0:03:28 [CE][Storage] ver:24 stamp:69795, valid:yes, name:"mpmissions\TheCommunity.enoch\storage_420\data\dynamic_008.001"
 0:03:28 [CE][Storage] ver:24 stamp:69796, valid:yes, name:"mpmissions\TheCommunity.enoch\storage_420\data\dynamic_008.002"
 0:03:28 [CE][Storage] Restoring file "mpmissions\TheCommunity.enoch\storage_420\data\dynamic_008.bin" 1074 items.
 0:03:28   1074 items loaded.
 0:03:28 [CE][Storage] ver:24 stamp:69797, valid:yes, name:"mpmissions\TheCommunity.enoch\storage_420\data\dynamic_009.bin"
 0:03:28 [CE][Storage] ver:24 stamp:69795, valid:yes, name:"mpmissions\TheCommunity.enoch\storage_420\data\dynamic_009.001"
 0:03:28 [CE][Storage] ver:24 stamp:69796, valid:yes, name:"mpmissions\TheCommunity.enoch\storage_420\data\dynamic_009.002"
 0:03:28 [CE][Storage] Restoring file "mpmissions\TheCommunity.enoch\storage_420\data\dynamic_009.bin" 1018 items.
 0:03:29   1018 items loaded.
 0:03:29 [CE][Storage] ver:24 stamp:69797, valid:yes, name:"mpmissions\TheCommunity.enoch\storage_420\data\dynamic_010.bin"
 0:03:29 [CE][Storage] ver:24 stamp:69795, valid:yes, name:"mpmissions\TheCommunity.enoch\storage_420\data\dynamic_010.001"
 0:03:29 [CE][Storage] ver:24 stamp:69796, valid:yes, name:"mpmissions\TheCommunity.enoch\storage_420\data\dynamic_010.002"
 0:03:29 [CE][Storage] Restoring file "mpmissions\TheCommunity.enoch\storage_420\data\dynamic_010.bin" 2498 items.
 0:03:29   2498 items loaded.
 0:03:29 [CE][Storage] ver:24 stamp:69797, valid:yes, name:"mpmissions\TheCommunity.enoch\storage_420\data\dynamic_011.bin"
 0:03:29 [CE][Storage] ver:24 stamp:69795, valid:yes, name:"mpmissions\TheCommunity.enoch\storage_420\data\dynamic_011.001"
 0:03:29 [CE][Storage] ver:24 stamp:69796, valid:yes, name:"mpmissions\TheCommunity.enoch\storage_420\data\dynamic_011.002"
 0:03:29 [CE][Storage] Restoring file "mpmissions\TheCommunity.enoch\storage_420\data\dynamic_011.bin" 452 items.
 0:03:30   452 items loaded.
 0:03:30 [CE][Hive] :: Storage load took:6.16 seconds, recovery stamp:69797
 0:03:30   entity: 18233, building: 0
 0:03:30   no lifetime: 67
 0:03:30 [CE][Hive] :: Initializing ... 
 0:03:30 [CE][InitializeMap] :: initialized: 0
 0:03:30 [CE][Hive] :: Initializing spawners ... 
 0:03:31 [CE][LootRespawner] (PRIDummy) :: Item [0] causing search overtime: "MSFCGorkaPATACSFG"
 0:03:31 [CE][LootRespawner] (PRIDummy) :: Item [1] causing search overtime: "MSFCGorkaPATACSFG"
 0:03:31 [CE][LootRespawner] (PRIDummy) :: Item [2] causing search overtime: "MSFCGorkaPATACSFG"
 0:03:31 [CE][LootRespawner] (PRIDummy) :: Item [3] causing search overtime: "MSFCGorkaPATACSFG"
 0:03:31 [CE][LootRespawner] (PRIDummy) :: Item [4] causing search overtime: "MSFCGorkaPATACSFG"
 0:03:31 [CE][LootRespawner] (PRIDummy) :: Item [5] causing search overtime: "MSFCKryptekRaidPlatePouches"
 0:03:31 [CE][LootRespawner] (PRIDummy) :: Item [6] causing search overtime: "MSFCKryptekRaidPlatePouches"
 0:03:31 [CE][LootRespawner] (PRIDummy) :: Item [7] causing search overtime: "MSFCKryptekRaidPlatePouches"
 0:03:31 [CE][LootRespawner] (PRIDummy) :: Item [8] causing search overtime: "MSFCKryptekRaidPlatePouches"
 0:03:31 [CE][LootRespawner] (PRIDummy) :: Item [9] causing search overtime: "MSFCKryptekRaidPlatePouches"
 0:03:31 [CE][LootRespawner] (PRIDummy) :: Item [10] causing search overtime: "PlateCarrierVest"
 0:03:31 [CE][LootRespawner] (PRIDummy) :: Item [11] causing search overtime: "PlateCarrierVest"
 0:03:31 [CE][LootRespawner] (PRIDummy) :: Item [12] causing search overtime: "PlateCarrierVest"
 0:03:31 [CE][LootRespawner] (PRIDummy) :: Item [13] causing search overtime: "PlateCarrierVest"
 0:03:31 [CE][LootRespawner] (PRIDummy) :: Item [14] causing search overtime: "PlateCarrierVest"
 0:03:31 [CE][LootRespawner] (PRIDummy) :: Item [15] causing search overtime: "PlateCarrierVest"
 0:03:31 [CE][LootRespawner] (PRIDummy) :: Item [16] causing search overtime: "PlateCarrierVest"
 0:03:31 [CE][LootRespawner] (PRIDummy) :: Item [17] causing search overtime: "PlateCarrierVest"
 0:03:31 [CE][LootRespawner] (PRIDummy) :: Item [18] causing search overtime: "PlateCarrierVest"
 0:03:31 [CE][LootRespawner] (PRIDummy) :: Item [19] causing search overtime: "PlateCarrierVest"
 0:03:31 [CE][LootRespawner] (PRIDummy) :: Item [0] is hard to place, performance drops: "Epinephrine"
 0:03:31 [CE][LootRespawner] (PRIDummy) :: Item [1] is hard to place, performance drops: "Epinephrine"
 0:03:31 [CE][LootRespawner] (PRIDummy) :: Item [2] is hard to place, performance drops: "Epinephrine"
 0:03:31 [CE][LootRespawner] (PRIDummy) :: Item [3] is hard to place, performance drops: "Epinephrine"
 0:03:31 [CE][LootRespawner] (PRIDummy) :: Item [4] is hard to place, performance drops: "Epinephrine"
 0:03:31 [CE][LootRespawner] (PRIDummy) :: Item [5] is hard to place, performance drops: "Epinephrine"
 0:03:31 [CE][LootRespawner] (PRIDummy) :: Item [6] is hard to place, performance drops: "Epinephrine"
 0:03:31 [CE][LootRespawner] (PRIDummy) :: Item [7] is hard to place, performance drops: "Epinephrine"
 0:03:31 [CE][LootRespawner] (PRIDummy) :: Item [8] is hard to place, performance drops: "Epinephrine"
 0:03:31 [CE][LootRespawner] (PRIDummy) :: Item [9] is hard to place, performance drops: "Epinephrine"
 0:03:31 [CE][LootRespawner] (PRIDummy) :: Item [10] is hard to place, performance drops: "Epinephrine"
 0:03:31 [CE][LootRespawner] (PRIDummy) :: Item [11] is hard to place, performance drops: "Epinephrine"
 0:03:31 [CE][LootRespawner] (PRIDummy) :: Item [12] is hard to place, performance drops: "Epinephrine"
 0:03:31 [CE][LootRespawner] (PRIDummy) :: Item [13] is hard to place, performance drops: "teddyhead_mung"
 0:03:31 [CE][LootRespawner] (PRIDummy) :: Item [14] is hard to place, performance drops: "LeatherSewingKit"
 0:03:31 [CE][LootRespawner] (PRIDummy) :: Item [15] is hard to place, performance drops: "LeatherSewingKit"
 0:03:31 [CE][LootRespawner] (PRIDummy) :: Item [16] is hard to place, performance drops: "MSFC_FirstAidKit"
 0:03:31 [CE][LootRespawner] (PRIDummy) :: Item [17] is hard to place, performance drops: "MSFC_FirstAidKit"
 0:03:31 [CE][LootRespawner] (PRIDummy) :: Item [18] is hard to place, performance drops: "MSFC_FirstAidKit"
 0:03:31 [CE][LootRespawner] (PRIDummy) :: Item [19] is hard to place, performance drops: "MSFC_FirstAidKit"
 0:03:32 !!! [CE][Point] Removing 11478.268555, 10158.290039 from Land_Boat_Small2
 0:03:32 [CE][LootRespawner] (PRIDummy) :: Initially (re)spawned:2052, Nominal:32677, Total in Map: 17538 at 1 (sec)
 0:03:32   tests:2151, repeats:0 fails:99, overtime:12729
 0:03:32 [CE][DynEvent] :: 33 types
 0:03:32 [00] AmbientHen
 0:03:32   Primary Spawner: "Ambient", active: yes, repeat: 1
 0:03:32 [01] AnimalBear
 0:03:32   Primary Spawner: "Animal", active: yes, repeat: 1
 0:03:32 [02] AnimalCow
 0:03:32   Primary Spawner: "Animal", active: yes, repeat: 1
 0:03:32 [03] AnimalDeer
 0:03:32   Primary Spawner: "Animal", active: yes, repeat: 1
 0:03:32 [04] AnimalGoat
 0:03:32   Primary Spawner: "Animal", active: yes, repeat: 1
 0:03:32 [05] AnimalPig
 0:03:32   Primary Spawner: "Animal", active: yes, repeat: 1
 0:03:32 [06] AnimalRoeDeer
 0:03:32   Primary Spawner: "Animal", active: yes, repeat: 1
 0:03:32 [07] AnimalSheep
 0:03:32   Primary Spawner: "Animal", active: yes, repeat: 1
 0:03:32 [08] AnimalWildBoar
 0:03:32   Primary Spawner: "Animal", active: yes, repeat: 1
 0:03:32 [09] AnimalWolf
 0:03:32   Primary Spawner: "Animal", active: yes, repeat: 1
 0:03:32 [10] InfectedArmy
 0:03:32   Primary Spawner: "Infected", active: yes, repeat: 1
 0:03:32 [11] InfectedCity
 0:03:32   Primary Spawner: "Infected", active: yes, repeat: 1
 0:03:32 [12] InfectedFirefighter
 0:03:32   Primary Spawner: "Infected", active: yes, repeat: 1
 0:03:32 [13] InfectedIndustrial
 0:03:32   Primary Spawner: "Infected", active: yes, repeat: 1
 0:03:32 [14] InfectedMedic
 0:03:32   Primary Spawner: "Infected", active: yes, repeat: 1
 0:03:32 [15] InfectedPolice
 0:03:32   Primary Spawner: "Infected", active: yes, repeat: 1
 0:03:32 [16] InfectedPrisoner
 0:03:32   Primary Spawner: "Infected", active: yes, repeat: 1
 0:03:32 [17] InfectedReligious
 0:03:32   Primary Spawner: "Infected", active: yes, repeat: 1
 0:03:32 [18] InfectedSolitude
 0:03:32   Primary Spawner: "Infected", active: yes, repeat: 1
 0:03:32 [19] InfectedVillage
 0:03:32   Primary Spawner: "Infected", active: yes, repeat: 1
 0:03:32 [20] ItemPlanks
 0:03:32   Primary Spawner: "Item", active: yes, repeat: 1
 0:03:32 [21] Loot
 0:03:32   Primary Spawner: "Loot", active: yes, repeat: 2
 0:03:32 [22] StaticHeliCrash
 0:03:32   Primary Spawner: "Vehicle", active: yes, repeat: 1
 0:03:32   Secondary Spawner: "Infected", active: yes, repeat: 1
 0:03:32 [23] StaticPoliceCar
 0:03:32   Primary Spawner: "Vehicle", active: yes, repeat: 1
 0:03:32 [24] TrajectoryConiferous
 0:03:32   Primary Spawner: "Trajectory", active: yes, repeat: 1
 0:03:32 [25] TrajectoryDeciduous
 0:03:32   Primary Spawner: "Trajectory", active: yes, repeat: 1
 0:03:32 [26] TrajectoryHumus
 0:03:32   Primary Spawner: "Trajectory", active: yes, repeat: 1
 0:03:32 [27] TrajectoryStones
 0:03:32   Primary Spawner: "Trajectory", active: yes, repeat: 1
 0:03:32 [28] VehicleCivilianSedan
 0:03:32   Primary Spawner: "Vehicle", active: yes, repeat: 1
 0:03:32 [29] VehicleHatchback02
 0:03:32   Primary Spawner: "Vehicle", active: yes, repeat: 1
 0:03:32 [30] VehicleOffroadHatchback
 0:03:32   Primary Spawner: "Vehicle", active: yes, repeat: 1
 0:03:32 [31] VehicleSedan02
 0:03:32   Primary Spawner: "Vehicle", active: yes, repeat: 1
 0:03:32 [32] VehicleCrSk_Land_Rover_Defender_110
 0:03:32   Primary Spawner: "Vehicle", active: yes, repeat: 1
 0:03:32 [CE][Hive] :: Initializing of spawners done.
 0:03:32 [CE][Hive] :: Init sequence finished.
 0:03:36 Average server FPS: 162.12 (measured interval: 30 s)
 0:03:36 Used memory: 1621296 KB
 0:03:36 Players: 0 in total
 0:04:06 Average server FPS: 4325.37 (measured interval: 30 s)
 0:04:06 Used memory: 1647186 KB
 0:04:06 Players: 0 in total
 0:04:14 BattlEye Server: RCon admin #0 (127.0.0.1:50888) logged in
 0:04:36 Average server FPS: 5388.47 (measured interval: 30 s)
 0:04:36 Used memory: 1666237 KB
 0:04:36 Players: 0 in total
 0:05:06 Average server FPS: 5714.43 (measured interval: 30 s)
 0:05:06 Used memory: 1672583 KB
 0:05:06 Players: 0 in total
 0:05:36 Average server FPS: 5804.97 (measured interval: 30 s)
 0:05:36 Used memory: 1676853 KB
 0:05:36 Players: 0 in total
 0:06:06 Average server FPS: 5728.90 (measured interval: 30 s)
 0:06:06 Used memory: 1689813 KB
 0:06:06 Players: 0 in total
 0:06:26 [Login]: Adding player Survivor (879164400) to login queue at position 0
 0:06:26 [LoginMachine]: Add player Survivor (879164400)
 0:06:26 [StateMachine]: Player Survivor (dpnid 879164400 uid ) Entering AuthPlayerLoginState
 0:06:27 BattlEye Server: Player #0 Survivor (185.229.59.11:2304) connected
 0:06:27 Player Survivor connecting.
 0:06:27 [StateMachine]: Player Survivor (dpnid 879164400 uid ) Entering WaitAuthPlayerLoginState
 0:06:27 BattlEye Server: Connected to BE Master
 0:06:28 BattlEye Server: Player #0 Survivor - BE GUID: f09964ecd95d9513d122b8a49826ec1e
 0:06:28 BattlEye Server: Verified GUID (f09964ecd95d9513d122b8a49826ec1e) of player #0 Survivor
 0:06:28 Player Survivor connected (id=IOMuJAAK4yhu6hvx9yUvLaoMCQBU0x3dyBsWmV1Dj40=).
 0:06:33 [StateMachine]: Player Survivor (dpnid 879164400 uid IOMuJAAK4yhu6hvx9yUvLaoMCQBU0x3dyBsWmV1Dj40=) Entering DBGetLoginTimeLoginState
 0:06:33 [StateMachine]: Player Survivor (dpnid 879164400 uid IOMuJAAK4yhu6hvx9yUvLaoMCQBU0x3dyBsWmV1Dj40=) Entering DBWaitLoginTimeLoginState
 0:06:36 Average server FPS: 5656.33 (measured interval: 30 s)
 0:06:36 Used memory: 1699061 KB
 0:06:36 Players: 1 in total
 0:06:48 [StateMachine]: Player Survivor (dpnid 879164400 uid IOMuJAAK4yhu6hvx9yUvLaoMCQBU0x3dyBsWmV1Dj40=) Entering DBGetCharacterLoginState
 0:06:49 [StateMachine]: Player Survivor (dpnid 879164400 uid IOMuJAAK4yhu6hvx9yUvLaoMCQBU0x3dyBsWmV1Dj40=) Entering CreateNetObjectsLoginState
 0:06:49 Player Survivor dpid=879164400 at pos (7919.4, 319.4, 9735.3) 
 0:06:49 [StateMachine]: Player Survivor (dpnid 879164400 uid IOMuJAAK4yhu6hvx9yUvLaoMCQBU0x3dyBsWmV1Dj40=) Entering PreloadCamLoginState
 0:06:49 [StateMachine]: Player Survivor (dpnid 879164400 uid IOMuJAAK4yhu6hvx9yUvLaoMCQBU0x3dyBsWmV1Dj40=) Entering WaitPreloadCamLoginState
 0:06:54 [StateMachine]: Player Survivor (dpnid 879164400 uid IOMuJAAK4yhu6hvx9yUvLaoMCQBU0x3dyBsWmV1Dj40=) Entering GetLoadedCharLoginState
 0:06:54 <LOAD EXISTING CHAR>:
    charID 13
    playerID 13
    dpnid 879164400
    uid IOMuJAAK4yhu6hvx9yUvLaoMCQBU0x3dyBsWmV1Dj40=
 0:07:06 Average server FPS: 4326.27 (measured interval: 30 s)
 0:07:06 Used memory: 1716870 KB
 0:07:06 Players: 1 in total
 0:07:36 Average server FPS: 2697.03 (measured interval: 30 s)
 0:07:36 Used memory: 174