

=====================================================================
== D:\DayZServers\TheCommunity_enoch\DayZServer_x64.exe
== "D:\DayZServers\TheCommunity_enoch\DayZServer_x64.exe"  -port=2402 "-mod=@CF;@Community-Online-Tools;@BuildAnywhere;@BaseBuildingLogs;@Trader;@BaseBuildingPlus;@Durable_Suppressors;@VPPMap;@Ear-Plugs;@Catch_Rain;@DayZ-Expansion-Notifications;@DayZ-Expansion-Chat;@No_Shoe_Damage;@Airdrop-Upgraded;@Ammo_Making;@Banking;@BuilderItems;@Camosplus;@CannabisPlus;@CheckIdentity;@Code_Lock;@Dayz_Navigation;@FIDOv4;@FlipTransport;@GoreZ;@IRP;@KillFeed;@NoVehicleDamage;@PartyMe;@Modular_Vest_System;@MuchStuffPack;@SWP;@BreachingCharge;@BBPBreachCharge;@MunghardsItempack;@NDVPPM;@Next_Days;@Notes;@SQUAD_MSF-C;@Zeroy-FishingZ;@OP_BaseItems;@Base_Storage;@SIX-DayZ-Auto-Run;" -config=D:\DayZServers\TheCommunity_enoch\TheCommunityDZ.cfg -profiles=TheCommunityServer -BEPath=D:\DayZServers\TheCommunity_enoch\battleye -filePatching -adminlog -netlog -freezecheck -scrAllowFileWrite
=====================================================================
Exe timestamp: 2020/04/26 15:56:05
Current time:  2020/04/30 16:01:57

Version 1.07.153006
16:01:57.514 [Inputs] Loading inputs default "bin/constants.xml"
16:01:57.514 [Inputs] Loading inputs default "bin/specific.xml"
16:01:57.514 !!! [Inputs] Invalid input name used "UAUIInspectItem" for context "ui" in "bin/specific.xml"
16:01:57.514 !!! [Inputs] Attempt to register duplicate Modded-Inputs file "VanillaPPMap/data/modded_Inputs.xml"
16:01:57.514 [Inputs] Loading inputs default "EarPlugs\data\inputs.xml"
16:01:57.514 [Inputs] Loading inputs default "JM/COT/scripts/Data/Inputs.xml"
16:01:57.514 [Inputs] Loading inputs default "KillFeed/inputs/Inputs.xml"
16:01:57.514 [Inputs] Loading inputs default "partyme/scripts/partyme_inputs.xml"
16:01:57.514 [Inputs] Loading inputs default "VanillaPPMap/data/modded_Inputs.xml"
16:01:57.514 [Inputs] Loading inputs default "NextDays/data/NextDays_Inputs.xml"
16:01:57.514 [Inputs] Loading inputs default "A3_UI_F/Scripts/Inputs.xml"
16:01:57.514 [Inputs] Loading inputs default "BaseBuildingPlus/Scripts/Data/Inputs.xml"
16:01:57.514 [Inputs] Loading inputs default "VanillaPPMap/data/modded_Inputs.xml"
16:01:57.514 !!! [Inputs] Attempt to register duplicate input "UAOpenVPPMap"
16:01:57.514 !!! [Inputs] Attempt to register duplicate input "UAToggleVPPMap3DMarkers"
16:01:57.514 [Inputs] Loading inputs cfg "TheCommunityServer\Users\Survivor\Server.core.xml"
16:01:57.514 [Inputs] Exporting inputs cfg "TheCommunityServer\Users\Survivor\Server.core.xml"
16:01:57.810 !!! [Inputs] Attempt to register "PMHideShowTrackers" input twice
16:02:10.483 [CE][Hive] :: Initializing OFFLINE
16:02:10.483 [CE][Hive] :: Loading core data ... 
16:02:10.483 [CE][CoreData] :: 7 root classes, 19 defaults, 0 updaters...
16:02:16.358 [CE][RegisterBind] :: 0 classes binded...
16:02:16.358 [CE][RegisterConfig] :: 10055 config classes registered, 0 sub-counters...
16:02:16.358 [CE][Hive] :: Loading map data ... 
16:02:16.405 !!! [CE] :: Unknown category: 'vehicleparts'.
16:02:16.405 [CE][LoadPrototype] :: loaded 330 prototypes
16:02:16.405   702 containers, 9116 points
16:02:16.405   24 dispatches, 90 proxies
16:02:16.405 !!! [CE][LoadPrototype] 12 groups have no points...
16:02:16.405 !!![CE][LoadPrototype]  3 groups have wrong points...
16:02:16.405 [CE][LoadPrototype] :: last group name: Land_Lunapark_Autodrome...
16:02:16.405 [CE][LoadPrototype] :: loaded 0 prototypes
16:02:16.405   0 containers, 0 points
16:02:16.405   0 dispatches, 0 proxies
16:02:16.405 [CE][LoadPrototype] :: last group name: PathD_7100...
16:02:16.702 [CE][LoadMap] "Group" :: loaded 5086 groups, largest group range: 26.9
16:02:16.718 [CE][LoadMap] "Dirt" :: loaded 0 groups, largest group range: 26.9
16:02:16.811 [CE][Links] found 354 total links between groups, of 5086
16:02:16.811 [CE][LoadClusters] "Cluster" :: Loading files...
16:02:17.15 [CE][LoadClusters] :: file: "mapgroupcluster.xml", 4 types, 50000 instances
16:02:17.218 [CE][LoadClusters] :: file: "mapgroupcluster01", 4 types, 50000 instances
16:02:17.421 [CE][LoadClusters] :: file: "mapgroupcluster02", 4 types, 50000 instances
16:02:17.640 [CE][LoadClusters] :: file: "mapgroupcluster03", 4 types, 50000 instances
16:02:17.733 [CE][LoadClusters] :: file: "mapgroupcluster04", 4 types, 21297 instances
16:02:17.749 [CE][Storage] ver:21 stamp:65617, valid:yes, name:"mpmissions\TheCommunity.enoch\storage_420\data\types.bin"
16:02:17.749 [CE][Storage] ver:21 stamp:65616, valid:yes, name:"mpmissions\TheCommunity.enoch\storage_420\data\types.001"
16:02:17.749 [CE][Storage] ver:21 stamp:65614, valid:yes, name:"mpmissions\TheCommunity.enoch\storage_420\data\types.002"
16:02:17.749 [CE][Storage] Restoring file "mpmissions\TheCommunity.enoch\storage_420\data\types.bin".
16:02:17.952 [CE][offlineDB] :: Loaded 33 dynamic events 215 total types 0 total positions.
16:02:17.999 [CE][Storage] ver:21 stamp:65617, valid:yes, name:"mpmissions\TheCommunity.enoch\storage_420\data\events.bin"
16:02:17.999 [CE][Storage] ver:21 stamp:65616, valid:yes, name:"mpmissions\TheCommunity.enoch\storage_420\data\events.001"
16:02:17.999 [CE][Storage] ver:21 stamp:65614, valid:yes, name:"mpmissions\TheCommunity.enoch\storage_420\data\events.002"
16:02:17.999 [CE][Storage] Restoring file "mpmissions\TheCommunity.enoch\storage_420\data\events.bin".
16:02:17.999 [CE][DynamicEvent] Load  Events:[33] Primary spawners: 33 Secondary spawners: 1
16:02:17.999 [CE][Storage] ver:24 stamp:65617, valid:yes, name:"mpmissions\TheCommunity.enoch\storage_420\data\vehicles.bin"
16:02:17.999 [CE][Storage] ver:24 stamp:65616, valid:yes, name:"mpmissions\TheCommunity.enoch\storage_420\data\vehicles.001"
16:02:17.999 [CE][Storage] ver:24 stamp:65614, valid:yes, name:"mpmissions\TheCommunity.enoch\storage_420\data\vehicles.002"
16:02:17.999 [CE][Storage] Restoring file "mpmissions\TheCommunity.enoch\storage_420\data\vehicles.bin" 131 items.
16:02:18.233   131 items loaded.
16:02:18.233 [CE][Storage] ver:24 stamp:65617, valid:yes, name:"mpmissions\TheCommunity.enoch\storage_420\data\dynamic_000.bin"
16:02:18.233 [CE][Storage] ver:24 stamp:65616, valid:yes, name:"mpmissions\TheCommunity.enoch\storage_420\data\dynamic_000.001"
16:02:18.233 !!! [CE][Storage] Failed to read [Storage] data file "mpmissions\TheCommunity.enoch\storage_420\data\dynamic_000.002".
16:02:18.233   File not closed...
16:02:18.233 [CE][Storage] ver:24 stamp:65617, valid:NO, name:"mpmissions\TheCommunity.enoch\storage_420\data\dynamic_000.002"
16:02:18.249 [CE][Storage] Restoring file "mpmissions\TheCommunity.enoch\storage_420\data\dynamic_000.bin" 409 items.
16:02:18.858   409 items loaded.
16:02:18.858 [CE][Storage] ver:24 stamp:65617, valid:yes, name:"mpmissions\TheCommunity.enoch\storage_420\data\dynamic_001.bin"
16:02:18.858 [CE][Storage] ver:24 stamp:65616, valid:yes, name:"mpmissions\TheCommunity.enoch\storage_420\data\dynamic_001.001"
16:02:18.858 [CE][Storage] ver:24 stamp:65617, valid:yes, name:"mpmissions\TheCommunity.enoch\storage_420\data\dynamic_001.002"
16:02:18.858 [CE][Storage] Restoring file "mpmissions\TheCommunity.enoch\storage_420\data\dynamic_001.bin" 2113 items.
16:02:19.593   2113 items loaded.
16:02:19.593 [CE][Storage] ver:24 stamp:65617, valid:yes, name:"mpmissions\TheCommunity.enoch\storage_420\data\dynamic_002.bin"
16:02:19.593 [CE][Storage] ver:24 stamp:65616, valid:yes, name:"mpmissions\TheCommunity.enoch\storage_420\data\dynamic_002.001"
16:02:19.593 [CE][Storage] ver:24 stamp:65617, valid:yes, name:"mpmissions\TheCommunity.enoch\storage_420\data\dynamic_002.002"
16:02:19.593 [CE][Storage] Restoring file "mpmissions\TheCommunity.enoch\storage_420\data\dynamic_002.bin" 787 items.
16:02:20.187   787 items loaded.
16:02:20.187 [CE][Storage] ver:24 stamp:65617, valid:yes, name:"mpmissions\TheCommunity.enoch\storage_420\data\dynamic_003.bin"
16:02:20.187 [CE][Storage] ver:24 stamp:65616, valid:yes, name:"mpmissions\TheCommunity.enoch\storage_420\data\dynamic_003.001"
16:02:20.187 [CE][Storage] ver:24 stamp:65617, valid:yes, name:"mpmissions\TheCommunity.enoch\storage_420\data\dynamic_003.002"
16:02:20.187 [CE][Storage] Restoring file "mpmissions\TheCommunity.enoch\storage_420\data\dynamic_003.bin" 1124 items.
16:02:20.515   1124 items loaded.
16:02:20.515 [CE][Storage] ver:24 stamp:65617, valid:yes, name:"mpmissions\TheCommunity.enoch\storage_420\data\dynamic_004.bin"
16:02:20.515 [CE][Storage] ver:24 stamp:65616, valid:yes, name:"mpmissions\TheCommunity.enoch\storage_420\data\dynamic_004.001"
16:02:20.515 [CE][Storage] ver:24 stamp:65617, valid:yes, name:"mpmissions\TheCommunity.enoch\storage_420\data\dynamic_004.002"
16:02:20.515 [CE][Storage] Restoring file "mpmissions\TheCommunity.enoch\storage_420\data\dynamic_004.bin" 1481 items.
16:02:21.46   1481 items loaded.
16:02:21.46 [CE][Storage] ver:24 stamp:65617, valid:yes, name:"mpmissions\TheCommunity.enoch\storage_420\data\dynamic_005.bin"
16:02:21.46 [CE][Storage] ver:24 stamp:65616, valid:yes, name:"mpmissions\TheCommunity.enoch\storage_420\data\dynamic_005.001"
16:02:21.46 [CE][Storage] ver:24 stamp:65617, valid:yes, name:"mpmissions\TheCommunity.enoch\storage_420\data\dynamic_005.002"
16:02:21.46 [CE][Storage] Restoring file "mpmissions\TheCommunity.enoch\storage_420\data\dynamic_005.bin" 1835 items.
16:02:21.608   1835 items loaded.
16:02:21.624 [CE][Storage] ver:24 stamp:65617, valid:yes, name:"mpmissions\TheCommunity.enoch\storage_420\data\dynamic_006.bin"
16:02:21.624 [CE][Storage] ver:24 stamp:65616, valid:yes, name:"mpmissions\TheCommunity.enoch\storage_420\data\dynamic_006.001"
16:02:21.624 [CE][Storage] ver:24 stamp:65617, valid:yes, name:"mpmissions\TheCommunity.enoch\storage_420\data\dynamic_006.002"
16:02:21.624 [CE][Storage] Restoring file "mpmissions\TheCommunity.enoch\storage_420\data\dynamic_006.bin" 961 items.
16:02:21.952   961 items loaded.
16:02:21.952 [CE][Storage] ver:24 stamp:65617, valid:yes, name:"mpmissions\TheCommunity.enoch\storage_420\data\dynamic_007.bin"
16:02:21.952 [CE][Storage] ver:24 stamp:65616, valid:yes, name:"mpmissions\TheCommunity.enoch\storage_420\data\dynamic_007.001"
16:02:21.952 [CE][Storage] ver:24 stamp:65617, valid:yes, name:"mpmissions\TheCommunity.enoch\storage_420\data\dynamic_007.002"
16:02:21.952 [CE][Storage] Restoring file "mpmissions\TheCommunity.enoch\storage_420\data\dynamic_007.bin" 1246 items.
16:02:22.374   1246 items loaded.
16:02:22.374 [CE][Storage] ver:24 stamp:65617, valid:yes, name:"mpmissions\TheCommunity.enoch\storage_420\data\dynamic_008.bin"
16:02:22.374 [CE][Storage] ver:24 stamp:65616, valid:yes, name:"mpmissions\TheCommunity.enoch\storage_420\data\dynamic_008.001"
16:02:22.374 [CE][Storage] ver:24 stamp:65617, valid:yes, name:"mpmissions\TheCommunity.enoch\storage_420\data\dynamic_008.002"
16:02:22.374 [CE][Storage] Restoring file "mpmissions\TheCommunity.enoch\storage_420\data\dynamic_008.bin" 1082 items.
16:02:22.702   1082 items loaded.
16:02:22.702 [CE][Storage] ver:24 stamp:65617, valid:yes, name:"mpmissions\TheCommunity.enoch\storage_420\data\dynamic_009.bin"
16:02:22.718 [CE][Storage] ver:24 stamp:65616, valid:yes, name:"mpmissions\TheCommunity.enoch\storage_420\data\dynamic_009.001"
16:02:22.718 [CE][Storage] ver:24 stamp:65617, valid:yes, name:"mpmissions\TheCommunity.enoch\storage_420\data\dynamic_009.002"
16:02:22.718 [CE][Storage] Restoring file "mpmissions\TheCommunity.enoch\storage_420\data\dynamic_009.bin" 1009 items.
16:02:23.62   1009 items loaded.
16:02:23.62 [CE][Storage] ver:24 stamp:65617, valid:yes, name:"mpmissions\TheCommunity.enoch\storage_420\data\dynamic_010.bin"
16:02:23.62 [CE][Storage] ver:24 stamp:65616, valid:yes, name:"mpmissions\TheCommunity.enoch\storage_420\data\dynamic_010.001"
16:02:23.62 [CE][Storage] ver:24 stamp:65617, valid:yes, name:"mpmissions\TheCommunity.enoch\storage_420\data\dynamic_010.002"
16:02:23.62 [CE][Storage] Restoring file "mpmissions\TheCommunity.enoch\storage_420\data\dynamic_010.bin" 2496 items.
16:02:23.734   2496 items loaded.
16:02:23.734 [CE][Storage] ver:24 stamp:65617, valid:yes, name:"mpmissions\TheCommunity.enoch\storage_420\data\dynamic_011.bin"
16:02:23.749 [CE][Storage] ver:24 stamp:65616, valid:yes, name:"mpmissions\TheCommunity.enoch\storage_420\data\dynamic_011.001"
16:02:23.749 [CE][Storage] ver:24 stamp:65617, valid:yes, name:"mpmissions\TheCommunity.enoch\storage_420\data\dynamic_011.002"
16:02:23.749 [CE][Storage] Restoring file "mpmissions\TheCommunity.enoch\storage_420\data\dynamic_011.bin" 440 items.
16:02:24.140   440 items loaded.
16:02:24.155 [CE][Hive] :: Storage load took:6.16 seconds, recovery stamp:65617
16:02:24.155   entity: 17968, building: 0
16:02:24.155   no lifetime: 50
16:02:24.155 [CE][Hive] :: Initializing ... 
16:02:24.171 [CE][InitializeMap] :: initialized: 0
16:02:24.171 [CE][Hive] :: Initializing spawners ... 
16:02:24.999 [CE][LootRespawner] (PRIDummy) :: Item [0] is hard to place, performance drops: "MSFCGorkaPATACSFG"
16:02:24.999 [CE][LootRespawner] (PRIDummy) :: Item [0] causing search overtime: "MSFCGorkaPATACSFG"
16:02:24.999 [CE][LootRespawner] (PRIDummy) :: Item [1] causing search overtime: "MSFCGorkaPATACSFG"
16:02:24.999 [CE][LootRespawner] (PRIDummy) :: Item [2] causing search overtime: "MSFCGorkaPATACSFG"
16:02:24.999 [CE][LootRespawner] (PRIDummy) :: Item [3] causing search overtime: "MSFCGorkaPATACSFG"
16:02:24.999 [CE][LootRespawner] (PRIDummy) :: Item [4] causing search overtime: "MSFCGorkaPATACSFG"
16:02:24.999 [CE][LootRespawner] (PRIDummy) :: Item [5] causing search overtime: "MSFCKryptekRaidPlatePouches"
16:02:24.999 [CE][LootRespawner] (PRIDummy) :: Item [6] causing search overtime: "MSFCKryptekRaidPlatePouches"
16:02:24.999 [CE][LootRespawner] (PRIDummy) :: Item [7] causing search overtime: "MSFCKryptekRaidPlatePouches"
16:02:24.999 [CE][LootRespawner] (PRIDummy) :: Item [8] causing search overtime: "MSFCKryptekRaidPlatePouches"
16:02:24.999 [CE][LootRespawner] (PRIDummy) :: Item [9] causing search overtime: "PlateCarrierVest"
16:02:24.999 [CE][LootRespawner] (PRIDummy) :: Item [10] causing search overtime: "PlateCarrierVest"
16:02:24.999 [CE][LootRespawner] (PRIDummy) :: Item [11] causing search overtime: "PlateCarrierVest"
16:02:24.999 [CE][LootRespawner] (PRIDummy) :: Item [12] causing search overtime: "PlateCarrierVest"
16:02:24.999 [CE][LootRespawner] (PRIDummy) :: Item [13] causing search overtime: "PlateCarrierVest"
16:02:24.999 [CE][LootRespawner] (PRIDummy) :: Item [14] causing search overtime: "PlateCarrierVest"
16:02:24.999 [CE][LootRespawner] (PRIDummy) :: Item [15] causing search overtime: "PlateCarrierVest"
16:02:24.999 [CE][LootRespawner] (PRIDummy) :: Item [16] causing search overtime: "PlateCarrierVest"
16:02:24.999 [CE][LootRespawner] (PRIDummy) :: Item [17] causing search overtime: "PlateCarrierVest"
16:02:24.999 [CE][LootRespawner] (PRIDummy) :: Item [18] causing search overtime: "PlateCarrierVest"
16:02:24.999 [CE][LootRespawner] (PRIDummy) :: Item [19] causing search overtime: "PlateCarrierVest"
16:02:25.202 [CE][LootRespawner] (PRIDummy) :: Item [1] is hard to place, performance drops: "LeatherSewingKit"
16:02:25.202 [CE][LootRespawner] (PRIDummy) :: Item [2] is hard to place, performance drops: "LeatherSewingKit"
16:02:25.312 [CE][LootRespawner] (PRIDummy) :: Item [3] is hard to place, performance drops: "PressVest_Blue"
16:02:25.312 !!! [CE][Point] Removing 3675.591797, 11877.896484 from Land_Shed_W1
16:02:25.343 [CE][LootRespawner] (PRIDummy) :: Item [4] is hard to place, performance drops: "MSFCBeerZhigulevskoeBarnoe"
16:02:25.359 [CE][LootRespawner] (PRIDummy) :: Item [5] is hard to place, performance drops: "MSFCBeerZhigulevskoeBarnoe"
16:02:25.359 [CE][LootRespawner] (PRIDummy) :: Item [6] is hard to place, performance drops: "MSFCBeerZhigulevskoeBarnoe"
16:02:25.359 [CE][LootRespawner] (PRIDummy) :: Item [7] is hard to place, performance drops: "MSFCBeerZhigulevskoeBarnoe"
16:02:25.359 [CE][LootRespawner] (PRIDummy) :: Item [8] is hard to place, performance drops: "MSFCBeerZhigulevskoeBarnoe"
16:02:25.390 [CE][LootRespawner] (PRIDummy) :: Item [9] is hard to place, performance drops: "NailBox"
16:02:25.468 [CE][LootRespawner] (PRIDummy) :: Item [10] is hard to place, performance drops: "Defender110_dver_1_2_Red"
16:02:25.468 [CE][LootRespawner] (PRIDummy) :: Item [11] is hard to place, performance drops: "Rice"
16:02:25.531 [CE][LootRespawner] (PRIDummy) :: Item [12] is hard to place, performance drops: "Breeches_Pink"
16:02:25.546 [CE][LootRespawner] (PRIDummy) :: Item [13] is hard to place, performance drops: "Defender110_dver_2_1"
16:02:25.734 [CE][LootRespawner] (PRIDummy) :: Item [14] is hard to place, performance drops: "Sedan_02_Door_1_2_Red"
16:02:25.906 [CE][LootRespawner] (PRIDummy) :: Item [15] is hard to place, performance drops: "DarkMotoHelmet_Green"
16:02:25.952 [CE][LootRespawner] (PRIDummy) :: Item [16] is hard to place, performance drops: "Flashlight"
16:02:25.952 [CE][LootRespawner] (PRIDummy) :: Item [17] is hard to place, performance drops: "Flashlight"
16:02:25.952 [CE][LootRespawner] (PRIDummy) :: Item [18] is hard to place, performance drops: "Flashlight"
16:02:25.952 [CE][LootRespawner] (PRIDummy) :: Item [19] is hard to place, performance drops: "Flashlight"
16:02:26.374 [CE][LootRespawner] (PRIDummy) :: Initially (re)spawned:1977, Nominal:32677, Total in Map: 17221 at 1 (sec)
16:02:26.374   tests:2039, repeats:1 fails:61, overtime:12790
16:02:26.374 [CE][DynEvent] :: 33 types
16:02:26.374 [00] AmbientHen
16:02:26.374   Primary Spawner: "Ambient", active: yes, repeat: 1
16:02:26.374 [01] AnimalBear
16:02:26.374   Primary Spawner: "Animal", active: yes, repeat: 1
16:02:26.374 [02] AnimalCow
16:02:26.374   Primary Spawner: "Animal", active: yes, repeat: 1
16:02:26.374 [03] AnimalDeer
16:02:26.374   Primary Spawner: "Animal", active: yes, repeat: 1
16:02:26.374 [04] AnimalGoat
16:02:26.374   Primary Spawner: "Animal", active: yes, repeat: 1
16:02:26.374 [05] AnimalPig
16:02:26.374   Primary Spawner: "Animal", active: yes, repeat: 1
16:02:26.374 [06] AnimalRoeDeer
16:02:26.374   Primary Spawner: "Animal", active: yes, repeat: 1
16:02:26.374 [07] AnimalSheep
16:02:26.374   Primary Spawner: "Animal", active: yes, repeat: 1
16:02:26.374 [08] AnimalWildBoar
16:02:26.374   Primary Spawner: "Animal", active: yes, repeat: 1
16:02:26.374 [09] AnimalWolf
16:02:26.374   Primary Spawner: "Animal", active: yes, repeat: 1
16:02:26.374 [10] InfectedArmy
16:02:26.374   Primary Spawner: "Infected", active: yes, repeat: 1
16:02:26.374 [11] InfectedCity
16:02:26.374   Primary Spawner: "Infected", active: yes, repeat: 1
16:02:26.374 [12] InfectedFirefighter
16:02:26.374   Primary Spawner: "Infected", active: yes, repeat: 1
16:02:26.374 [13] InfectedIndustrial
16:02:26.374   Primary Spawner: "Infected", active: yes, repeat: 1
16:02:26.374 [14] InfectedMedic
16:02:26.374   Primary Spawner: "Infected", active: yes, repeat: 1
16:02:26.374 [15] InfectedPolice
16:02:26.374   Primary Spawner: "Infected", active: yes, repeat: 1
16:02:26.374 [16] InfectedPrisoner
16:02:26.374   Primary Spawner: "Infected", active: yes, repeat: 1
16:02:26.374 [17] InfectedReligious
16:02:26.374   Primary Spawner: "Infected", active: yes, repeat: 1
16:02:26.374 [18] InfectedSolitude
16:02:26.374   Primary Spawner: "Infected", active: yes, repeat: 1
16:02:26.374 [19] InfectedVillage
16:02:26.374   Primary Spawner: "Infected", active: yes, repeat: 1
16:02:26.374 [20] ItemPlanks
16:02:26.374   Primary Spawner: "Item", active: yes, repeat: 1
16:02:26.374 [21] Loot
16:02:26.374   Primary Spawner: "Loot", active: yes, repeat: 2
16:02:26.374 [22] StaticHeliCrash
16:02:26.374   Primary Spawner: "Vehicle", active: yes, repeat: 1
16:02:26.374   Secondary Spawner: "Infected", active: yes, repeat: 1
16:02:26.374 [23] StaticPoliceCar
16:02:26.374   Primary Spawner: "Vehicle", active: yes, repeat: 1
16:02:26.374 [24] TrajectoryConiferous
16:02:26.374   Primary Spawner: "Trajectory", active: yes, repeat: 1
16:02:26.374 [25] TrajectoryDeciduous
16:02:26.374   Primary Spawner: "Trajectory", active: yes, repeat: 1
16:02:26.374 [26] TrajectoryHumus
16:02:26.374   Primary Spawner: "Trajectory", active: yes, repeat: 1
16:02:26.374 [27] TrajectoryStones
16:02:26.374   Primary Spawner: "Trajectory", active: yes, repeat: 1
16:02:26.374 [28] VehicleCivilianSedan
16:02:26.374   Primary Spawner: "Vehicle", active: yes, repeat: 1
16:02:26.374 [29] VehicleHatchback02
16:02:26.374   Primary Spawner: "Vehicle", active: yes, repeat: 1
16:02:26.374 [30] VehicleOffroadHatchback
16:02:26.374   Primary Spawner: "Vehicle", active: yes, repeat: 1
16:02:26.374 [31] VehicleSedan02
16:02:26.374   Primary Spawner: "Vehicle", active: yes, repeat: 1
16:02:26.374 [32] VehicleCrSk_Land_Rover_Defender_110
16:02:26.374   Primary Spawner: "Vehicle", active: yes, repeat: 1
16:02:26.374 [CE][Hive] :: Initializing of spawners done.
16:02:26.374 [CE][Hive] :: Init sequence finished.
16:02:26.374 Player connect enabled
16:02:30.937 Average server FPS: 155.67 (measured interval: 30 s)
16:02:30.937 Used memory: 1625315 KB
16:02:30.937 Players: 0 in total
16:03:00.939 Average server FPS: 5190.97 (measured interval: 30 s)
16:03:00.939 Used memory: 1655486 KB
16:03:00.939 Players: 0 in total
16:03:15.471 [CE][Links] found 0 total links between groups, of 1
16:03:15.471 [CE][SpawnRandomLoot] (StaticHeliCrash) :: ChildType: Wreck_UH1Y, lootmin: 10, lootmax: 20, wanted: 13
16:03:30.924 Average server FPS: 6100.87 (measured interval: 30 s)
16:03:30.924 Used memory: 1672681 KB
16:03:30.924 Players: 0 in total
16:04:00.926 Average server FPS: 6046.20 (measured interval: 30 s)
16:04:00.926 Used memory: 1679000 KB
16:04:00.926 Players: 0 in total
16:04:30.927 Average server FPS: 6246.00 (measured interval: 30 s)
16:04:30.927 Used memory: 1684101 KB
16:04:30.927 Players: 0 in total
16:05:00.929 Average server FPS: 6196.60 (measured interval: 30 s)
16:05:00.929 Used memory: 1699380 KB
16:05:00.929 Players: 0 in total
16:05:30.930 Average server FPS: 6195.90 (measured interval: 30 s)
16:05:30.930 Used memory: 1709518 KB
16:05:30.930 Players: 0 in total
16:06:00.932 Average server FPS: 6142.80 (measured interval: 30 s)
16:06:00.932 Used memory: 1717733 KB
16:06:00.932 Players: 0 in total
16:06:30.933 Average server FPS: 6137.97 (measured interval: 30 s)
16:06:30.933 Used memory: 1740427 KB
16:06:30.933 Players: 0 in total
16:07:00.935 Average server FPS: 6212.80 (measured interval: 30 s)
16:07:00.935 Used memory: 1752167 KB
16:07:00.935 Players: 0 in total
16:07:30.936 Average server FPS: 6201.33 (measured interval: 30 s)
16:07:30.936 Used memory: 1760130 KB
16:07:30.936 Players: 0 in total
16:08:00.938 Average server FPS: 6246.47 (measured interval: 30 s)
16:08:00.938 Used memory: 1768043 KB
16:08:00.938 Players: 0 in total
16:08:30.939 Average server FPS: 6184.07 (measured interval: 30 s)
16:08:30.939 Used memory: 1776693 KB
16:08:30.939 Players: 0 in total
16:09:00.925 Average server FPS: 6770.33 (measured interval: 30 s)
16:09:00.925 Used memory: 1777036 KB
16:09:00.925 Players: 0 in total
16:09:30.927 Average server FPS: 6893.77 (measured interval: 30 s)
16:09:30.927 Used memory: 1777892 KB
16:09:30.927 Players: 0 in total
16:10:00.928 Average server FPS: 6896.57 (measured interval: 30 s)
16:10:00.928 Used memory: 1777492 KB
16:10:00.928 Players: 0 in total
16:10:30.930 Average server FPS: 6896.17 (measured interval: 30 s)
16:10:30.930 Used memory: 1777547 KB
16:10:30.930 Players: 0 in total
16:11:00.931 Average server FPS: 6886.00 (measured interval: 30 s)
16:11:00.931 Used memory: 1777168 KB
16:11:00.931 Players: 0 in total
16:11:30.933 Average server FPS: 6887.63 (measured interval: 30 s)
16:11:30.933 Used memory: 1777167 KB
16:11:30.933 Players: 0 in total
16:12:00.934 Average server FPS: 6863.67 (measured interval: 30 s)
16:12:00.934 Used memory: 1777425 KB
16:12:00.934 Players: 0 in total
16:12:30.936 Average server FPS: 6858.83 (measured interval: 30 s)
16:12:30.936 Used memory: 1777822 KB
16:12:30.936 Players: 0 in total
16:13:00.937 Average server FPS: 6700.27 (measured interval: 30 s)
16:13:00.937 Used memory: 1777697 KB
16:13:00.937 Players: 0 in total
16:13:07.797 [CE][Links] found 0 total links between groups, of 2
16:13:07.797 [CE][SpawnRandomLoot] (StaticHeliCrash) :: ChildType: Wreck_Mi8, lootmin: 10, lootmax: 20, wanted: 17
16:13:30.939 Average server FPS: 6763.30 (measured interval: 30 s)
16:13:30.939 Used memory: 1778286 KB
16:13:30.939 Players: 0 in total
16:14:00.925 Average server FPS: 6693.47 (measured interval: 30 s)
16:14:00.925 Used memory: 1778600 KB
16:14:00.925 Players: 0 in total
16:14:30.926 Average server FPS: 6748.23 (measured interval: 30 s)
16:14:30.926 Used memory: 1778419 KB
16:14:30.926 Players: 0 in total
16:15:00.928 Average server FPS: 6763.70 (measured interval: 30 s)
16:15:00.928 Used memory: 1778278 KB
16:15:00.928 Players: 0 in total
16:15:30.929 Average server FPS: 6647.80 (measured interval: 30 s)
16:15:30.929 Used memory: 1778007 KB
16:15:30.929 Players: 0 in total
16:16:00.931 Average server FPS: 6692.97 (measured interval: 30 s)
16:16:00.931 Used memory: 1777776 KB
16:16:00.931 Players: 0 in total
16:16:30.932 Average server FPS: 6662.23 (measured interval: 30 s)
16:16:30.932 Used memory: 1777647 KB
16:16:30.932 Players: 0 in total
16:17:00.934 Average server FPS: 6636.37 (measured interval: 30 s)
16:17:00.934 Used memory: 1777441 KB
16:17:00.934 Players: 0 in total
16:17:09.590 [CE][Links] found 0 total links between groups, of 3
16:17:09.590 [CE][SpawnRandomLoot] (StaticPoliceCar) :: ChildType: Land_Wreck_Volha_Police, lootmin: 3, lootmax: 5, wanted: 3
16:17:09.606 [CE][Links] found 0 total links between groups, of 4
16:17:09.606 [CE][SpawnRandomLoot] (StaticPoliceCar) :: ChildType: Land_Wreck_Volha_Police, lootmin: 3, lootmax: 5, wanted: 3
16:17:09.606 [CE][Links] found 0 total links between groups, of 5
16:17:09.606 [CE][SpawnRandomLoot] (StaticPoliceCar) :: ChildType: Land_Wreck_Volha_Police, lootmin: 3, lootmax: 5, wanted: 3
16:17:09.606 [CE][Links] found 0 total links between groups, of 6
16:17:09.606 [CE][SpawnRandomLoot] (StaticPoliceCar) :: ChildType: Land_Wreck_Volha_Police, lootmin: 3, lootmax: 5, wanted: 3
16:17:09.606 [CE][Links] found 0 total links between groups, of 7
16:17:09.606 [CE][SpawnRandomLoot] (StaticPoliceCar) :: ChildType: Land_Wreck_Volha_Police, lootmin: 3, lootmax: 5, wanted: 3
16:17:09.622 [CE][Links] found 0 total links between groups, of 8
16:17:09.622 [CE][SpawnRandomLoot] (StaticPoliceCar) :: ChildType: Land_Wreck_Volha_Police, lootmin: 3, lootmax: 5, wanted: 3
16:17:09.622 [CE][Links] found 0 total links between groups, of 9
16:17:09.622 [CE][SpawnRandomLoot] (StaticPoliceCar) :: ChildType: Land_Wreck_Volha_Police, lootmin: 3, lootmax: 5, wanted: 3
16:17:09.622 [CE][Links] found 0 total links between groups, of 10
16:17:09.622 [CE][SpawnRandomLoot] (StaticPoliceCar) :: ChildType: Land_Wreck_Volha_Police, lootmin: 3, lootmax: 5, wanted: 4
16:17:09.622 [CE][Links] found 0 total links between groups, of 11
16:17:09.622 [CE][SpawnRandomLoot] (StaticPoliceCar) :: ChildType: Land_Wreck_Volha_Police, lootmin: 3, lootmax: 5, wanted: 4
16:17:09.622 [CE][Links] found 0 total links between groups, of 12
16:17:09.622 [CE][SpawnRandomLoot] (StaticPoliceCar) :: ChildType: Land_Wreck_Volha_Police, lootmin: 3, lootmax: 5, wanted: 4
16:17:30.935 Average server FPS: 6656.37 (measured interval: 30 s)
16:17:30.935 Used memory: 1778469 KB
16:17:30.935 Players: 0 in total
16:18:00.937 Average server FPS: 6824.53 (measured interval: 30 s)
16:18:00.937 Used memory: 1778191 KB
16:18:00.937 Players: 0 in total
16:18:30.938 Average server FPS: 6801.10 (measured interval: 30 s)
16:18:30.938 Used memory: 1779242 KB
16:18:30.938 Players: 0 in total
16:19:00.924 Average server FPS: 6824.33 (measured interval: 30 s)
16:19:00.924 Used memory: 1779095 KB
16:19:00.924 Players: 0 in total
16:19:30.926 Average server FPS: 6841.23 (measured interval: 30 s)
16:19:30.926 Used memory: 1778711 KB
16:19:30.926 Players: 0 in total
16:20:00.927 Average server FPS: 6818.70 (measured interval: 30 s)
16:20:00.927 Used memory: 1778842 KB
16:20:00.927 Players: 0 in total
16:20:30.929 Average server FPS: 6830.27 (measured interval: 30 s)
16:20:30.929 Used memory: 1778920 KB
16:20:30.929 Players: 0 in total
16:21:00.930 Average server FPS: 6792.40 (measured interval: 30 s)
16:21:00.930 Used memory: 1778526 KB
16:21:00.930 Players: 0 in total
16:21:30.932 Average server FPS: 6861.70 (measured interval: 30 s)
16:21:30.932 Used memory: 1778264 KB
16:21:30.932 Players: 0 in total
16:22:00.933 Average server FPS: 6864.90 (measured interval: 30 s)
16:22:00.933 Used memory: 1778309 KB
16:22:00.933 Players: 0 in total
16:22:30.935 Average server FPS: 6872.40 (measured interval: 30 s)
16:22:30.935 Used memory: 1778327 KB
16:22:30.935 Players: 0 in total
16:23:00.936 Average server FPS: 6869.67 (measured interval: 30 s)
16:23:00.936 Used memory: 1778000 KB
16:23:00.936 Players: 0 in total
16:23:30.938 Average server FPS: 6879.70 (measured interval: 30 s)
16:23:30.938 Used memory: 1777657 KB
16:23:30.938 Players: 0 in total
16:24:00.939 Average server FPS: 6877.63 (measured interval: 30 s)
16:24:00.939 Used memory: 1777449 KB
16:24:00.939 Players: 0 in total
16:24:30.925 Average server FPS: 6874.93 (measured interval: 30 s)
16:24:30.925 Used memory: 1777132 KB
16:24:30.925 Players: 0 in total
16:25:00.927 Average server FPS: 6870.40 (measured interval: 30 s)
16:25:00.927 Used memory: 1776912 KB
16:25:00.927 Players: 0 in total
16:25:30.928 Average server FPS: 6859.63 (measured interval: 30 s)
16:25:30.928 Used memory: 1777568 KB
16:25:30.928 Players: 0 in total
16:26:00.930 Average server FPS: 6852.57 (measured interval: 30 s)
16:26:00.930 Used memory: 1777385 KB
16:26:00.930 Players: 0 in total
16:26:30.931 Average server FPS: 6863.43 (measured interval: 30 s)
16:26:30.931 Used memory: 1777199 KB
16:26:30.931 Players: 0 in total
16:27:00.933 Average server FPS: 6836.00 (measured interval: 30 s)
16:27:00.933 Used memory: 1777421 KB
16:27:00.933 Players: 0 in total
16:27:30.934 Average server FPS: 6855.97 (measured interval: 30 s)
16:27:30.934 Used memory: 1777431 KB
16:27:30.934 Players: 0 in total
16:28:00.936 Average server FPS: 6856.70 (measured interval: 30 s)
16:28:00.936 Used memory: 1777444 KB
16:28:00.936 Players: 0 in total
16:28:30.937 Average server FPS: 6857.63 (measured interval: 30 s)
16:28:30.937 Used memory: 1777289 KB
16:28:30.937 Players: 0 in total
16:29:00.939 Average server FPS: 6831.37 (measured interval: 30 s)
16:29:00.939 Used memory: 1776864 KB
16:29:00.939 Players: 0 in total
16:29:30.924 Average server FPS: 6861.37 (measured interval: 30 s)
16:29:30.924 Used memory: 1777310 KB
16:29:30.924 Players: 0 in total
16:30:00.926 Average server FPS: 6840.53 (measured interval: 30 s)
16:30:00.926 Used memory: 1777296 KB
16:30:00.926 Players: 0 in total
16:30:30.927 Average server FPS: 6830.33 (measured interval: 30 s)
16:30:30.927 Used memory: 1777063 KB
16:30:30.927 Players: 0 in total
16:31:00.929 Average server FPS: 6810.77 (measured interval: 30 s)
16:31:00.929 Used memory: 1777055 KB
16:31:00.929 Players: 0 in total
16:31:30.930 Average server FPS: 6805.50 (measured interval: 30 s)
16:31:30.930 Used memory: 1776888 KB
16:31:30.930 Players: 0 in total
16:32:00.932 Average server FPS: 6862.27 (measured interval: 30 s)
16:32:00.932 Used memory: 1777209 KB
16:32:00.932 Players: 0 in total
16:32:30.933 Average server FPS: 6842.13 (measured interval: 30 s)
16:32:30.933 Used memory: 1777372 KB
16:32:30.933 Players: 0 in total
16:33:00.935 Average server FPS: 6820.27 (measured interval: 30 s)
16:33:00.935 Used memory: 1776855 KB
16:33:00.935 Players: 0 in total
16:33:30.936 Average server FPS: 6833.03 (measured interval: 30 s)
16:33:30.936 Used memory: 1777314 KB
16:33:30.936 Players: 0 in total
16:34:00.938 Average server FPS: 6846.40 (measured interval: 30 s)
16:34:00.938 Used memory: 1777460 KB
16:34:00.938 Players: 0 in total
16:34:30.939 Average server FPS: 6808.93 (measured interval: 30 s)
16:34:30.939 Used memory: 1777489 KB
16:34:30.939 Players: 0 in total
16:35:00.925 Average server FPS: 6809.17 (measured interval: 30 s)
16:35:00.925 Used memory: 1777484 KB
16:35:00.925 Players: 0 in total
16:35:30.927 Average server FPS: 6820.37 (measured interval: 30 s)
16:35:30.927 Used memory: 1777355 KB
16:35:30.927 Players: 0 in total
16:36:00.928 Average server FPS: 6767.37 (measured interval: 30 s)
16:36:00.928 Used memory: 1777338 KB
16:36:00.928 Players: 0 in total
16:36:30.930 Average server FPS: 6565.43 (measured interval: 30 s)
16:36:30.930 Used memory: 1777383 KB
16:36:30.930 Players: 0 in total
16:37:00.931 Average server FPS: 6803.33 (measured interval: 30 s)
16:37:00.931 Used memory: 1776903 KB
16:37:00.931 Players: 0 in total
16:37:30.933 Average server FPS: 6824.67 (measured interval: 30 s)
16:37:30.933 Used memory: 1776473 KB
16:37:30.933 Players: 0 in total
16:38:00.934 Average server FPS: 6816.20 (measured interval: 30 s)
16:38:00.934 Used memory: 1776993 KB
16:38:00.934 Players: 0 in total
16:38:30.936 Average server FPS: 6825.43 (measured interval: 30 s)
16:38:30.936 Used memory: 1776914 KB
16:38:30.936 Players: 0 in total
16:39:00.937 Average server FPS: 6813.87 (measured interval: 30 s)
16:39:00.937 Used memory: 1776740 KB
16:39:00.937 Players: 0 in total
16:39:30.939 Average server FPS: 6807.10 (measured interval: 30 s)
16:39:30.939 Used memory: 1776323 KB
16:39:30.939 Players: 0 in total
16:40:00.925 Average server FPS: 6804.33 (measured interval: 30 s)
16:40:00.925 Used memory: 1776557 KB
16:40:00.925 Players: 0 in total
16:40:30.926 Average server FPS: 6831.00 (measured interval: 30 s)
16:40:30.926 Used memory: 1776697 KB
16:40:30.926 Players: 0 in total
16:41:00.928 Average server FPS: 6833.63 (measured interval: 30 s)
16:41:00.928 Used memory: 1776518 KB
16:41:00.928 Players: 0 in total
16:41:24.913 [CE][Links] found 0 total links between groups, of 13
16:41:24.913 [CE][SpawnRandomLoot] (StaticHeliCrash) :: ChildType: Wreck_Mi8, lootmin: 10, lootmax: 20, wanted: 17
16:41:30.929 Average server FPS: 6544.33 (measured interval: 30 s)
16:41:30.929 Used memory: 1776433 KB
16:41:30.929 Players: 0 in total
16:42:00.931 Average server FPS: 6530.27 (measured interval: 30 s)
16:42:00.931 Used memory: 1776512 KB
16:42:00.931 Players: 0 in total
16:42:30.932 Average server FPS: 6925.27 (measured interval: 30 s)
16:42:30.932 Used memory: 1776228 KB
16:42:30.932 Players: 0 in total
16:43:00.934 Average server FPS: 6699.40 (measured interval: 30 s)
16:43:00.934 Used memory: 1776127 KB
16:43:00.934 Players: 0 in total
16:43:30.935 Average server FPS: 4982.77 (measured interval: 30 s)
16:43:30.935 Used memory: 1776539 KB
16:43:30.935 Players: 0 in total
16:44:00.937 Average server FPS: 4361.93 (measured interval: 30 s)
16:44:00.937 Used memory: 1776513 KB
16:44:00.937 Players: 0 in total
16:44:30.938 Average server FPS: 4076.50 (measured interval: 30 s)
16:44:30.938 Used memory: 1777365 KB
16:44:30.938 Players: 0 in total
16:45:00.924 Average server FPS: 6487.43 (measured interval: 30 s)
16:45:00.924 Used memory: 1777107 KB
16:45:00.924 Players: 0 in total
16:45:26.722 [CE][Links] found 0 total links between groups, of 14
16:45:26.722 [CE][SpawnRandomLoot] (StaticHeliCrash) :: ChildType: Wreck_UH1Y, lootmin: 10, lootmax: 20, wanted: 14
16:45:30.926 Average server FPS: 6511.67 (measured interval: 30 s)
16:45:30.926 Used memory: 1777372 KB
16:45:30.926 Players: 0 in total
16:46:00.927 Average server FPS: 6508.43 (measured interval: 30 s)
16:46:00.927 Used memory: 1777521 KB
16:46:00.927 Players: 0 in total
16:46:30.929 Average server FPS: 6437.27 (measured interval: 30 s)
16:46:30.929 Used memory: 1777534 KB
16:46:30.929 Players: 0 in total
16:47:00.930 Average server FPS: 6630.63 (measured interval: 30 s)
16:47:00.930 Used memory: 1777528 KB
16:47:00.930 Players: 0 in total
16:47:30.932 Average server FPS: 6689.83 (measured interval: 30 s)
16:47:30.932 Used memory: 1777586 KB
16:47:30.932 Players: 0 in total
16:48:00.933 Average server FPS: 6670.20 (measured interval: 30 s)
16:48:00.933 Used memory: 1777420 KB
16:48:00.933 Players: 0 in total
16:48:30.935 Average server FPS: 6652.30 (measured interval: 30 s)
16:48:30.935 Used memory: 1778343 KB
16:48:30.935 Players: 0 in total
16:49:00.936 Average server FPS: 6679.60 (measured interval: 30 s)
16:49:00.936 Used memory: 1778450 KB
16:49:00.936 Players: 0 in total
16:49:30.938 Average server FPS: 6716.23 (measured interval: 30 s)
16:49:30.938 Used memory: 1779486 KB
16:49:30.938 Players: 0 in total
16:50:00.939 Average server FPS: 6688.23 (measured interval: 30 s)
16:50:00.939 Used memory: 1778298 KB
16:50:00.939 Players: 0 in total
16:50:30.925 Average server FPS: 6682.50 (measured interval: 30 s)
16:50:30.925 Used memory: 1777705 KB
16:50:30.925 Players: 0 in total
16:51:00.927 Average server FPS: 6656.27 (measured interval: 30 s)
16:51:00.927 Used memory: 1777576 KB
16:51:00.927 Players: 0 in total
16:51:30.928 Average server FPS: 6694.67 (measured interval: 30 s)
16:51:30.928 Used memory: 1777431 KB
16:51:30.928 Players: 0 in total
16:52:00.930 Average server FPS: 6688.50 (measured interval: 30 s)
16:52:00.930 Used memory: 1777232 KB
16:52:00.930 Players: 0 in total
16:52:30.931 Average server FPS: 6619.23 (measured interval: 30 s)
16:52:30.931 Used memory: 1777148 KB
16:52:30.931 Players: 0 in total
16:53:00.933 Average server FPS: 6642.87 (measured interval: 30 s)
16:53:00.933 Used memory: 1779217 KB
16:53:00.933 Players: 0 in total
16:53:30.934 Average server FPS: 6686.20 (measured interval: 30 s)
16:53:30.934 Used memory: 1779942 KB
16:53:30.934 Players: 0 in total
16:54:00.936 Average server FPS: 5662.77 (measured interval: 30 s)
16:54:00.936 Used memory: 1779710 KB
16:54:00.936 Players: 0 in total
16:54:30.937 Average server FPS: 6687.00 (measured interval: 30 s)
16:54:30.937 Used memory: 1779591 KB
16:54:30.937 Players: 0 in total
16:55:00.939 Average server FPS: 6647.80 (measured interval: 30 s)
16:55:00.939 Used memory: 1780147 KB
16:55:00.939 Players: 0 in total
16:55:18.533 [CE][Links] found 0 total links between groups, of 15
16:55:18.533 [CE][SpawnRandomLoot] (StaticHeliCrash) :: ChildType: Wreck_Mi8, lootmin: 10, lootmax: 20, wanted: 10
16:55:30.924 Average server FPS: 6669.17 (measured interval: 30 s)
16:55:30.924 Used memory: 1780497 KB
16:55:30.924 Players: 0 in total
16:56:00.926 Average server FPS: 6706.40 (measured interval: 30 s)
16:56:00.926 Used memory: 1780638 KB
16:56:00.926 Players: 0 in total
16:56:30.927 Average server FPS: 6706.80 (measured interval: 30 s)
16:56:30.927 Used memory: 1780461 KB
16:56:30.927 Players: 0 in total
16:57:00.929 Average server FPS: 6711.37 (measured interval: 30 s)
16:57:00.929 Used memory: 1779498 KB
16:57:00.929 Players: 0 in total
16:57:30.930 Average server FPS: 6702.27 (measured interval: 30 s)
16:57:30.930 Used memory: 1780211 KB
16:57:30.930 Players: 0 in total
16:58:00.932 Average server FPS: 6727.83 (measured interval: 30 s)
16:58:00.932 Used memory: 1779704 KB
16:58:00.932 Players: 0 in total
16:58:30.933 Average server FPS: 6631.67 (measured interval: 30 s)
16:58:30.933 Used memory: 1779498 KB
16:58:30.933 Players: 0 in total
16:59:00.935 Average server FPS: 6730.50 (measured interval: 30 s)
16:59:00.935 Used memory: 1779037 KB
16:59:00.935 Players: 0 in total
16:59:20.342 [CE][Links] found 0 total links between groups, of 16
16:59:20.342 [CE][SpawnRandomLoot] (StaticPoliceCar) :: ChildType: Land_Wreck_Volha_Police, lootmin: 3, lootmax: 5, wanted: 4
16:59:20.342 [CE][Links] found 0 total links between groups, of 17
16:59:20.342 [CE][SpawnRandomLoot] (StaticPoliceCar) :: ChildType: Land_Wreck_Volha_Police, lootmin: 3, lootmax: 5, wanted: 3
16:59:20.342 [CE][Links] found 0 total links between groups, of 18
16:59:20.342 [CE][SpawnRandomLoot] (StaticPoliceCar) :: ChildType: Land_Wreck_Volha_Police, lootmin: 3, lootmax: 5, wanted: 3
16:59:20.342 [CE][Links] found 0 total links between groups, of 19
16:59:20.342 [CE][SpawnRandomLoot] (StaticPoliceCar) :: ChildType: Land_Wreck_Volha_Police, lootmin: 3, lootmax: 5, wanted: 3
16:59:20.358 [CE][Links] found 0 total links between groups, of 20
16:59:20.358 [CE][SpawnRandomLoot] (StaticPoliceCar) :: ChildType: Land_Wreck_Volha_Police, lootmin: 3, lootmax: 5, wanted: 3
16:59:20.358 [CE][Links] found 0 total links between groups, of 21
16:59:20.358 [CE][SpawnRandomLoot] (StaticPoliceCar) :: ChildType: Land_Wreck_Volha_Police, lootmin: 3, lootmax: 5, wanted: 3
16:59:20.358 [CE][Links] found 0 total links between groups, of 22
16:59:20.358 [CE][SpawnRandomLoot] (StaticPoliceCar) :: ChildType: Land_Wreck_Volha_Police, lootmin: 3, lootmax: 5, wanted: 4
16:59:20.358 [CE][Links] found 0 total links between groups, of 23
16:59:20.358 [CE][SpawnRandomLoot] (StaticPoliceCar) :: ChildType: Land_Wreck_Volha_Police, lootmin: 3, lootmax: 5, wanted: 4
16:59:20.373 [CE][Links] found 0 total links between groups, of 24
16:59:20.373 [CE][SpawnRandomLoot] (StaticPoliceCar) :: ChildType: Land_Wreck_Volha_Police, lootmin: 3, lootmax: 5, wanted: 3
16:59:20.373 [CE][Links] found 2 total links between groups, of 25
16:59:20.373 [CE][SpawnRandomLoot] (StaticPoliceCar) :: ChildType: Land_Wreck_Volha_Police, lootmin: 3, lootmax: 5, wanted: 4
16:59:30.936 Average server FPS: 6629.33 (measured interval: 30 s)
16:59:30.936 Used memory: 1779336 KB
16:59:30.936 Players: 0 in total
17:00:00.938 Average server FPS: 6703.63 (measured interval: 30 s)
17:00:00.938 Used memory: 1779514 KB
17:00:00.938 Players: 0 in total
17:00:30.939 Average server FPS: 6723.50 (measured interval: 30 s)
17:00:30.939 Used memory: 1779667 KB
17:00:30.939 Players: 0 in total
17:01:00.925 Average server FPS: 6797.20 (measured interval: 30 s)
17:01:00.925 Used memory: 1779972 KB
17:01:00.925 Players: 0 in total
17:01:30.927 Average server FPS: 6804.00 (measured interval: 30 s)
17:01:30.927 Used memory: 1780229 KB
17:01:30.927 Players: 0 in total
17:02:00.928 Average server FPS: 6775.33 (measured interval: 30 s)
17:02:00.928 Used memory: 1781954 KB
17:02:00.928 Players: 0 in total
17:02:30.930 Average server FPS: 6800.07 (measured interval: 30 s)
17:02:30.930 Used memory: 1780286 KB
17:02:30.930 Players: 0 in total
17:03:00.931 Average server FPS: 6814.87 (measured interval: 30 s)
17:03:00.931 Used memory: 1780195 KB
17:03:00.931 Players: 0 in total
17:03:30.933 Average server FPS: 6725.57 (measured interval: 30 s)
17:03:30.933 Used memory: 1780417 KB
17:03:30.933 Players: 0 in total
17:04:00.934 Average server FPS: 6815.07 (measured interval: 30 s)
17:04:00.934 Used memory: 1780593 KB
17:04:00.934 Players: 0 in total
17:04:30.936 Average server FPS: 6686.77 (measured interval: 30 s)
17:04:30.936 Used memory: 1780891 KB
17:04:30.936 Players: 0 in total
17:05:00.937 Average server FPS: 6809.47 (measured interval: 30 s)
17:05:00.937 Used memory: 1780723 KB
17:05:00.937 Players: 0 in total
17:05:30.939 Average server FPS: 6802.17 (measured interval: 30 s)
17:05:30.939 Used memory: 1780352 KB
17:05:30.939 Players: 0 in total
17:06:00.925 Average server FPS: 6760.63 (measured interval: 30 s)
17:06:00.925 Used memory: 1780645 KB
17:06:00.925 Players: 0 in total
17:06:30.926 Average server FPS: 6811.30 (measured interval: 30 s)
17:06:30.926 Used memory: 1781211 KB
17:06:30.926 Players: 0 in total
17:07:00.928 Average server FPS: 6803.17 (measured interval: 30 s)
17:07:00.928 Used memory: 1780990 KB
17:07:00.928 Players: 0 in total
17:07:30.929 Average server FPS: 6675.17 (measured interval: 30 s)
17:07:30.929 Used memory: 1780438 KB
17:07:30.929 Players: 0 in total
17:08:00.931 Average server FPS: 6790.67 (measured interval: 30 s)
17:08:00.931 Used memory: 1780335 KB
17:08:00.931 Players: 0 in total
17:08:30.932 Average server FPS: 6785.20 (measured interval: 30 s)
17:08:30.932 Used memory: 1780456 KB
17:08:30.932 Players: 0 in total
17:09:00.934 Average server FPS: 6799.47 (measured interval: 30 s)
17:09:00.934 Used memory: 1780235 KB
17:09:00.934 Players: 0 in total
17:09:30.935 Average server FPS: 6792.93 (measured interval: 30 s)
17:09:30.935 Used memory: 1779956 KB
17:09:30.935 Players: 0 in total
17:10:00.937 Average server FPS: 6803.13 (measured interval: 30 s)
17:10:00.937 Used memory: 1780390 KB
17:10:00.937 Players: 0 in total
17:10:29.48 !!! [CE][Point] Removing 6202.657715, 10111.086914 from Land_Shed_W3
17:10:30.938 Average server FPS: 6798.07 (measured interval: 30 s)
17:10:30.938 Used memory: 1780559 KB
17:10:30.938 Players: 0 in total
17:11:00.924 Average server FPS: 6826.03 (measured interval: 30 s)
17:11:00.924 Used memory: 1780180 KB
17:11:00.924 Players: 0 in total
17:11:30.926 Average server FPS: 6821.40 (measured interval: 30 s)
17:11:30.926 Used memory: 1780245 KB
17:11:30.926 Players: 0 in total
17:12:00.927 Average server FPS: 6829.83 (measured interval: 30 s)
17:12:00.927 Used memory: 1779819 KB
17:12:00.927 Players: 0 in total
17:12:30.929 Average server FPS: 6631.47 (measured interval: 30 s)
17:12:30.929 Used memory: 1780167 KB
17:12:30.929 Players: 0 in total
17:13:00.930 Average server FPS: 6791.93 (measured interval: 30 s)
17:13:00.930 Used memory: 1780226 KB
17:13:00.930 Players: 0 in total
17:13:30.932 Average server FPS: 6698.47 (measured interval: 30 s)
17:13:30.932 Used memory: 1779537 KB
17:13:30.932 Players: 0 in total
17:14:00.933 Average server FPS: 6694.97 (measured interval: 30 s)
17:14:00.933 Used memory: 1779416 KB
17:14:00.933 Players: 0 in total
17:14:30.935 Average server FPS: 6664.73 (measured interval: 30 s)
17:14:30.935 Used memory: 1779682 KB
17:14:30.935 Players: 0 in total
17:15:00.936 Average server FPS: 6612.07 (measured interval: 30 s)
17:15:00.936 Used memory: 1779773 KB
17:15:00.936 Players: 0 in total
17:15:30.938 Average server FPS: 6639.73 (measured interval: 30 s)
17:15:30.938 Used memory: 1779578 KB
17:15:30.938 Players: 0 in total
17:16:00.939 Average server FPS: 6643.50 (measured interval: 30 s)
17:16:00.939 Used memory: 1779367 KB
17:16:00.939 Players: 0 in total
17:16:30.925 Average server FPS: 6554.90 (measured interval: 30 s)
17:16:30.925 Used memory: 1778860 KB
17:16:30.925 Players: 0 in total
17:17:00.927 Average server FPS: 6717.37 (measured interval: 30 s)
17:17:00.927 Used memory: 1778647 KB
17:17:00.927 Players: 0 in total
17:17:30.928 Average server FPS: 6801.73 (measured interval: 30 s)
17:17:30.928 Used memory: 1778739 KB
17:17:30.928 Players: 0 in total
17:18:00.930 Average server FPS: 6793.93 (measured interval: 30 s)
17:18:00.930 Used memory: 1779001 KB
17:18:00.930 Players: 0 in total
17:18:30.931 Average server FPS: 6769.23 (measured interval: 30 s)
17:18:30.931 Used memory: 1778992 KB
17:18:30.931 Players: 0 in total
17:19:00.933 Average server FPS: 6790.00 (measured interval: 30 s)
17:19:00.933 Used memory: 1779240 KB
17:19:00.933 Players: 0 in total
17:19:30.934 Average server FPS: 6788.33 (measured interval: 30 s)
17:19:30.934 Used memory: 1778714 KB
17:19:30.934 Players: 0 in total
17:20:00.936 Average server FPS: 6802.00 (measured interval: 30 s)
17:20:00.936 Used memory: 1778496 KB
17:20:00.936 Players: 0 in total
17:20:30.937 Average server FPS: 6793.60 (measured interval: 30 s)
17:20:30.937 Used memory: 1778390 KB
17:20:30.937 Players: 0 in total
17:21:00.939 Average server FPS: 6750.33 (measured interval: 30 s)
17:21:00.939 Used memory: 1778082 KB
17:21:00.939 Players: 0 in total
17:21:30.924 Average server FPS: 6799.43 (measured interval: 30 s)
17:21:30.924 Used memory: 1778167 KB
17:21:30.924 Players: 0 in total
17:22:00.926 Average server FPS: 6798.10 (measured interval: 30 s)
17:22:00.926 Used memory: 1777989 KB
17:22:00.926 Players: 0 in total
17:22:30.927 Average server FPS: 6768.33 (measured interval: 30 s)
17:22:30.927 Used memory: 1779243 KB
17:22:30.927 Players: 0 in total
17:23:00.929 Average server FPS: 6781.87 (measured interval: 30 s)
17:23:00.929 Used memory: 1779193 KB
17:23:00.929 Players: 0 in total
17:23:30.930 Average server FPS: 6771.13 (measured interval: 30 s)
17:23:30.930 Used memory: 1779078 KB
17:23:30.930 Players: 0 in total
17:23:59.541 [CE][Links] found 2 total links between groups, of 26
17:23:59.541 [CE][SpawnRandomLoot] (StaticHeliCrash) :: ChildType: Wreck_Mi8, lootmin: 10, lootmax: 20, wanted: 11
17:24:00.932 Average server FPS: 6782.63 (measured interval: 30 s)
17:24:00.932 Used memory: 1778858 KB
17:24:00.932 Players: 0 in total
17:24:30.933 Average server FPS: 6788.70 (measured interval: 30 s)
17:24:30.933 Used memory: 1778677 KB
17:24:30.933 Players: 0 in total
17:25:00.935 Average server FPS: 6797.10 (measured interval: 30 s)
17:25:00.935 Used memory: 1779192 KB
17:25:00.935 Players: 0 in total
17:25:30.936 Average server FPS: 6810.90 (measured interval: 30 s)
17:25:30.936 Used memory: 1779216 KB
17:25:30.936 Players: 0 in total
17:26:00.938 Average server FPS: 6807.33 (measured interval: 30 s)
17:26:00.938 Used memory: 1779035 KB
17:26:00.938 Players: 0 in total
17:26:30.939 Average server FPS: 6823.27 (measured interval: 30 s)
17:26:30.939 Used memory: 1778875 KB
17:26:30.939 Players: 0 in total
17:27:00.925 Average server FPS: 6828.20 (measured interval: 30 s)
17:27:00.925 Used memory: 1778483 KB
17:27:00.925 Players: 0 in total
17:27:30.927 Average server FPS: 6836.17 (measured interval: 30 s)
17:27:30.927 Used memory: 1778209 KB
17:27:30.927 Players: 0 in total
17:28:00.928 Average server FPS: 6827.33 (measured interval: 30 s)
17:28:00.928 Used memory: 1778065 KB
17:28:00.928 Players: 0 in total
17:28:01.53 [CE][Links] found 2 total links between groups, of 27
17:28:01.53 [CE][SpawnRandomLoot] (StaticHeliCrash) :: ChildType: Wreck_Mi8, lootmin: 10, lootmax: 20, wanted: 15
17:28:30.930 Average server FPS: 6814.87 (measured interval: 30 s)
17:28:30.930 Used memory: 1778549 KB
17:28:30.930 Players: 0 in total
17:29:00.931 Average server FPS: 6843.20 (measured interval: 30 s)
17:29:00.931 Used memory: 1778225 KB
17:29:00.931 Players: 0 in total
17:29:30.933 Average server FPS: 6833.80 (measured interval: 30 s)
17:29:30.933 Used memory: 1777999 KB
17:29:30.933 Players: 0 in total
17:30:00.934 Average server FPS: 6830.47 (measured interval: 30 s)
17:30:00.934 Used memory: 1778471 KB
17:30:00.934 Players: 0 in total
17:30:30.936 Average server FPS: 6841.30 (measured interval: 30 s)
17:30:30.936 Used memory: 1778356 KB
17:30:30.936 Players: 0 in total
17:31:00.937 Average server FPS: 6829.27 (measured interval: 30 s)
17:31:00.937 Used memory: 1778091 KB
17:31:00.937 Players: 0 in total
17:31:30.939 Average server FPS: 6830.73 (measured interval: 30 s)
17:31:30.939 Used memory: 1778100 KB
17:31:30.939 Players: 0 in total
17:32:00.925 Average server FPS: 6817.07 (measured interval: 30 s)
17:32:00.925 Used memory: 1778672 KB
17:32:00.925 Players: 0 in total
17:32:30.926 Average server FPS: 6806.17 (measured interval: 30 s)
17:32:30.926 Used memory: 1779729 KB
17:32:30.926 Players: 0 in total
17:33:00.928 Average server FPS: 6803.93 (measured interval: 30 s)
17:33:00.928 Used memory: 1779407 KB
17:33:00.928 Players: 0 in total
17:33:30.929 Average server FPS: 6715.90 (measured interval: 30 s)
17:33:30.929 Used memory: 1780255 KB
17:33:30.929 Players: 0 in total
17:34:00.931 Average server FPS: 6743.23 (measured interval: 30 s)
17:34:00.931 Used memory: 1779604 KB
17:34:00.931 Players: 0 in total
17:34:30.932 Average server FPS: 6765.60 (measured interval: 30 s)
17:34:30.932 Used memory: 1779407 KB
17:34:30.932 Players: 0 in total
17:35:00.934 Average server FPS: 6774.00 (measured interval: 30 s)
17:35:00.934 Used memory: 1779435 KB
17:35:00.934 Players: 0 in total
17:35:30.935 Average server FPS: 6752.03 (measured interval: 30 s)
17:35:30.935 Used memory: 1779599 KB
17:35:30.935 Players: 0 in total
17:36:00.937 Average server FPS: 6713.03 (measured interval: 30 s)
17:36:00.937 Used memory: 1779369 KB
17:36:00.937 Players: 0 in total
17:36:30.938 Average server FPS: 6609.20 (measured interval: 30 s)
17:36:30.938 Used memory: 1779647 KB
17:36:30.938 Players: 0 in total
17:37:00.924 Average server FPS: 6777.10 (measured interval: 30 s)
17:37:00.924 Used memory: 1779526 KB
17:37:00.924 Players: 0 in total
17:37:30.926 Average server FPS: 6783.47 (measured interval: 30 s)
17:37:30.926 Used memory: 1779181 KB
17:37:30.926 Players: 0 in total
17:37:52.849 [CE][Links] found 2 total links between groups, of 28
17:37:52.849 [CE][SpawnRandomLoot] (StaticHeliCrash) :: ChildType: Wreck_Mi8, lootmin: 10, lootmax: 20, wanted: 16
17:38:00.927 Average server FPS: 6738.73 (measured interval: 30 s)
17:38:00.927 Used memory: 1779376 KB
17:38:00.927 Players: 0 in total
17:38:30.929 Average server FPS: 6756.93 (measured interval: 30 s)
17:38:30.929 Used memory: 1779316 KB
17:38:30.929 Players: 0 in total
17:39:00.930 Average server FPS: 6764.53 (measured interval: 30 s)
17:39:00.930 Used memory: 1779869 KB
17:39:00.930 Players: 0 in total
17:39:30.932 Average server FPS: 6772.60 (measured interval: 30 s)
17:39:30.932 Used memory: 1780023 KB
17:39:30.932 Players: 0 in total
17:40:00.933 Average server FPS: 6774.03 (measured interval: 30 s)
17:40:00.933 Used memory: 1779707 KB
17:40:00.933 Players: 0 in total
17:40:30.935 Average server FPS: 6759.27 (measured interval: 30 s)
17:40:30.935 Used memory: 1779343 KB
17:40:30.935 Players: 0 in total
17:41:00.936 Average server FPS: 6772.97 (measured interval: 30 s)
17:41:00.936 Used memory: 1779283 KB
17:41:00.936 Players: 0 in total
17:41:30.938 Average server FPS: 6763.07 (measured interval: 30 s)
17:41:30.938 Used memory: 1778251 KB
17:41:30.938 Players: 0 in total
17:41:54.642 [CE][Links] found 2 total links between groups, of 29
17:41:54.642 [CE][SpawnRandomLoot] (StaticPoliceCar) :: ChildType: Land_Wreck_Volha_Police, lootmin: 3, lootmax: 5, wanted: 4
17:41:54.658 [CE][Links] found 4 total links between groups, of 30
17:41:54.658 [CE][SpawnRandomLoot] (StaticPoliceCar) :: ChildType: Land_Wreck_Volha_Police, lootmin: 3, lootmax: 5, wanted: 4
17:41:54.658 [CE][Links] found 4 total links between groups, of 31
17:41:54.658 [CE][SpawnRandomLoot] (StaticPoliceCar) :: ChildType: Land_Wreck_Volha_Police, lootmin: 3, lootmax: 5, wanted: 4
17:41:54.658 [CE][Links] found 4 total links between groups, of 32
17:41:54.658 [CE][SpawnRandomLoot] (StaticPoliceCar) :: ChildType: Land_Wreck_Volha_Police, lootmin: 3, lootmax: 5, wanted: 4
17:41:54.658 [CE][Links] found 4 total links between groups, of 33
17:41:54.658 [CE][SpawnRandomLoot] (StaticPoliceCar) :: ChildType: Land_Wreck_Volha_Police, lootmin: 3, lootmax: 5, wanted: 3
17:41:54.673 [CE][Links] found 4 total links between groups, of 34
17:41:54.673 [CE][SpawnRandomLoot] (StaticPoliceCar) :: ChildType: Land_Wreck_Volha_Police, lootmin: 3, lootmax: 5, wanted: 4
17:41:54.673 [CE][Links] found 4 total links between groups, of 35
17:41:54.673 [CE][SpawnRandomLoot] (StaticPoliceCar) :: ChildType: Land_Wreck_Volha_Police, lootmin: 3, lootmax: 5, wanted: 4
17:41:54.673 [CE][Links] found 6 total links between groups, of 36
17:41:54.673 [CE][SpawnRandomLoot] (StaticPoliceCar) :: ChildType: Land_Wreck_Volha_Police, lootmin: 3, lootmax: 5, wanted: 4
17:41:54.689 [CE][Links] found 6 total links between groups, of 37
17:41:54.689 [CE][SpawnRandomLoot] (StaticPoliceCar) :: ChildType: Land_Wreck_Volha_Police, lootmin: 3, lootmax: 5, wanted: 3
17:41:54.689 [CE][Links] found 6 total links between groups, of 38
17:41:54.689 [CE][SpawnRandomLoot] (StaticPoliceCar) :: ChildType: Land_Wreck_Volha_Police, lootmin: 3, lootmax: 5, wanted: 3
17:42:00.939 Average server FPS: 6641.00 (measured interval: 30 s)
17:42:00.939 Used memory: 1779744 KB
17:42:00.939 Players: 0 in total
17:42:30.925 Average server FPS: 6747.50 (measured interval: 30 s)
17:42:30.925 Used memory: 1780370 KB
17:42:30.925 Players: 0 in total
17:43:00.927 Average server FPS: 6735.60 (measured interval: 30 s)
17:43:00.927 Used memory: 1782960 KB
17:43:00.927 Players: 0 in total
17:43:30.928 Average server FPS: 6636.80 (measured interval: 30 s)
17:43:30.928 Used memory: 1783556 KB
17:43:30.928 Players: 0 in total
17:44:00.930 Average server FPS: 6603.30 (measured interval: 30 s)
17:44:00.930 Used memory: 1785826 KB
17:44:00.930 Players: 0 in total
17:44:30.931 Average server FPS: 6641.03 (measured interval: 30 s)
17:44:30.931 Used memory: 1786068 KB
17:44:30.931 Players: 0 in total
17:45:00.933 Average server FPS: 6611.23 (measured interval: 30 s)
17:45:00.933 Used memory: 1786014 KB
17:45:00.933 Players: 0 in total
17:45:30.934 Average server FPS: 6609.37 (measured interval: 30 s)
17:45:30.934 Used memory: 1786484 KB
17:45:30.934 Players: 0 in total
17:46:00.936 Average server FPS: 5339.17 (measured interval: 30 s)
17:46:00.936 Used memory: 1786003 KB
17:46:00.936 Players: 0 in total
17:46:30.937 Average server FPS: 4394.90 (measured interval: 30 s)
17:46:30.937 Used memory: 1786026 KB
17:46:30.937 Players: 0 in total
17:47:00.939 Average server FPS: 5614.43 (measured interval: 30 s)
17:47:00.939 Used memory: 1785623 KB
17:47:00.939 Players: 0 in total
17:47:30.924 Average server FPS: 6880.67 (measured interval: 30 s)
17:47:30.924 Used memory: 1785408 KB
17:47:30.924 Players: 0 in total
17:48:00.926 Average server FPS: 6832.77 (measured interval: 30 s)
17:48:00.926 Used memory: 1785016 KB
17:48:00.926 Players: 0 in total
17:48:30.927 Average server FPS: 5751.83 (measured interval: 30 s)
17:48:30.927 Used memory: 1785798 KB
17:48:30.927 Players: 0 in total
17:49:00.929 Average server FPS: 5910.90 (measured interval: 30 s)
17:49:00.929 Used memory: 1786806 KB
17:49:00.929 Players: 0 in total
17:49:30.930 Average server FPS: 6678.17 (measured interval: 30 s)
17:49:30.930 Used memory: 1786785 KB
17:49:30.930 Players: 0 in total
17:50:00.932 Average server FPS: 6664.53 (measured interval: 30 s)
17:50:00.932 Used memory: 1787511 KB
17:50:00.932 Players: 0 in total
17:50:30.933 Average server FPS: 6612.30 (measured interval: 30 s)
17:50:30.933 Used memory: 1787806 KB
17:50:30.933 Players: 0 in total
17:51:00.935 Average server FPS: 6546.17 (measured interval: 30 s)
17:51:00.935 Used memory: 1787774 KB
17:51:00.935 Players: 0 in total
17:51:30.936 Average server FPS: 6609.73 (measured interval: 30 s)
17:51:30.936 Used memory: 1787637 KB
17:51:30.936 Players: 0 in total
17:52:00.938 Average server FPS: 6633.90 (measured interval: 30 s)
17:52:00.938 Used memory: 1788392 KB
17:52:00.938 Players: 0 in total
17:52:30.939 Average server FPS: 6615.83 (measured interval: 30 s)
17:52:30.939 Used memory: 1788832 KB
17:52:30.939 Players: 0 in total
17:53:00.925 Average server FPS: 6620.43 (measured interval: 30 s)
17:53:00.925 Used memory: 1788501 KB
17:53:00.925 Players: 0 in total
17:53:30.927 Average server FPS: 6653.40 (measured interval: 30 s)
17:53:30.927 Used memory: 1788654 KB
17:53:30.927 Players: 0 in total
17:54:00.928 Average server FPS: 6641.10 (measured interval: 30 s)
17:54:00.928 Used memory: 1787982 KB
17:54:00.928 Players: 0 in total
17:54:30.930 Average server FPS: 6653.93 (measured interval: 30 s)
17:54:30.930 Used memory: 1788074 KB
17:54:30.930 Players: 0 in total
17:55:00.931 Average server FPS: 6662.00 (measured interval: 30 s)
17:55:00.931 Used memory: 1788255 KB
17:55:00.931 Players: 0 in total
17:55:30.933 Average server FPS: 6640.93 (measured interval: 30 s)
17:55:30.933 Used memory: 1787812 KB
17:55:30.933 Players: 0 in total
17:56:00.934 Average server FPS: 6636.73 (measured interval: 30 s)
17:56:00.934 Used memory: 1787543 KB
17:56:00.934 Players: 0 in total
17:56:30.936 Average server FPS: 6655.43 (measured interval: 30 s)
17:56:30.936 Used memory: 1787545 KB
17:56:30.936 Players: 0 in total
17:57:00.937 Average server FPS: 6665.83 (measured interval: 30 s)
17:57:00.937 Used memory: 1787510 KB
17:57:00.937 Players: 0 in total
17:57:30.939 Average server FPS: 6639.80 (measured interval: 30 s)
17:57:30.939 Used memory: 1787950 KB
17:57:30.939 Players: 0 in total
17:58:00.925 Average server FPS: 6658.77 (measured interval: 30 s)
17:58:00.925 Used memory: 1787541 KB
17:58:00.925 Players: 0 in total
17:58:30.926 Average server FPS: 6636.30 (measured interval: 30 s)
17:58:30.926 Used memory: 1787733 KB
17:58:30.926 Players: 0 in total
17:59:00.928 Average server FPS: 6620.73 (measured interval: 30 s)
17:59:00.928 Used memory: 1788632 KB
17:59:00.928 Players: 0 in total
17:59:30.929 Average server FPS: 6620.30 (measured interval: 30 s)
17:59:30.929 Used memory: 1788182 KB
17:59:30.929 Players: 0 in total
18:00:00.931 Average server FPS: 6611.13 (measured interval: 30 s)
18:00:00.931 Used memory: 1787688 KB
18:00:00.931 Players: 0 in total
18:00:30.932 Average server FPS: 6619.13 (measured interval: 30 s)
18:00:30.932 Used memory: 1787657 KB
18:00:30.932 Players: 0 in total
18:01:00.934 Average server FPS: 6627.30 (measured interval: 30 s)
18:01:00.934 Used memory: 1787466 KB
18:01:00.934 Players: 0 in total
18:01:30.935 Average server FPS: 6629.23 (measured interval: 30 s)
18:01:30.935 Used memory: 1787363 KB
18:01:30.935 Players: 0 in total
18:02:00.937 Average server FPS: 6617.03 (measured interval: 30 s)
18:02:00.937 Used memory: 1788083 KB
18:02:00.937 Players: 0 in total
18:02:30.938 Average server FPS: 6612.03 (measured interval: 30 s)
18:02:30.938 Used memory: 1786950 KB
18:02:30.938 Players: 0 in total
18:03:00.924 Average server FPS: 6633.27 (measured interval: 30 s)
18:03:00.924 Used memory: 1786671 KB
18:03:00.924 Players: 0 in total
18:03:30.926 Average server FPS: 6638.77 (measured interval: 30 s)
18:03:30.926 Used memory: 1786753 KB
18:03:30.926 Players: 0 in total
18:04:00.927 Average server FPS: 6630.93 (measured interval: 30 s)
18:04:00.927 Used memory: 1786445 KB
18:04:00.927 Players: 0 in total
18:04:30.929 Average server FPS: 6639.03 (measured interval: 30 s)
18:04:30.929 Used memory: 1786158 KB
18:04:30.929 Players: 0 in total
18:05:00.930 Average server FPS: 6711.47 (measured interval: 30 s)
18:05:00.930 Used memory: 1786335 KB
18:05:00.930 Players: 0 in total
18:05:30.932 Average server FPS: 6726.30 (measured interval: 30 s)
18:05:30.932 Used memory: 1785753 KB
18:05:30.932 Players: 0 in total
18:06:00.933 Average server FPS: 4838.07 (measured interval: 30 s)
18:06:00.933 Used memory: 1785704 KB
18:06:00.933 Players: 0 in total
18:06:30.935 Average server FPS: 6779.10 (measured interval: 30 s)
18:06:30.935 Used memory: 1785745 KB
18:06:30.935 Players: 0 in total
18:06:34.29 [CE][Links] found 6 total links between groups, of 39
18:06:34.29 [CE][SpawnRandomLoot] (StaticHeliCrash) :: ChildType: Wreck_UH1Y, lootmin: 10, lootmax: 20, wanted: 14
18:07:00.936 Average server FPS: 6994.77 (measured interval: 30 s)
18:07:00.936 Used memory: 1785705 KB
18:07:00.936 Players: 0 in total
18:07:30.938 Average server FPS: 6978.60 (measured interval: 30 s)
18:07:30.938 Used memory: 1785724 KB
18:07:30.938 Players: 0 in total
18:08:00.939 Average server FPS: 6976.30 (measured interval: 30 s)
18:08:00.939 Used memory: 1785489 KB
18:08:00.939 Players: 0 in total
18:08:30.925 Average server FPS: 7002.33 (measured interval: 30 s)
18:08:30.925 Used memory: 1785179 KB
18:08:30.925 Players: 0 in total
18:09:00.926 Average server FPS: 7028.50 (measured interval: 30 s)
18:09:00.926 Used memory: 1784848 KB
18:09:00.926 Players: 0 in total
18:09:30.928 Average server FPS: 7013.13 (measured interval: 30 s)
18:09:30.928 Used memory: 1784452 KB
18:09:30.928 Players: 0 in total
18:10:00.929 Average server FPS: 7016.83 (measured interval: 30 s)
18:10:00.929 Used memory: 1783948 KB
18:10:00.929 Players: 0 in total
18:10:11.633 [CE][Links] found 8 total links between groups, of 40
18:10:11.633 [CE][SpawnRandomLoot] (StaticHeliCrash) :: ChildType: Wreck_UH1Y, lootmin: 10, lootmax: 20, wanted: 10
18:10:30.931 Average server FPS: 7048.30 (measured interval: 30 s)
18:10:30.931 Used memory: 1783969 KB
18:10:30.931 Players: 0 in total
18:11:00.932 Average server FPS: 7046.87 (measured interval: 30 s)
18:11:00.932 Used memory: 1783434 KB
18:11:00.932 Players: 0 in total
18:11:30.934 Average server FPS: 7062.27 (measured interval: 30 s)
18:11:30.934 Used memory: 1783791 KB
18:11:30.934 Players: 0 in total
18:12:00.936 Average server FPS: 7066.33 (measured interval: 30 s)
18:12:00.936 Used memory: 1783751 KB
18:12:00.936 Players: 0 in total
18:12:30.937 Average server FPS: 7059.53 (measured interval: 30 s)
18:12:30.937 Used memory: 1783666 KB
18:12:30.937 Players: 0 in total
18:13:00.939 Average server FPS: 7101.33 (measured interval: 30 s)
18:13:00.939 Used memory: 1783928 KB
18:13:00.939 Players: 0 in total
18:13:30.924 Average server FPS: 7006.87 (measured interval: 30 s)
18:13:30.924 Used memory: 1783494 KB
18:13:30.924 Players: 0 in total
18:14:00.926 Average server FPS: 6991.00 (measured interval: 30 s)
18:14:00.926 Used memory: 1783378 KB
18:14:00.926 Players: 0 in total
18:14:30.927 Average server FPS: 6919.27 (measured interval: 30 s)
18:14:30.927 Used memory: 1783367 KB
18:14:30.927 Players: 0 in total
18:15:00.929 Average server FPS: 6919.33 (measured interval: 30 s)
18:15:00.929 Used memory: 1783705 KB
18:15:00.929 Players: 0 in total
18:15:30.930 Average server FPS: 6949.53 (measured interval: 30 s)
18:15:30.930 Used memory: 1783776 KB
18:15:30.930 Players: 0 in total
18:16:00.932 Average server FPS: 6921.57 (measured interval: 30 s)
18:16:00.932 Used memory: 1783734 KB
18:16:00.932 Players: 0 in total
18:16:30.933 Average server FPS: 6790.47 (measured interval: 30 s)
18:16:30.933 Used memory: 1783421 KB
18:16:30.933 Players: 0 in total
18:17:00.935 Average server FPS: 7018.23 (measured interval: 30 s)
18:17:00.935 Used memory: 1783301 KB
18:17:00.935 Players: 0 in total
18:17:30.936 Average server FPS: 7051.00 (measured interval: 30 s)
18:17:30.936 Used memory: 1783112 KB
18:17:30.936 Players: 0 in total
18:18:00.938 Average server FPS: 7049.40 (measured interval: 30 s)
18:18:00.938 Used memory: 1782755 KB
18:18:00.938 Players: 0 in total
18:18:30.939 Average server FPS: 7057.87 (measured interval: 30 s)
18:18:30.939 Used memory: 1782822 KB
18:18:30.939 Players: 0 in total
18:19:00.925 Average server FPS: 7052.00 (measured interval: 30 s)
18:19:00.925 Used memory: 1782664 KB
18:19:00.925 Players: 0 in total
18:19:30.927 Average server FPS: 7057.80 (measured interval: 30 s)
18:19:30.927 Used memory: 1782836 KB
18:19:30.927 Players: 0 in total
18:20:00.928 Average server FPS: 6976.10 (measured interval: 30 s)
18:20:00.928 Used memory: 1782592 KB
18:20:00.928 Players: 0 in total
18:20:03.428 [CE][Links] found 10 total links between groups, of 41
18:20:03.428 [CE][SpawnRandomLoot] (StaticHeliCrash) :: ChildType: Wreck_UH1Y, lootmin: 10, lootmax: 20, wanted: 12
18:20:30.930 Average server FPS: 6867.13 (measured interval: 30 s)
18:20:30.930 Used memory: 1782782 KB
18:20:30.930 Players: 0 in total
18:21:00.931 Average server FPS: 7046.70 (measured interval: 30 s)
18:21:00.931 Used memory: 1782849 KB
18:21:00.931 Players: 0 in total
18:21:30.933 Average server FPS: 7066.63 (measured interval: 30 s)
18:21:30.933 Used memory: 1782721 KB
18:21:30.933 Players: 0 in total
18:22:00.934 Average server FPS: 7059.20 (measured interval: 30 s)
18:22:00.934 Used memory: 1782623 KB
18:22:00.934 Players: 0 in total
18:22:30.936 Average server FPS: 7001.40 (measured interval: 30 s)
18:22:30.936 Used memory: 1782712 KB
18:22:30.936 Players: 0 in total
18:23:00.937 Average server FPS: 7045.53 (measured interval: 30 s)
18:23:00.937 Used memory: 1782780 KB
18:23:00.937 Players: 0 in total
18:23:30.939 Average server FPS: 7066.43 (measured interval: 30 s)
18:23:30.939 Used memory: 1782413 KB
18:23:30.939 Players: 0 in total
18:24:00.925 Average server FPS: 7065.17 (measured interval: 30 s)
18:24:00.925 Used memory: 1781812 KB
18:24:00.925 Players: 0 in total
18:24:05.222 [CE][Links] found 10 total links between groups, of 42
18:24:05.222 [CE][SpawnRandomLoot] (StaticPoliceCar) :: ChildType: Land_Wreck_Volha_Police, lootmin: 3, lootmax: 5, wanted: 3
18:24:05.237 [CE][Links] found 10 total links between groups, of 43
18:24:05.237 [CE][SpawnRandomLoot] (StaticPoliceCar) :: ChildType: Land_Wreck_Volha_Police, lootmin: 3, lootmax: 5, wanted: 3
18:24:05.237 [CE][Links] found 10 total links between groups, of 44
18:24:05.237 [CE][SpawnRandomLoot] (StaticPoliceCar) :: ChildType: Land_Wreck_Volha_Police, lootmin: 3, lootmax: 5, wanted: 3
18:24:05.237 [CE][Links] found 10 total links between groups, of 45
18:24:05.237 [CE][SpawnRandomLoot] (StaticPoliceCar) :: ChildType: Land_Wreck_Volha_Police, lootmin: 3, lootmax: 5, wanted: 4
18:24:05.237 [CE][Links] found 10 total links between groups, of 46
18:24:05.237 [CE][SpawnRandomLoot] (StaticPoliceCar) :: ChildType: Land_Wreck_Volha_Police, lootmin: 3, lootmax: 5, wanted: 3
18:24:05.237 [CE][Links] found 12 total links between groups, of 47
18:24:05.237 [CE][SpawnRandomLoot] (StaticPoliceCar) :: ChildType: Land_Wreck_Volha_Police, lootmin: 3, lootmax: 5, wanted: 4
18:24:05.253 [CE][Links] found 14 total links between groups, of 48
18:24:05.253 [CE][SpawnRandomLoot] (StaticPoliceCar) :: ChildType: Land_Wreck_Volha_Police, lootmin: 3, lootmax: 5, wanted: 3
18:24:05.253 [CE][Links] found 14 total links between groups, of 49
18:24:05.253 [CE][SpawnRandomLoot] (StaticPoliceCar) :: ChildType: Land_Wreck_Volha_Police, lootmin: 3, lootmax: 5, wanted: 4
18:24:05.253 [CE][Links] found 14 total links between groups, of 50
18:24:05.253 [CE][SpawnRandomLoot] (StaticPoliceCar) :: ChildType: Land_Wreck_Volha_Police, lootmin: 3, lootmax: 5, wanted: 3
18:24:05.253 [CE][Links] found 16 total links between groups, of 51
18:24:05.253 [CE][SpawnRandomLoot] (StaticPoliceCar) :: ChildType: Land_Wreck_Volha_Police, lootmin: 3, lootmax: 5, wanted: 4
18:24:30.926 Average server FPS: 6906.00 (measured interval: 30 s)
18:24:30.926 Used memory: 1783984 KB
18:24:30.926 Players: 0 in total
18:25:00.928 Average server FPS: 7036.77 (measured interval: 30 s)
18:25:00.928 Used memory: 1784000 KB
18:25:00.928 Players: 0 in total
18:25:30.929 Average server FPS: 6785.03 (measured interval: 30 s)
18:25:30.929 Used memory: 1783833 KB
18:25:30.929 Players: 0 in total
18:26:00.931 Average server FPS: 6795.03 (measured interval: 30 s)
18:26:00.931 Used memory: 1783796 KB
18:26:00.931 Players: 0 in total
18:26:30.932 Average server FPS: 6786.37 (measured interval: 30 s)
18:26:30.932 Used memory: 1783693 KB
18:26:30.932 Players: 0 in total
18:27:00.934 Average server FPS: 6759.33 (measured interval: 30 s)
18:27:00.934 Used memory: 1783774 KB
18:27:00.934 Players: 0 in total
18:27:30.935 Average server FPS: 6780.43 (measured interval: 30 s)
18:27:30.935 Used memory: 1784338 KB
18:27:30.935 Players: 0 in total
18:28:00.937 Average server FPS: 6775.33 (measured interval: 30 s)
18:28:00.937 Used memory: 1784800 KB
18:28:00.937 Players: 0 in total
18:28:30.938 Average server FPS: 6779.03 (measured interval: 30 s)
18:28:30.938 Used memory: 1785380 KB
18:28:30.938 Players: 0 in total
18:29:00.924 Average server FPS: 6776.10 (measured interval: 30 s)
18:29:00.924 Used memory: 1785533 KB
18:29:00.924 Players: 0 in total
18:29:30.926 Average server FPS: 6823.17 (measured interval: 30 s)
18:29:30.926 Used memory: 1785612 KB
18:29:30.926 Players: 0 in total
18:30:00.927 Average server FPS: 6802.13 (measured interval: 30 s)
18:30:00.927 Used memory: 1784766 KB
18:30:00.927 Players: 0 in total
18:30:30.929 Average server FPS: 6803.23 (measured interval: 30 s)
18:30:30.929 Used memory: 1784913 KB
18:30:30.929 Players: 0 in total
18:31:00.930 Average server FPS: 6800.40 (measured interval: 30 s)
18:31:00.930 Used memory: 1784262 KB
18:31:00.930 Players: 0 in total
18:31:30.932 Average server FPS: 6777.63 (measured interval: 30 s)
18:31:30.932 Used memory: 1784627 KB
18:31:30.932 Players: 0 in total
18:32:00.933 Average server FPS: 6778.33 (measured interval: 30 s)
18:32:00.933 Used memory: 1785034 KB
18:32:00.933 Players: 0 in total
18:32:30.935 Average server FPS: 6727.27 (measured interval: 30 s)
18:32:30.935 Used memory: 1785506 KB
18:32:30.935 Players: 0 in total
18:33:00.936 Average server FPS: 6749.20 (measured interval: 30 s)
18:33:00.936 Used memory: 1786594 KB
18:33:00.936 Players: 0 in total
18:33:30.938 Average server FPS: 6764.87 (measured interval: 30 s)
18:33:30.938 Used memory: 1787121 KB
18:33:30.938 Players: 0 in total
18:33:53.861 !!! [CE][Point] Removing 3958.422119, 11599.336914 from Land_Shed_W4
18:34:00.939 Average server FPS: 6773.00 (measured interval: 30 s)
18:34:00.939 Used memory: 1787027 KB
18:34:00.939 Players: 0 in total
18:34:30.925 Average server FPS: 6769.63 (measured interval: 30 s)
18:34:30.925 Used memory: 1786629 KB
18:34:30.925 Players: 0 in total
18:35:00.926 Average server FPS: 6778.13 (measured interval: 30 s)
18:35:00.926 Used memory: 1786648 KB
18:35:00.926 Players: 0 in total
18:35:30.928 Average server FPS: 6656.53 (measured interval: 30 s)
18:35:30.928 Used memory: 1787040 KB
18:35:30.928 Players: 0 in total
18:36:00.929 Average server FPS: 6732.60 (measured interval: 30 s)
18:36:00.929 Used memory: 1786722 KB
18:36:00.929 Players: 0 in total
18:36:30.931 Average server FPS: 6779.37 (measured interval: 30 s)
18:36:30.931 Used memory: 1786817 KB
18:36:30.931 Players: 0 in total
18:37:00.932 Average server FPS: 6642.77 (measured interval: 30 s)
18:37:00.932 Used memory: 1786688 KB
18:37:00.932 Players: 0 in total
18:37:30.934 Average server FPS: 6756.77 (measured interval: 30 s)
18:37:30.934 Used memory: 1787431 KB
18:37:30.934 Players: 0 in total
18:38:00.935 Average server FPS: 6777.00 (measured interval: 30 s)
18:38:00.935 Used memory: 1787489 KB
18:38:00.935 Players: 0 in total
18:38:30.937 Average server FPS: 6633.60 (measured interval: 30 s)
18:38:30.937 Used memory: 1788276 KB
18:38:30.937 Players: 0 in total
18:39:00.938 Average server FPS: 6776.30 (measured interval: 30 s)
18:39:00.938 Used memory: 1788504 KB
18:39:00.938 Players: 0 in total
18:39:30.924 Average server FPS: 6750.77 (measured interval: 30 s)
18:39:30.924 Used memory: 1788696 KB
18:39:30.924 Players: 0 in total
18:39:42.362 !!! [CE][Point] Removing 11478.268555, 10158.290039 from Land_Boat_Small2
18:40:00.926 Average server FPS: 6734.77 (measured interval: 30 s)
18:40:00.926 Used memory: 1789276 KB
18:40:00.926 Players: 0 in total
18:40:30.927 Average server FPS: 6730.23 (measured interval: 30 s)
18:40:30.927 Used memory: 1789899 KB
18:40:30.927 Players: 0 in total
18:41:00.929 Average server FPS: 6737.50 (measured interval: 30 s)
18:41:00.929 Used memory: 1789741 KB
18:41:00.929 Players: 0 in total
18:41:30.930 Average server FPS: 6724.40 (measured interval: 30 s)
18:41:30.930 Used memory: 1789751 KB
18:41:30.930 Players: 0 in total
18:42:00.932 Average server FPS: 6742.97 (measured interval: 30 s)
18:42:00.932 Used memory: 1789610 KB
18:42:00.932 Players: 0 in total
18:42:30.933 Average server FPS: 6736.10 (measured interval: 30 s)
18:42:30.933 Used memory: 1790110 KB
18:42:30.933 Players: 0 in total
18:43:00.935 Average server FPS: 6736.47 (measured interval: 30 s)
18:43:00.935 Used memory: 1789570 KB
18:43:00.935 Players: 0 in total
18:43:30.936 Average server FPS: 6651.83 (measured interval: 30 s)
