 9:16:05 BattlEye Server: Initialized (v1.217)
 9:16:05 SUCCESS: SteamGameServer_Init(0,8766,2402,28016,3,1.07.153006)
 9:16:06 Roles assigned.
 9:16:06 Reading mission ...
 9:16:15 [CE][Hive] :: Initializing OFFLINE
 9:16:15 [CE][Hive] :: Loading core data ... 
 9:16:15 [CE][CoreData] :: 7 root classes, 19 defaults, 0 updaters...
 9:16:21 [CE][RegisterBind] :: 0 classes binded...
 9:16:21 [CE][RegisterConfig] :: 10055 config classes registered, 0 sub-counters...
 9:16:21 [CE][Hive] :: Loading map data ... 
 9:16:21 !!! [CE] :: Unknown category: 'vehicleparts'.
 9:16:21 [CE][LoadPrototype] :: loaded 330 prototypes
 9:16:21   702 containers, 9116 points
 9:16:21   24 dispatches, 90 proxies
 9:16:21 !!! [CE][LoadPrototype] 12 groups have no points...
 9:16:21 !!![CE][LoadPrototype]  3 groups have wrong points...
 9:16:21 [CE][LoadPrototype] :: last group name: Land_Lunapark_Autodrome...
 9:16:21 [CE][LoadPrototype] :: loaded 0 prototypes
 9:16:21   0 containers, 0 points
 9:16:21   0 dispatches, 0 proxies
 9:16:21 [CE][LoadPrototype] :: last group name: PathD_7100...
 9:16:22 [CE][LoadMap] "Group" :: loaded 5086 groups, largest group range: 26.9
 9:16:22 [CE][LoadMap] "Dirt" :: loaded 0 groups, largest group range: 26.9
 9:16:22 [CE][LoadClusters] "Cluster" :: Loading files...
 9:16:22 [CE][LoadClusters] :: file: "mapgroupcluster.xml", 4 types, 50000 instances
 9:16:22 [CE][LoadClusters] :: file: "mapgroupcluster01", 4 types, 50000 instances
 9:16:22 [CE][LoadClusters] :: file: "mapgroupcluster02", 4 types, 50000 instances
 9:16:23 [CE][LoadClusters] :: file: "mapgroupcluster03", 4 types, 50000 instances
 9:16:23 [CE][LoadClusters] :: file: "mapgroupcluster04", 4 types, 21297 instances
 9:16:23 [CE][Storage] ver:21 stamp:64736, valid:yes, name:"mpmissions\TheCommunity.enoch\storage_420\data\types.bin"
 9:16:23 [CE][Storage] ver:21 stamp:64735, valid:yes, name:"mpmissions\TheCommunity.enoch\storage_420\data\types.001"
 9:16:23 [CE][Storage] ver:21 stamp:64736, valid:yes, name:"mpmissions\TheCommunity.enoch\storage_420\data\types.002"
 9:16:23 [CE][Storage] Restoring file "mpmissions\TheCommunity.enoch\storage_420\data\types.bin".
 9:16:23 [CE][offlineDB] :: Loaded 33 dynamic events 215 total types 0 total positions.
 9:16:23 [CE][Storage] ver:21 stamp:64736, valid:yes, name:"mpmissions\TheCommunity.enoch\storage_420\data\events.bin"
 9:16:23 [CE][Storage] ver:21 stamp:64735, valid:yes, name:"mpmissions\TheCommunity.enoch\storage_420\data\events.001"
 9:16:23 [CE][Storage] ver:21 stamp:64736, valid:yes, name:"mpmissions\TheCommunity.enoch\storage_420\data\events.002"
 9:16:23 [CE][Storage] Restoring file "mpmissions\TheCommunity.enoch\storage_420\data\events.bin".
 9:16:23 [CE][DynamicEvent] Load  Events:[33] Primary spawners: 33 Secondary spawners: 1
 9:16:23 [CE][Storage] ver:24 stamp:64736, valid:yes, name:"mpmissions\TheCommunity.enoch\storage_420\data\vehicles.bin"
 9:16:23 [CE][Storage] ver:24 stamp:64735, valid:yes, name:"mpmissions\TheCommunity.enoch\storage_420\data\vehicles.001"
 9:16:23 [CE][Storage] ver:24 stamp:64736, valid:yes, name:"mpmissions\TheCommunity.enoch\storage_420\data\vehicles.002"
 9:16:23 [CE][Storage] Restoring file "mpmissions\TheCommunity.enoch\storage_420\data\vehicles.bin" 127 items.
 9:16:23   127 items loaded.
 9:16:23 [CE][Storage] ver:24 stamp:64736, valid:yes, name:"mpmissions\TheCommunity.enoch\storage_420\data\dynamic_000.bin"
 9:16:23 [CE][Storage] ver:24 stamp:64735, valid:yes, name:"mpmissions\TheCommunity.enoch\storage_420\data\dynamic_000.001"
 9:16:23 [CE][Storage] ver:24 stamp:64736, valid:yes, name:"mpmissions\TheCommunity.enoch\storage_420\data\dynamic_000.002"
 9:16:23 [CE][Storage] Restoring file "mpmissions\TheCommunity.enoch\storage_420\data\dynamic_000.bin" 447 items.
 9:16:24   447 items loaded.
 9:16:24 [CE][Storage] ver:24 stamp:64736, valid:yes, name:"mpmissions\TheCommunity.enoch\storage_420\data\dynamic_001.bin"
 9:16:24 [CE][Storage] ver:24 stamp:64735, valid:yes, name:"mpmissions\TheCommunity.enoch\storage_420\data\dynamic_001.001"
 9:16:24 [CE][Storage] ver:24 stamp:64736, valid:yes, name:"mpmissions\TheCommunity.enoch\storage_420\data\dynamic_001.002"
 9:16:24 [CE][Storage] Restoring file "mpmissions\TheCommunity.enoch\storage_420\data\dynamic_001.bin" 2374 items.
 9:16:25   2374 items loaded.
 9:16:25 [CE][Storage] ver:24 stamp:64736, valid:yes, name:"mpmissions\TheCommunity.enoch\storage_420\data\dynamic_002.bin"
 9:16:25 [CE][Storage] ver:24 stamp:64735, valid:yes, name:"mpmissions\TheCommunity.enoch\storage_420\data\dynamic_002.001"
 9:16:25 [CE][Storage] ver:24 stamp:64736, valid:yes, name:"mpmissions\TheCommunity.enoch\storage_420\data\dynamic_002.002"
 9:16:25 [CE][Storage] Restoring file "mpmissions\TheCommunity.enoch\storage_420\data\dynamic_002.bin" 829 items.
 9:16:25   829 items loaded.
 9:16:25 [CE][Storage] ver:24 stamp:64736, valid:yes, name:"mpmissions\TheCommunity.enoch\storage_420\data\dynamic_003.bin"
 9:16:25 [CE][Storage] ver:24 stamp:64735, valid:yes, name:"mpmissions\TheCommunity.enoch\storage_420\data\dynamic_003.001"
 9:16:25 [CE][Storage] ver:24 stamp:64736, valid:yes, name:"mpmissions\TheCommunity.enoch\storage_420\data\dynamic_003.002"
 9:16:25 [CE][Storage] Restoring file "mpmissions\TheCommunity.enoch\storage_420\data\dynamic_003.bin" 1177 items.
 9:16:26   1177 items loaded.
 9:16:26 [CE][Storage] ver:24 stamp:64736, valid:yes, name:"mpmissions\TheCommunity.enoch\storage_420\data\dynamic_004.bin"
 9:16:26 [CE][Storage] ver:24 stamp:64735, valid:yes, name:"mpmissions\TheCommunity.enoch\storage_420\data\dynamic_004.001"
 9:16:26 [CE][Storage] ver:24 stamp:64736, valid:yes, name:"mpmissions\TheCommunity.enoch\storage_420\data\dynamic_004.002"
 9:16:26 [CE][Storage] Restoring file "mpmissions\TheCommunity.enoch\storage_420\data\dynamic_004.bin" 1605 items.
 9:16:26   1605 items loaded.
 9:16:26 [CE][Storage] ver:24 stamp:64736, valid:yes, name:"mpmissions\TheCommunity.enoch\storage_420\data\dynamic_005.bin"
 9:16:26 [CE][Storage] ver:24 stamp:64735, valid:yes, name:"mpmissions\TheCommunity.enoch\storage_420\data\dynamic_005.001"
 9:16:26 [CE][Storage] ver:24 stamp:64736, valid:yes, name:"mpmissions\TheCommunity.enoch\storage_420\data\dynamic_005.002"
 9:16:26 [CE][Storage] Restoring file "mpmissions\TheCommunity.enoch\storage_420\data\dynamic_005.bin" 1963 items.
 9:16:27   1963 items loaded.
 9:16:27 [CE][Storage] ver:24 stamp:64736, valid:yes, name:"mpmissions\TheCommunity.enoch\storage_420\data\dynamic_006.bin"
 9:16:27 [CE][Storage] ver:24 stamp:64735, valid:yes, name:"mpmissions\TheCommunity.enoch\storage_420\data\dynamic_006.001"
 9:16:27 [CE][Storage] ver:24 stamp:64736, valid:yes, name:"mpmissions\TheCommunity.enoch\storage_420\data\dynamic_006.002"
 9:16:27 [CE][Storage] Restoring file "mpmissions\TheCommunity.enoch\storage_420\data\dynamic_006.bin" 1071 items.
 9:16:27   1071 items loaded.
 9:16:27 [CE][Storage] ver:24 stamp:64736, valid:yes, name:"mpmissions\TheCommunity.enoch\storage_420\data\dynamic_007.bin"
 9:16:27 [CE][Storage] ver:24 stamp:64735, valid:yes, name:"mpmissions\TheCommunity.enoch\storage_420\data\dynamic_007.001"
 9:16:27 [CE][Storage] ver:24 stamp:64736, valid:yes, name:"mpmissions\TheCommunity.enoch\storage_420\data\dynamic_007.002"
 9:16:27 [CE][Storage] Restoring file "mpmissions\TheCommunity.enoch\storage_420\data\dynamic_007.bin" 1390 items.
 9:16:28   1390 items loaded.
 9:16:28 [CE][Storage] ver:24 stamp:64736, valid:yes, name:"mpmissions\TheCommunity.enoch\storage_420\data\dynamic_008.bin"
 9:16:28 [CE][Storage] ver:24 stamp:64735, valid:yes, name:"mpmissions\TheCommunity.enoch\storage_420\data\dynamic_008.001"
 9:16:28 [CE][Storage] ver:24 stamp:64736, valid:yes, name:"mpmissions\TheCommunity.enoch\storage_420\data\dynamic_008.002"
 9:16:28 [CE][Storage] Restoring file "mpmissions\TheCommunity.enoch\storage_420\data\dynamic_008.bin" 1150 items.
 9:16:28   1150 items loaded.
 9:16:28 [CE][Storage] ver:24 stamp:64736, valid:yes, name:"mpmissions\TheCommunity.enoch\storage_420\data\dynamic_009.bin"
 9:16:28 [CE][Storage] ver:24 stamp:64735, valid:yes, name:"mpmissions\TheCommunity.enoch\storage_420\data\dynamic_009.001"
 9:16:28 [CE][Storage] ver:24 stamp:64736, valid:yes, name:"mpmissions\TheCommunity.enoch\storage_420\data\dynamic_009.002"
 9:16:28 [CE][Storage] Restoring file "mpmissions\TheCommunity.enoch\storage_420\data\dynamic_009.bin" 1054 items.
 9:16:28   1054 items loaded.
 9:16:28 [CE][Storage] ver:24 stamp:64736, valid:yes, name:"mpmissions\TheCommunity.enoch\storage_420\data\dynamic_010.bin"
 9:16:28 [CE][Storage] ver:24 stamp:64735, valid:yes, name:"mpmissions\TheCommunity.enoch\storage_420\data\dynamic_010.001"
 9:16:28 [CE][Storage] ver:24 stamp:64736, valid:yes, name:"mpmissions\TheCommunity.enoch\storage_420\data\dynamic_010.002"
 9:16:28 [CE][Storage] Restoring file "mpmissions\TheCommunity.enoch\storage_420\data\dynamic_010.bin" 2600 items.
 9:16:29   2600 items loaded.
 9:16:29 [CE][Storage] ver:24 stamp:64736, valid:yes, name:"mpmissions\TheCommunity.enoch\storage_420\data\dynamic_011.bin"
 9:16:29 [CE][Storage] ver:24 stamp:64735, valid:yes, name:"mpmissions\TheCommunity.enoch\storage_420\data\dynamic_011.001"
 9:16:29 [CE][Storage] ver:24 stamp:64736, valid:yes, name:"mpmissions\TheCommunity.enoch\storage_420\data\dynamic_011.002"
 9:16:29 [CE][Storage] Restoring file "mpmissions\TheCommunity.enoch\storage_420\data\dynamic_011.bin" 477 items.
 9:16:29   477 items loaded.
 9:16:29 [CE][Hive] :: Storage load took:6.41 seconds, recovery stamp:64736
 9:16:29   entity: 19050, building: 0
 9:16:29   no lifetime: 44
 9:16:29 [CE][Hive] :: Initializing ... 
 9:16:29 [CE][InitializeMap] :: initialized: 0
 9:16:29 [CE][Hive] :: Initializing spawners ... 
 9:16:30 [CE][LootRespawner] (PRIDummy) :: Item [0] causing search overtime: "MSFCGorkaPATACSFG"
 9:16:30 [CE][LootRespawner] (PRIDummy) :: Item [1] causing search overtime: "MSFCGorkaPATACSFG"
 9:16:30 [CE][LootRespawner] (PRIDummy) :: Item [2] causing search overtime: "MSFCGorkaPATACSFG"
 9:16:30 [CE][LootRespawner] (PRIDummy) :: Item [3] causing search overtime: "MSFCKryptekRaidPlatePouches"
 9:16:30 [CE][LootRespawner] (PRIDummy) :: Item [4] causing search overtime: "MSFCKryptekRaidPlatePouches"
 9:16:30 [CE][LootRespawner] (PRIDummy) :: Item [5] causing search overtime: "MSFCKryptekRaidPlatePouches"
 9:16:30 [CE][LootRespawner] (PRIDummy) :: Item [6] causing search overtime: "MSFCKryptekRaidPlatePouches"
 9:16:30 [CE][LootRespawner] (PRIDummy) :: Item [7] causing search overtime: "PlateCarrierVest"
 9:16:30 [CE][LootRespawner] (PRIDummy) :: Item [8] causing search overtime: "PlateCarrierVest"
 9:16:30 [CE][LootRespawner] (PRIDummy) :: Item [9] causing search overtime: "PlateCarrierVest"
 9:16:30 [CE][LootRespawner] (PRIDummy) :: Item [10] causing search overtime: "PlateCarrierVest"
 9:16:30 [CE][LootRespawner] (PRIDummy) :: Item [11] causing search overtime: "PlateCarrierVest"
 9:16:30 [CE][LootRespawner] (PRIDummy) :: Item [12] causing search overtime: "PlateCarrierVest"
 9:16:30 [CE][LootRespawner] (PRIDummy) :: Item [13] causing search overtime: "PlateCarrierVest"
 9:16:30 [CE][LootRespawner] (PRIDummy) :: Item [14] causing search overtime: "PlateCarrierVest"
 9:16:30 [CE][LootRespawner] (PRIDummy) :: Item [15] causing search overtime: "PlateCarrierVest"
 9:16:30 [CE][LootRespawner] (PRIDummy) :: Item [16] causing search overtime: "PlateCarrierVest"
 9:16:30 [CE][LootRespawner] (PRIDummy) :: Item [17] causing search overtime: "PlateCarrierVest"
 9:16:30 [CE][LootRespawner] (PRIDummy) :: Item [18] causing search overtime: "PlateCarrierVest"
 9:16:30 [CE][LootRespawner] (PRIDummy) :: Item [19] causing search overtime: "PlateCarrierVest"
 9:16:30 [CE][LootRespawner] (PRIDummy) :: Item [0] is hard to place, performance drops: "Gloves_skeleton"
 9:16:30 [CE][LootRespawner] (PRIDummy) :: Item [1] is hard to place, performance drops: "DressShoes_Black"
 9:16:30 [CE][LootRespawner] (PRIDummy) :: Item [2] is hard to place, performance drops: "ShortJeans_Brown"
 9:16:30 !!! [CE][Point] Removing 6021.780762, 3976.353027 from Land_Boat_Small2
 9:16:30 [CE][LootRespawner] (PRIDummy) :: Item [3] is hard to place, performance drops: "Skirt_Blue"
 9:16:30 [CE][LootRespawner] (PRIDummy) :: Item [4] is hard to place, performance drops: "ShortJeans_Green"
 9:16:31 [CE][LootRespawner] (PRIDummy) :: Item [5] is hard to place, performance drops: "FP4_DrMask"
 9:16:31 [CE][LootRespawner] (PRIDummy) :: Item [6] is hard to place, performance drops: "Sneakers_Green"
 9:16:31 [CE][LootRespawner] (PRIDummy) :: Item [7] is hard to place, performance drops: "Sneakers_Green"
 9:16:31 [CE][LootRespawner] (PRIDummy) :: Item [8] is hard to place, performance drops: "Breeches_Browncheck"
 9:16:31 [CE][LootRespawner] (PRIDummy) :: Item [9] is hard to place, performance drops: "Pliers"
 9:16:31 [CE][LootRespawner] (PRIDummy) :: Item [10] is hard to place, performance drops: "MSFCBeerZhigulevskoe"
 9:16:31 [CE][LootRespawner] (PRIDummy) :: Item [11] is hard to place, performance drops: "MSFCBeerZhigulevskoe"
 9:16:31 [CE][LootRespawner] (PRIDummy) :: Item [12] is hard to place, performance drops: "ManSuit_Beige"
 9:16:31 [CE][LootRespawner] (PRIDummy) :: Item [13] is hard to place, performance drops: "katana_Mung"
 9:16:31 [CE][LootRespawner] (PRIDummy) :: Item [14] is hard to place, performance drops: "katana_Mung"
 9:16:31 [CE][LootRespawner] (PRIDummy) :: Item [15] is hard to place, performance drops: "HikingJacket_Red"
 9:16:31 [CE][LootRespawner] (PRIDummy) :: Item [16] is hard to place, performance drops: "HikingJacket_Red"
 9:16:31 [CE][LootRespawner] (PRIDummy) :: Item [17] is hard to place, performance drops: "Defender110_dver_2_1_UN"
 9:16:31 [CE][LootRespawner] (PRIDummy) :: Item [18] is hard to place, performance drops: "Snipe_Mask_Jeans"
 9:16:31 [CE][LootRespawner] (PRIDummy) :: Item [19] is hard to place, performance drops: "Snipe_Mask_Jeans"
 9:16:31 [CE][LootRespawner] (PRIDummy) :: Initially (re)spawned:789, Nominal:32677, Total in Map: 17185 at 1 (sec)
 9:16:31   tests:832, repeats:0 fails:43, overtime:12662
 9:16:31 [CE][DynEvent] :: 33 types
 9:16:31 [00] AmbientHen
 9:16:31   Primary Spawner: "Ambient", active: yes, repeat: 1
 9:16:31 [01] AnimalBear
 9:16:31   Primary Spawner: "Animal", active: yes, repeat: 1
 9:16:31 [02] AnimalCow
 9:16:31   Primary Spawner: "Animal", active: yes, repeat: 1
 9:16:31 [03] AnimalDeer
 9:16:31   Primary Spawner: "Animal", active: yes, repeat: 1
 9:16:31 [04] AnimalGoat
 9:16:31   Primary Spawner: "Animal", active: yes, repeat: 1
 9:16:31 [05] AnimalPig
 9:16:31   Primary Spawner: "Animal", active: yes, repeat: 1
 9:16:31 [06] AnimalRoeDeer
 9:16:31   Primary Spawner: "Animal", active: yes, repeat: 1
 9:16:31 [07] AnimalSheep
 9:16:31   Primary Spawner: "Animal", active: yes, repeat: 1
 9:16:31 [08] AnimalWildBoar
 9:16:31   Primary Spawner: "Animal", active: yes, repeat: 1
 9:16:31 [09] AnimalWolf
 9:16:31   Primary Spawner: "Animal", active: yes, repeat: 1
 9:16:31 [10] InfectedArmy
 9:16:31   Primary Spawner: "Infected", active: yes, repeat: 1
 9:16:31 [11] InfectedCity
 9:16:31   Primary Spawner: "Infected", active: yes, repeat: 1
 9:16:31 [12] InfectedFirefighter
 9:16:31   Primary Spawner: "Infected", active: yes, repeat: 1
 9:16:31 [13] InfectedIndustrial
 9:16:31   Primary Spawner: "Infected", active: yes, repeat: 1
 9:16:31 [14] InfectedMedic
 9:16:31   Primary Spawner: "Infected", active: yes, repeat: 1
 9:16:31 [15] InfectedPolice
 9:16:31   Primary Spawner: "Infected", active: yes, repeat: 1
 9:16:31 [16] InfectedPrisoner
 9:16:31   Primary Spawner: "Infected", active: yes, repeat: 1
 9:16:31 [17] InfectedReligious
 9:16:31   Primary Spawner: "Infected", active: yes, repeat: 1
 9:16:31 [18] InfectedSolitude
 9:16:31   Primary Spawner: "Infected", active: yes, repeat: 1
 9:16:31 [19] InfectedVillage
 9:16:31   Primary Spawner: "Infected", active: yes, repeat: 1
 9:16:31 [20] ItemPlanks
 9:16:31   Primary Spawner: "Item", active: yes, repeat: 1
 9:16:31 [21] Loot
 9:16:31   Primary Spawner: "Loot", active: yes, repeat: 2
 9:16:31 [22] StaticHeliCrash
 9:16:31   Primary Spawner: "Vehicle", active: yes, repeat: 1
 9:16:31   Secondary Spawner: "Infected", active: yes, repeat: 1
 9:16:31 [23] StaticPoliceCar
 9:16:31   Primary Spawner: "Vehicle", a