---------------------------------------------
Log D:\DayZServers\TheCommunity_enoch\TheCommunityServer\crash_2020-05-02_04-03-18.log started at 02.05. 07:01:46



------------------------------------
R16RK4U17-3, 02.05 2020 07:01:46
NULL pointer to instance
Class:      'DayZPlayerInventory'
Function: 'HandleInputData'
Stack trace:
scripts/4_World/systems\inventory\dayzplayerinventory.c:446
scripts/4_World/systems\inventory\dayzplayerinventory.c:357

Runtime mode
CLI params: port 2402 mod @CF;@Community-Online-Tools;@BuildAnywhere;@BaseBuildingLogs;@Trader;@BaseBuildingPlus;@Durable_Suppressors;@VPPMap;@Ear-Plugs;@Catch_Rain;@DayZ-Expansion-Notifications;@DayZ-Expansion-Chat;@No_Shoe_Damage;@Airdrop-Upgraded;@Ammo_Making;@Banking;@BuilderItems;@Camosplus;@CannabisPlus;@CheckIdentity;@Code_Lock;@Dayz_Navigation;@FIDOv4;@FlipTransport;@GoreZ;@IRP;@KillFeed;@NoVehicleDamage;@PartyMe;@Modular_Vest_System;@MuchStuffPack;@SWP;@BreachingCharge;@BBPBreachCharge;@MunghardsItempack;@NDVPPM;@Next_Days;@Notes;@SQUAD_MSF-C;@Zeroy-FishingZ;@OP_BaseItems;@Base_Storage;@SIX-DayZ-Auto-Run; config D:\DayZServers\TheCommunity_enoch\TheCommunityDZ.cfg profiles TheCommunityServer BEPath D:\DayZServers\TheCommunity_enoch\battleye filePatching  adminlog  netlog  freezecheck  scrAllowFileWrite  


------------------------------------
R16RK4U17-3, 02.05 2020 07:01:47
NULL pointer to instance
Class:      'ActionDeployObject'
Function: 'OnEndServer'
Stack trace:
ModularVestSystem/scripts/4_World/armorrack_actiondeployobject.c:5
scripts/4_World/classes\useractionscomponent\animatedactionbase.c:437
scripts/4_World/classes\useractionscomponent\animatedactionbase.c:36

Runtime mode
CLI params: port 2402 mod @CF;@Community-Online-Tools;@BuildAnywhere;@BaseBuildingLogs;@Trader;@BaseBuildingPlus;@Durable_Suppressors;@VPPMap;@Ear-Plugs;@Catch_Rain;@DayZ-Expansion-Notifications;@DayZ-Expansion-Chat;@No_Shoe_Damage;@Airdrop-Upgraded;@Ammo_Making;@Banking;@BuilderItems;@Camosplus;@CannabisPlus;@CheckIdentity;@Code_Lock;@Dayz_Navigation;@FIDOv4;@FlipTransport;@GoreZ;@IRP;@KillFeed;@NoVehicleDamage;@PartyMe;@Modular_Vest_System;@MuchStuffPack;@SWP;@BreachingCharge;@BBPBreachCharge;@MunghardsItempack;@NDVPPM;@Next_Days;@Notes;@SQUAD_MSF-C;@Zeroy-FishingZ;@OP_BaseItems;@Base_Storage;@SIX-DayZ-Auto-Run; config D:\DayZServers\TheCommunity_enoch\TheCommunityDZ.cfg profiles TheCommunityServer BEPath D:\DayZServers\TheCommunity_enoch\battleye filePatching  adminlog  netlog  freezecheck  scrAllowFileWrite  
