

=====================================================================
== D:\DayZServers\TheCommunity_enoch\DayZServer_x64.exe
== "D:\DayZServers\TheCommunity_enoch\DayZServer_x64.exe"  -port=2402 "-mod=@CF;@Community-Online-Tools;@BuildAnywhere;@BaseBuildingLogs;@Trader;@BaseBuildingPlus;@Durable_Suppressors;@VPPMap;@Ear-Plugs;@Catch_Rain;@DayZ-Expansion-Notifications;@DayZ-Expansion-Chat;@No_Shoe_Damage;@Airdrop-Upgraded;@Ammo_Making;@Banking;@BuilderItems;@Camosplus;@CannabisPlus;@CheckIdentity;@Code_Lock;@Dayz_Navigation;@FIDOv4;@FlipTransport;@GoreZ;@IRP;@KillFeed;@NoVehicleDamage;@PartyMe;@Modular_Vest_System;@MuchStuffPack;@SWP;@BreachingCharge;@BBPBreachCharge;@MunghardsItempack;@NDVPPM;@Next_Days;@Notes;@SQUAD_MSF-C;@Zeroy-FishingZ;@OP_BaseItems;@Base_Storage;@SIX-DayZ-Auto-Run;" -config=D:\DayZServers\TheCommunity_enoch\TheCommunityDZ.cfg -profiles=TheCommunityServer -BEPath=D:\DayZServers\TheCommunity_enoch\battleye -filePatching -adminlog -netlog -freezecheck -scrAllowFileWrite
=====================================================================
Exe timestamp: 2020/04/26 15:56:05
Current time:  2020/05/02 16:03:24

Version 1.07.153006
16:03:24.462 [Inputs] Loading inputs default "bin/constants.xml"
16:03:24.462 [Inputs] Loading inputs default "bin/specific.xml"
16:03:24.462 !!! [Inputs] Invalid input name used "UAUIInspectItem" for context "ui" in "bin/specific.xml"
16:03:24.462 !!! [Inputs] Attempt to register duplicate Modded-Inputs file "VanillaPPMap/data/modded_Inputs.xml"
16:03:24.462 [Inputs] Loading inputs default "EarPlugs\data\inputs.xml"
16:03:24.478 [Inputs] Loading inputs default "JM/COT/scripts/Data/Inputs.xml"
16:03:24.478 [Inputs] Loading inputs default "KillFeed/inputs/Inputs.xml"
16:03:24.478 [Inputs] Loading inputs default "partyme/scripts/partyme_inputs.xml"
16:03:24.478 [Inputs] Loading inputs default "VanillaPPMap/data/modded_Inputs.xml"
16:03:24.478 [Inputs] Loading inputs default "NextDays/data/NextDays_Inputs.xml"
16:03:24.478 [Inputs] Loading inputs default "A3_UI_F/Scripts/Inputs.xml"
16:03:24.478 [Inputs] Loading inputs default "BaseBuildingPlus/Scripts/Data/Inputs.xml"
16:03:24.478 [Inputs] Loading inputs default "VanillaPPMap/data/modded_Inputs.xml"
16:03:24.478 !!! [Inputs] Attempt to register duplicate input "UAOpenVPPMap"
16:03:24.478 !!! [Inputs] Attempt to register duplicate input "UAToggleVPPMap3DMarkers"
16:03:24.478 [Inputs] Loading inputs cfg "TheCommunityServer\Users\Survivor\Server.core.xml"
16:03:24.478 [Inputs] Exporting inputs cfg "TheCommunityServer\Users\Survivor\Server.core.xml"
16:03:24.790 !!! [Inputs] Attempt to register "PMHideShowTrackers" input twice
16:03:37.650 [CE][Hive] :: Initializing OFFLINE
16:03:37.650 [CE][Hive] :: Loading core data ... 
16:03:37.650 [CE][CoreData] :: 7 root classes, 19 defaults, 0 updaters...
16:03:43.448 [CE][RegisterBind] :: 0 classes binded...
16:03:43.448 [CE][RegisterConfig] :: 10056 config classes registered, 0 sub-counters...
16:03:43.448 [CE][Hive] :: Loading map data ... 
16:03:43.494 !!! [CE] :: Unknown category: 'vehicleparts'.
16:03:43.494 [CE][LoadPrototype] :: loaded 330 prototypes
16:03:43.494   702 containers, 9116 points
16:03:43.494   24 dispatches, 90 proxies
16:03:43.494 !!! [CE][LoadPrototype] 12 groups have no points...
16:03:43.494 !!![CE][LoadPrototype]  3 groups have wrong points...
16:03:43.494 [CE][LoadPrototype] :: last group name: Land_Lunapark_Autodrome...
16:03:43.494 [CE][LoadPrototype] :: loaded 0 prototypes
16:03:43.494   0 containers, 0 points
16:03:43.494   0 dispatches, 0 proxies
16:03:43.494 [CE][LoadPrototype] :: last group name: PathD_7100...
16:03:43.791 [CE][LoadMap] "Group" :: loaded 5086 groups, largest group range: 26.9
16:03:43.791 [CE][LoadMap] "Dirt" :: loaded 0 groups, largest group range: 26.9
16:03:43.901 [CE][Links] found 354 total links between groups, of 5086
16:03:43.901 [CE][LoadClusters] "Cluster" :: Loading files...
16:03:44.88 [CE][LoadClusters] :: file: "mapgroupcluster.xml", 4 types, 50000 instances
16:03:44.291 [CE][LoadClusters] :: file: "mapgroupcluster01", 4 types, 50000 instances
16:03:44.510 [CE][LoadClusters] :: file: "mapgroupcluster02", 4 types, 50000 instances
16:03:44.713 [CE][LoadClusters] :: file: "mapgroupcluster03", 4 types, 50000 instances
16:03:44.807 [CE][LoadClusters] :: file: "mapgroupcluster04", 4 types, 21297 instances
16:03:44.823 [CE][Storage] ver:21 stamp:71883, valid:yes, name:"mpmissions\TheCommunity.enoch\storage_420\data\types.bin"
16:03:44.823 [CE][Storage] ver:21 stamp:71882, valid:yes, name:"mpmissions\TheCommunity.enoch\storage_420\data\types.001"
16:03:44.823 [CE][Storage] ver:21 stamp:71880, valid:yes, name:"mpmissions\TheCommunity.enoch\storage_420\data\types.002"
16:03:44.823 [CE][Storage] Restoring file "mpmissions\TheCommunity.enoch\storage_420\data\types.bin".
16:03:45.26 [CE][offlineDB] :: Loaded 33 dynamic events 215 total types 0 total positions.
16:03:45.73 [CE][Storage] ver:21 stamp:71883, valid:yes, name:"mpmissions\TheCommunity.enoch\storage_420\data\events.bin"
16:03:45.73 [CE][Storage] ver:21 stamp:71882, valid:yes, name:"mpmissions\TheCommunity.enoch\storage_420\data\events.001"
16:03:45.73 [CE][Storage] ver:21 stamp:71880, valid:yes, name:"mpmissions\TheCommunity.enoch\storage_420\data\events.002"
16:03:45.73 [CE][Storage] Restoring file "mpmissions\TheCommunity.enoch\storage_420\data\events.bin".
16:03:45.73 [CE][DynamicEvent] Load  Events:[33] Primary spawners: 33 Secondary spawners: 1
16:03:45.73 [CE][Storage] ver:24 stamp:71883, valid:yes, name:"mpmissions\TheCommunity.enoch\storage_420\data\vehicles.bin"
16:03:45.73 [CE][Storage] ver:24 stamp:71882, valid:yes, name:"mpmissions\TheCommunity.enoch\storage_420\data\vehicles.001"
16:03:45.73 [CE][Storage] ver:24 stamp:71880, valid:yes, name:"mpmissions\TheCommunity.enoch\storage_420\data\vehicles.002"
16:03:45.73 [CE][Storage] Restoring file "mpmissions\TheCommunity.enoch\storage_420\data\vehicles.bin" 123 items.
16:03:45.338   123 items loaded.
16:03:45.338 [CE][Storage] ver:24 stamp:71883, valid:yes, name:"mpmissions\TheCommunity.enoch\storage_420\data\dynamic_000.bin"
16:03:45.338 [CE][Storage] ver:24 stamp:71882, valid:yes, name:"mpmissions\TheCommunity.enoch\storage_420\data\dynamic_000.001"
16:03:45.338 [CE][Storage] ver:24 stamp:71880, valid:yes, name:"mpmissions\TheCommunity.enoch\storage_420\data\dynamic_000.002"
16:03:45.338 [CE][Storage] Restoring file "mpmissions\TheCommunity.enoch\storage_420\data\dynamic_000.bin" 413 items.
16:03:45.979   413 items loaded.
16:03:45.979 [CE][Storage] ver:24 stamp:71883, valid:yes, name:"mpmissions\TheCommunity.enoch\storage_420\data\dynamic_001.bin"
16:03:45.979 [CE][Storage] ver:24 stamp:71882, valid:yes, name:"mpmissions\TheCommunity.enoch\storage_420\data\dynamic_001.001"
16:03:45.979 [CE][Storage] ver:24 stamp:71880, valid:yes, name:"mpmissions\TheCommunity.enoch\storage_420\data\dynamic_001.002"
16:03:45.979 [CE][Storage] Restoring file "mpmissions\TheCommunity.enoch\storage_420\data\dynamic_001.bin" 2097 items.
16:03:46.651   2097 items loaded.
16:03:46.651 [CE][Storage] ver:24 stamp:71883, valid:yes, name:"mpmissions\TheCommunity.enoch\storage_420\data\dynamic_002.bin"
16:03:46.651 [CE][Storage] ver:24 stamp:71882, valid:yes, name:"mpmissions\TheCommunity.enoch\storage_420\data\dynamic_002.001"
16:03:46.651 [CE][Storage] ver:24 stamp:71880, valid:yes, name:"mpmissions\TheCommunity.enoch\storage_420\data\dynamic_002.002"
16:03:46.651 [CE][Storage] Restoring file "mpmissions\TheCommunity.enoch\storage_420\data\dynamic_002.bin" 776 items.
16:03:47.229   776 items loaded.
16:03:47.229 [CE][Storage] ver:24 stamp:71883, valid:yes, name:"mpmissions\TheCommunity.enoch\storage_420\data\dynamic_003.bin"
16:03:47.229 [CE][Storage] ver:24 stamp:71882, valid:yes, name:"mpmissions\TheCommunity.enoch\storage_420\data\dynamic_003.001"
16:03:47.229 [CE][Storage] ver:24 stamp:71880, valid:yes, name:"mpmissions\TheCommunity.enoch\storage_420\data\dynamic_003.002"
16:03:47.229 [CE][Storage] Restoring file "mpmissions\TheCommunity.enoch\storage_420\data\dynamic_003.bin" 1136 items.
16:03:47.573   1136 items loaded.
16:03:47.573 [CE][Storage] ver:24 stamp:71883, valid:yes, name:"mpmissions\TheCommunity.enoch\storage_420\data\dynamic_004.bin"
16:03:47.573 [CE][Storage] ver:24 stamp:71882, valid:yes, name:"mpmissions\TheCommunity.enoch\storage_420\data\dynamic_004.001"
16:03:47.573 [CE][Storage] ver:24 stamp:71880, valid:yes, name:"mpmissions\TheCommunity.enoch\storage_420\data\dynamic_004.002"
16:03:47.573 [CE][Storage] Restoring file "mpmissions\TheCommunity.enoch\storage_420\data\dynamic_004.bin" 1514 items.
16:03:48.73   1514 items loaded.
16:03:48.73 [CE][Storage] ver:24 stamp:71883, valid:yes, name:"mpmissions\TheCommunity.enoch\storage_420\data\dynamic_005.bin"
16:03:48.73 [CE][Storage] ver:24 stamp:71882, valid:yes, name:"mpmissions\TheCommunity.enoch\storage_420\data\dynamic_005.001"
16:03:48.73 [CE][Storage] ver:24 stamp:71880, valid:yes, name:"mpmissions\TheCommunity.enoch\storage_420\data\dynamic_005.002"
16:03:48.73 [CE][Storage] Restoring file "mpmissions\TheCommunity.enoch\storage_420\data\dynamic_005.bin" 1847 items.
16:03:48.698   1847 items loaded.
16:03:48.698 [CE][Storage] ver:24 stamp:71883, valid:yes, name:"mpmissions\TheCommunity.enoch\storage_420\data\dynamic_006.bin"
16:03:48.698 [CE][Storage] ver:24 stamp:71882, valid:yes, name:"mpmissions\TheCommunity.enoch\storage_420\data\dynamic_006.001"
16:03:48.698 [CE][Storage] ver:24 stamp:71880, valid:yes, name:"mpmissions\TheCommunity.enoch\storage_420\data\dynamic_006.002"
16:03:48.698 [CE][Storage] Restoring file "mpmissions\TheCommunity.enoch\storage_420\data\dynamic_006.bin" 1011 items.
16:03:49.42   1011 items loaded.
16:03:49.42 [CE][Storage] ver:24 stamp:71883, valid:yes, name:"mpmissions\TheCommunity.enoch\storage_420\data\dynamic_007.bin"
16:03:49.42 [CE][Storage] ver:24 stamp:71882, valid:yes, name:"mpmissions\TheCommunity.enoch\storage_420\data\dynamic_007.001"
16:03:49.42 [CE][Storage] ver:24 stamp:71880, valid:yes, name:"mpmissions\TheCommunity.enoch\storage_420\data\dynamic_007.002"
16:03:49.42 [CE][Storage] Restoring file "mpmissions\TheCommunity.enoch\storage_420\data\dynamic_007.bin" 1246 items.
16:03:49.448   1246 items loaded.
16:03:49.448 [CE][Storage] ver:24 stamp:71883, valid:yes, name:"mpmissions\TheCommunity.enoch\storage_420\data\dynamic_008.bin"
16:03:49.448 [CE][Storage] ver:24 stamp:71882, valid:yes, name:"mpmissions\TheCommunity.enoch\storage_420\data\dynamic_008.001"
16:03:49.448 [CE][Storage] ver:24 stamp:71883, valid:yes, name:"mpmissions\TheCommunity.enoch\storage_420\data\dynamic_008.002"
16:03:49.448 [CE][Storage] Restoring file "mpmissions\TheCommunity.enoch\storage_420\data\dynamic_008.bin" 1089 items.
16:03:49.760   1089 items loaded.
16:03:49.760 [CE][Storage] ver:24 stamp:71883, valid:yes, name:"mpmissions\TheCommunity.enoch\storage_420\data\dynamic_009.bin"
16:03:49.760 [CE][Storage] ver:24 stamp:71882, valid:yes, name:"mpmissions\TheCommunity.enoch\storage_420\data\dynamic_009.001"
16:03:49.760 [CE][Storage] ver:24 stamp:71883, valid:yes, name:"mpmissions\TheCommunity.enoch\storage_420\data\dynamic_009.002"
16:03:49.760 [CE][Storage] Restoring file "mpmissions\TheCommunity.enoch\storage_420\data\dynamic_009.bin" 1015 items.
16:03:50.104   1015 items loaded.
16:03:50.104 [CE][Storage] ver:24 stamp:71883, valid:yes, name:"mpmissions\TheCommunity.enoch\storage_420\data\dynamic_010.bin"
16:03:50.104 [CE][Storage] ver:24 stamp:71882, valid:yes, name:"mpmissions\TheCommunity.enoch\storage_420\data\dynamic_010.001"
16:03:50.104 [CE][Storage] ver:24 stamp:71883, valid:yes, name:"mpmissions\TheCommunity.enoch\storage_420\data\dynamic_010.002"
16:03:50.104 [CE][Storage] Restoring file "mpmissions\TheCommunity.enoch\storage_420\data\dynamic_010.bin" 2460 items.
16:03:50.760   2460 items loaded.
16:03:50.760 [CE][Storage] ver:24 stamp:71883, valid:yes, name:"mpmissions\TheCommunity.enoch\storage_420\data\dynamic_011.bin"
16:03:50.760 [CE][Storage] ver:24 stamp:71882, valid:yes, name:"mpmissions\TheCommunity.enoch\storage_420\data\dynamic_011.001"
16:03:50.760 [CE][Storage] ver:24 stamp:71883, valid:yes, name:"mpmissions\TheCommunity.enoch\storage_420\data\dynamic_011.002"
16:03:50.760 [CE][Storage] Restoring file "mpmissions\TheCommunity.enoch\storage_420\data\dynamic_011.bin" 448 items.
16:03:51.151   448 items loaded.
16:03:51.167 [CE][Hive] :: Storage load took:6.09 seconds, recovery stamp:71883
16:03:51.167   entity: 18141, building: 0
16:03:51.167   no lifetime: 47
16:03:51.167 [CE][Hive] :: Initializing ... 
16:03:51.182 [CE][InitializeMap] :: initialized: 0
16:03:51.182 [CE][Hive] :: Initializing spawners ... 
16:03:52.26 [CE][LootRespawner] (PRIDummy) :: Item [0] causing search overtime: "MSFCGorkaPATACSFG"
16:03:52.26 [CE][LootRespawner] (PRIDummy) :: Item [1] causing search overtime: "MSFCGorkaPATACSFG"
16:03:52.42 [CE][LootRespawner] (PRIDummy) :: Item [2] causing search overtime: "MSFCGorkaPATACSFG"
16:03:52.42 [CE][LootRespawner] (PRIDummy) :: Item [3] causing search overtime: "MSFCGorkaPATACSFG"
16:03:52.42 [CE][LootRespawner] (PRIDummy) :: Item [4] causing search overtime: "MSFCKryptekRaidPlatePouches"
16:03:52.42 [CE][LootRespawner] (PRIDummy) :: Item [5] causing search overtime: "MSFCKryptekRaidPlatePouches"
16:03:52.42 [CE][LootRespawner] (PRIDummy) :: Item [6] causing search overtime: "MSFCKryptekRaidPlatePouches"
16:03:52.42 [CE][LootRespawner] (PRIDummy) :: Item [7] causing search overtime: "MSFCKryptekRaidPlatePouches"
16:03:52.42 [CE][LootRespawner] (PRIDummy) :: Item [8] causing search overtime: "MSFCKryptekRaidPlatePouches"
16:03:52.42 [CE][LootRespawner] (PRIDummy) :: Item [9] causing search overtime: "PlateCarrierVest"
16:03:52.42 [CE][LootRespawner] (PRIDummy) :: Item [10] causing search overtime: "PlateCarrierVest"
16:03:52.42 [CE][LootRespawner] (PRIDummy) :: Item [11] causing search overtime: "PlateCarrierVest"
16:03:52.42 [CE][LootRespawner] (PRIDummy) :: Item [12] causing search overtime: "PlateCarrierVest"
16:03:52.42 [CE][LootRespawner] (PRIDummy) :: Item [13] causing search overtime: "PlateCarrierVest"
16:03:52.42 [CE][LootRespawner] (PRIDummy) :: Item [14] causing search overtime: "PlateCarrierVest"
16:03:52.42 [CE][LootRespawner] (PRIDummy) :: Item [15] causing search overtime: "PlateCarrierVest"
16:03:52.42 [CE][LootRespawner] (PRIDummy) :: Item [16] causing search overtime: "PlateCarrierVest"
16:03:52.42 [CE][LootRespawner] (PRIDummy) :: Item [17] causing search overtime: "PlateCarrierVest"
16:03:52.42 [CE][LootRespawner] (PRIDummy) :: Item [18] causing search overtime: "PlateCarrierVest"
16:03:52.42 [CE][LootRespawner] (PRIDummy) :: Item [19] causing search overtime: "PlateCarrierVest"
16:03:52.42 [CE][LootRespawner] (PRIDummy) :: Item [0] is hard to place, performance drops: "Epinephrine"
16:03:52.42 [CE][LootRespawner] (PRIDummy) :: Item [1] is hard to place, performance drops: "Epinephrine"
16:03:52.73 !!! [CE][Point] Removing 949.307007, 5467.546387 from Land_Shed_W1
16:03:52.120 [CE][LootRespawner] (PRIDummy) :: Item [2] is hard to place, performance drops: "Bear_Pink"
16:03:52.135 [CE][LootRespawner] (PRIDummy) :: Item [3] is hard to place, performance drops: "Defender110_dver_2_1_Green"
16:03:52.229 [CE][LootRespawner] (PRIDummy) :: Item [4] is hard to place, performance drops: "LeatherSewingKit"
16:03:52.229 [CE][LootRespawner] (PRIDummy) :: Item [5] is hard to place, performance drops: "LeatherSewingKit"
16:03:52.276 [CE][LootRespawner] (PRIDummy) :: Item [6] is hard to place, performance drops: "SteakKnife"
16:03:52.292 [CE][LootRespawner] (PRIDummy) :: Item [7] is hard to place, performance drops: "Msp_PlainBat"
16:03:52.339 [CE][LootRespawner] (PRIDummy) :: Item [8] is hard to place, performance drops: "PressVest_Blue"
16:03:52.339 [CE][LootRespawner] (PRIDummy) :: Item [9] is hard to place, performance drops: "PressVest_Blue"
16:03:52.370 [CE][LootRespawner] (PRIDummy) :: Item [10] is hard to place, performance drops: "DisinfectantSpray"
16:03:52.385 [CE][LootRespawner] (PRIDummy) :: Item [11] is hard to place, performance drops: "DisinfectantSpray"
16:03:52.417 [CE][LootRespawner] (PRIDummy) :: Item [12] is hard to place, performance drops: "baseballbatsaw_mung"
16:03:52.432 [CE][LootRespawner] (PRIDummy) :: Item [13] is hard to place, performance drops: "NailBox"
16:03:52.479 [CE][LootRespawner] (PRIDummy) :: Item [14] is hard to place, performance drops: "FishingRod"
16:03:52.557 [CE][LootRespawner] (PRIDummy) :: Item [15] is hard to place, performance drops: "DarkMotoHelmet_White"
16:03:52.589 [CE][LootRespawner] (PRIDummy) :: Item [16] is hard to place, performance drops: "BoonieHat_Flecktran"
16:03:52.604 [CE][LootRespawner] (PRIDummy) :: Item [17] is hard to place, performance drops: "MSFCBeerZhigulevskoe"
16:03:52.604 [CE][LootRespawner] (PRIDummy) :: Item [18] is hard to place, performance drops: "MSFCBeerZhigulevskoe"
16:03:52.870 [CE][LootRespawner] (PRIDummy) :: Item [19] is hard to place, performance drops: "Bear_Beige"
16:03:53.42 !!! [CE][Point] Removing 9384.225586, 11721.613281 from Land_Boat_Small2
16:03:53.386 [CE][LootRespawner] (PRIDummy) :: Initially (re)spawned:2070, Nominal:32677, Total in Map: 17393 at 1 (sec)
16:03:53.386   tests:2111, repeats:1 fails:40, overtime:12881
16:03:53.386 [CE][DynEvent] :: 33 types
16:03:53.386 [00] AmbientHen
16:03:53.386   Primary Spawner: "Ambient", active: yes, repeat: 1
16:03:53.386 [01] AnimalBear
16:03:53.386   Primary Spawner: "Animal", active: yes, repeat: 1
16:03:53.386 [02] AnimalCow
16:03:53.386   Primary Spawner: "Animal", active: yes, repeat: 1
16:03:53.386 [03] AnimalDeer
16:03:53.386   Primary Spawner: "Animal", active: yes, repeat: 1
16:03:53.386 [04] AnimalGoat
16:03:53.386   Primary Spawner: "Animal", active: yes, repeat: 1
16:03:53.386 [05] AnimalPig
16:03:53.386   Primary Spawner: "Animal", active: yes, repeat: 1
16:03:53.386 [06] AnimalRoeDeer
16:03:53.386   Primary Spawner: "Animal", active: yes, repeat: 1
16:03:53.386 [07] AnimalSheep
16:03:53.386   Primary Spawner: "Animal", active: yes, repeat: 1
16:03:53.386 [08] AnimalWildBoar
16:03:53.386   Primary Spawner: "Animal", active: yes, repeat: 1
16:03:53.386 [09] AnimalWolf
16:03:53.386   Primary Spawner: "Animal", active: yes, repeat: 1
16:03:53.386 [10] InfectedArmy
16:03:53.386   Primary Spawner: "Infected", active: yes, repeat: 1
16:03:53.386 [11] InfectedCity
16:03:53.386   Primary Spawner: "Infected", active: yes, repeat: 1
16:03:53.386 [12] InfectedFirefighter
16:03:53.386   Primary Spawner: "Infected", active: yes, repeat: 1
16:03:53.386 [13] InfectedIndustrial
16:03:53.386   Primary Spawner: "Infected", active: yes, repeat: 1
16:03:53.386 [14] InfectedMedic
16:03:53.386   Primary Spawner: "Infected", active: yes, repeat: 1
16:03:53.386 [15] InfectedPolice
16:03:53.386   Primary Spawner: "Infected", active: yes, repeat: 1
16:03:53.386 [16] InfectedPrisoner
16:03:53.386   Primary Spawner: "Infected", active: yes, repeat: 1
16:03:53.386 [17] InfectedReligious
16:03:53.386   Primary Spawner: "Infected", active: yes, repeat: 1
16:03:53.386 [18] InfectedSolitude
16:03:53.386   Primary Spawner: "Infected", active: yes, repeat: 1
16:03:53.386 [19] InfectedVillage
16:03:53.386   Primary Spawner: "Infected", active: yes, repeat: 1
16:03:53.386 [20] ItemPlanks
16:03:53.386   Primary Spawner: "Item", active: yes, repeat: 1
16:03:53.386 [21] Loot
16:03:53.386   Primary Spawner: "Loot", active: yes, repeat: 2
16:03:53.386 [22] StaticHeliCrash
16:03:53.386   Primary Spawner: "Vehicle", active: yes, repeat: 1
16:03:53.386   Secondary Spawner: "Infected", active: yes, repeat: 1
16:03:53.386 [23] StaticPoliceCar
16:03:53.386   Primary Spawner: "Vehicle", active: yes, repeat: 1
16:03:53.386 [24] TrajectoryConiferous
16:03:53.386   Primary Spawner: "Trajectory", active: yes, repeat: 1
16:03:53.386 [25] TrajectoryDeciduous
16:03:53.386   Primary Spawner: "Trajectory", active: yes, repeat: 1
16:03:53.386 [26] TrajectoryHumus
16:03:53.386   Primary Spawner: "Trajectory", active: yes, repeat: 1
16:03:53.386 [27] TrajectoryStones
16:03:53.386   Primary Spawner: "Trajectory", active: yes, repeat: 1
16:03:53.386 [28] VehicleCivilianSedan
16:03:53.386   Primary Spawner: "Vehicle", active: yes, repeat: 1
16:03:53.386 [29] VehicleHatchback02
16:03:53.386   Primary Spawner: "Vehicle", active: yes, repeat: 1
16:03:53.386 [30] VehicleOffroadHatchback
16:03:53.386   Primary Spawner: "Vehicle", active: yes, repeat: 1
16:03:53.386 [31] VehicleSedan02
16:03:53.386   Primary Spawner: "Vehicle", active: yes, repeat: 1
16:03:53.386 [32] VehicleCrSk_Land_Rover_Defender_110
16:03:53.386   Primary Spawner: "Vehicle", active: yes, repeat: 1
16:03:53.386 [CE][Hive] :: Initializing of spawners done.
16:03:53.386 [CE][Hive] :: Init sequence finished.
16:03:53.386 Player connect enabled
16:03:57.964 Average server FPS: 168.20 (measured interval: 30 s)
16:03:57.964 Used memory: 1619635 KB
16:03:57.964 Players: 0 in total
16:04:27.965 Average server FPS: 5026.90 (measured interval: 30 s)
16:04:27.965 Used memory: 1649978 KB
16:04:27.965 Players: 0 in total
16:04:57.967 Average server FPS: 5770.53 (measured interval: 30 s)
16:04:57.967 Used memory: 1664720 KB
16:04:57.967 Players: 0 in total
16:05:27.953 Average server FPS: 6043.17 (measured interval: 30 s)
16:05:27.953 Used memory: 1671450 KB
16:05:27.953 Players: 0 in total
16:05:33.297 [Login]: Adding player Survivor (12096419) to login queue at position 0